
==========Thread1========WARNING: Your kernel does not support swap limit capabilities or the cgroup is not mounted. Memory limited without swap.
START RequestId: c6d10f05-536b-4f6d-baa1-e80408d54f9f Version: $LATEST
5207
END RequestId: c6d10f05-536b-4f6d-baa1-e80408d54f9f
REPORT RequestId: c6d10f05-536b-4f6d-baa1-e80408d54f9f Duration: 11037 ms Billed Duration: 11100 ms Memory Size: 128 MB Max Memory Used: 121 MB

{"network": "47445748.2155,0,0,0"}

==========Thread2========WARNING: Your kernel does not support swap limit capabilities or the cgroup is not mounted. Memory limited without swap.
START RequestId: d9b2c60c-e2f9-4ba6-adb4-f87057ded27f Version: $LATEST
5203
END RequestId: d9b2c60c-e2f9-4ba6-adb4-f87057ded27f
REPORT RequestId: d9b2c60c-e2f9-4ba6-adb4-f87057ded27f Duration: 10316 ms Billed Duration: 10400 ms Memory Size: 128 MB Max Memory Used: 119 MB

{"network": "56171651.3531,0,0,0"}

==========Thread3========WARNING: Your kernel does not support swap limit capabilities or the cgroup is not mounted. Memory limited without swap.
START RequestId: 464be304-5ffc-47d2-9ba7-08076cbfa1e6 Version: $LATEST
5208
END RequestId: 464be304-5ffc-47d2-9ba7-08076cbfa1e6
REPORT RequestId: 464be304-5ffc-47d2-9ba7-08076cbfa1e6 Duration: 10298 ms Billed Duration: 10300 ms Memory Size: 128 MB Max Memory Used: 120 MB

{"network": "43074514.0492,0,0,0"}

==========Thread4========WARNING: Your kernel does not support swap limit capabilities or the cgroup is not mounted. Memory limited without swap.
START RequestId: 7a6e4d56-d913-4608-920d-ede6476f15bf Version: $LATEST
5205
END RequestId: 7a6e4d56-d913-4608-920d-ede6476f15bf
REPORT RequestId: 7a6e4d56-d913-4608-920d-ede6476f15bf Duration: 10397 ms Billed Duration: 10400 ms Memory Size: 128 MB Max Memory Used: 119 MB

{"network": "26414582.1706,0,0,0"}

==========Thread5========WARNING: Your kernel does not support swap limit capabilities or the cgroup is not mounted. Memory limited without swap.
START RequestId: 81564d89-3734-4c73-ae02-0391ec4036a0 Version: $LATEST
5206
END RequestId: 81564d89-3734-4c73-ae02-0391ec4036a0
REPORT RequestId: 81564d89-3734-4c73-ae02-0391ec4036a0 Duration: 12087 ms Billed Duration: 12100 ms Memory Size: 128 MB Max Memory Used: 119 MB

{"network": "75938651.9508,0,0,0"}

==========Thread6========WARNING: Your kernel does not support swap limit capabilities or the cgroup is not mounted. Memory limited without swap.
START RequestId: f9643e34-c9c9-45f8-9b05-75ea936c56d2 Version: $LATEST
5204
END RequestId: f9643e34-c9c9-45f8-9b05-75ea936c56d2
REPORT RequestId: f9643e34-c9c9-45f8-9b05-75ea936c56d2 Duration: 10422 ms Billed Duration: 10500 ms Memory Size: 128 MB Max Memory Used: 120 MB

{"network": "48033572.266,0,0,0"}

==========Thread7========WARNING: Your kernel does not support swap limit capabilities or the cgroup is not mounted. Memory limited without swap.
START RequestId: 93739600-db26-4aaf-bfec-068f85191b98 Version: $LATEST
5202
END RequestId: 93739600-db26-4aaf-bfec-068f85191b98
REPORT RequestId: 93739600-db26-4aaf-bfec-068f85191b98 Duration: 10428 ms Billed Duration: 10500 ms Memory Size: 128 MB Max Memory Used: 119 MB

{"network": "49795710.0807,0,0,0"}

==========Thread8========WARNING: Your kernel does not support swap limit capabilities or the cgroup is not mounted. Memory limited without swap.
START RequestId: 37ed31a7-0273-44f0-870a-153dbdf7c4b2 Version: $LATEST
5209
END RequestId: 37ed31a7-0273-44f0-870a-153dbdf7c4b2
REPORT RequestId: 37ed31a7-0273-44f0-870a-153dbdf7c4b2 Duration: 10388 ms Billed Duration: 10400 ms Memory Size: 128 MB Max Memory Used: 120 MB

{"network": "44488100.6841,0,0,0"}

==========Thread9========WARNING: Your kernel does not support swap limit capabilities or the cgroup is not mounted. Memory limited without swap.
START RequestId: 02770628-e9e6-48d7-98ba-d4f721139c6f Version: $LATEST
5201
END RequestId: 02770628-e9e6-48d7-98ba-d4f721139c6f
REPORT RequestId: 02770628-e9e6-48d7-98ba-d4f721139c6f Duration: 11190 ms Billed Duration: 11200 ms Memory Size: 128 MB Max Memory Used: 121 MB

{"network": "62148827.0798,0,0,0"}
