
==========Thread1========WARNING: Your kernel does not support swap limit capabilities or the cgroup is not mounted. Memory limited without swap.
START RequestId: b6eb00be-7c99-4f04-94f7-6c14a8669314 Version: $LATEST
5203
END RequestId: b6eb00be-7c99-4f04-94f7-6c14a8669314
REPORT RequestId: b6eb00be-7c99-4f04-94f7-6c14a8669314 Duration: 10305 ms Billed Duration: 10400 ms Memory Size: 128 MB Max Memory Used: 119 MB

{"network": "63342093.2086,0,0,0"}

==========Thread2========WARNING: Your kernel does not support swap limit capabilities or the cgroup is not mounted. Memory limited without swap.
START RequestId: 07585b23-74e5-42d2-923c-75e446b10cd2 Version: $LATEST
5205
END RequestId: 07585b23-74e5-42d2-923c-75e446b10cd2
REPORT RequestId: 07585b23-74e5-42d2-923c-75e446b10cd2 Duration: 10365 ms Billed Duration: 10400 ms Memory Size: 128 MB Max Memory Used: 120 MB

{"network": "52983923.7287,0,0,0"}

==========Thread3========WARNING: Your kernel does not support swap limit capabilities or the cgroup is not mounted. Memory limited without swap.
START RequestId: a3bc98bc-e1c7-454a-ab81-4bb4850dd03f Version: $LATEST
5204
END RequestId: a3bc98bc-e1c7-454a-ab81-4bb4850dd03f
REPORT RequestId: a3bc98bc-e1c7-454a-ab81-4bb4850dd03f Duration: 10643 ms Billed Duration: 10700 ms Memory Size: 128 MB Max Memory Used: 119 MB

{"network": "72274037.185,0,0,0"}

==========Thread4========WARNING: Your kernel does not support swap limit capabilities or the cgroup is not mounted. Memory limited without swap.
START RequestId: 07412cf6-35cb-434b-850d-89afd1041f7f Version: $LATEST
5202
END RequestId: 07412cf6-35cb-434b-850d-89afd1041f7f
REPORT RequestId: 07412cf6-35cb-434b-850d-89afd1041f7f Duration: 10311 ms Billed Duration: 10400 ms Memory Size: 128 MB Max Memory Used: 120 MB

{"network": "60901979.7442,0,0,0"}

==========Thread5========WARNING: Your kernel does not support swap limit capabilities or the cgroup is not mounted. Memory limited without swap.
START RequestId: 243701dd-5f9c-4275-b55c-6c28523f85cf Version: $LATEST
5201
END RequestId: 243701dd-5f9c-4275-b55c-6c28523f85cf
REPORT RequestId: 243701dd-5f9c-4275-b55c-6c28523f85cf Duration: 10465 ms Billed Duration: 10500 ms Memory Size: 128 MB Max Memory Used: 119 MB

{"network": "64206909.7256,0,0,0"}
