
==========Thread1========WARNING: Your kernel does not support swap limit capabilities or the cgroup is not mounted. Memory limited without swap.
START RequestId: 1235241e-e5e4-4cd8-a0cb-06f105e85c6d Version: $LATEST
5210
END RequestId: 1235241e-e5e4-4cd8-a0cb-06f105e85c6d
REPORT RequestId: 1235241e-e5e4-4cd8-a0cb-06f105e85c6d Duration: 11406 ms Billed Duration: 11500 ms Memory Size: 128 MB Max Memory Used: 120 MB

{"network": "40774771.6353,0,0,0"}

==========Thread2========WARNING: Your kernel does not support swap limit capabilities or the cgroup is not mounted. Memory limited without swap.
START RequestId: 8d9a3a97-942f-4f63-9445-4b0f7c4ffc58 Version: $LATEST
5207
END RequestId: 8d9a3a97-942f-4f63-9445-4b0f7c4ffc58
REPORT RequestId: 8d9a3a97-942f-4f63-9445-4b0f7c4ffc58 Duration: 10355 ms Billed Duration: 10400 ms Memory Size: 128 MB Max Memory Used: 121 MB

{"network": "28094404.3586,0,0,0"}

==========Thread3========WARNING: Your kernel does not support swap limit capabilities or the cgroup is not mounted. Memory limited without swap.
START RequestId: 4accdf1f-290a-4f07-b758-4b85c13952de Version: $LATEST
5203
END RequestId: 4accdf1f-290a-4f07-b758-4b85c13952de
REPORT RequestId: 4accdf1f-290a-4f07-b758-4b85c13952de Duration: 10406 ms Billed Duration: 10500 ms Memory Size: 128 MB Max Memory Used: 119 MB

{"network": "36747570.0763,0,0,0"}

==========Thread4========WARNING: Your kernel does not support swap limit capabilities or the cgroup is not mounted. Memory limited without swap.
START RequestId: 645eeca6-f3bb-42a7-9c40-26bd58c766e7 Version: $LATEST
5208
END RequestId: 645eeca6-f3bb-42a7-9c40-26bd58c766e7
REPORT RequestId: 645eeca6-f3bb-42a7-9c40-26bd58c766e7 Duration: 10337 ms Billed Duration: 10400 ms Memory Size: 128 MB Max Memory Used: 120 MB

{"network": "35801541.9105,0,0,0"}

==========Thread5========WARNING: Your kernel does not support swap limit capabilities or the cgroup is not mounted. Memory limited without swap.
START RequestId: 7e1e51ea-5135-4304-aa0e-0ffb90348c8d Version: $LATEST
5205
END RequestId: 7e1e51ea-5135-4304-aa0e-0ffb90348c8d
REPORT RequestId: 7e1e51ea-5135-4304-aa0e-0ffb90348c8d Duration: 11340 ms Billed Duration: 11400 ms Memory Size: 128 MB Max Memory Used: 119 MB

{"network": "37538910.3455,0,0,0"}

==========Thread6========WARNING: Your kernel does not support swap limit capabilities or the cgroup is not mounted. Memory limited without swap.
START RequestId: 83dbc666-7d55-41a1-8bc3-4d2b28bbe7e9 Version: $LATEST
5206
END RequestId: 83dbc666-7d55-41a1-8bc3-4d2b28bbe7e9
REPORT RequestId: 83dbc666-7d55-41a1-8bc3-4d2b28bbe7e9 Duration: 11793 ms Billed Duration: 11800 ms Memory Size: 128 MB Max Memory Used: 121 MB

{"network": "27665398.9343,0,0,0"}

==========Thread7========WARNING: Your kernel does not support swap limit capabilities or the cgroup is not mounted. Memory limited without swap.
START RequestId: bb09949b-aa20-457c-8647-ec6773077d63 Version: $LATEST
5204
END RequestId: bb09949b-aa20-457c-8647-ec6773077d63
REPORT RequestId: bb09949b-aa20-457c-8647-ec6773077d63 Duration: 11235 ms Billed Duration: 11300 ms Memory Size: 128 MB Max Memory Used: 119 MB

{"network": "34975437.6695,0,0,0"}

==========Thread8========WARNING: Your kernel does not support swap limit capabilities or the cgroup is not mounted. Memory limited without swap.
START RequestId: 0fcb2ba1-1d95-4ae0-aba4-24452f5a9665 Version: $LATEST
5202
END RequestId: 0fcb2ba1-1d95-4ae0-aba4-24452f5a9665
REPORT RequestId: 0fcb2ba1-1d95-4ae0-aba4-24452f5a9665 Duration: 11169 ms Billed Duration: 11200 ms Memory Size: 128 MB Max Memory Used: 120 MB

{"network": "69825392.4819,0,0,0"}

==========Thread9========WARNING: Your kernel does not support swap limit capabilities or the cgroup is not mounted. Memory limited without swap.
START RequestId: f20f778c-6743-43af-9b2a-4bc0a5909e5b Version: $LATEST
5209
END RequestId: f20f778c-6743-43af-9b2a-4bc0a5909e5b
REPORT RequestId: f20f778c-6743-43af-9b2a-4bc0a5909e5b Duration: 11392 ms Billed Duration: 11400 ms Memory Size: 128 MB Max Memory Used: 120 MB

{"network": "37088627.6702,0,0,0"}

==========Thread10========WARNING: Your kernel does not support swap limit capabilities or the cgroup is not mounted. Memory limited without swap.
START RequestId: efc30cfd-bef9-4fbb-8d96-c94a26b8a515 Version: $LATEST
5201
END RequestId: efc30cfd-bef9-4fbb-8d96-c94a26b8a515
REPORT RequestId: efc30cfd-bef9-4fbb-8d96-c94a26b8a515 Duration: 11123 ms Billed Duration: 11200 ms Memory Size: 128 MB Max Memory Used: 119 MB

{"network": "58272332.6246,0,0,0"}
