
==========Thread1========WARNING: Your kernel does not support swap limit capabilities or the cgroup is not mounted. Memory limited without swap.
START RequestId: 02f5afdb-178e-43fb-a4b4-134bda74181a Version: $LATEST
5207
END RequestId: 02f5afdb-178e-43fb-a4b4-134bda74181a
REPORT RequestId: 02f5afdb-178e-43fb-a4b4-134bda74181a Duration: 10346 ms Billed Duration: 10400 ms Memory Size: 128 MB Max Memory Used: 119 MB

{"network": "28831210.6169,0,0,0"}

==========Thread2========WARNING: Your kernel does not support swap limit capabilities or the cgroup is not mounted. Memory limited without swap.
START RequestId: 024e9419-7739-473c-9992-c14345e7119a Version: $LATEST
5203
END RequestId: 024e9419-7739-473c-9992-c14345e7119a
REPORT RequestId: 024e9419-7739-473c-9992-c14345e7119a Duration: 11114 ms Billed Duration: 11200 ms Memory Size: 128 MB Max Memory Used: 120 MB

{"network": "59378357.1351,0,0,0"}

==========Thread3========WARNING: Your kernel does not support swap limit capabilities or the cgroup is not mounted. Memory limited without swap.
START RequestId: 2f6e4c0b-47c9-4377-88d4-f7557182e198 Version: $LATEST
5208
END RequestId: 2f6e4c0b-47c9-4377-88d4-f7557182e198
REPORT RequestId: 2f6e4c0b-47c9-4377-88d4-f7557182e198 Duration: 10329 ms Billed Duration: 10400 ms Memory Size: 128 MB Max Memory Used: 120 MB

{"network": "43958308.6749,0,0,0"}

==========Thread4========WARNING: Your kernel does not support swap limit capabilities or the cgroup is not mounted. Memory limited without swap.
START RequestId: 54f2ca7d-48aa-4f5a-b3bc-985152209be7 Version: $LATEST
5205
END RequestId: 54f2ca7d-48aa-4f5a-b3bc-985152209be7
REPORT RequestId: 54f2ca7d-48aa-4f5a-b3bc-985152209be7 Duration: 10421 ms Billed Duration: 10500 ms Memory Size: 128 MB Max Memory Used: 121 MB

{"network": "45565494.7402,0,0,0"}

==========Thread5========WARNING: Your kernel does not support swap limit capabilities or the cgroup is not mounted. Memory limited without swap.
START RequestId: 50962dc2-ae62-4d2a-a10a-2ef7b3ba9c19 Version: $LATEST
5206
END RequestId: 50962dc2-ae62-4d2a-a10a-2ef7b3ba9c19
REPORT RequestId: 50962dc2-ae62-4d2a-a10a-2ef7b3ba9c19 Duration: 10413 ms Billed Duration: 10500 ms Memory Size: 128 MB Max Memory Used: 119 MB

{"network": "53144431.3118,0,0,0"}

==========Thread6========WARNING: Your kernel does not support swap limit capabilities or the cgroup is not mounted. Memory limited without swap.
START RequestId: 7c259a43-d540-4daa-8de5-aca188683f7c Version: $LATEST
5204
END RequestId: 7c259a43-d540-4daa-8de5-aca188683f7c
REPORT RequestId: 7c259a43-d540-4daa-8de5-aca188683f7c Duration: 10452 ms Billed Duration: 10500 ms Memory Size: 128 MB Max Memory Used: 119 MB

{"network": "52150730.6568,0,0,0"}

==========Thread7========WARNING: Your kernel does not support swap limit capabilities or the cgroup is not mounted. Memory limited without swap.
START RequestId: 285204ff-3690-4a44-a7ec-992f50cdfdd2 Version: $LATEST
5202
END RequestId: 285204ff-3690-4a44-a7ec-992f50cdfdd2
REPORT RequestId: 285204ff-3690-4a44-a7ec-992f50cdfdd2 Duration: 11961 ms Billed Duration: 12000 ms Memory Size: 128 MB Max Memory Used: 119 MB

{"network": "50031181.7098,0,0,0"}

==========Thread8========WARNING: Your kernel does not support swap limit capabilities or the cgroup is not mounted. Memory limited without swap.
START RequestId: 157a826c-71f6-477b-84fd-4f86bf89e360 Version: $LATEST
5201
END RequestId: 157a826c-71f6-477b-84fd-4f86bf89e360
REPORT RequestId: 157a826c-71f6-477b-84fd-4f86bf89e360 Duration: 11166 ms Billed Duration: 11200 ms Memory Size: 128 MB Max Memory Used: 120 MB

{"network": "58935694.7862,0,0,0"}
