
==========Thread1========WARNING: Your kernel does not support swap limit capabilities or the cgroup is not mounted. Memory limited without swap.
START RequestId: 3759ea8c-7c21-46ee-8a6c-e63e000abb2c Version: $LATEST
5203
END RequestId: 3759ea8c-7c21-46ee-8a6c-e63e000abb2c
REPORT RequestId: 3759ea8c-7c21-46ee-8a6c-e63e000abb2c Duration: 10304 ms Billed Duration: 10400 ms Memory Size: 128 MB Max Memory Used: 121 MB

{"network": "50619966.0998,0,0,0"}

==========Thread2========WARNING: Your kernel does not support swap limit capabilities or the cgroup is not mounted. Memory limited without swap.
START RequestId: d1858208-d22d-4c86-81bc-baaf84bab4a8 Version: $LATEST
5205
END RequestId: d1858208-d22d-4c86-81bc-baaf84bab4a8
REPORT RequestId: d1858208-d22d-4c86-81bc-baaf84bab4a8 Duration: 10392 ms Billed Duration: 10400 ms Memory Size: 128 MB Max Memory Used: 121 MB

{"network": "53555973.7589,0,0,0"}

==========Thread3========WARNING: Your kernel does not support swap limit capabilities or the cgroup is not mounted. Memory limited without swap.
START RequestId: 9ed2c091-3781-4be9-bd34-5cbadb0ce17f Version: $LATEST
5206
END RequestId: 9ed2c091-3781-4be9-bd34-5cbadb0ce17f
REPORT RequestId: 9ed2c091-3781-4be9-bd34-5cbadb0ce17f Duration: 10391 ms Billed Duration: 10400 ms Memory Size: 128 MB Max Memory Used: 120 MB

{"network": "54291350.7286,0,0,0"}

==========Thread4========WARNING: Your kernel does not support swap limit capabilities or the cgroup is not mounted. Memory limited without swap.
START RequestId: 3952ff8c-68bc-4ce5-aa3b-124f646b480c Version: $LATEST
5204
END RequestId: 3952ff8c-68bc-4ce5-aa3b-124f646b480c
REPORT RequestId: 3952ff8c-68bc-4ce5-aa3b-124f646b480c Duration: 10387 ms Billed Duration: 10400 ms Memory Size: 128 MB Max Memory Used: 119 MB

{"network": "59315394.2028,0,0,0"}

==========Thread5========WARNING: Your kernel does not support swap limit capabilities or the cgroup is not mounted. Memory limited without swap.
START RequestId: a2832512-5cfc-4297-8fce-c5e56fd89675 Version: $LATEST
5202
END RequestId: a2832512-5cfc-4297-8fce-c5e56fd89675
REPORT RequestId: a2832512-5cfc-4297-8fce-c5e56fd89675 Duration: 10296 ms Billed Duration: 10300 ms Memory Size: 128 MB Max Memory Used: 120 MB

{"network": "50848291.8523,0,0,0"}

==========Thread6========WARNING: Your kernel does not support swap limit capabilities or the cgroup is not mounted. Memory limited without swap.
START RequestId: 168b2ed4-6061-42d4-a102-2db55f535c3f Version: $LATEST
5201
END RequestId: 168b2ed4-6061-42d4-a102-2db55f535c3f
REPORT RequestId: 168b2ed4-6061-42d4-a102-2db55f535c3f Duration: 11073 ms Billed Duration: 11100 ms Memory Size: 128 MB Max Memory Used: 120 MB

{"network": "71311450.7118,0,0,0"}
