
==========Thread1========WARNING: Your kernel does not support swap limit capabilities or the cgroup is not mounted. Memory limited without swap.
START RequestId: 839a2904-ecb5-42ad-b9ac-6974a7b663e5 Version: $LATEST
5203
END RequestId: 839a2904-ecb5-42ad-b9ac-6974a7b663e5
REPORT RequestId: 839a2904-ecb5-42ad-b9ac-6974a7b663e5 Duration: 10360 ms Billed Duration: 10400 ms Memory Size: 128 MB Max Memory Used: 120 MB

{"network": "123582548.368,0,0,0"}

==========Thread2========WARNING: Your kernel does not support swap limit capabilities or the cgroup is not mounted. Memory limited without swap.
START RequestId: dc958143-dfd2-4f17-97f2-91e80f2073ff Version: $LATEST
5204
END RequestId: dc958143-dfd2-4f17-97f2-91e80f2073ff
REPORT RequestId: dc958143-dfd2-4f17-97f2-91e80f2073ff Duration: 10334 ms Billed Duration: 10400 ms Memory Size: 128 MB Max Memory Used: 119 MB

{"network": "133369015.597,0,0,0"}

==========Thread3========WARNING: Your kernel does not support swap limit capabilities or the cgroup is not mounted. Memory limited without swap.
START RequestId: 8de32689-0022-4fd3-9a82-188401630c0e Version: $LATEST
5202
END RequestId: 8de32689-0022-4fd3-9a82-188401630c0e
REPORT RequestId: 8de32689-0022-4fd3-9a82-188401630c0e Duration: 10285 ms Billed Duration: 10300 ms Memory Size: 128 MB Max Memory Used: 119 MB

{"network": "130298611.36,0,0,0"}

==========Thread4========WARNING: Your kernel does not support swap limit capabilities or the cgroup is not mounted. Memory limited without swap.
START RequestId: 09601a10-672d-4ce8-85af-491d121d90ae Version: $LATEST
5201
END RequestId: 09601a10-672d-4ce8-85af-491d121d90ae
REPORT RequestId: 09601a10-672d-4ce8-85af-491d121d90ae Duration: 10252 ms Billed Duration: 10300 ms Memory Size: 128 MB Max Memory Used: 120 MB

{"network": "129400939.21,0,0,0"}
