
==========Thread1========WARNING: Your kernel does not support swap limit capabilities or the cgroup is not mounted. Memory limited without swap.
START RequestId: d0c3b345-86f1-4abb-84ac-910160a63662 Version: $LATEST
5207
END RequestId: d0c3b345-86f1-4abb-84ac-910160a63662
REPORT RequestId: d0c3b345-86f1-4abb-84ac-910160a63662 Duration: 10328 ms Billed Duration: 10400 ms Memory Size: 128 MB Max Memory Used: 121 MB

{"network": "34808361.9016,0,0,0"}

==========Thread2========WARNING: Your kernel does not support swap limit capabilities or the cgroup is not mounted. Memory limited without swap.
START RequestId: 53e363ce-fe2c-465b-b771-99cdb4bdcd84 Version: $LATEST
5203
END RequestId: 53e363ce-fe2c-465b-b771-99cdb4bdcd84
REPORT RequestId: 53e363ce-fe2c-465b-b771-99cdb4bdcd84 Duration: 10686 ms Billed Duration: 10700 ms Memory Size: 128 MB Max Memory Used: 120 MB

{"network": "50242512.2677,0,0,0"}

==========Thread3========WARNING: Your kernel does not support swap limit capabilities or the cgroup is not mounted. Memory limited without swap.
START RequestId: a157761a-72c4-46a1-9f9e-1d00af77bf9b Version: $LATEST
5205
END RequestId: a157761a-72c4-46a1-9f9e-1d00af77bf9b
REPORT RequestId: a157761a-72c4-46a1-9f9e-1d00af77bf9b Duration: 10231 ms Billed Duration: 10300 ms Memory Size: 128 MB Max Memory Used: 119 MB

{"network": "34879563.58,0,0,0"}

==========Thread4========WARNING: Your kernel does not support swap limit capabilities or the cgroup is not mounted. Memory limited without swap.
START RequestId: 97c897eb-07e5-4e69-a3d7-382513a47808 Version: $LATEST
5206
END RequestId: 97c897eb-07e5-4e69-a3d7-382513a47808
REPORT RequestId: 97c897eb-07e5-4e69-a3d7-382513a47808 Duration: 10337 ms Billed Duration: 10400 ms Memory Size: 128 MB Max Memory Used: 120 MB

{"network": "50798267.7676,0,0,0"}

==========Thread5========WARNING: Your kernel does not support swap limit capabilities or the cgroup is not mounted. Memory limited without swap.
START RequestId: 251f1da6-3757-41b8-a3f7-c226ea82bbcb Version: $LATEST
5204
END RequestId: 251f1da6-3757-41b8-a3f7-c226ea82bbcb
REPORT RequestId: 251f1da6-3757-41b8-a3f7-c226ea82bbcb Duration: 10289 ms Billed Duration: 10300 ms Memory Size: 128 MB Max Memory Used: 120 MB

{"network": "59937896.0536,0,0,0"}

==========Thread6========WARNING: Your kernel does not support swap limit capabilities or the cgroup is not mounted. Memory limited without swap.
START RequestId: a4dfa9ee-c2e6-48be-8693-87c030594057 Version: $LATEST
5202
END RequestId: a4dfa9ee-c2e6-48be-8693-87c030594057
REPORT RequestId: a4dfa9ee-c2e6-48be-8693-87c030594057 Duration: 10468 ms Billed Duration: 10500 ms Memory Size: 128 MB Max Memory Used: 121 MB

{"network": "72563179.9673,0,0,0"}

==========Thread7========WARNING: Your kernel does not support swap limit capabilities or the cgroup is not mounted. Memory limited without swap.
START RequestId: 83de3a59-6319-4590-b762-3528e4f8f095 Version: $LATEST
5201
END RequestId: 83de3a59-6319-4590-b762-3528e4f8f095
REPORT RequestId: 83de3a59-6319-4590-b762-3528e4f8f095 Duration: 10345 ms Billed Duration: 10400 ms Memory Size: 128 MB Max Memory Used: 119 MB

{"network": "36405392.5054,0,0,0"}
