
==========Thread1========WARNING: Your kernel does not support swap limit capabilities or the cgroup is not mounted. Memory limited without swap.
START RequestId: d802711c-e551-44dd-9ae7-45b062893d5f Version: $LATEST
5203
END RequestId: d802711c-e551-44dd-9ae7-45b062893d5f
REPORT RequestId: d802711c-e551-44dd-9ae7-45b062893d5f Duration: 10198 ms Billed Duration: 10200 ms Memory Size: 256 MB Max Memory Used: 14 MB

{"network": "101280817.124,8211,7384,9463"}

==========Thread2========WARNING: Your kernel does not support swap limit capabilities or the cgroup is not mounted. Memory limited without swap.
START RequestId: f7e335f5-3451-4a5c-b2d5-88c7ee31016e Version: $LATEST
5204
END RequestId: f7e335f5-3451-4a5c-b2d5-88c7ee31016e
REPORT RequestId: f7e335f5-3451-4a5c-b2d5-88c7ee31016e Duration: 10188 ms Billed Duration: 10200 ms Memory Size: 256 MB Max Memory Used: 14 MB

{"network": "101000231.349,8117,7721,8561"}

==========Thread3========WARNING: Your kernel does not support swap limit capabilities or the cgroup is not mounted. Memory limited without swap.
START RequestId: 71346080-ce5a-46d3-a339-a09e75a51621 Version: $LATEST
5202
END RequestId: 71346080-ce5a-46d3-a339-a09e75a51621
REPORT RequestId: 71346080-ce5a-46d3-a339-a09e75a51621 Duration: 10188 ms Billed Duration: 10200 ms Memory Size: 256 MB Max Memory Used: 14 MB

{"network": "112285193.79,8452,7733,10000"}

==========Thread4========WARNING: Your kernel does not support swap limit capabilities or the cgroup is not mounted. Memory limited without swap.
START RequestId: 32ba7677-8a5c-437b-9d82-086d713bd817 Version: $LATEST
5201
END RequestId: 32ba7677-8a5c-437b-9d82-086d713bd817
REPORT RequestId: 32ba7677-8a5c-437b-9d82-086d713bd817 Duration: 10567 ms Billed Duration: 10600 ms Memory Size: 256 MB Max Memory Used: 14 MB

{"network": "143440575.805,8847,6779,11055"}
