
==========Thread1========WARNING: Your kernel does not support swap limit capabilities or the cgroup is not mounted. Memory limited without swap.
START RequestId: b09e7a12-8e67-46cb-8af0-c8dc8f1a5f6b Version: $LATEST
5203
END RequestId: b09e7a12-8e67-46cb-8af0-c8dc8f1a5f6b
REPORT RequestId: b09e7a12-8e67-46cb-8af0-c8dc8f1a5f6b Duration: 10205 ms Billed Duration: 10300 ms Memory Size: 256 MB Max Memory Used: 14 MB

{"network": "36195641.9803,9285,4800,19770"}

==========Thread2========WARNING: Your kernel does not support swap limit capabilities or the cgroup is not mounted. Memory limited without swap.
START RequestId: bde91ef9-f578-4d10-b42c-273827727afb Version: $LATEST
5205
END RequestId: bde91ef9-f578-4d10-b42c-273827727afb
REPORT RequestId: bde91ef9-f578-4d10-b42c-273827727afb Duration: 10202 ms Billed Duration: 10300 ms Memory Size: 256 MB Max Memory Used: 14 MB

{"network": "33507675.148,11924,5205,29156"}

==========Thread3========WARNING: Your kernel does not support swap limit capabilities or the cgroup is not mounted. Memory limited without swap.
START RequestId: dd485f82-6850-4269-92f0-8c39a6612976 Version: $LATEST
5206
END RequestId: dd485f82-6850-4269-92f0-8c39a6612976
REPORT RequestId: dd485f82-6850-4269-92f0-8c39a6612976 Duration: 10185 ms Billed Duration: 10200 ms Memory Size: 256 MB Max Memory Used: 14 MB

{"network": "64187621.1086,8042,7167,9277"}

==========Thread4========WARNING: Your kernel does not support swap limit capabilities or the cgroup is not mounted. Memory limited without swap.
START RequestId: 447e40ad-6413-4beb-856e-b571e4e8ee26 Version: $LATEST
5204
END RequestId: 447e40ad-6413-4beb-856e-b571e4e8ee26
REPORT RequestId: 447e40ad-6413-4beb-856e-b571e4e8ee26 Duration: 10183 ms Billed Duration: 10200 ms Memory Size: 256 MB Max Memory Used: 14 MB

{"network": "34046175.8271,8365,8056,8743"}

==========Thread5========WARNING: Your kernel does not support swap limit capabilities or the cgroup is not mounted. Memory limited without swap.
START RequestId: bf24570a-ca94-458c-84ca-0084419a0a75 Version: $LATEST
5202
END RequestId: bf24570a-ca94-458c-84ca-0084419a0a75
REPORT RequestId: bf24570a-ca94-458c-84ca-0084419a0a75 Duration: 11003 ms Billed Duration: 11100 ms Memory Size: 256 MB Max Memory Used: 14 MB

{"network": "97017286.6511,11763,5922,38207"}

==========Thread6========WARNING: Your kernel does not support swap limit capabilities or the cgroup is not mounted. Memory limited without swap.
START RequestId: 3ef7679e-1eac-42ca-9ca6-302203e8293e Version: $LATEST
5201
END RequestId: 3ef7679e-1eac-42ca-9ca6-302203e8293e
REPORT RequestId: 3ef7679e-1eac-42ca-9ca6-302203e8293e Duration: 10351 ms Billed Duration: 10400 ms Memory Size: 256 MB Max Memory Used: 14 MB

{"network": "69642141.8038,7686,6898,9076"}
