
==========Thread1========WARNING: Your kernel does not support swap limit capabilities or the cgroup is not mounted. Memory limited without swap.
START RequestId: e7c73f65-5994-4437-a2c8-e6b3cbba57fd Version: $LATEST
5210
END RequestId: e7c73f65-5994-4437-a2c8-e6b3cbba57fd
REPORT RequestId: e7c73f65-5994-4437-a2c8-e6b3cbba57fd Duration: 10186 ms Billed Duration: 10200 ms Memory Size: 256 MB Max Memory Used: 14 MB

{"network": "47402579.8028,9107,6708,12644"}

==========Thread2========WARNING: Your kernel does not support swap limit capabilities or the cgroup is not mounted. Memory limited without swap.
START RequestId: a820c5e7-807a-4096-8fc7-5e9fe4c3f5d4 Version: $LATEST
5207
END RequestId: a820c5e7-807a-4096-8fc7-5e9fe4c3f5d4
REPORT RequestId: a820c5e7-807a-4096-8fc7-5e9fe4c3f5d4 Duration: 12906 ms Billed Duration: 13000 ms Memory Size: 256 MB Max Memory Used: 14 MB

{"network": "202708319.296,7998,4455,11297"}

==========Thread3========WARNING: Your kernel does not support swap limit capabilities or the cgroup is not mounted. Memory limited without swap.
START RequestId: 8f477e4e-9023-4447-9163-7a3c9eeb72e6 Version: $LATEST
5203
END RequestId: 8f477e4e-9023-4447-9163-7a3c9eeb72e6
REPORT RequestId: 8f477e4e-9023-4447-9163-7a3c9eeb72e6 Duration: 10200 ms Billed Duration: 10300 ms Memory Size: 256 MB Max Memory Used: 14 MB

{"network": "33793043.4438,9249,7569,12996"}

==========Thread4========WARNING: Your kernel does not support swap limit capabilities or the cgroup is not mounted. Memory limited without swap.
START RequestId: 7d18a779-0e52-4ed1-a3e0-bc886fa7439a Version: $LATEST
5208
END RequestId: 7d18a779-0e52-4ed1-a3e0-bc886fa7439a
REPORT RequestId: 7d18a779-0e52-4ed1-a3e0-bc886fa7439a Duration: 11189 ms Billed Duration: 11200 ms Memory Size: 256 MB Max Memory Used: 14 MB

{"network": "26094305.7306,11794,3524,33606"}

==========Thread5========WARNING: Your kernel does not support swap limit capabilities or the cgroup is not mounted. Memory limited without swap.
START RequestId: cd1f9485-68fc-4c99-8f33-9d77862f1aa7 Version: $LATEST
5205
END RequestId: cd1f9485-68fc-4c99-8f33-9d77862f1aa7
REPORT RequestId: cd1f9485-68fc-4c99-8f33-9d77862f1aa7 Duration: 10181 ms Billed Duration: 10200 ms Memory Size: 256 MB Max Memory Used: 14 MB

{"network": "44082714.0895,9050,7399,11499"}

==========Thread6========WARNING: Your kernel does not support swap limit capabilities or the cgroup is not mounted. Memory limited without swap.
START RequestId: 40149f0f-a3e2-46ab-8431-d5b2369cde85 Version: $LATEST
5206
END RequestId: 40149f0f-a3e2-46ab-8431-d5b2369cde85
REPORT RequestId: 40149f0f-a3e2-46ab-8431-d5b2369cde85 Duration: 10189 ms Billed Duration: 10200 ms Memory Size: 256 MB Max Memory Used: 14 MB

{"network": "43470995.3243,13428,8119,28857"}

==========Thread7========WARNING: Your kernel does not support swap limit capabilities or the cgroup is not mounted. Memory limited without swap.
START RequestId: a8b5947c-4ebc-4777-8e53-0be5f5853b77 Version: $LATEST
5204
END RequestId: a8b5947c-4ebc-4777-8e53-0be5f5853b77
REPORT RequestId: a8b5947c-4ebc-4777-8e53-0be5f5853b77 Duration: 11206 ms Billed Duration: 11300 ms Memory Size: 256 MB Max Memory Used: 14 MB

{"network": "23547488.842,9648,7524,12637"}

==========Thread8========WARNING: Your kernel does not support swap limit capabilities or the cgroup is not mounted. Memory limited without swap.
START RequestId: 8415cb62-21a4-4bff-875c-d8446dd067b4 Version: $LATEST
5202
END RequestId: 8415cb62-21a4-4bff-875c-d8446dd067b4
REPORT RequestId: 8415cb62-21a4-4bff-875c-d8446dd067b4 Duration: 11409 ms Billed Duration: 11500 ms Memory Size: 256 MB Max Memory Used: 14 MB

{"network": "60719146.5407,9085,8205,9496"}

==========Thread9========WARNING: Your kernel does not support swap limit capabilities or the cgroup is not mounted. Memory limited without swap.
START RequestId: a028a8bd-6bbd-431e-8b56-5161ca7dd83c Version: $LATEST
5209
END RequestId: a028a8bd-6bbd-431e-8b56-5161ca7dd83c
REPORT RequestId: a028a8bd-6bbd-431e-8b56-5161ca7dd83c Duration: 11218 ms Billed Duration: 11300 ms Memory Size: 256 MB Max Memory Used: 14 MB

{"network": "32197217.6181,8537,6317,9715"}

==========Thread10========WARNING: Your kernel does not support swap limit capabilities or the cgroup is not mounted. Memory limited without swap.
START RequestId: c28a132f-878c-4d81-a440-44c26aa4e096 Version: $LATEST
5201
END RequestId: c28a132f-878c-4d81-a440-44c26aa4e096
REPORT RequestId: c28a132f-878c-4d81-a440-44c26aa4e096 Duration: 10562 ms Billed Duration: 10600 ms Memory Size: 256 MB Max Memory Used: 14 MB

{"network": "100376933.613,13306,6907,31699"}
