
==========Thread1========WARNING: Your kernel does not support swap limit capabilities or the cgroup is not mounted. Memory limited without swap.
START RequestId: cb5b139b-7094-4e94-b074-aac3637bb5a2 Version: $LATEST
5207
END RequestId: cb5b139b-7094-4e94-b074-aac3637bb5a2
REPORT RequestId: cb5b139b-7094-4e94-b074-aac3637bb5a2 Duration: 10185 ms Billed Duration: 10200 ms Memory Size: 256 MB Max Memory Used: 14 MB

{"network": "30584643.9076,13885,7562,26309"}

==========Thread2========WARNING: Your kernel does not support swap limit capabilities or the cgroup is not mounted. Memory limited without swap.
START RequestId: 5649bfb6-34e0-4276-9e7a-d5567f8ceda6 Version: $LATEST
5203
END RequestId: 5649bfb6-34e0-4276-9e7a-d5567f8ceda6
REPORT RequestId: 5649bfb6-34e0-4276-9e7a-d5567f8ceda6 Duration: 11008 ms Billed Duration: 11100 ms Memory Size: 256 MB Max Memory Used: 14 MB

{"network": "86725879.3949,9381,8314,10048"}

==========Thread3========WARNING: Your kernel does not support swap limit capabilities or the cgroup is not mounted. Memory limited without swap.
START RequestId: 541c86ba-deb6-4dff-be8c-8e1a6f8c980a Version: $LATEST
5208
END RequestId: 541c86ba-deb6-4dff-be8c-8e1a6f8c980a
REPORT RequestId: 541c86ba-deb6-4dff-be8c-8e1a6f8c980a Duration: 10992 ms Billed Duration: 11000 ms Memory Size: 256 MB Max Memory Used: 14 MB

{"network": "68381603.5711,12927,7378,27341"}

==========Thread4========WARNING: Your kernel does not support swap limit capabilities or the cgroup is not mounted. Memory limited without swap.
START RequestId: 6d9c1576-432f-474d-a105-fb14a041a391 Version: $LATEST
5205
END RequestId: 6d9c1576-432f-474d-a105-fb14a041a391
REPORT RequestId: 6d9c1576-432f-474d-a105-fb14a041a391 Duration: 12056 ms Billed Duration: 12100 ms Memory Size: 256 MB Max Memory Used: 14 MB

{"network": "95664515.4106,9096,7019,11619"}

==========Thread5========WARNING: Your kernel does not support swap limit capabilities or the cgroup is not mounted. Memory limited without swap.
START RequestId: 2b8b97af-5ff6-419c-8f02-7ae591973456 Version: $LATEST
5206
END RequestId: 2b8b97af-5ff6-419c-8f02-7ae591973456
REPORT RequestId: 2b8b97af-5ff6-419c-8f02-7ae591973456 Duration: 10363 ms Billed Duration: 10400 ms Memory Size: 256 MB Max Memory Used: 14 MB

{"network": "49685226.3574,8920,7029,12058"}

==========Thread6========WARNING: Your kernel does not support swap limit capabilities or the cgroup is not mounted. Memory limited without swap.
START RequestId: 30190584-dac8-4203-98ba-09ad68d2405d Version: $LATEST
5204
END RequestId: 30190584-dac8-4203-98ba-09ad68d2405d
REPORT RequestId: 30190584-dac8-4203-98ba-09ad68d2405d Duration: 12051 ms Billed Duration: 12100 ms Memory Size: 256 MB Max Memory Used: 14 MB

{"network": "82111706.7858,8682,3714,10495"}

==========Thread7========WARNING: Your kernel does not support swap limit capabilities or the cgroup is not mounted. Memory limited without swap.
START RequestId: ad3a83c6-52cf-4614-9c6a-e8a92af455aa Version: $LATEST
5202
END RequestId: ad3a83c6-52cf-4614-9c6a-e8a92af455aa
REPORT RequestId: ad3a83c6-52cf-4614-9c6a-e8a92af455aa Duration: 12197 ms Billed Duration: 12200 ms Memory Size: 256 MB Max Memory Used: 14 MB

{"network": "82245398.9176,8757,6766,12760"}

==========Thread8========WARNING: Your kernel does not support swap limit capabilities or the cgroup is not mounted. Memory limited without swap.
START RequestId: d52a744b-63f5-4b0c-94ef-e0516d4fbfff Version: $LATEST
5209
END RequestId: d52a744b-63f5-4b0c-94ef-e0516d4fbfff
REPORT RequestId: d52a744b-63f5-4b0c-94ef-e0516d4fbfff Duration: 10185 ms Billed Duration: 10200 ms Memory Size: 256 MB Max Memory Used: 14 MB

{"network": "24681638.1134,8990,7166,11111"}

==========Thread9========WARNING: Your kernel does not support swap limit capabilities or the cgroup is not mounted. Memory limited without swap.
START RequestId: 7b7dcc1e-393f-4974-9875-c573980c47ec Version: $LATEST
5201
END RequestId: 7b7dcc1e-393f-4974-9875-c573980c47ec
REPORT RequestId: 7b7dcc1e-393f-4974-9875-c573980c47ec Duration: 10198 ms Billed Duration: 10200 ms Memory Size: 256 MB Max Memory Used: 14 MB

{"network": "25552746.4752,9399,8085,11687"}
