
==========Thread1========WARNING: Your kernel does not support swap limit capabilities or the cgroup is not mounted. Memory limited without swap.
START RequestId: 51ac581c-ef70-4134-a066-594fcd5d34f7 Version: $LATEST
5207
END RequestId: 51ac581c-ef70-4134-a066-594fcd5d34f7
REPORT RequestId: 51ac581c-ef70-4134-a066-594fcd5d34f7 Duration: 10354 ms Billed Duration: 10400 ms Memory Size: 256 MB Max Memory Used: 14 MB

{"network": "46740899.4878,7554,3604,10516"}

==========Thread2========WARNING: Your kernel does not support swap limit capabilities or the cgroup is not mounted. Memory limited without swap.
START RequestId: 97d71bf3-2991-402c-a09f-26a0877c27b7 Version: $LATEST
5203
END RequestId: 97d71bf3-2991-402c-a09f-26a0877c27b7
REPORT RequestId: 97d71bf3-2991-402c-a09f-26a0877c27b7 Duration: 11867 ms Billed Duration: 11900 ms Memory Size: 256 MB Max Memory Used: 14 MB

{"network": "59871921.2985,9303,7744,14224"}

==========Thread3========WARNING: Your kernel does not support swap limit capabilities or the cgroup is not mounted. Memory limited without swap.
START RequestId: ee766ff9-6028-47d1-9b16-5c1d9d764bfc Version: $LATEST
5205
END RequestId: ee766ff9-6028-47d1-9b16-5c1d9d764bfc
REPORT RequestId: ee766ff9-6028-47d1-9b16-5c1d9d764bfc Duration: 10563 ms Billed Duration: 10600 ms Memory Size: 256 MB Max Memory Used: 14 MB

{"network": "50358650.1938,12763,5440,34039"}

==========Thread4========WARNING: Your kernel does not support swap limit capabilities or the cgroup is not mounted. Memory limited without swap.
START RequestId: 89ed4e96-4315-4bfa-978a-a1ed06bd6c58 Version: $LATEST
5206
END RequestId: 89ed4e96-4315-4bfa-978a-a1ed06bd6c58
REPORT RequestId: 89ed4e96-4315-4bfa-978a-a1ed06bd6c58 Duration: 11004 ms Billed Duration: 11100 ms Memory Size: 256 MB Max Memory Used: 14 MB

{"network": "40026518.4536,8711,5912,11650"}

==========Thread5========WARNING: Your kernel does not support swap limit capabilities or the cgroup is not mounted. Memory limited without swap.
START RequestId: c7d324b2-331a-482c-8b9a-881608e6fa0d Version: $LATEST
5204
END RequestId: c7d324b2-331a-482c-8b9a-881608e6fa0d
REPORT RequestId: c7d324b2-331a-482c-8b9a-881608e6fa0d Duration: 10424 ms Billed Duration: 10500 ms Memory Size: 256 MB Max Memory Used: 14 MB

{"network": "51457227.6195,7585,2949,12442"}

==========Thread6========WARNING: Your kernel does not support swap limit capabilities or the cgroup is not mounted. Memory limited without swap.
START RequestId: 8645f1ac-e182-436f-b4cc-db59b0e1ed17 Version: $LATEST
5202
END RequestId: 8645f1ac-e182-436f-b4cc-db59b0e1ed17
REPORT RequestId: 8645f1ac-e182-436f-b4cc-db59b0e1ed17 Duration: 11896 ms Billed Duration: 11900 ms Memory Size: 256 MB Max Memory Used: 14 MB

{"network": "95640960.9267,9389,7333,13836"}

==========Thread7========WARNING: Your kernel does not support swap limit capabilities or the cgroup is not mounted. Memory limited without swap.
START RequestId: c177a5da-7425-4cb9-9fac-645c8c3d44ca Version: $LATEST
5201
END RequestId: c177a5da-7425-4cb9-9fac-645c8c3d44ca
REPORT RequestId: c177a5da-7425-4cb9-9fac-645c8c3d44ca Duration: 12298 ms Billed Duration: 12300 ms Memory Size: 256 MB Max Memory Used: 14 MB

{"network": "81139115.2876,10820,6850,14036"}
