
==========Thread1========WARNING: Your kernel does not support swap limit capabilities or the cgroup is not mounted. Memory limited without swap.
START RequestId: 93e8662a-f787-42f3-b81c-e6a31e15e17a Version: $LATEST
5207
END RequestId: 93e8662a-f787-42f3-b81c-e6a31e15e17a
REPORT RequestId: 93e8662a-f787-42f3-b81c-e6a31e15e17a Duration: 10195 ms Billed Duration: 10200 ms Memory Size: 256 MB Max Memory Used: 14 MB

{"network": "29338895.5435,14817,4787,43691"}

==========Thread2========WARNING: Your kernel does not support swap limit capabilities or the cgroup is not mounted. Memory limited without swap.
START RequestId: dc240167-bfa7-434c-84a7-550299c6b16d Version: $LATEST
5203
END RequestId: dc240167-bfa7-434c-84a7-550299c6b16d
REPORT RequestId: dc240167-bfa7-434c-84a7-550299c6b16d Duration: 10998 ms Billed Duration: 11000 ms Memory Size: 256 MB Max Memory Used: 14 MB

{"network": "96773224.1006,12138,4867,28795"}

==========Thread3========WARNING: Your kernel does not support swap limit capabilities or the cgroup is not mounted. Memory limited without swap.
START RequestId: ebe5b3a5-ad45-4761-a9dc-59cf00ccce8d Version: $LATEST
5208
END RequestId: ebe5b3a5-ad45-4761-a9dc-59cf00ccce8d
REPORT RequestId: ebe5b3a5-ad45-4761-a9dc-59cf00ccce8d Duration: 12041 ms Billed Duration: 12100 ms Memory Size: 256 MB Max Memory Used: 14 MB

{"network": "64261051.5521,7788,5921,9334"}

==========Thread4========WARNING: Your kernel does not support swap limit capabilities or the cgroup is not mounted. Memory limited without swap.
START RequestId: 976d5d56-9b5f-455b-92af-f550c240c1af Version: $LATEST
5205
END RequestId: 976d5d56-9b5f-455b-92af-f550c240c1af
REPORT RequestId: 976d5d56-9b5f-455b-92af-f550c240c1af Duration: 12050 ms Billed Duration: 12100 ms Memory Size: 256 MB Max Memory Used: 14 MB

{"network": "64876533.4296,8763,6360,11540"}

==========Thread5========WARNING: Your kernel does not support swap limit capabilities or the cgroup is not mounted. Memory limited without swap.
START RequestId: 6cef5619-3b0a-4a91-a968-4ac4684050d2 Version: $LATEST
5206
END RequestId: 6cef5619-3b0a-4a91-a968-4ac4684050d2
REPORT RequestId: 6cef5619-3b0a-4a91-a968-4ac4684050d2 Duration: 10184 ms Billed Duration: 10200 ms Memory Size: 256 MB Max Memory Used: 14 MB

{"network": "38808784.702,8684,7474,10710"}

==========Thread6========WARNING: Your kernel does not support swap limit capabilities or the cgroup is not mounted. Memory limited without swap.
START RequestId: d66d3066-1034-45d4-a333-ede1de0e2aa4 Version: $LATEST
5204
END RequestId: d66d3066-1034-45d4-a333-ede1de0e2aa4
REPORT RequestId: d66d3066-1034-45d4-a333-ede1de0e2aa4 Duration: 12067 ms Billed Duration: 12100 ms Memory Size: 256 MB Max Memory Used: 14 MB

{"network": "109198319.265,8457,7161,10501"}

==========Thread7========WARNING: Your kernel does not support swap limit capabilities or the cgroup is not mounted. Memory limited without swap.
START RequestId: ee36bf01-0d25-4423-b13f-f6198cdb69b3 Version: $LATEST
5202
END RequestId: ee36bf01-0d25-4423-b13f-f6198cdb69b3
REPORT RequestId: ee36bf01-0d25-4423-b13f-f6198cdb69b3 Duration: 10353 ms Billed Duration: 10400 ms Memory Size: 256 MB Max Memory Used: 14 MB

{"network": "70922915.0901,9967,7554,17143"}

==========Thread8========WARNING: Your kernel does not support swap limit capabilities or the cgroup is not mounted. Memory limited without swap.
START RequestId: dc023f97-a717-470e-81e6-05f4cd65bfef Version: $LATEST
5201
END RequestId: dc023f97-a717-470e-81e6-05f4cd65bfef
REPORT RequestId: dc023f97-a717-470e-81e6-05f4cd65bfef Duration: 10206 ms Billed Duration: 10300 ms Memory Size: 256 MB Max Memory Used: 14 MB

{"network": "26835923.2945,12638,7732,27708"}
