
==========Thread1========WARNING: Your kernel does not support swap limit capabilities or the cgroup is not mounted. Memory limited without swap.
START RequestId: bce42d76-aec4-469e-8227-e8243d5b1c0f Version: $LATEST
5203
END RequestId: bce42d76-aec4-469e-8227-e8243d5b1c0f
REPORT RequestId: bce42d76-aec4-469e-8227-e8243d5b1c0f Duration: 10181 ms Billed Duration: 10200 ms Memory Size: 256 MB Max Memory Used: 14 MB

{"network": "83453968.7588,8631,6679,13866"}

==========Thread2========WARNING: Your kernel does not support swap limit capabilities or the cgroup is not mounted. Memory limited without swap.
START RequestId: 449dc633-be2e-461f-a576-dae54a828500 Version: $LATEST
5205
END RequestId: 449dc633-be2e-461f-a576-dae54a828500
REPORT RequestId: 449dc633-be2e-461f-a576-dae54a828500 Duration: 10187 ms Billed Duration: 10200 ms Memory Size: 256 MB Max Memory Used: 14 MB

{"network": "105164256.027,8763,7550,10767"}

==========Thread3========WARNING: Your kernel does not support swap limit capabilities or the cgroup is not mounted. Memory limited without swap.
START RequestId: 7f210758-e271-436c-a6cc-40c35101b515 Version: $LATEST
5204
END RequestId: 7f210758-e271-436c-a6cc-40c35101b515
REPORT RequestId: 7f210758-e271-436c-a6cc-40c35101b515 Duration: 10200 ms Billed Duration: 10300 ms Memory Size: 256 MB Max Memory Used: 14 MB

{"network": "109445618.45,7535,5022,9172"}

==========Thread4========WARNING: Your kernel does not support swap limit capabilities or the cgroup is not mounted. Memory limited without swap.
START RequestId: a9e03fe2-24b2-48f8-b95d-e00fe58b6bca Version: $LATEST
5202
END RequestId: a9e03fe2-24b2-48f8-b95d-e00fe58b6bca
REPORT RequestId: a9e03fe2-24b2-48f8-b95d-e00fe58b6bca Duration: 10186 ms Billed Duration: 10200 ms Memory Size: 256 MB Max Memory Used: 14 MB

{"network": "109210242.265,8274,6674,10841"}

==========Thread5========WARNING: Your kernel does not support swap limit capabilities or the cgroup is not mounted. Memory limited without swap.
START RequestId: dee8005a-778f-41bd-9fad-81d689a6b826 Version: $LATEST
5201
END RequestId: dee8005a-778f-41bd-9fad-81d689a6b826
REPORT RequestId: dee8005a-778f-41bd-9fad-81d689a6b826 Duration: 10200 ms Billed Duration: 10300 ms Memory Size: 256 MB Max Memory Used: 14 MB

{"network": "46537187.8775,7631,6795,8797"}
