
==========Thread1========WARNING: Your kernel does not support swap limit capabilities or the cgroup is not mounted. Memory limited without swap.
START RequestId: c4d96483-ae90-4b3f-9da0-238910fad4f5 Version: $LATEST
5207
END RequestId: c4d96483-ae90-4b3f-9da0-238910fad4f5
REPORT RequestId: c4d96483-ae90-4b3f-9da0-238910fad4f5 Duration: 12041 ms Billed Duration: 12100 ms Memory Size: 256 MB Max Memory Used: 14 MB

{"network": "91439042.4781,9888,7337,11611"}

==========Thread2========WARNING: Your kernel does not support swap limit capabilities or the cgroup is not mounted. Memory limited without swap.
START RequestId: 7640db58-a670-404a-abbe-c3b81d66e822 Version: $LATEST
5203
END RequestId: 7640db58-a670-404a-abbe-c3b81d66e822
REPORT RequestId: 7640db58-a670-404a-abbe-c3b81d66e822 Duration: 11004 ms Billed Duration: 11100 ms Memory Size: 256 MB Max Memory Used: 14 MB

{"network": "71523455.2588,9597,7559,14687"}

==========Thread3========WARNING: Your kernel does not support swap limit capabilities or the cgroup is not mounted. Memory limited without swap.
START RequestId: 5bb58770-dc13-414c-bc45-ce2b354aad42 Version: $LATEST
5208
END RequestId: 5bb58770-dc13-414c-bc45-ce2b354aad42
REPORT RequestId: 5bb58770-dc13-414c-bc45-ce2b354aad42 Duration: 12060 ms Billed Duration: 12100 ms Memory Size: 256 MB Max Memory Used: 14 MB

{"network": "56074152.1465,8641,6499,13815"}

==========Thread4========WARNING: Your kernel does not support swap limit capabilities or the cgroup is not mounted. Memory limited without swap.
START RequestId: e264aacb-9b11-494f-9637-d7617b2c0790 Version: $LATEST
5205
END RequestId: e264aacb-9b11-494f-9637-d7617b2c0790
REPORT RequestId: e264aacb-9b11-494f-9637-d7617b2c0790 Duration: 10187 ms Billed Duration: 10200 ms Memory Size: 256 MB Max Memory Used: 14 MB

{"network": "30416755.4772,12496,7394,38108"}

==========Thread5========WARNING: Your kernel does not support swap limit capabilities or the cgroup is not mounted. Memory limited without swap.
START RequestId: 4e728c60-eb59-4505-97ba-03ab27b6d374 Version: $LATEST
5206
END RequestId: 4e728c60-eb59-4505-97ba-03ab27b6d374
REPORT RequestId: 4e728c60-eb59-4505-97ba-03ab27b6d374 Duration: 10347 ms Billed Duration: 10400 ms Memory Size: 256 MB Max Memory Used: 14 MB

{"network": "28820374.9561,8314,4869,12145"}

==========Thread6========WARNING: Your kernel does not support swap limit capabilities or the cgroup is not mounted. Memory limited without swap.
START RequestId: 2872580e-08fb-473d-b6e0-36ecd0856777 Version: $LATEST
5204
END RequestId: 2872580e-08fb-473d-b6e0-36ecd0856777
REPORT RequestId: 2872580e-08fb-473d-b6e0-36ecd0856777 Duration: 10393 ms Billed Duration: 10400 ms Memory Size: 256 MB Max Memory Used: 14 MB

{"network": "44934632.1022,8964,7993,10108"}

==========Thread7========WARNING: Your kernel does not support swap limit capabilities or the cgroup is not mounted. Memory limited without swap.
START RequestId: ea74d08a-a687-4863-b46a-805e6e3952a3 Version: $LATEST
5202
END RequestId: ea74d08a-a687-4863-b46a-805e6e3952a3
REPORT RequestId: ea74d08a-a687-4863-b46a-805e6e3952a3 Duration: 10561 ms Billed Duration: 10600 ms Memory Size: 256 MB Max Memory Used: 14 MB

{"network": "51687082.2574,11248,7783,25955"}

==========Thread8========WARNING: Your kernel does not support swap limit capabilities or the cgroup is not mounted. Memory limited without swap.
START RequestId: 28b2f25e-ac31-4b07-a852-027f466e03f8 Version: $LATEST
5209
END RequestId: 28b2f25e-ac31-4b07-a852-027f466e03f8
REPORT RequestId: 28b2f25e-ac31-4b07-a852-027f466e03f8 Duration: 10189 ms Billed Duration: 10200 ms Memory Size: 256 MB Max Memory Used: 14 MB

{"network": "51429711.1696,9248,7133,12080"}

==========Thread9========WARNING: Your kernel does not support swap limit capabilities or the cgroup is not mounted. Memory limited without swap.
START RequestId: 248094de-4463-4e76-a285-278e4a26d27d Version: $LATEST
5201
END RequestId: 248094de-4463-4e76-a285-278e4a26d27d
REPORT RequestId: 248094de-4463-4e76-a285-278e4a26d27d Duration: 12745 ms Billed Duration: 12800 ms Memory Size: 256 MB Max Memory Used: 14 MB

{"network": "85329931.4095,8955,4689,13275"}
