
==========Thread1========WARNING: Your kernel does not support swap limit capabilities or the cgroup is not mounted. Memory limited without swap.
START RequestId: c985dc00-910f-4566-bcd6-373defebea21 Version: $LATEST
5207
END RequestId: c985dc00-910f-4566-bcd6-373defebea21
REPORT RequestId: c985dc00-910f-4566-bcd6-373defebea21 Duration: 12196 ms Billed Duration: 12200 ms Memory Size: 256 MB Max Memory Used: 14 MB

{"network": "52343517.497,9168,7841,11031"}

==========Thread2========WARNING: Your kernel does not support swap limit capabilities or the cgroup is not mounted. Memory limited without swap.
START RequestId: 13b1ac2d-c5f0-46f2-8a99-c650dbc86f68 Version: $LATEST
5203
END RequestId: 13b1ac2d-c5f0-46f2-8a99-c650dbc86f68
REPORT RequestId: 13b1ac2d-c5f0-46f2-8a99-c650dbc86f68 Duration: 10563 ms Billed Duration: 10600 ms Memory Size: 256 MB Max Memory Used: 14 MB

{"network": "80501083.8458,11994,7800,23939"}

==========Thread3========WARNING: Your kernel does not support swap limit capabilities or the cgroup is not mounted. Memory limited without swap.
START RequestId: a2b3c44c-54a4-4963-a64e-647ff88c73c8 Version: $LATEST
5208
END RequestId: a2b3c44c-54a4-4963-a64e-647ff88c73c8
REPORT RequestId: a2b3c44c-54a4-4963-a64e-647ff88c73c8 Duration: 12239 ms Billed Duration: 12300 ms Memory Size: 256 MB Max Memory Used: 14 MB

{"network": "27656075.4252,8910,3005,20735"}

==========Thread4========WARNING: Your kernel does not support swap limit capabilities or the cgroup is not mounted. Memory limited without swap.
START RequestId: 9aa6049d-2b90-425a-bc7d-54c0b92a16c5 Version: $LATEST
5205
END RequestId: 9aa6049d-2b90-425a-bc7d-54c0b92a16c5
REPORT RequestId: 9aa6049d-2b90-425a-bc7d-54c0b92a16c5 Duration: 12333 ms Billed Duration: 12400 ms Memory Size: 256 MB Max Memory Used: 14 MB

{"network": "54185594.9307,10723,8038,16203"}

==========Thread5========WARNING: Your kernel does not support swap limit capabilities or the cgroup is not mounted. Memory limited without swap.
START RequestId: a3a89e33-774a-4e21-8a27-fc7f7b621e6a Version: $LATEST
5206
END RequestId: a3a89e33-774a-4e21-8a27-fc7f7b621e6a
REPORT RequestId: a3a89e33-774a-4e21-8a27-fc7f7b621e6a Duration: 11194 ms Billed Duration: 11200 ms Memory Size: 256 MB Max Memory Used: 14 MB

{"network": "43423039.8495,10611,7472,18708"}

==========Thread6========WARNING: Your kernel does not support swap limit capabilities or the cgroup is not mounted. Memory limited without swap.
START RequestId: b5365124-27bf-4300-b6d7-a879a7354828 Version: $LATEST
5204
END RequestId: b5365124-27bf-4300-b6d7-a879a7354828
REPORT RequestId: b5365124-27bf-4300-b6d7-a879a7354828 Duration: 11198 ms Billed Duration: 11200 ms Memory Size: 256 MB Max Memory Used: 14 MB

{"network": "48166472.9705,8725,6954,10420"}

==========Thread7========WARNING: Your kernel does not support swap limit capabilities or the cgroup is not mounted. Memory limited without swap.
START RequestId: 815a0ad7-5696-47c3-acd9-c2619b01215b Version: $LATEST
5202
END RequestId: 815a0ad7-5696-47c3-acd9-c2619b01215b
REPORT RequestId: 815a0ad7-5696-47c3-acd9-c2619b01215b Duration: 10980 ms Billed Duration: 11000 ms Memory Size: 256 MB Max Memory Used: 14 MB

{"network": "117074029.073,8997,6441,11922"}

==========Thread8========WARNING: Your kernel does not support swap limit capabilities or the cgroup is not mounted. Memory limited without swap.
START RequestId: 7ab84c34-e20a-4271-aac2-5141f8658fc3 Version: $LATEST
5201
END RequestId: 7ab84c34-e20a-4271-aac2-5141f8658fc3
REPORT RequestId: 7ab84c34-e20a-4271-aac2-5141f8658fc3 Duration: 12235 ms Billed Duration: 12300 ms Memory Size: 256 MB Max Memory Used: 14 MB

{"network": "40980854.9482,8682,7368,10018"}
