
==========Thread1========WARNING: Your kernel does not support swap limit capabilities or the cgroup is not mounted. Memory limited without swap.
START RequestId: b62c8c9f-9920-4524-a707-9f75c07d1bd4 Version: $LATEST
5210
END RequestId: b62c8c9f-9920-4524-a707-9f75c07d1bd4
REPORT RequestId: b62c8c9f-9920-4524-a707-9f75c07d1bd4 Duration: 12054 ms Billed Duration: 12100 ms Memory Size: 256 MB Max Memory Used: 14 MB

{"network": "97749913.2468,8614,7053,11332"}

==========Thread2========WARNING: Your kernel does not support swap limit capabilities or the cgroup is not mounted. Memory limited without swap.
START RequestId: a6d58a4b-bef2-499d-922e-3cf96c44afd9 Version: $LATEST
5207
END RequestId: a6d58a4b-bef2-499d-922e-3cf96c44afd9
REPORT RequestId: a6d58a4b-bef2-499d-922e-3cf96c44afd9 Duration: 10206 ms Billed Duration: 10300 ms Memory Size: 256 MB Max Memory Used: 14 MB

{"network": "38709421.263,11738,7672,31636"}

==========Thread3========WARNING: Your kernel does not support swap limit capabilities or the cgroup is not mounted. Memory limited without swap.
START RequestId: 49f08b5e-ab50-4449-a1cc-989796fef423 Version: $LATEST
5203
END RequestId: 49f08b5e-ab50-4449-a1cc-989796fef423
REPORT RequestId: 49f08b5e-ab50-4449-a1cc-989796fef423 Duration: 11853 ms Billed Duration: 11900 ms Memory Size: 256 MB Max Memory Used: 14 MB

{"network": "103067407.429,9805,7683,14890"}

==========Thread4========WARNING: Your kernel does not support swap limit capabilities or the cgroup is not mounted. Memory limited without swap.
START RequestId: b386e027-9776-48e0-93e5-8e40f9863739 Version: $LATEST
5208
END RequestId: b386e027-9776-48e0-93e5-8e40f9863739
REPORT RequestId: b386e027-9776-48e0-93e5-8e40f9863739 Duration: 12046 ms Billed Duration: 12100 ms Memory Size: 256 MB Max Memory Used: 14 MB

{"network": "47365526.1119,10034,7686,11900"}

==========Thread5========WARNING: Your kernel does not support swap limit capabilities or the cgroup is not mounted. Memory limited without swap.
START RequestId: caa2860f-8915-4ace-9e56-4312e269237e Version: $LATEST
5205
END RequestId: caa2860f-8915-4ace-9e56-4312e269237e
REPORT RequestId: caa2860f-8915-4ace-9e56-4312e269237e Duration: 10208 ms Billed Duration: 10300 ms Memory Size: 256 MB Max Memory Used: 14 MB

{"network": "20369416.6016,10124,8572,10721"}

==========Thread6========WARNING: Your kernel does not support swap limit capabilities or the cgroup is not mounted. Memory limited without swap.
START RequestId: fda14964-c076-40a5-a32c-8b1cc4fcd456 Version: $LATEST
5206
END RequestId: fda14964-c076-40a5-a32c-8b1cc4fcd456
REPORT RequestId: fda14964-c076-40a5-a32c-8b1cc4fcd456 Duration: 10420 ms Billed Duration: 10500 ms Memory Size: 256 MB Max Memory Used: 14 MB

{"network": "40157527.7543,8523,7428,9832"}

==========Thread7========WARNING: Your kernel does not support swap limit capabilities or the cgroup is not mounted. Memory limited without swap.
START RequestId: c1484bcf-d959-4627-b61a-19d355fa01d6 Version: $LATEST
5204
END RequestId: c1484bcf-d959-4627-b61a-19d355fa01d6
REPORT RequestId: c1484bcf-d959-4627-b61a-19d355fa01d6 Duration: 10570 ms Billed Duration: 10600 ms Memory Size: 256 MB Max Memory Used: 14 MB

{"network": "59398200.7265,13001,7823,19007"}

==========Thread8========WARNING: Your kernel does not support swap limit capabilities or the cgroup is not mounted. Memory limited without swap.
START RequestId: 149452ff-2f60-4c4b-b10c-907f70006d2e Version: $LATEST
5202
END RequestId: 149452ff-2f60-4c4b-b10c-907f70006d2e
REPORT RequestId: 149452ff-2f60-4c4b-b10c-907f70006d2e Duration: 10564 ms Billed Duration: 10600 ms Memory Size: 256 MB Max Memory Used: 14 MB

{"network": "49604735.2746,8687,6351,12022"}

==========Thread9========WARNING: Your kernel does not support swap limit capabilities or the cgroup is not mounted. Memory limited without swap.
START RequestId: 75a6b075-7e83-4479-870c-a32f39d065bf Version: $LATEST
5209
END RequestId: 75a6b075-7e83-4479-870c-a32f39d065bf
REPORT RequestId: 75a6b075-7e83-4479-870c-a32f39d065bf Duration: 12887 ms Billed Duration: 12900 ms Memory Size: 256 MB Max Memory Used: 14 MB

{"network": "78932535.824,8383,5517,10749"}

==========Thread10========WARNING: Your kernel does not support swap limit capabilities or the cgroup is not mounted. Memory limited without swap.
START RequestId: 66c7486d-14a0-45f1-bd26-e6436d8a2943 Version: $LATEST
5201
END RequestId: 66c7486d-14a0-45f1-bd26-e6436d8a2943
REPORT RequestId: 66c7486d-14a0-45f1-bd26-e6436d8a2943 Duration: 10205 ms Billed Duration: 10300 ms Memory Size: 256 MB Max Memory Used: 14 MB

{"network": "25165048.6826,10517,7174,13874"}
