
==========Thread1========WARNING: Your kernel does not support swap limit capabilities or the cgroup is not mounted. Memory limited without swap.
START RequestId: 3a3dad97-3fe8-4b19-9521-2e7a14f36c66 Version: $LATEST
5207
END RequestId: 3a3dad97-3fe8-4b19-9521-2e7a14f36c66
REPORT RequestId: 3a3dad97-3fe8-4b19-9521-2e7a14f36c66 Duration: 12890 ms Billed Duration: 12900 ms Memory Size: 256 MB Max Memory Used: 14 MB

{"network": "102985921.041,8968,5411,10967"}

==========Thread2========WARNING: Your kernel does not support swap limit capabilities or the cgroup is not mounted. Memory limited without swap.
START RequestId: 70d4f3b4-e6dc-40e5-858c-e4c4ba616ea0 Version: $LATEST
5203
END RequestId: 70d4f3b4-e6dc-40e5-858c-e4c4ba616ea0
REPORT RequestId: 70d4f3b4-e6dc-40e5-858c-e4c4ba616ea0 Duration: 10184 ms Billed Duration: 10200 ms Memory Size: 256 MB Max Memory Used: 14 MB

{"network": "92425455.1104,8389,6449,11855"}

==========Thread3========WARNING: Your kernel does not support swap limit capabilities or the cgroup is not mounted. Memory limited without swap.
START RequestId: bd9b3874-f564-47d0-8910-8e8383628335 Version: $LATEST
5205
END RequestId: bd9b3874-f564-47d0-8910-8e8383628335
REPORT RequestId: bd9b3874-f564-47d0-8910-8e8383628335 Duration: 12045 ms Billed Duration: 12100 ms Memory Size: 256 MB Max Memory Used: 14 MB

{"network": "80282431.172,7874,6326,9645"}

==========Thread4========WARNING: Your kernel does not support swap limit capabilities or the cgroup is not mounted. Memory limited without swap.
START RequestId: feaf2033-152e-4d64-95f1-ccd1a3dc14ea Version: $LATEST
5206
END RequestId: feaf2033-152e-4d64-95f1-ccd1a3dc14ea
REPORT RequestId: feaf2033-152e-4d64-95f1-ccd1a3dc14ea Duration: 12063 ms Billed Duration: 12100 ms Memory Size: 256 MB Max Memory Used: 14 MB

{"network": "75275431.5246,8982,7876,10054"}

==========Thread5========WARNING: Your kernel does not support swap limit capabilities or the cgroup is not mounted. Memory limited without swap.
START RequestId: 75410f01-7f59-4aee-9a1d-77cdfc7a7852 Version: $LATEST
5204
END RequestId: 75410f01-7f59-4aee-9a1d-77cdfc7a7852
REPORT RequestId: 75410f01-7f59-4aee-9a1d-77cdfc7a7852 Duration: 10197 ms Billed Duration: 10200 ms Memory Size: 256 MB Max Memory Used: 14 MB

{"network": "34752375.3497,12372,5698,21912"}

==========Thread6========WARNING: Your kernel does not support swap limit capabilities or the cgroup is not mounted. Memory limited without swap.
START RequestId: c7f4f81a-422b-4993-be5e-c03ef77cc0d7 Version: $LATEST
5202
END RequestId: c7f4f81a-422b-4993-be5e-c03ef77cc0d7
REPORT RequestId: c7f4f81a-422b-4993-be5e-c03ef77cc0d7 Duration: 10185 ms Billed Duration: 10200 ms Memory Size: 256 MB Max Memory Used: 14 MB

{"network": "52231988.3149,8839,7118,11560"}

==========Thread7========WARNING: Your kernel does not support swap limit capabilities or the cgroup is not mounted. Memory limited without swap.
START RequestId: 04eb17fd-9621-4580-ad7b-0856907af6a2 Version: $LATEST
5201
END RequestId: 04eb17fd-9621-4580-ad7b-0856907af6a2
REPORT RequestId: 04eb17fd-9621-4580-ad7b-0856907af6a2 Duration: 10184 ms Billed Duration: 10200 ms Memory Size: 256 MB Max Memory Used: 14 MB

{"network": "26545429.857,8074,5550,9416"}
