
==========Thread1========WARNING: Your kernel does not support swap limit capabilities or the cgroup is not mounted. Memory limited without swap.
START RequestId: 04641de5-b476-4204-bb74-a9c033b1acf4 Version: $LATEST
5203
END RequestId: 04641de5-b476-4204-bb74-a9c033b1acf4
REPORT RequestId: 04641de5-b476-4204-bb74-a9c033b1acf4 Duration: 10182 ms Billed Duration: 10200 ms Memory Size: 256 MB Max Memory Used: 14 MB

{"network": "56356889.2869,8539,6901,11124"}

==========Thread2========WARNING: Your kernel does not support swap limit capabilities or the cgroup is not mounted. Memory limited without swap.
START RequestId: 3afcf950-27ef-49e6-9dea-304f0a5e3503 Version: $LATEST
5205
END RequestId: 3afcf950-27ef-49e6-9dea-304f0a5e3503
REPORT RequestId: 3afcf950-27ef-49e6-9dea-304f0a5e3503 Duration: 10393 ms Billed Duration: 10400 ms Memory Size: 256 MB Max Memory Used: 14 MB

{"network": "71744999.0945,8119,6996,8726"}

==========Thread3========WARNING: Your kernel does not support swap limit capabilities or the cgroup is not mounted. Memory limited without swap.
START RequestId: c451e25e-7cd7-48b8-b9be-a51e07f5fdcd Version: $LATEST
5204
END RequestId: c451e25e-7cd7-48b8-b9be-a51e07f5fdcd
REPORT RequestId: c451e25e-7cd7-48b8-b9be-a51e07f5fdcd Duration: 10202 ms Billed Duration: 10300 ms Memory Size: 256 MB Max Memory Used: 14 MB

{"network": "51158780.3032,7934,6575,10791"}

==========Thread4========WARNING: Your kernel does not support swap limit capabilities or the cgroup is not mounted. Memory limited without swap.
START RequestId: 7beb24f6-a434-4cfd-a3d8-d26090da707b Version: $LATEST
5202
END RequestId: 7beb24f6-a434-4cfd-a3d8-d26090da707b
REPORT RequestId: 7beb24f6-a434-4cfd-a3d8-d26090da707b Duration: 10184 ms Billed Duration: 10200 ms Memory Size: 256 MB Max Memory Used: 14 MB

{"network": "57205890.4924,8266,6325,10123"}

==========Thread5========WARNING: Your kernel does not support swap limit capabilities or the cgroup is not mounted. Memory limited without swap.
START RequestId: ffa2f79e-7a7d-4de6-af00-411cbba981ee Version: $LATEST
5201
END RequestId: ffa2f79e-7a7d-4de6-af00-411cbba981ee
REPORT RequestId: ffa2f79e-7a7d-4de6-af00-411cbba981ee Duration: 10560 ms Billed Duration: 10600 ms Memory Size: 256 MB Max Memory Used: 14 MB

{"network": "87006699.115,10663,7218,20019"}
