
==========Thread1========WARNING: Your kernel does not support swap limit capabilities or the cgroup is not mounted. Memory limited without swap.
START RequestId: d6128206-b917-4aca-bb2d-2ae4635b8c35 Version: $LATEST
5203
END RequestId: d6128206-b917-4aca-bb2d-2ae4635b8c35
REPORT RequestId: d6128206-b917-4aca-bb2d-2ae4635b8c35 Duration: 10188 ms Billed Duration: 10200 ms Memory Size: 256 MB Max Memory Used: 14 MB

{"network": "42468004.5121,8979,7643,11357"}

==========Thread2========WARNING: Your kernel does not support swap limit capabilities or the cgroup is not mounted. Memory limited without swap.
START RequestId: 2d200ba3-092c-4796-9bc4-70ee35eb85ac Version: $LATEST
5205
END RequestId: 2d200ba3-092c-4796-9bc4-70ee35eb85ac
REPORT RequestId: 2d200ba3-092c-4796-9bc4-70ee35eb85ac Duration: 12441 ms Billed Duration: 12500 ms Memory Size: 256 MB Max Memory Used: 14 MB

{"network": "96429954.865,10580,7259,21901"}

==========Thread3========WARNING: Your kernel does not support swap limit capabilities or the cgroup is not mounted. Memory limited without swap.
START RequestId: 75686b2c-1fc7-43ed-91ad-9bc2aaaf0ec8 Version: $LATEST
5206
END RequestId: 75686b2c-1fc7-43ed-91ad-9bc2aaaf0ec8
REPORT RequestId: 75686b2c-1fc7-43ed-91ad-9bc2aaaf0ec8 Duration: 12605 ms Billed Duration: 12700 ms Memory Size: 256 MB Max Memory Used: 14 MB

{"network": "111992892.268,8267,6289,9796"}

==========Thread4========WARNING: Your kernel does not support swap limit capabilities or the cgroup is not mounted. Memory limited without swap.
START RequestId: f08a2a3b-1cc9-4430-83a1-68bf55113015 Version: $LATEST
5204
END RequestId: f08a2a3b-1cc9-4430-83a1-68bf55113015
REPORT RequestId: f08a2a3b-1cc9-4430-83a1-68bf55113015 Duration: 10350 ms Billed Duration: 10400 ms Memory Size: 256 MB Max Memory Used: 14 MB

{"network": "74683204.6292,8221,6689,9502"}

==========Thread5========WARNING: Your kernel does not support swap limit capabilities or the cgroup is not mounted. Memory limited without swap.
START RequestId: d83a0f89-8ea2-4c26-9fe5-a75a13bf730e Version: $LATEST
5202
END RequestId: d83a0f89-8ea2-4c26-9fe5-a75a13bf730e
REPORT RequestId: d83a0f89-8ea2-4c26-9fe5-a75a13bf730e Duration: 10563 ms Billed Duration: 10600 ms Memory Size: 256 MB Max Memory Used: 14 MB

{"network": "92011312.4351,11821,6825,18441"}

==========Thread6========WARNING: Your kernel does not support swap limit capabilities or the cgroup is not mounted. Memory limited without swap.
START RequestId: 169fec74-9af5-4648-9232-7e4a876ba85f Version: $LATEST
5201
END RequestId: 169fec74-9af5-4648-9232-7e4a876ba85f
REPORT RequestId: 169fec74-9af5-4648-9232-7e4a876ba85f Duration: 10200 ms Billed Duration: 10300 ms Memory Size: 256 MB Max Memory Used: 14 MB

{"network": "45509410.3463,8904,8183,9655"}
