
==========Thread1========WARNING: Your kernel does not support swap limit capabilities or the cgroup is not mounted. Memory limited without swap.
START RequestId: 8a640a66-57d2-467e-b389-7c3f2cf167de Version: $LATEST
5203
END RequestId: 8a640a66-57d2-467e-b389-7c3f2cf167de
REPORT RequestId: 8a640a66-57d2-467e-b389-7c3f2cf167de Duration: 12292 ms Billed Duration: 12300 ms Memory Size: 256 MB Max Memory Used: 14 MB

{"network": "199097869.651,9537,6624,13109"}

==========Thread2========WARNING: Your kernel does not support swap limit capabilities or the cgroup is not mounted. Memory limited without swap.
START RequestId: 17fa495a-00fe-475f-adbb-df7a5d197739 Version: $LATEST
5204
END RequestId: 17fa495a-00fe-475f-adbb-df7a5d197739
REPORT RequestId: 17fa495a-00fe-475f-adbb-df7a5d197739 Duration: 12062 ms Billed Duration: 12100 ms Memory Size: 256 MB Max Memory Used: 14 MB

{"network": "110152203.938,7094,4465,8831"}

==========Thread3========WARNING: Your kernel does not support swap limit capabilities or the cgroup is not mounted. Memory limited without swap.
START RequestId: a7542bda-fc66-4553-b457-bfea2ff8844f Version: $LATEST
5202
END RequestId: a7542bda-fc66-4553-b457-bfea2ff8844f
REPORT RequestId: a7542bda-fc66-4553-b457-bfea2ff8844f Duration: 11865 ms Billed Duration: 11900 ms Memory Size: 256 MB Max Memory Used: 14 MB

{"network": "110698509.701,7311,2415,9280"}

==========Thread4========WARNING: Your kernel does not support swap limit capabilities or the cgroup is not mounted. Memory limited without swap.
START RequestId: f697b49d-d1b6-4ba9-a017-0e2cac27fae2 Version: $LATEST
5201
END RequestId: f697b49d-d1b6-4ba9-a017-0e2cac27fae2
REPORT RequestId: f697b49d-d1b6-4ba9-a017-0e2cac27fae2 Duration: 11863 ms Billed Duration: 11900 ms Memory Size: 256 MB Max Memory Used: 14 MB

{"network": "123069321.945,7801,6274,9230"}
