
==========Thread1========WARNING: Your kernel does not support swap limit capabilities or the cgroup is not mounted. Memory limited without swap.
START RequestId: 85ff6c0d-e47f-4614-a552-cae0ca52c8c3 Version: $LATEST
5207
END RequestId: 85ff6c0d-e47f-4614-a552-cae0ca52c8c3
REPORT RequestId: 85ff6c0d-e47f-4614-a552-cae0ca52c8c3 Duration: 10358 ms Billed Duration: 10400 ms Memory Size: 256 MB Max Memory Used: 120 MB

{"network": "35893154.4815,0,0,0"}

==========Thread2========WARNING: Your kernel does not support swap limit capabilities or the cgroup is not mounted. Memory limited without swap.
START RequestId: d80d0c43-ea88-4919-8c09-84b3d51617b6 Version: $LATEST
5203
END RequestId: d80d0c43-ea88-4919-8c09-84b3d51617b6
REPORT RequestId: d80d0c43-ea88-4919-8c09-84b3d51617b6 Duration: 11183 ms Billed Duration: 11200 ms Memory Size: 256 MB Max Memory Used: 119 MB

{"network": "33139044.6787,0,0,0"}

==========Thread3========WARNING: Your kernel does not support swap limit capabilities or the cgroup is not mounted. Memory limited without swap.
START RequestId: fcd2c4cf-0971-4df5-8586-db83df6f1731 Version: $LATEST
5208
END RequestId: fcd2c4cf-0971-4df5-8586-db83df6f1731
REPORT RequestId: fcd2c4cf-0971-4df5-8586-db83df6f1731 Duration: 10174 ms Billed Duration: 10200 ms Memory Size: 256 MB Max Memory Used: 120 MB

{"network": "48060672.7946,0,0,0"}

==========Thread4========WARNING: Your kernel does not support swap limit capabilities or the cgroup is not mounted. Memory limited without swap.
START RequestId: d63e4160-ffd8-4022-8708-92f97fca8894 Version: $LATEST
5205
END RequestId: d63e4160-ffd8-4022-8708-92f97fca8894
REPORT RequestId: d63e4160-ffd8-4022-8708-92f97fca8894 Duration: 11197 ms Billed Duration: 11200 ms Memory Size: 256 MB Max Memory Used: 120 MB

{"network": "26989446.9212,0,0,0"}

==========Thread5========WARNING: Your kernel does not support swap limit capabilities or the cgroup is not mounted. Memory limited without swap.
START RequestId: 1cf61baf-bf34-49fb-9fb3-c4cdcc7670ba Version: $LATEST
5206
END RequestId: 1cf61baf-bf34-49fb-9fb3-c4cdcc7670ba
REPORT RequestId: 1cf61baf-bf34-49fb-9fb3-c4cdcc7670ba Duration: 10196 ms Billed Duration: 10200 ms Memory Size: 256 MB Max Memory Used: 121 MB

{"network": "20285778.1466,0,0,0"}

==========Thread6========WARNING: Your kernel does not support swap limit capabilities or the cgroup is not mounted. Memory limited without swap.
START RequestId: 001e6c55-443a-4458-ac75-6e21ca23d171 Version: $LATEST
5204
END RequestId: 001e6c55-443a-4458-ac75-6e21ca23d171
REPORT RequestId: 001e6c55-443a-4458-ac75-6e21ca23d171 Duration: 10168 ms Billed Duration: 10200 ms Memory Size: 256 MB Max Memory Used: 119 MB

{"network": "44650707.6785,0,0,0"}

==========Thread7========WARNING: Your kernel does not support swap limit capabilities or the cgroup is not mounted. Memory limited without swap.
START RequestId: 1df8d482-829d-4a2e-a3c2-70605c94f21d Version: $LATEST
5202
END RequestId: 1df8d482-829d-4a2e-a3c2-70605c94f21d
REPORT RequestId: 1df8d482-829d-4a2e-a3c2-70605c94f21d Duration: 10181 ms Billed Duration: 10200 ms Memory Size: 256 MB Max Memory Used: 120 MB

{"network": "80939253.6323,0,0,0"}

==========Thread8========WARNING: Your kernel does not support swap limit capabilities or the cgroup is not mounted. Memory limited without swap.
START RequestId: 0beb9701-e516-457e-9ffc-0914b5a9c3cc Version: $LATEST
5209
END RequestId: 0beb9701-e516-457e-9ffc-0914b5a9c3cc
REPORT RequestId: 0beb9701-e516-457e-9ffc-0914b5a9c3cc Duration: 11199 ms Billed Duration: 11200 ms Memory Size: 256 MB Max Memory Used: 120 MB

{"network": "101920337.752,0,0,0"}

==========Thread9========WARNING: Your kernel does not support swap limit capabilities or the cgroup is not mounted. Memory limited without swap.
START RequestId: be2b24f1-f301-4d3d-820d-bd56be168d6f Version: $LATEST
5201
END RequestId: be2b24f1-f301-4d3d-820d-bd56be168d6f
REPORT RequestId: be2b24f1-f301-4d3d-820d-bd56be168d6f Duration: 10180 ms Billed Duration: 10200 ms Memory Size: 256 MB Max Memory Used: 120 MB

{"network": "61539263.4231,0,0,0"}
