
==========Thread1========WARNING: Your kernel does not support swap limit capabilities or the cgroup is not mounted. Memory limited without swap.
START RequestId: ab7ec649-bad9-48e5-a4ad-3611b928052c Version: $LATEST
5207
END RequestId: ab7ec649-bad9-48e5-a4ad-3611b928052c
REPORT RequestId: ab7ec649-bad9-48e5-a4ad-3611b928052c Duration: 10194 ms Billed Duration: 10200 ms Memory Size: 256 MB Max Memory Used: 119 MB

{"network": "42133873.0862,0,0,0"}

==========Thread2========WARNING: Your kernel does not support swap limit capabilities or the cgroup is not mounted. Memory limited without swap.
START RequestId: 8d558940-d44e-4b1e-9bf6-1a09f800402f Version: $LATEST
5203
END RequestId: 8d558940-d44e-4b1e-9bf6-1a09f800402f
REPORT RequestId: 8d558940-d44e-4b1e-9bf6-1a09f800402f Duration: 10995 ms Billed Duration: 11000 ms Memory Size: 256 MB Max Memory Used: 120 MB

{"network": "92950829.256,0,0,0"}

==========Thread3========WARNING: Your kernel does not support swap limit capabilities or the cgroup is not mounted. Memory limited without swap.
START RequestId: 43844e2f-abd7-4c23-b57e-b3c7fa7737b3 Version: $LATEST
5208
END RequestId: 43844e2f-abd7-4c23-b57e-b3c7fa7737b3
REPORT RequestId: 43844e2f-abd7-4c23-b57e-b3c7fa7737b3 Duration: 11203 ms Billed Duration: 11300 ms Memory Size: 256 MB Max Memory Used: 120 MB

{"network": "47779103.411,0,0,0"}

==========Thread4========WARNING: Your kernel does not support swap limit capabilities or the cgroup is not mounted. Memory limited without swap.
START RequestId: 489b8a6e-b157-4325-9b71-2e67fd8940e4 Version: $LATEST
5205
END RequestId: 489b8a6e-b157-4325-9b71-2e67fd8940e4
REPORT RequestId: 489b8a6e-b157-4325-9b71-2e67fd8940e4 Duration: 10338 ms Billed Duration: 10400 ms Memory Size: 256 MB Max Memory Used: 119 MB

{"network": "84681088.0604,0,0,0"}

==========Thread5========WARNING: Your kernel does not support swap limit capabilities or the cgroup is not mounted. Memory limited without swap.
START RequestId: aa8138f7-1446-4655-b714-c358df30708a Version: $LATEST
5206
END RequestId: aa8138f7-1446-4655-b714-c358df30708a
REPORT RequestId: aa8138f7-1446-4655-b714-c358df30708a Duration: 11365 ms Billed Duration: 11400 ms Memory Size: 256 MB Max Memory Used: 120 MB

{"network": "68321252.1178,0,0,0"}

==========Thread6========WARNING: Your kernel does not support swap limit capabilities or the cgroup is not mounted. Memory limited without swap.
START RequestId: c574e860-9d95-4fcb-aecf-76290da3585b Version: $LATEST
5204
END RequestId: c574e860-9d95-4fcb-aecf-76290da3585b
REPORT RequestId: c574e860-9d95-4fcb-aecf-76290da3585b Duration: 10951 ms Billed Duration: 11000 ms Memory Size: 256 MB Max Memory Used: 119 MB

{"network": "60333852.9248,0,0,0"}

==========Thread7========WARNING: Your kernel does not support swap limit capabilities or the cgroup is not mounted. Memory limited without swap.
START RequestId: 11dc79be-8461-49d2-951f-a86a83acfe37 Version: $LATEST
5202
END RequestId: 11dc79be-8461-49d2-951f-a86a83acfe37
REPORT RequestId: 11dc79be-8461-49d2-951f-a86a83acfe37 Duration: 10192 ms Billed Duration: 10200 ms Memory Size: 256 MB Max Memory Used: 119 MB

{"network": "27777624.4476,0,0,0"}

==========Thread8========WARNING: Your kernel does not support swap limit capabilities or the cgroup is not mounted. Memory limited without swap.
START RequestId: 8cd080fa-2605-4962-b30c-96a5af170b7c Version: $LATEST
5201
END RequestId: 8cd080fa-2605-4962-b30c-96a5af170b7c
REPORT RequestId: 8cd080fa-2605-4962-b30c-96a5af170b7c Duration: 10343 ms Billed Duration: 10400 ms Memory Size: 256 MB Max Memory Used: 120 MB

{"network": "55333393.1961,0,0,0"}
