
==========Thread1========WARNING: Your kernel does not support swap limit capabilities or the cgroup is not mounted. Memory limited without swap.
START RequestId: a037394f-93d0-4f3e-9974-257eb57a3504 Version: $LATEST
5210
END RequestId: a037394f-93d0-4f3e-9974-257eb57a3504
REPORT RequestId: a037394f-93d0-4f3e-9974-257eb57a3504 Duration: 11197 ms Billed Duration: 11200 ms Memory Size: 256 MB Max Memory Used: 121 MB

{"network": "37735610.2587,0,0,0"}

==========Thread2========WARNING: Your kernel does not support swap limit capabilities or the cgroup is not mounted. Memory limited without swap.
START RequestId: 08b44c07-a2de-4865-9081-4e615bcf7872 Version: $LATEST
5207
END RequestId: 08b44c07-a2de-4865-9081-4e615bcf7872
REPORT RequestId: 08b44c07-a2de-4865-9081-4e615bcf7872 Duration: 11210 ms Billed Duration: 11300 ms Memory Size: 256 MB Max Memory Used: 120 MB

{"network": "30945276.702,0,0,0"}

==========Thread3========WARNING: Your kernel does not support swap limit capabilities or the cgroup is not mounted. Memory limited without swap.
START RequestId: c67216af-4799-4762-9181-cec4869133a6 Version: $LATEST
5203
END RequestId: c67216af-4799-4762-9181-cec4869133a6
REPORT RequestId: c67216af-4799-4762-9181-cec4869133a6 Duration: 10195 ms Billed Duration: 10200 ms Memory Size: 256 MB Max Memory Used: 119 MB

{"network": "33628956.7537,0,0,0"}

==========Thread4========WARNING: Your kernel does not support swap limit capabilities or the cgroup is not mounted. Memory limited without swap.
START RequestId: 7318e40e-bb9b-4c75-84f8-e75cd4df9702 Version: $LATEST
5208
END RequestId: 7318e40e-bb9b-4c75-84f8-e75cd4df9702
REPORT RequestId: 7318e40e-bb9b-4c75-84f8-e75cd4df9702 Duration: 10180 ms Billed Duration: 10200 ms Memory Size: 256 MB Max Memory Used: 119 MB

{"network": "33094465.1532,0,0,0"}

==========Thread5========WARNING: Your kernel does not support swap limit capabilities or the cgroup is not mounted. Memory limited without swap.
START RequestId: 66a3f6e6-17a9-494a-af3d-77aa6b963519 Version: $LATEST
5205
END RequestId: 66a3f6e6-17a9-494a-af3d-77aa6b963519
REPORT RequestId: 66a3f6e6-17a9-494a-af3d-77aa6b963519 Duration: 11190 ms Billed Duration: 11200 ms Memory Size: 256 MB Max Memory Used: 121 MB

{"network": "58090284.6607,0,0,0"}

==========Thread6========WARNING: Your kernel does not support swap limit capabilities or the cgroup is not mounted. Memory limited without swap.
START RequestId: c04d4761-ab62-435a-8ae2-75d5529e3a6e Version: $LATEST
5206
END RequestId: c04d4761-ab62-435a-8ae2-75d5529e3a6e
REPORT RequestId: c04d4761-ab62-435a-8ae2-75d5529e3a6e Duration: 10987 ms Billed Duration: 11000 ms Memory Size: 256 MB Max Memory Used: 120 MB

{"network": "84670219.006,0,0,0"}

==========Thread7========WARNING: Your kernel does not support swap limit capabilities or the cgroup is not mounted. Memory limited without swap.
START RequestId: c57f9f4a-1358-423e-9df2-7a487add1455 Version: $LATEST
5204
END RequestId: c57f9f4a-1358-423e-9df2-7a487add1455
REPORT RequestId: c57f9f4a-1358-423e-9df2-7a487add1455 Duration: 10345 ms Billed Duration: 10400 ms Memory Size: 256 MB Max Memory Used: 120 MB

{"network": "39378911.2044,0,0,0"}

==========Thread8========WARNING: Your kernel does not support swap limit capabilities or the cgroup is not mounted. Memory limited without swap.
START RequestId: 603e91c5-2a85-4f7d-b29c-5895d62811bc Version: $LATEST
5202
END RequestId: 603e91c5-2a85-4f7d-b29c-5895d62811bc
REPORT RequestId: 603e91c5-2a85-4f7d-b29c-5895d62811bc Duration: 10975 ms Billed Duration: 11000 ms Memory Size: 256 MB Max Memory Used: 121 MB

{"network": "62691636.0945,0,0,0"}

==========Thread9========WARNING: Your kernel does not support swap limit capabilities or the cgroup is not mounted. Memory limited without swap.
START RequestId: b3cbc931-4327-4173-9025-56314ad352ee Version: $LATEST
5209
END RequestId: b3cbc931-4327-4173-9025-56314ad352ee
REPORT RequestId: b3cbc931-4327-4173-9025-56314ad352ee Duration: 11191 ms Billed Duration: 11200 ms Memory Size: 256 MB Max Memory Used: 121 MB

{"network": "51665188.123,0,0,0"}

==========Thread10========WARNING: Your kernel does not support swap limit capabilities or the cgroup is not mounted. Memory limited without swap.
START RequestId: 9bae39b4-7585-45f4-af4c-3e5fcc4de027 Version: $LATEST
5201
END RequestId: 9bae39b4-7585-45f4-af4c-3e5fcc4de027
REPORT RequestId: 9bae39b4-7585-45f4-af4c-3e5fcc4de027 Duration: 10345 ms Billed Duration: 10400 ms Memory Size: 256 MB Max Memory Used: 119 MB

{"network": "71697847.2651,0,0,0"}
