
==========Thread1========WARNING: Your kernel does not support swap limit capabilities or the cgroup is not mounted. Memory limited without swap.
START RequestId: c6fe55e0-f0bb-42db-849d-5214f2f7d119 Version: $LATEST
5207
END RequestId: c6fe55e0-f0bb-42db-849d-5214f2f7d119
REPORT RequestId: c6fe55e0-f0bb-42db-849d-5214f2f7d119 Duration: 10982 ms Billed Duration: 11000 ms Memory Size: 256 MB Max Memory Used: 120 MB

{"network": "72497160.6195,0,0,0"}

==========Thread2========WARNING: Your kernel does not support swap limit capabilities or the cgroup is not mounted. Memory limited without swap.
START RequestId: 9df767bb-5d08-4104-bd69-6f671e3e1096 Version: $LATEST
5203
END RequestId: 9df767bb-5d08-4104-bd69-6f671e3e1096
REPORT RequestId: 9df767bb-5d08-4104-bd69-6f671e3e1096 Duration: 10989 ms Billed Duration: 11000 ms Memory Size: 256 MB Max Memory Used: 121 MB

{"network": "57932393.4501,0,0,0"}

==========Thread3========WARNING: Your kernel does not support swap limit capabilities or the cgroup is not mounted. Memory limited without swap.
START RequestId: 29a1c0e4-fc22-4578-aec9-be8ba840a432 Version: $LATEST
5205
END RequestId: 29a1c0e4-fc22-4578-aec9-be8ba840a432
REPORT RequestId: 29a1c0e4-fc22-4578-aec9-be8ba840a432 Duration: 10192 ms Billed Duration: 10200 ms Memory Size: 256 MB Max Memory Used: 119 MB

{"network": "38561249.884,0,0,0"}

==========Thread4========WARNING: Your kernel does not support swap limit capabilities or the cgroup is not mounted. Memory limited without swap.
START RequestId: b7ef802b-b09b-45d0-98f3-ba4350be2272 Version: $LATEST
5206
END RequestId: b7ef802b-b09b-45d0-98f3-ba4350be2272
REPORT RequestId: b7ef802b-b09b-45d0-98f3-ba4350be2272 Duration: 10194 ms Billed Duration: 10200 ms Memory Size: 256 MB Max Memory Used: 120 MB

{"network": "38405361.9883,0,0,0"}

==========Thread5========WARNING: Your kernel does not support swap limit capabilities or the cgroup is not mounted. Memory limited without swap.
START RequestId: 03bfb577-b77c-42a8-ba32-193aa6a4cb12 Version: $LATEST
5204
END RequestId: 03bfb577-b77c-42a8-ba32-193aa6a4cb12
REPORT RequestId: 03bfb577-b77c-42a8-ba32-193aa6a4cb12 Duration: 10349 ms Billed Duration: 10400 ms Memory Size: 256 MB Max Memory Used: 119 MB

{"network": "74381237.3872,0,0,0"}

==========Thread6========WARNING: Your kernel does not support swap limit capabilities or the cgroup is not mounted. Memory limited without swap.
START RequestId: acff7be5-7221-4d95-8dcd-9e1f0fbcad6c Version: $LATEST
5202
END RequestId: acff7be5-7221-4d95-8dcd-9e1f0fbcad6c
REPORT RequestId: acff7be5-7221-4d95-8dcd-9e1f0fbcad6c Duration: 10180 ms Billed Duration: 10200 ms Memory Size: 256 MB Max Memory Used: 120 MB

{"network": "63570845.2086,0,0,0"}

==========Thread7========WARNING: Your kernel does not support swap limit capabilities or the cgroup is not mounted. Memory limited without swap.
START RequestId: 34a71564-37ab-4567-b89f-66f94ddb0eac Version: $LATEST
5201
END RequestId: 34a71564-37ab-4567-b89f-66f94ddb0eac
REPORT RequestId: 34a71564-37ab-4567-b89f-66f94ddb0eac Duration: 10187 ms Billed Duration: 10200 ms Memory Size: 256 MB Max Memory Used: 119 MB

{"network": "64827151.1333,0,0,0"}
