
==========Thread1========WARNING: Your kernel does not support swap limit capabilities or the cgroup is not mounted. Memory limited without swap.
START RequestId: a50619e5-10d2-4725-a5d5-f3ce3288719d Version: $LATEST
5203
END RequestId: a50619e5-10d2-4725-a5d5-f3ce3288719d
REPORT RequestId: a50619e5-10d2-4725-a5d5-f3ce3288719d Duration: 10190 ms Billed Duration: 10200 ms Memory Size: 256 MB Max Memory Used: 119 MB

{"network": "55549138.0593,0,0,0"}

==========Thread2========WARNING: Your kernel does not support swap limit capabilities or the cgroup is not mounted. Memory limited without swap.
START RequestId: 2b411216-1e8d-4576-a233-4231b55a40f6 Version: $LATEST
5205
END RequestId: 2b411216-1e8d-4576-a233-4231b55a40f6
REPORT RequestId: 2b411216-1e8d-4576-a233-4231b55a40f6 Duration: 10185 ms Billed Duration: 10200 ms Memory Size: 256 MB Max Memory Used: 120 MB

{"network": "51691174.705,0,0,0"}

==========Thread3========WARNING: Your kernel does not support swap limit capabilities or the cgroup is not mounted. Memory limited without swap.
START RequestId: c231f4e6-90a6-4a85-8c7a-6125fc2f13d6 Version: $LATEST
5204
END RequestId: c231f4e6-90a6-4a85-8c7a-6125fc2f13d6
REPORT RequestId: c231f4e6-90a6-4a85-8c7a-6125fc2f13d6 Duration: 10189 ms Billed Duration: 10200 ms Memory Size: 256 MB Max Memory Used: 120 MB

{"network": "55943189.0197,0,0,0"}

==========Thread4========WARNING: Your kernel does not support swap limit capabilities or the cgroup is not mounted. Memory limited without swap.
START RequestId: 9f1310ce-d879-42de-9f65-4331964078f9 Version: $LATEST
5202
END RequestId: 9f1310ce-d879-42de-9f65-4331964078f9
REPORT RequestId: 9f1310ce-d879-42de-9f65-4331964078f9 Duration: 10568 ms Billed Duration: 10600 ms Memory Size: 256 MB Max Memory Used: 119 MB

{"network": "108437958.852,0,0,0"}

==========Thread5========WARNING: Your kernel does not support swap limit capabilities or the cgroup is not mounted. Memory limited without swap.
START RequestId: f96aa665-9d41-42ad-b255-73114536589d Version: $LATEST
5201
END RequestId: f96aa665-9d41-42ad-b255-73114536589d
REPORT RequestId: f96aa665-9d41-42ad-b255-73114536589d Duration: 10197 ms Billed Duration: 10200 ms Memory Size: 256 MB Max Memory Used: 119 MB

{"network": "87236817.4377,0,0,0"}
