
==========Thread1========WARNING: Your kernel does not support swap limit capabilities or the cgroup is not mounted. Memory limited without swap.
START RequestId: 38b7eff2-7bc4-4b8f-bf0c-e04758c98b90 Version: $LATEST
5203
END RequestId: 38b7eff2-7bc4-4b8f-bf0c-e04758c98b90
REPORT RequestId: 38b7eff2-7bc4-4b8f-bf0c-e04758c98b90 Duration: 10998 ms Billed Duration: 11000 ms Memory Size: 256 MB Max Memory Used: 120 MB

{"network": "91676463.1723,0,0,0"}

==========Thread2========WARNING: Your kernel does not support swap limit capabilities or the cgroup is not mounted. Memory limited without swap.
START RequestId: 2005195b-7af1-4dd5-ad90-0a9cc82450ad Version: $LATEST
5205
END RequestId: 2005195b-7af1-4dd5-ad90-0a9cc82450ad
REPORT RequestId: 2005195b-7af1-4dd5-ad90-0a9cc82450ad Duration: 10162 ms Billed Duration: 10200 ms Memory Size: 256 MB Max Memory Used: 120 MB

{"network": "50548017.3449,0,0,0"}

==========Thread3========WARNING: Your kernel does not support swap limit capabilities or the cgroup is not mounted. Memory limited without swap.
START RequestId: 4d6dda50-bb9d-4ca4-a004-cb055fc06ba5 Version: $LATEST
5206
END RequestId: 4d6dda50-bb9d-4ca4-a004-cb055fc06ba5
REPORT RequestId: 4d6dda50-bb9d-4ca4-a004-cb055fc06ba5 Duration: 10185 ms Billed Duration: 10200 ms Memory Size: 256 MB Max Memory Used: 119 MB

{"network": "50123962.0837,0,0,0"}

==========Thread4========WARNING: Your kernel does not support swap limit capabilities or the cgroup is not mounted. Memory limited without swap.
START RequestId: ea1c455c-5ff7-4d49-9d34-2fc59f4e8b4b Version: $LATEST
5204
END RequestId: ea1c455c-5ff7-4d49-9d34-2fc59f4e8b4b
REPORT RequestId: ea1c455c-5ff7-4d49-9d34-2fc59f4e8b4b Duration: 10348 ms Billed Duration: 10400 ms Memory Size: 256 MB Max Memory Used: 120 MB

{"network": "62726611.3992,0,0,0"}

==========Thread5========WARNING: Your kernel does not support swap limit capabilities or the cgroup is not mounted. Memory limited without swap.
START RequestId: d31e366d-7f02-4a30-878f-a97904771bd7 Version: $LATEST
5202
END RequestId: d31e366d-7f02-4a30-878f-a97904771bd7
REPORT RequestId: d31e366d-7f02-4a30-878f-a97904771bd7 Duration: 10345 ms Billed Duration: 10400 ms Memory Size: 256 MB Max Memory Used: 119 MB

{"network": "58883020.0872,0,0,0"}

==========Thread6========WARNING: Your kernel does not support swap limit capabilities or the cgroup is not mounted. Memory limited without swap.
START RequestId: 02fdb1d8-aaef-470f-9f4d-e9c58bd1e5c1 Version: $LATEST
5201
END RequestId: 02fdb1d8-aaef-470f-9f4d-e9c58bd1e5c1
REPORT RequestId: 02fdb1d8-aaef-470f-9f4d-e9c58bd1e5c1 Duration: 10568 ms Billed Duration: 10600 ms Memory Size: 256 MB Max Memory Used: 120 MB

{"network": "63037807.0657,0,0,0"}
