
==========Thread1========WARNING: Your kernel does not support swap limit capabilities or the cgroup is not mounted. Memory limited without swap.
START RequestId: 94345e96-d78f-473e-b92f-2e1c64b923f9 Version: $LATEST
5210
END RequestId: 94345e96-d78f-473e-b92f-2e1c64b923f9
REPORT RequestId: 94345e96-d78f-473e-b92f-2e1c64b923f9 Duration: 11205 ms Billed Duration: 11300 ms Memory Size: 128 MB Max Memory Used: 121 MB

{"network": "29001170.6467,0,0,0"}

==========Thread2========WARNING: Your kernel does not support swap limit capabilities or the cgroup is not mounted. Memory limited without swap.
START RequestId: ca679816-1a6f-459d-ade1-b1aabfbba3f1 Version: $LATEST
5207
END RequestId: ca679816-1a6f-459d-ade1-b1aabfbba3f1
REPORT RequestId: ca679816-1a6f-459d-ade1-b1aabfbba3f1 Duration: 10185 ms Billed Duration: 10200 ms Memory Size: 128 MB Max Memory Used: 119 MB

{"network": "34278161.0866,0,0,0"}

==========Thread3========WARNING: Your kernel does not support swap limit capabilities or the cgroup is not mounted. Memory limited without swap.
START RequestId: 2af1035a-3011-4ab4-a3d0-3376b3660e43 Version: $LATEST
5203
END RequestId: 2af1035a-3011-4ab4-a3d0-3376b3660e43
REPORT RequestId: 2af1035a-3011-4ab4-a3d0-3376b3660e43 Duration: 11206 ms Billed Duration: 11300 ms Memory Size: 128 MB Max Memory Used: 120 MB

{"network": "27851621.6596,0,0,0"}

==========Thread4========WARNING: Your kernel does not support swap limit capabilities or the cgroup is not mounted. Memory limited without swap.
START RequestId: 6956881b-e3ea-4f60-b023-11a6f46dc2f0 Version: $LATEST
5208
END RequestId: 6956881b-e3ea-4f60-b023-11a6f46dc2f0
REPORT RequestId: 6956881b-e3ea-4f60-b023-11a6f46dc2f0 Duration: 11210 ms Billed Duration: 11300 ms Memory Size: 128 MB Max Memory Used: 120 MB

{"network": "42814011.808,0,0,0"}

==========Thread5========WARNING: Your kernel does not support swap limit capabilities or the cgroup is not mounted. Memory limited without swap.
START RequestId: 4dcc6a3d-cbc9-4135-9e66-9d492c997cf2 Version: $LATEST
5205
END RequestId: 4dcc6a3d-cbc9-4135-9e66-9d492c997cf2
REPORT RequestId: 4dcc6a3d-cbc9-4135-9e66-9d492c997cf2 Duration: 10977 ms Billed Duration: 11000 ms Memory Size: 128 MB Max Memory Used: 121 MB

{"network": "79685219.658,0,0,0"}

==========Thread6========WARNING: Your kernel does not support swap limit capabilities or the cgroup is not mounted. Memory limited without swap.
START RequestId: 1ca0cd69-a039-4c34-9faf-b31ab22d303a Version: $LATEST
5206
END RequestId: 1ca0cd69-a039-4c34-9faf-b31ab22d303a
REPORT RequestId: 1ca0cd69-a039-4c34-9faf-b31ab22d303a Duration: 10183 ms Billed Duration: 10200 ms Memory Size: 128 MB Max Memory Used: 119 MB

{"network": "35146043.6705,0,0,0"}

==========Thread7========WARNING: Your kernel does not support swap limit capabilities or the cgroup is not mounted. Memory limited without swap.
START RequestId: 9aeb45a8-575e-4d32-a834-f7dfefc97b9a Version: $LATEST
5204
END RequestId: 9aeb45a8-575e-4d32-a834-f7dfefc97b9a
REPORT RequestId: 9aeb45a8-575e-4d32-a834-f7dfefc97b9a Duration: 10173 ms Billed Duration: 10200 ms Memory Size: 128 MB Max Memory Used: 119 MB

{"network": "32597394.3449,0,0,0"}

==========Thread8========WARNING: Your kernel does not support swap limit capabilities or the cgroup is not mounted. Memory limited without swap.
START RequestId: a4d47892-5a0d-40f6-8752-5588f8a6d502 Version: $LATEST
5202
END RequestId: a4d47892-5a0d-40f6-8752-5588f8a6d502
REPORT RequestId: a4d47892-5a0d-40f6-8752-5588f8a6d502 Duration: 10190 ms Billed Duration: 10200 ms Memory Size: 128 MB Max Memory Used: 120 MB

{"network": "31373154.656,0,0,0"}

==========Thread9========WARNING: Your kernel does not support swap limit capabilities or the cgroup is not mounted. Memory limited without swap.
START RequestId: f8ef1b9b-9139-4fbb-9b61-8493ad6dd207 Version: $LATEST
5209
END RequestId: f8ef1b9b-9139-4fbb-9b61-8493ad6dd207
REPORT RequestId: f8ef1b9b-9139-4fbb-9b61-8493ad6dd207 Duration: 13560 ms Billed Duration: 13600 ms Memory Size: 128 MB Max Memory Used: 121 MB

{"network": "185570408.655,0,0,0"}

==========Thread10========WARNING: Your kernel does not support swap limit capabilities or the cgroup is not mounted. Memory limited without swap.
START RequestId: eba3a508-474a-427f-877a-5c5453f5a04d Version: $LATEST
5201
END RequestId: eba3a508-474a-427f-877a-5c5453f5a04d
REPORT RequestId: eba3a508-474a-427f-877a-5c5453f5a04d Duration: 10541 ms Billed Duration: 10600 ms Memory Size: 128 MB Max Memory Used: 121 MB

{"network": "84848956.7436,0,0,0"}
