
==========Thread1========WARNING: Your kernel does not support swap limit capabilities or the cgroup is not mounted. Memory limited without swap.
START RequestId: 0500302b-2e51-4dc3-b2cf-5414e772748a Version: $LATEST
5207
END RequestId: 0500302b-2e51-4dc3-b2cf-5414e772748a
REPORT RequestId: 0500302b-2e51-4dc3-b2cf-5414e772748a Duration: 11211 ms Billed Duration: 11300 ms Memory Size: 128 MB Max Memory Used: 119 MB

{"network": "39920300.1142,0,0,0"}

==========Thread2========WARNING: Your kernel does not support swap limit capabilities or the cgroup is not mounted. Memory limited without swap.
START RequestId: 8f03a801-048e-47ff-a3fe-ca3390f03252 Version: $LATEST
5203
END RequestId: 8f03a801-048e-47ff-a3fe-ca3390f03252
REPORT RequestId: 8f03a801-048e-47ff-a3fe-ca3390f03252 Duration: 10546 ms Billed Duration: 10600 ms Memory Size: 128 MB Max Memory Used: 120 MB

{"network": "73057101.2878,0,0,0"}

==========Thread3========WARNING: Your kernel does not support swap limit capabilities or the cgroup is not mounted. Memory limited without swap.
START RequestId: ecadf038-6fbd-40ee-84d4-5675522ff495 Version: $LATEST
5208
END RequestId: ecadf038-6fbd-40ee-84d4-5675522ff495
REPORT RequestId: ecadf038-6fbd-40ee-84d4-5675522ff495 Duration: 11205 ms Billed Duration: 11300 ms Memory Size: 128 MB Max Memory Used: 121 MB

{"network": "67277493.5064,0,0,0"}

==========Thread4========WARNING: Your kernel does not support swap limit capabilities or the cgroup is not mounted. Memory limited without swap.
START RequestId: 649984eb-50b8-4b83-91c6-96a71ea8cc24 Version: $LATEST
5205
END RequestId: 649984eb-50b8-4b83-91c6-96a71ea8cc24
REPORT RequestId: 649984eb-50b8-4b83-91c6-96a71ea8cc24 Duration: 11202 ms Billed Duration: 11300 ms Memory Size: 128 MB Max Memory Used: 120 MB

{"network": "42454580.8855,0,0,0"}

==========Thread5========WARNING: Your kernel does not support swap limit capabilities or the cgroup is not mounted. Memory limited without swap.
START RequestId: f69186ce-c44f-4fd0-932f-2b48c9481170 Version: $LATEST
5206
END RequestId: f69186ce-c44f-4fd0-932f-2b48c9481170
REPORT RequestId: f69186ce-c44f-4fd0-932f-2b48c9481170 Duration: 10184 ms Billed Duration: 10200 ms Memory Size: 128 MB Max Memory Used: 119 MB

{"network": "53825232.6308,0,0,0"}

==========Thread6========WARNING: Your kernel does not support swap limit capabilities or the cgroup is not mounted. Memory limited without swap.
START RequestId: 890e1457-8a6e-406b-ba59-97c7177c1236 Version: $LATEST
5204
END RequestId: 890e1457-8a6e-406b-ba59-97c7177c1236
REPORT RequestId: 890e1457-8a6e-406b-ba59-97c7177c1236 Duration: 10188 ms Billed Duration: 10200 ms Memory Size: 128 MB Max Memory Used: 120 MB

{"network": "52559422.1729,0,0,0"}

==========Thread7========WARNING: Your kernel does not support swap limit capabilities or the cgroup is not mounted. Memory limited without swap.
START RequestId: 4b773a4d-e916-4029-8f23-8828389172f8 Version: $LATEST
5202
END RequestId: 4b773a4d-e916-4029-8f23-8828389172f8
REPORT RequestId: 4b773a4d-e916-4029-8f23-8828389172f8 Duration: 10335 ms Billed Duration: 10400 ms Memory Size: 128 MB Max Memory Used: 120 MB

{"network": "43999712.3733,0,0,0"}

==========Thread8========WARNING: Your kernel does not support swap limit capabilities or the cgroup is not mounted. Memory limited without swap.
START RequestId: 283c584f-e10b-44c9-9c05-9ff5345f2bf9 Version: $LATEST
5209
END RequestId: 283c584f-e10b-44c9-9c05-9ff5345f2bf9
REPORT RequestId: 283c584f-e10b-44c9-9c05-9ff5345f2bf9 Duration: 10339 ms Billed Duration: 10400 ms Memory Size: 128 MB Max Memory Used: 120 MB

{"network": "32327813.8225,0,0,0"}

==========Thread9========WARNING: Your kernel does not support swap limit capabilities or the cgroup is not mounted. Memory limited without swap.
START RequestId: c3148559-cbf4-486f-99d8-dc7e4b893cde Version: $LATEST
5201
END RequestId: c3148559-cbf4-486f-99d8-dc7e4b893cde
REPORT RequestId: c3148559-cbf4-486f-99d8-dc7e4b893cde Duration: 10977 ms Billed Duration: 11000 ms Memory Size: 128 MB Max Memory Used: 120 MB

{"network": "56592296.8052,0,0,0"}
