
==========Thread1========WARNING: Your kernel does not support swap limit capabilities or the cgroup is not mounted. Memory limited without swap.
START RequestId: 764037c7-1f6f-4ac9-a7fa-e721805c164d Version: $LATEST
5207
END RequestId: 764037c7-1f6f-4ac9-a7fa-e721805c164d
REPORT RequestId: 764037c7-1f6f-4ac9-a7fa-e721805c164d Duration: 10186 ms Billed Duration: 10200 ms Memory Size: 128 MB Max Memory Used: 120 MB

{"network": "64960103.0189,0,0,0"}

==========Thread2========WARNING: Your kernel does not support swap limit capabilities or the cgroup is not mounted. Memory limited without swap.
START RequestId: 53e1a3b1-c70b-4ce0-982f-198a06e19bd3 Version: $LATEST
5203
END RequestId: 53e1a3b1-c70b-4ce0-982f-198a06e19bd3
REPORT RequestId: 53e1a3b1-c70b-4ce0-982f-198a06e19bd3 Duration: 11342 ms Billed Duration: 11400 ms Memory Size: 128 MB Max Memory Used: 119 MB

{"network": "79483097.0047,0,0,0"}

==========Thread3========WARNING: Your kernel does not support swap limit capabilities or the cgroup is not mounted. Memory limited without swap.
START RequestId: 8cb96cf9-9863-4ded-abcc-04590a927c84 Version: $LATEST
5205
END RequestId: 8cb96cf9-9863-4ded-abcc-04590a927c84
REPORT RequestId: 8cb96cf9-9863-4ded-abcc-04590a927c84 Duration: 11202 ms Billed Duration: 11300 ms Memory Size: 128 MB Max Memory Used: 119 MB

{"network": "54247649.1149,0,0,0"}

==========Thread4========WARNING: Your kernel does not support swap limit capabilities or the cgroup is not mounted. Memory limited without swap.
START RequestId: 0e878795-15d5-4e83-87f1-ae6d3c4cd038 Version: $LATEST
5206
END RequestId: 0e878795-15d5-4e83-87f1-ae6d3c4cd038
REPORT RequestId: 0e878795-15d5-4e83-87f1-ae6d3c4cd038 Duration: 11922 ms Billed Duration: 12000 ms Memory Size: 128 MB Max Memory Used: 120 MB

{"network": "64478792.853,0,0,0"}

==========Thread5========WARNING: Your kernel does not support swap limit capabilities or the cgroup is not mounted. Memory limited without swap.
START RequestId: 7988ebf6-5fd6-41ed-8507-9635e839f9a3 Version: $LATEST
5204
END RequestId: 7988ebf6-5fd6-41ed-8507-9635e839f9a3
REPORT RequestId: 7988ebf6-5fd6-41ed-8507-9635e839f9a3 Duration: 11210 ms Billed Duration: 11300 ms Memory Size: 128 MB Max Memory Used: 119 MB

{"network": "53735625.9627,0,0,0"}

==========Thread6========WARNING: Your kernel does not support swap limit capabilities or the cgroup is not mounted. Memory limited without swap.
START RequestId: 193731f1-3d3c-4a66-8018-e260cc4e094a Version: $LATEST
5202
END RequestId: 193731f1-3d3c-4a66-8018-e260cc4e094a
REPORT RequestId: 193731f1-3d3c-4a66-8018-e260cc4e094a Duration: 10360 ms Billed Duration: 10400 ms Memory Size: 128 MB Max Memory Used: 119 MB

{"network": "66304573.0483,0,0,0"}

==========Thread7========WARNING: Your kernel does not support swap limit capabilities or the cgroup is not mounted. Memory limited without swap.
START RequestId: 80e4633a-dbea-47b9-b36a-7c581c46f163 Version: $LATEST
5201
END RequestId: 80e4633a-dbea-47b9-b36a-7c581c46f163
REPORT RequestId: 80e4633a-dbea-47b9-b36a-7c581c46f163 Duration: 10183 ms Billed Duration: 10200 ms Memory Size: 128 MB Max Memory Used: 120 MB

{"network": "38997942.7307,0,0,0"}
