
==========Thread1========WARNING: Your kernel does not support swap limit capabilities or the cgroup is not mounted. Memory limited without swap.
START RequestId: e669b331-3be6-4b52-94af-d06ea69cad08 Version: $LATEST
5203
END RequestId: e669b331-3be6-4b52-94af-d06ea69cad08
REPORT RequestId: e669b331-3be6-4b52-94af-d06ea69cad08 Duration: 10193 ms Billed Duration: 10200 ms Memory Size: 128 MB Max Memory Used: 119 MB

{"network": "61037851.4642,0,0,0"}

==========Thread2========WARNING: Your kernel does not support swap limit capabilities or the cgroup is not mounted. Memory limited without swap.
START RequestId: 1f5393cc-0b19-441b-8e47-7fa23a4fe236 Version: $LATEST
5205
END RequestId: 1f5393cc-0b19-441b-8e47-7fa23a4fe236
REPORT RequestId: 1f5393cc-0b19-441b-8e47-7fa23a4fe236 Duration: 10193 ms Billed Duration: 10200 ms Memory Size: 128 MB Max Memory Used: 121 MB

{"network": "60012567.7979,0,0,0"}

==========Thread3========WARNING: Your kernel does not support swap limit capabilities or the cgroup is not mounted. Memory limited without swap.
START RequestId: 1c87149d-9d7b-40ca-b9ff-08655f65bb19 Version: $LATEST
5204
END RequestId: 1c87149d-9d7b-40ca-b9ff-08655f65bb19
REPORT RequestId: 1c87149d-9d7b-40ca-b9ff-08655f65bb19 Duration: 10559 ms Billed Duration: 10600 ms Memory Size: 128 MB Max Memory Used: 120 MB

{"network": "82870216.1111,0,0,0"}

==========Thread4========WARNING: Your kernel does not support swap limit capabilities or the cgroup is not mounted. Memory limited without swap.
START RequestId: 8d78ad30-e2f2-43a0-8025-bf2d9d06f148 Version: $LATEST
5202
END RequestId: 8d78ad30-e2f2-43a0-8025-bf2d9d06f148
REPORT RequestId: 8d78ad30-e2f2-43a0-8025-bf2d9d06f148 Duration: 10990 ms Billed Duration: 11000 ms Memory Size: 128 MB Max Memory Used: 120 MB

{"network": "100191653.509,0,0,0"}

==========Thread5========WARNING: Your kernel does not support swap limit capabilities or the cgroup is not mounted. Memory limited without swap.
START RequestId: 3339408b-c7ec-4e70-8b59-36274433637b Version: $LATEST
5201
END RequestId: 3339408b-c7ec-4e70-8b59-36274433637b
REPORT RequestId: 3339408b-c7ec-4e70-8b59-36274433637b Duration: 10189 ms Billed Duration: 10200 ms Memory Size: 128 MB Max Memory Used: 119 MB

{"network": "59083543.5283,0,0,0"}
