
==========Thread1========WARNING: Your kernel does not support swap limit capabilities or the cgroup is not mounted. Memory limited without swap.
START RequestId: 2cae3ea5-6b62-4447-a37d-24b5265f9250 Version: $LATEST
5203
END RequestId: 2cae3ea5-6b62-4447-a37d-24b5265f9250
REPORT RequestId: 2cae3ea5-6b62-4447-a37d-24b5265f9250 Duration: 11011 ms Billed Duration: 11100 ms Memory Size: 128 MB Max Memory Used: 121 MB

{"network": "110920812.714,0,0,0"}

==========Thread2========WARNING: Your kernel does not support swap limit capabilities or the cgroup is not mounted. Memory limited without swap.
START RequestId: f654aac7-efbe-4ed4-90bd-5a771107ac73 Version: $LATEST
5204
END RequestId: f654aac7-efbe-4ed4-90bd-5a771107ac73
REPORT RequestId: f654aac7-efbe-4ed4-90bd-5a771107ac73 Duration: 10192 ms Billed Duration: 10200 ms Memory Size: 128 MB Max Memory Used: 121 MB

{"network": "79967530.851,0,0,0"}

==========Thread3========WARNING: Your kernel does not support swap limit capabilities or the cgroup is not mounted. Memory limited without swap.
START RequestId: 18af90bf-36b1-403a-b76b-27dd8ce13106 Version: $LATEST
5202
END RequestId: 18af90bf-36b1-403a-b76b-27dd8ce13106
REPORT RequestId: 18af90bf-36b1-403a-b76b-27dd8ce13106 Duration: 10361 ms Billed Duration: 10400 ms Memory Size: 128 MB Max Memory Used: 120 MB

{"network": "85166956.2982,0,0,0"}

==========Thread4========WARNING: Your kernel does not support swap limit capabilities or the cgroup is not mounted. Memory limited without swap.
START RequestId: 715a1893-c313-40b8-abc9-b359311373fb Version: $LATEST
5201
END RequestId: 715a1893-c313-40b8-abc9-b359311373fb
REPORT RequestId: 715a1893-c313-40b8-abc9-b359311373fb Duration: 10563 ms Billed Duration: 10600 ms Memory Size: 128 MB Max Memory Used: 120 MB

{"network": "88604858.7999,0,0,0"}
