
==========Thread1========WARNING: Your kernel does not support swap limit capabilities or the cgroup is not mounted. Memory limited without swap.
START RequestId: 7c5f3e7b-6962-4651-8740-9650eb059045 Version: $LATEST
5207
END RequestId: 7c5f3e7b-6962-4651-8740-9650eb059045
REPORT RequestId: 7c5f3e7b-6962-4651-8740-9650eb059045 Duration: 10365 ms Billed Duration: 10400 ms Memory Size: 128 MB Max Memory Used: 121 MB

{"network": "30955452.4302,0,0,0"}

==========Thread2========WARNING: Your kernel does not support swap limit capabilities or the cgroup is not mounted. Memory limited without swap.
START RequestId: d1e5e70f-aaf4-4278-9338-8ca1acf3ab24 Version: $LATEST
5203
END RequestId: d1e5e70f-aaf4-4278-9338-8ca1acf3ab24
REPORT RequestId: d1e5e70f-aaf4-4278-9338-8ca1acf3ab24 Duration: 10373 ms Billed Duration: 10400 ms Memory Size: 128 MB Max Memory Used: 121 MB

{"network": "31342602.9987,0,0,0"}

==========Thread3========WARNING: Your kernel does not support swap limit capabilities or the cgroup is not mounted. Memory limited without swap.
START RequestId: 3d059e10-a65c-427e-aa1b-f2062f99e19d Version: $LATEST
5208
END RequestId: 3d059e10-a65c-427e-aa1b-f2062f99e19d
REPORT RequestId: 3d059e10-a65c-427e-aa1b-f2062f99e19d Duration: 11180 ms Billed Duration: 11200 ms Memory Size: 128 MB Max Memory Used: 120 MB

{"network": "52981487.2702,0,0,0"}

==========Thread4========WARNING: Your kernel does not support swap limit capabilities or the cgroup is not mounted. Memory limited without swap.
START RequestId: 0eaf87e3-819b-4679-8f6a-dd11539f4e1e Version: $LATEST
5205
END RequestId: 0eaf87e3-819b-4679-8f6a-dd11539f4e1e
REPORT RequestId: 0eaf87e3-819b-4679-8f6a-dd11539f4e1e Duration: 11200 ms Billed Duration: 11300 ms Memory Size: 128 MB Max Memory Used: 121 MB

{"network": "60527465.2974,0,0,0"}

==========Thread5========WARNING: Your kernel does not support swap limit capabilities or the cgroup is not mounted. Memory limited without swap.
START RequestId: 61c39286-2906-4a4a-984a-7cc3b3c24c84 Version: $LATEST
5206
END RequestId: 61c39286-2906-4a4a-984a-7cc3b3c24c84
REPORT RequestId: 61c39286-2906-4a4a-984a-7cc3b3c24c84 Duration: 11187 ms Billed Duration: 11200 ms Memory Size: 128 MB Max Memory Used: 119 MB

{"network": "52515616.8969,0,0,0"}

==========Thread6========WARNING: Your kernel does not support swap limit capabilities or the cgroup is not mounted. Memory limited without swap.
START RequestId: 046ce5ad-656c-4792-928b-05c98e353a53 Version: $LATEST
5204
END RequestId: 046ce5ad-656c-4792-928b-05c98e353a53
REPORT RequestId: 046ce5ad-656c-4792-928b-05c98e353a53 Duration: 10175 ms Billed Duration: 10200 ms Memory Size: 128 MB Max Memory Used: 119 MB

{"network": "52568742.6526,0,0,0"}

==========Thread7========WARNING: Your kernel does not support swap limit capabilities or the cgroup is not mounted. Memory limited without swap.
START RequestId: 022d60a6-10dc-41c9-87ca-fd125209acfd Version: $LATEST
5202
END RequestId: 022d60a6-10dc-41c9-87ca-fd125209acfd
REPORT RequestId: 022d60a6-10dc-41c9-87ca-fd125209acfd Duration: 10185 ms Billed Duration: 10200 ms Memory Size: 128 MB Max Memory Used: 119 MB

{"network": "51951355.862,0,0,0"}

==========Thread8========WARNING: Your kernel does not support swap limit capabilities or the cgroup is not mounted. Memory limited without swap.
START RequestId: ff24a959-a0f6-4590-a6c5-6e007871f3d9 Version: $LATEST
5201
END RequestId: ff24a959-a0f6-4590-a6c5-6e007871f3d9
REPORT RequestId: ff24a959-a0f6-4590-a6c5-6e007871f3d9 Duration: 10191 ms Billed Duration: 10200 ms Memory Size: 128 MB Max Memory Used: 120 MB

{"network": "58703742.513,0,0,0"}
