
==========Thread1========WARNING: Your kernel does not support swap limit capabilities or the cgroup is not mounted. Memory limited without swap.
START RequestId: 6cb2953a-4a7f-4ed1-ab3c-2b9635ca1219 Version: $LATEST
5203
END RequestId: 6cb2953a-4a7f-4ed1-ab3c-2b9635ca1219
REPORT RequestId: 6cb2953a-4a7f-4ed1-ab3c-2b9635ca1219 Duration: 10195 ms Billed Duration: 10200 ms Memory Size: 128 MB Max Memory Used: 120 MB

{"network": "49658305.6433,0,0,0"}

==========Thread2========WARNING: Your kernel does not support swap limit capabilities or the cgroup is not mounted. Memory limited without swap.
START RequestId: 88f6f344-f202-475f-b743-fcf476fe2119 Version: $LATEST
5205
END RequestId: 88f6f344-f202-475f-b743-fcf476fe2119
REPORT RequestId: 88f6f344-f202-475f-b743-fcf476fe2119 Duration: 10190 ms Billed Duration: 10200 ms Memory Size: 128 MB Max Memory Used: 121 MB

{"network": "72854994.8461,0,0,0"}

==========Thread3========WARNING: Your kernel does not support swap limit capabilities or the cgroup is not mounted. Memory limited without swap.
START RequestId: 30fcdfae-bc56-4ae8-9893-d80f180dc385 Version: $LATEST
5206
END RequestId: 30fcdfae-bc56-4ae8-9893-d80f180dc385
REPORT RequestId: 30fcdfae-bc56-4ae8-9893-d80f180dc385 Duration: 10198 ms Billed Duration: 10200 ms Memory Size: 128 MB Max Memory Used: 121 MB

{"network": "62532768.7777,0,0,0"}

==========Thread4========WARNING: Your kernel does not support swap limit capabilities or the cgroup is not mounted. Memory limited without swap.
START RequestId: 3e98592f-53eb-47b5-a3da-40330b13c3cf Version: $LATEST
5204
END RequestId: 3e98592f-53eb-47b5-a3da-40330b13c3cf
REPORT RequestId: 3e98592f-53eb-47b5-a3da-40330b13c3cf Duration: 10196 ms Billed Duration: 10200 ms Memory Size: 128 MB Max Memory Used: 119 MB

{"network": "62109850.8146,0,0,0"}

==========Thread5========WARNING: Your kernel does not support swap limit capabilities or the cgroup is not mounted. Memory limited without swap.
START RequestId: 9be15ece-09fb-4132-9f5b-29b89de92ab4 Version: $LATEST
5202
END RequestId: 9be15ece-09fb-4132-9f5b-29b89de92ab4
REPORT RequestId: 9be15ece-09fb-4132-9f5b-29b89de92ab4 Duration: 11205 ms Billed Duration: 11300 ms Memory Size: 128 MB Max Memory Used: 120 MB

{"network": "69415221.344,0,0,0"}

==========Thread6========WARNING: Your kernel does not support swap limit capabilities or the cgroup is not mounted. Memory limited without swap.
START RequestId: c9459893-0385-4c26-bbdc-5725c23b1a2f Version: $LATEST
5201
END RequestId: c9459893-0385-4c26-bbdc-5725c23b1a2f
REPORT RequestId: c9459893-0385-4c26-bbdc-5725c23b1a2f Duration: 11187 ms Billed Duration: 11200 ms Memory Size: 128 MB Max Memory Used: 121 MB

{"network": "43373282.3256,0,0,0"}
