==========Thread1========WARNING: Your kernel does not support swap limit capabilities or the cgroup is not mounted. Memory limited without swap.
START RequestId: 3a40f29a-966b-4917-9250-841c91e0410f Version: $LATEST
END RequestId: 3a40f29a-966b-4917-9250-841c91e0410f
REPORT RequestId: 3a40f29a-966b-4917-9250-841c91e0410f Duration: 101317 ms Billed Duration: 101400 ms Memory Size: 256 MB Max Memory Used: 14 MB

{"ioload": "10.5811, 4.8 MB/s;11.0861, 4.6 MB/s;8.53429, 6.0 MB/s;9.29803, 5.5 MB/s;9.92112, 5.2 MB/s;11.442, 4.5 MB/s;9.63831, 5.3 MB/s;11.473, 4.5 MB/s;9.72217, 5.3 MB/s;9.44549, 5.4 MB/s"}
==========Thread2========WARNING: Your kernel does not support swap limit capabilities or the cgroup is not mounted. Memory limited without swap.
START RequestId: 1d7152be-dd33-4fc2-88f3-ccc1fab74336 Version: $LATEST
END RequestId: 1d7152be-dd33-4fc2-88f3-ccc1fab74336
REPORT RequestId: 1d7152be-dd33-4fc2-88f3-ccc1fab74336 Duration: 102734 ms Billed Duration: 102800 ms Memory Size: 256 MB Max Memory Used: 14 MB

{"ioload": "8.75235, 5.8 MB/s;11.2992, 4.5 MB/s;9.49337, 5.4 MB/s;11.3697, 4.5 MB/s;10.2939, 5.0 MB/s;10.68, 4.8 MB/s;9.46876, 5.4 MB/s;10.1726, 5.0 MB/s;10.7735, 4.8 MB/s;10.2604, 5.0 MB/s"}
==========Thread3========WARNING: Your kernel does not support swap limit capabilities or the cgroup is not mounted. Memory limited without swap.
START RequestId: b8f5971e-eab0-425e-b183-21760b46683a Version: $LATEST
END RequestId: b8f5971e-eab0-425e-b183-21760b46683a
REPORT RequestId: b8f5971e-eab0-425e-b183-21760b46683a Duration: 102069 ms Billed Duration: 102100 ms Memory Size: 256 MB Max Memory Used: 14 MB

{"ioload": "11.547, 4.4 MB/s;10.3666, 4.9 MB/s;9.29607, 5.5 MB/s;10.5909, 4.8 MB/s;10.6562, 4.8 MB/s;11.1183, 4.6 MB/s;10.7503, 4.8 MB/s;10.7557, 4.8 MB/s;9.18131, 5.6 MB/s;7.62992, 6.7 MB/s"}
==========Thread4========WARNING: Your kernel does not support swap limit capabilities or the cgroup is not mounted. Memory limited without swap.
START RequestId: c46a45c9-b6cd-4b82-aa1b-4daa531fcb9f Version: $LATEST
END RequestId: c46a45c9-b6cd-4b82-aa1b-4daa531fcb9f
REPORT RequestId: c46a45c9-b6cd-4b82-aa1b-4daa531fcb9f Duration: 99210 ms Billed Duration: 99300 ms Memory Size: 256 MB Max Memory Used: 14 MB

{"ioload": "9.36755, 5.5 MB/s;10.7061, 4.8 MB/s;9.84848, 5.2 MB/s;9.43223, 5.4 MB/s;10.8718, 4.7 MB/s;10.2367, 5.0 MB/s;9.55875, 5.4 MB/s;10.9267, 4.7 MB/s;8.76557, 5.8 MB/s;9.31867, 5.5 MB/s"}
==========Thread5========WARNING: Your kernel does not support swap limit capabilities or the cgroup is not mounted. Memory limited without swap.
START RequestId: 7085b8bf-498b-4506-86ea-3902a7f19991 Version: $LATEST
END RequestId: 7085b8bf-498b-4506-86ea-3902a7f19991
REPORT RequestId: 7085b8bf-498b-4506-86ea-3902a7f19991 Duration: 100463 ms Billed Duration: 100500 ms Memory Size: 256 MB Max Memory Used: 14 MB

{"ioload": "10.608, 4.8 MB/s;10.388, 4.9 MB/s;10.1728, 5.0 MB/s;9.8052, 5.2 MB/s;9.59992, 5.3 MB/s;10.4209, 4.9 MB/s;8.80125, 5.8 MB/s;11.1774, 4.6 MB/s;9.36755, 5.5 MB/s;9.94759, 5.1 MB/s"}
==========Thread6========WARNING: Your kernel does not support swap limit capabilities or the cgroup is not mounted. Memory limited without swap.
START RequestId: 40cc3a70-2009-4c0d-8c8d-702df7f2b818 Version: $LATEST
END RequestId: 40cc3a70-2009-4c0d-8c8d-702df7f2b818
REPORT RequestId: 40cc3a70-2009-4c0d-8c8d-702df7f2b818 Duration: 102236 ms Billed Duration: 102300 ms Memory Size: 256 MB Max Memory Used: 14 MB

{"ioload": "10.2215, 5.0 MB/s;10.5847, 4.8 MB/s;8.03643, 6.4 MB/s;11.0104, 4.7 MB/s;10.2032, 5.0 MB/s;9.79504, 5.2 MB/s;10.3799, 4.9 MB/s;11.2487, 4.6 MB/s;10.3751, 4.9 MB/s;10.2062, 5.0 MB/s"}
==========Thread7========WARNING: Your kernel does not support swap limit capabilities or the cgroup is not mounted. Memory limited without swap.
START RequestId: 55bc3d26-ac8e-4f09-87e3-846aa21bfccc Version: $LATEST
END RequestId: 55bc3d26-ac8e-4f09-87e3-846aa21bfccc
REPORT RequestId: 55bc3d26-ac8e-4f09-87e3-846aa21bfccc Duration: 102253 ms Billed Duration: 102300 ms Memory Size: 256 MB Max Memory Used: 14 MB

{"ioload": "10.7718, 4.8 MB/s;10.996, 4.7 MB/s;10.0114, 5.1 MB/s;10.5587, 4.8 MB/s;10.5952, 4.8 MB/s;10.6649, 4.8 MB/s;9.1682, 5.6 MB/s;9.97316, 5.1 MB/s;9.62206, 5.3 MB/s;9.70394, 5.3 MB/s"}
==========Thread8========WARNING: Your kernel does not support swap limit capabilities or the cgroup is not mounted. Memory limited without swap.
START RequestId: ad86530e-95c7-45b8-9a8f-be63ae6b9deb Version: $LATEST
END RequestId: ad86530e-95c7-45b8-9a8f-be63ae6b9deb
REPORT RequestId: ad86530e-95c7-45b8-9a8f-be63ae6b9deb Duration: 97265 ms Billed Duration: 97300 ms Memory Size: 256 MB Max Memory Used: 14 MB

{"ioload": "10.2019, 5.0 MB/s;9.64599, 5.3 MB/s;9.9333, 5.2 MB/s;8.14974, 6.3 MB/s;10.8844, 4.7 MB/s;9.38932, 5.5 MB/s;8.66527, 5.9 MB/s;10.6483, 4.8 MB/s;10.4712, 4.9 MB/s;9.07612, 5.6 MB/s"}
==========Thread9========WARNING: Your kernel does not support swap limit capabilities or the cgroup is not mounted. Memory limited without swap.
START RequestId: f58a92a9-618e-4c1b-9ad8-bccafac7da28 Version: $LATEST
END RequestId: f58a92a9-618e-4c1b-9ad8-bccafac7da28
REPORT RequestId: f58a92a9-618e-4c1b-9ad8-bccafac7da28 Duration: 98059 ms Billed Duration: 98100 ms Memory Size: 256 MB Max Memory Used: 14 MB

{"ioload": "9.70799, 5.3 MB/s;9.1859, 5.6 MB/s;10.4234, 4.9 MB/s;9.97309, 5.1 MB/s;10.9137, 4.7 MB/s;9.77069, 5.2 MB/s;10.0455, 5.1 MB/s;8.67455, 5.9 MB/s;10.3968, 4.9 MB/s;8.79266, 5.8 MB/s"}
