==========Thread1========WARNING: Your kernel does not support swap limit capabilities or the cgroup is not mounted. Memory limited without swap.
START RequestId: fb0686ee-5b2a-4729-8429-c2f3ada72c94 Version: $LATEST
END RequestId: fb0686ee-5b2a-4729-8429-c2f3ada72c94
REPORT RequestId: fb0686ee-5b2a-4729-8429-c2f3ada72c94 Duration: 93470 ms Billed Duration: 93500 ms Memory Size: 256 MB Max Memory Used: 14 MB

{"ioload": "8.06273, 6.4 MB/s;9.90947, 5.2 MB/s;9.38449, 5.5 MB/s;9.70072, 5.3 MB/s;8.35624, 6.1 MB/s;10.0142, 5.1 MB/s;8.58135, 6.0 MB/s;9.33348, 5.5 MB/s;10.2701, 5.0 MB/s;9.6797, 5.3 MB/s"}
==========Thread2========WARNING: Your kernel does not support swap limit capabilities or the cgroup is not mounted. Memory limited without swap.
START RequestId: 39a2ffb0-9888-4fe0-9dc1-6b778721dffd Version: $LATEST
END RequestId: 39a2ffb0-9888-4fe0-9dc1-6b778721dffd
REPORT RequestId: 39a2ffb0-9888-4fe0-9dc1-6b778721dffd Duration: 94921 ms Billed Duration: 95000 ms Memory Size: 256 MB Max Memory Used: 14 MB

{"ioload": "8.40209, 6.1 MB/s;9.44769, 5.4 MB/s;8.79319, 5.8 MB/s;9.28459, 5.5 MB/s;8.39192, 6.1 MB/s;10.5155, 4.9 MB/s;9.24421, 5.5 MB/s;10.0017, 5.1 MB/s;10.811, 4.7 MB/s;9.85558, 5.2 MB/s"}
==========Thread3========WARNING: Your kernel does not support swap limit capabilities or the cgroup is not mounted. Memory limited without swap.
START RequestId: 8e225825-f1be-4f5a-8c5e-79421f92de4f Version: $LATEST
END RequestId: 8e225825-f1be-4f5a-8c5e-79421f92de4f
REPORT RequestId: 8e225825-f1be-4f5a-8c5e-79421f92de4f Duration: 95639 ms Billed Duration: 95700 ms Memory Size: 256 MB Max Memory Used: 14 MB

{"ioload": "10.2788, 5.0 MB/s;9.09565, 5.6 MB/s;9.36503, 5.5 MB/s;9.9289, 5.2 MB/s;7.928, 6.5 MB/s;9.36924, 5.5 MB/s;10.1147, 5.1 MB/s;10.4164, 4.9 MB/s;9.58953, 5.3 MB/s;9.37707, 5.5 MB/s"}
==========Thread4========WARNING: Your kernel does not support swap limit capabilities or the cgroup is not mounted. Memory limited without swap.
START RequestId: 4dad1dcf-5dd0-4fce-b3ff-acdff6e56d25 Version: $LATEST
END RequestId: 4dad1dcf-5dd0-4fce-b3ff-acdff6e56d25
REPORT RequestId: 4dad1dcf-5dd0-4fce-b3ff-acdff6e56d25 Duration: 96708 ms Billed Duration: 96800 ms Memory Size: 256 MB Max Memory Used: 14 MB

{"ioload": "9.94203, 5.1 MB/s;9.43503, 5.4 MB/s;10.9235, 4.7 MB/s;9.95978, 5.1 MB/s;9.72521, 5.3 MB/s;8.8517, 5.8 MB/s;10.6443, 4.8 MB/s;9.84984, 5.2 MB/s;9.72892, 5.3 MB/s;7.47098, 6.9 MB/s"}
==========Thread5========WARNING: Your kernel does not support swap limit capabilities or the cgroup is not mounted. Memory limited without swap.
START RequestId: 0a0d4dc4-33c5-4dde-986b-d793b35432cc Version: $LATEST
END RequestId: 0a0d4dc4-33c5-4dde-986b-d793b35432cc
REPORT RequestId: 0a0d4dc4-33c5-4dde-986b-d793b35432cc Duration: 95981 ms Billed Duration: 96000 ms Memory Size: 256 MB Max Memory Used: 14 MB

{"ioload": "9.12495, 5.6 MB/s;10.4761, 4.9 MB/s;8.58918, 6.0 MB/s;9.80962, 5.2 MB/s;9.12274, 5.6 MB/s;10.2084, 5.0 MB/s;9.85148, 5.2 MB/s;9.60086, 5.3 MB/s;9.72885, 5.3 MB/s;9.30074, 5.5 MB/s"}
==========Thread6========WARNING: Your kernel does not support swap limit capabilities or the cgroup is not mounted. Memory limited without swap.
START RequestId: f94b2aa6-c5e4-4871-8dff-b4e97d1f5aab Version: $LATEST
END RequestId: f94b2aa6-c5e4-4871-8dff-b4e97d1f5aab
REPORT RequestId: f94b2aa6-c5e4-4871-8dff-b4e97d1f5aab Duration: 94015 ms Billed Duration: 94100 ms Memory Size: 256 MB Max Memory Used: 14 MB

{"ioload": "8.95113, 5.7 MB/s;9.66203, 5.3 MB/s;9.24743, 5.5 MB/s;8.4336, 6.1 MB/s;8.67087, 5.9 MB/s;8.49495, 6.0 MB/s;10.3704, 4.9 MB/s;10.4213, 4.9 MB/s;9.52881, 5.4 MB/s;10.0621, 5.1 MB/s"}
==========Thread7========WARNING: Your kernel does not support swap limit capabilities or the cgroup is not mounted. Memory limited without swap.
START RequestId: 3381703a-93a3-453f-b04c-d1679ae86141 Version: $LATEST
END RequestId: 3381703a-93a3-453f-b04c-d1679ae86141
REPORT RequestId: 3381703a-93a3-453f-b04c-d1679ae86141 Duration: 95854 ms Billed Duration: 95900 ms Memory Size: 256 MB Max Memory Used: 14 MB

{"ioload": "7.86428, 6.5 MB/s;10.3015, 5.0 MB/s;10.3961, 4.9 MB/s;10.0259, 5.1 MB/s;9.23083, 5.5 MB/s;9.61591, 5.3 MB/s;10.1048, 5.1 MB/s;8.3095, 6.2 MB/s;9.65373, 5.3 MB/s;10.1738, 5.0 MB/s"}
==========Thread8========WARNING: Your kernel does not support swap limit capabilities or the cgroup is not mounted. Memory limited without swap.
START RequestId: 9ff4ecca-94e2-4bad-8b83-8b864f8f5878 Version: $LATEST
END RequestId: 9ff4ecca-94e2-4bad-8b83-8b864f8f5878
REPORT RequestId: 9ff4ecca-94e2-4bad-8b83-8b864f8f5878 Duration: 95930 ms Billed Duration: 96000 ms Memory Size: 256 MB Max Memory Used: 14 MB

{"ioload": "9.73533, 5.3 MB/s;10.2236, 5.0 MB/s;10.0369, 5.1 MB/s;9.29925, 5.5 MB/s;6.36617, 8.0 MB/s;10.2921, 5.0 MB/s;10.1281, 5.1 MB/s;10.0136, 5.1 MB/s;9.85935, 5.2 MB/s;9.80183, 5.2 MB/s"}
