==========Thread1========WARNING: Your kernel does not support swap limit capabilities or the cgroup is not mounted. Memory limited without swap.
START RequestId: f30b5aef-0a7f-4717-9a40-646e8bec0877 Version: $LATEST
END RequestId: f30b5aef-0a7f-4717-9a40-646e8bec0877
REPORT RequestId: f30b5aef-0a7f-4717-9a40-646e8bec0877 Duration: 67346 ms Billed Duration: 67400 ms Memory Size: 256 MB Max Memory Used: 14 MB

{"ioload": "6.50791, 7.9 MB/s;6.5773, 7.8 MB/s;6.91579, 7.4 MB/s;6.71741, 7.6 MB/s;6.5924, 7.8 MB/s;6.9445, 7.4 MB/s;6.28594, 8.1 MB/s;6.90888, 7.4 MB/s;6.99279, 7.3 MB/s;6.7242, 7.6 MB/s"}
==========Thread2========WARNING: Your kernel does not support swap limit capabilities or the cgroup is not mounted. Memory limited without swap.
START RequestId: dfdb1ed8-c9c1-4c39-a489-b0ec75420b0d Version: $LATEST
END RequestId: dfdb1ed8-c9c1-4c39-a489-b0ec75420b0d
REPORT RequestId: dfdb1ed8-c9c1-4c39-a489-b0ec75420b0d Duration: 68478 ms Billed Duration: 68500 ms Memory Size: 256 MB Max Memory Used: 14 MB

{"ioload": "6.23407, 8.2 MB/s;6.72051, 7.6 MB/s;6.52138, 7.9 MB/s;7.10253, 7.2 MB/s;7.08768, 7.2 MB/s;6.86467, 7.5 MB/s;6.81954, 7.5 MB/s;6.98343, 7.3 MB/s;7.07277, 7.2 MB/s;6.89452, 7.4 MB/s"}
==========Thread3========WARNING: Your kernel does not support swap limit capabilities or the cgroup is not mounted. Memory limited without swap.
START RequestId: e4aac9da-3e5d-4070-b958-882f0926967a Version: $LATEST
END RequestId: e4aac9da-3e5d-4070-b958-882f0926967a
REPORT RequestId: e4aac9da-3e5d-4070-b958-882f0926967a Duration: 69498 ms Billed Duration: 69500 ms Memory Size: 256 MB Max Memory Used: 14 MB

{"ioload": "6.63466, 7.7 MB/s;6.54604, 7.8 MB/s;6.83242, 7.5 MB/s;6.78998, 7.5 MB/s;7.12881, 7.2 MB/s;6.81227, 7.5 MB/s;7.24596, 7.1 MB/s;7.25137, 7.1 MB/s;6.8681, 7.5 MB/s;7.20776, 7.1 MB/s"}
==========Thread4========WARNING: Your kernel does not support swap limit capabilities or the cgroup is not mounted. Memory limited without swap.
START RequestId: 850dbe7c-5557-4b45-8e18-5937d8f13eb7 Version: $LATEST
END RequestId: 850dbe7c-5557-4b45-8e18-5937d8f13eb7
REPORT RequestId: 850dbe7c-5557-4b45-8e18-5937d8f13eb7 Duration: 69121 ms Billed Duration: 69200 ms Memory Size: 256 MB Max Memory Used: 14 MB

{"ioload": "6.42141, 8.0 MB/s;6.88928, 7.4 MB/s;6.98161, 7.3 MB/s;6.66995, 7.7 MB/s;6.73776, 7.6 MB/s;7.15973, 7.2 MB/s;6.87543, 7.4 MB/s;7.15588, 7.2 MB/s;6.92218, 7.4 MB/s;7.13523, 7.2 MB/s"}
==========Thread5========WARNING: Your kernel does not support swap limit capabilities or the cgroup is not mounted. Memory limited without swap.
START RequestId: ea2dcd39-0d1c-41e5-9cd9-8bf9fafffda9 Version: $LATEST
END RequestId: ea2dcd39-0d1c-41e5-9cd9-8bf9fafffda9
REPORT RequestId: ea2dcd39-0d1c-41e5-9cd9-8bf9fafffda9 Duration: 67653 ms Billed Duration: 67700 ms Memory Size: 256 MB Max Memory Used: 14 MB

{"ioload": "5.95081, 8.6 MB/s;6.91561, 7.4 MB/s;6.8312, 7.5 MB/s;6.57875, 7.8 MB/s;7.12916, 7.2 MB/s;6.32076, 8.1 MB/s;6.99645, 7.3 MB/s;6.97544, 7.3 MB/s;7.13051, 7.2 MB/s;6.64647, 7.7 MB/s"}
