==========Thread1========WARNING: Your kernel does not support swap limit capabilities or the cgroup is not mounted. Memory limited without swap.
START RequestId: d03df76d-4c25-4604-85e9-12b2c6cb3790 Version: $LATEST
END RequestId: d03df76d-4c25-4604-85e9-12b2c6cb3790
REPORT RequestId: d03df76d-4c25-4604-85e9-12b2c6cb3790 Duration: 110581 ms Billed Duration: 110600 ms Memory Size: 256 MB Max Memory Used: 14 MB

{"ioload": "12.0883, 4.2 MB/s;11.8708, 4.3 MB/s;12.1529, 4.2 MB/s;11.0769, 4.6 MB/s;11.3454, 4.5 MB/s;10.2226, 5.0 MB/s;10.0288, 5.1 MB/s;8.35128, 6.1 MB/s;9.9107, 5.2 MB/s;13.3586, 3.8 MB/s"}
==========Thread2========WARNING: Your kernel does not support swap limit capabilities or the cgroup is not mounted. Memory limited without swap.
START RequestId: 7c5b96bb-3704-45c7-828d-829185bc0595 Version: $LATEST
END RequestId: 7c5b96bb-3704-45c7-828d-829185bc0595
REPORT RequestId: 7c5b96bb-3704-45c7-828d-829185bc0595 Duration: 110564 ms Billed Duration: 110600 ms Memory Size: 256 MB Max Memory Used: 14 MB

{"ioload": "11.4646, 4.5 MB/s;10.6209, 4.8 MB/s;11.0351, 4.6 MB/s;11.8322, 4.3 MB/s;11.7095, 4.4 MB/s;11.0106, 4.7 MB/s;12.2031, 4.2 MB/s;8.16614, 6.3 MB/s;9.8913, 5.2 MB/s;12.4564, 4.1 MB/s"}
==========Thread3========WARNING: Your kernel does not support swap limit capabilities or the cgroup is not mounted. Memory limited without swap.
START RequestId: 06ac5fda-146e-4b22-970a-83d48e8fd5a9 Version: $LATEST
END RequestId: 06ac5fda-146e-4b22-970a-83d48e8fd5a9
REPORT RequestId: 06ac5fda-146e-4b22-970a-83d48e8fd5a9 Duration: 108541 ms Billed Duration: 108600 ms Memory Size: 256 MB Max Memory Used: 14 MB

{"ioload": "10.4161, 4.9 MB/s;11.5599, 4.4 MB/s;11.7738, 4.3 MB/s;10.0666, 5.1 MB/s;11.8514, 4.3 MB/s;8.30026, 6.2 MB/s;10.941, 4.7 MB/s;11.1338, 4.6 MB/s;9.78963, 5.2 MB/s;12.5233, 4.1 MB/s"}
==========Thread4========WARNING: Your kernel does not support swap limit capabilities or the cgroup is not mounted. Memory limited without swap.
START RequestId: 1bd9d797-2a8f-4f82-8e37-20fccc797d15 Version: $LATEST
END RequestId: 1bd9d797-2a8f-4f82-8e37-20fccc797d15
REPORT RequestId: 1bd9d797-2a8f-4f82-8e37-20fccc797d15 Duration: 112557 ms Billed Duration: 112600 ms Memory Size: 256 MB Max Memory Used: 14 MB

{"ioload": "11.1332, 4.6 MB/s;10.7751, 4.8 MB/s;11.7631, 4.4 MB/s;12.3858, 4.1 MB/s;11.9047, 4.3 MB/s;11.4612, 4.5 MB/s;11.654, 4.4 MB/s;9.59729, 5.3 MB/s;9.18758, 5.6 MB/s;12.5276, 4.1 MB/s"}
==========Thread5========WARNING: Your kernel does not support swap limit capabilities or the cgroup is not mounted. Memory limited without swap.
START RequestId: 7ed8ffcf-0b45-43a8-9d5a-f0a12d39eb68 Version: $LATEST
END RequestId: 7ed8ffcf-0b45-43a8-9d5a-f0a12d39eb68
REPORT RequestId: 7ed8ffcf-0b45-43a8-9d5a-f0a12d39eb68 Duration: 112744 ms Billed Duration: 112800 ms Memory Size: 256 MB Max Memory Used: 14 MB

{"ioload": "11.3049, 4.5 MB/s;11.3326, 4.5 MB/s;11.9388, 4.3 MB/s;11.0181, 4.6 MB/s;11.5956, 4.4 MB/s;10.4614, 4.9 MB/s;12.0602, 4.2 MB/s;9.11346, 5.6 MB/s;12.9027, 4.0 MB/s;10.8459, 4.7 MB/s"}
==========Thread6========WARNING: Your kernel does not support swap limit capabilities or the cgroup is not mounted. Memory limited without swap.
START RequestId: d28bac85-7ae9-4000-807f-b8c4be04336f Version: $LATEST
END RequestId: d28bac85-7ae9-4000-807f-b8c4be04336f
REPORT RequestId: d28bac85-7ae9-4000-807f-b8c4be04336f Duration: 113966 ms Billed Duration: 114000 ms Memory Size: 256 MB Max Memory Used: 14 MB

{"ioload": "10.9165, 4.7 MB/s;11.4457, 4.5 MB/s;12.1716, 4.2 MB/s;11.3739, 4.5 MB/s;12.215, 4.2 MB/s;11.9078, 4.3 MB/s;10.6722, 4.8 MB/s;9.40378, 5.4 MB/s;11.4167, 4.5 MB/s;12.2591, 4.2 MB/s"}
==========Thread7========WARNING: Your kernel does not support swap limit capabilities or the cgroup is not mounted. Memory limited without swap.
START RequestId: 388be803-2671-4ebf-aea3-379a2445e55e Version: $LATEST
END RequestId: 388be803-2671-4ebf-aea3-379a2445e55e
REPORT RequestId: 388be803-2671-4ebf-aea3-379a2445e55e Duration: 112520 ms Billed Duration: 112600 ms Memory Size: 256 MB Max Memory Used: 14 MB

{"ioload": "8.91119, 5.7 MB/s;11.3032, 4.5 MB/s;11.5802, 4.4 MB/s;11.8375, 4.3 MB/s;11.76, 4.4 MB/s;11.5659, 4.4 MB/s;11.1643, 4.6 MB/s;10.4429, 4.9 MB/s;10.9318, 4.7 MB/s;12.8441, 4.0 MB/s"}
==========Thread8========WARNING: Your kernel does not support swap limit capabilities or the cgroup is not mounted. Memory limited without swap.
START RequestId: 30a00c30-9f22-467b-aaab-c273ae5632b9 Version: $LATEST
END RequestId: 30a00c30-9f22-467b-aaab-c273ae5632b9
REPORT RequestId: 30a00c30-9f22-467b-aaab-c273ae5632b9 Duration: 111335 ms Billed Duration: 111400 ms Memory Size: 256 MB Max Memory Used: 14 MB

{"ioload": "9.71313, 5.3 MB/s;11.3977, 4.5 MB/s;11.7551, 4.4 MB/s;10.4698, 4.9 MB/s;12.2127, 4.2 MB/s;11.2115, 4.6 MB/s;10.5252, 4.9 MB/s;10.3422, 5.0 MB/s;10.7712, 4.8 MB/s;12.7624, 4.0 MB/s"}
==========Thread9========WARNING: Your kernel does not support swap limit capabilities or the cgroup is not mounted. Memory limited without swap.
START RequestId: 3d6f41cb-75ba-4424-b359-98fdfca4ca2c Version: $LATEST
END RequestId: 3d6f41cb-75ba-4424-b359-98fdfca4ca2c
REPORT RequestId: 3d6f41cb-75ba-4424-b359-98fdfca4ca2c Duration: 105710 ms Billed Duration: 105800 ms Memory Size: 256 MB Max Memory Used: 14 MB

{"ioload": "9.99241, 5.1 MB/s;10.6211, 4.8 MB/s;10.9394, 4.7 MB/s;12.0798, 4.2 MB/s;10.5827, 4.8 MB/s;7.82782, 6.5 MB/s;11.0743, 4.6 MB/s;10.705, 4.8 MB/s;8.23888, 6.2 MB/s;13.4704, 3.8 MB/s"}
==========Thread10========WARNING: Your kernel does not support swap limit capabilities or the cgroup is not mounted. Memory limited without swap.
START RequestId: ef9f8634-c1ce-45a0-ae33-b1bec03452f4 Version: $LATEST
END RequestId: ef9f8634-c1ce-45a0-ae33-b1bec03452f4
REPORT RequestId: ef9f8634-c1ce-45a0-ae33-b1bec03452f4 Duration: 111187 ms Billed Duration: 111200 ms Memory Size: 256 MB Max Memory Used: 14 MB

{"ioload": "10.5846, 4.8 MB/s;10.927, 4.7 MB/s;10.9842, 4.7 MB/s;11.6143, 4.4 MB/s;11.8506, 4.3 MB/s;10.2886, 5.0 MB/s;11.4422, 4.5 MB/s;11.1484, 4.6 MB/s;9.93097, 5.2 MB/s;12.2399, 4.2 MB/s"}
