==========Thread1========WARNING: Your kernel does not support swap limit capabilities or the cgroup is not mounted. Memory limited without swap.
START RequestId: ffffed08-477e-43e4-a9ed-e2668870ed94 Version: $LATEST
END RequestId: ffffed08-477e-43e4-a9ed-e2668870ed94
REPORT RequestId: ffffed08-477e-43e4-a9ed-e2668870ed94 Duration: 76074 ms Billed Duration: 76100 ms Memory Size: 256 MB Max Memory Used: 14 MB

{"ioload": "7.67849, 6.7 MB/s;7.95712, 6.4 MB/s;7.65896, 6.7 MB/s;7.37958, 6.9 MB/s;7.31105, 7.0 MB/s;7.99133, 6.4 MB/s;7.44564, 6.9 MB/s;6.43717, 8.0 MB/s;8.01617, 6.4 MB/s;8.02374, 6.4 MB/s"}
==========Thread2========WARNING: Your kernel does not support swap limit capabilities or the cgroup is not mounted. Memory limited without swap.
START RequestId: f221e943-d1c3-4fae-a191-c7f761f019ed Version: $LATEST
END RequestId: f221e943-d1c3-4fae-a191-c7f761f019ed
REPORT RequestId: f221e943-d1c3-4fae-a191-c7f761f019ed Duration: 74928 ms Billed Duration: 75000 ms Memory Size: 256 MB Max Memory Used: 14 MB

{"ioload": "7.21953, 7.1 MB/s;7.94258, 6.4 MB/s;7.41623, 6.9 MB/s;7.52343, 6.8 MB/s;7.97319, 6.4 MB/s;7.28531, 7.0 MB/s;7.35578, 7.0 MB/s;6.75761, 7.6 MB/s;7.84639, 6.5 MB/s;7.43387, 6.9 MB/s"}
==========Thread3========WARNING: Your kernel does not support swap limit capabilities or the cgroup is not mounted. Memory limited without swap.
START RequestId: 4f80ba6e-2b64-48d8-8c05-9563c48956cf Version: $LATEST
END RequestId: 4f80ba6e-2b64-48d8-8c05-9563c48956cf
REPORT RequestId: 4f80ba6e-2b64-48d8-8c05-9563c48956cf Duration: 76281 ms Billed Duration: 76300 ms Memory Size: 256 MB Max Memory Used: 14 MB

{"ioload": "6.33657, 8.1 MB/s;7.89415, 6.5 MB/s;8.37975, 6.1 MB/s;7.31806, 7.0 MB/s;7.73785, 6.6 MB/s;8.01493, 6.4 MB/s;7.77223, 6.6 MB/s;6.97397, 7.3 MB/s;7.86429, 6.5 MB/s;7.81205, 6.6 MB/s"}
==========Thread4========WARNING: Your kernel does not support swap limit capabilities or the cgroup is not mounted. Memory limited without swap.
START RequestId: a3a0c6b3-bada-406d-befa-c00511c259c8 Version: $LATEST
END RequestId: a3a0c6b3-bada-406d-befa-c00511c259c8
REPORT RequestId: a3a0c6b3-bada-406d-befa-c00511c259c8 Duration: 77044 ms Billed Duration: 77100 ms Memory Size: 256 MB Max Memory Used: 14 MB

{"ioload": "6.9455, 7.4 MB/s;8.12734, 6.3 MB/s;8.11925, 6.3 MB/s;7.03713, 7.3 MB/s;7.73282, 6.6 MB/s;7.71908, 6.6 MB/s;8.30691, 6.2 MB/s;6.68788, 7.7 MB/s;8.03008, 6.4 MB/s;8.16129, 6.3 MB/s"}
==========Thread5========WARNING: Your kernel does not support swap limit capabilities or the cgroup is not mounted. Memory limited without swap.
START RequestId: 2c190be5-1cf6-4416-85a9-f874cda754ea Version: $LATEST
END RequestId: 2c190be5-1cf6-4416-85a9-f874cda754ea
REPORT RequestId: 2c190be5-1cf6-4416-85a9-f874cda754ea Duration: 74413 ms Billed Duration: 74500 ms Memory Size: 256 MB Max Memory Used: 14 MB

{"ioload": "7.14839, 7.2 MB/s;7.97844, 6.4 MB/s;8.09708, 6.3 MB/s;7.33695, 7.0 MB/s;6.96392, 7.4 MB/s;6.59999, 7.8 MB/s;8.09024, 6.3 MB/s;6.90224, 7.4 MB/s;7.88082, 6.5 MB/s;7.24066, 7.1 MB/s"}
==========Thread6========WARNING: Your kernel does not support swap limit capabilities or the cgroup is not mounted. Memory limited without swap.
START RequestId: 7020aa53-6231-43a6-848c-9db2db665d7e Version: $LATEST
END RequestId: 7020aa53-6231-43a6-848c-9db2db665d7e
REPORT RequestId: 7020aa53-6231-43a6-848c-9db2db665d7e Duration: 76361 ms Billed Duration: 76400 ms Memory Size: 256 MB Max Memory Used: 14 MB

{"ioload": "7.75561, 6.6 MB/s;8.17677, 6.3 MB/s;7.67405, 6.7 MB/s;7.44825, 6.9 MB/s;7.55296, 6.8 MB/s;7.94328, 6.4 MB/s;7.70616, 6.6 MB/s;6.70228, 7.6 MB/s;7.60657, 6.7 MB/s;7.62565, 6.7 MB/s"}
