==========Thread1========WARNING: Your kernel does not support swap limit capabilities or the cgroup is not mounted. Memory limited without swap.
START RequestId: ae8b66ac-f62e-4df4-a37b-f9a82b4125f5 Version: $LATEST
END RequestId: ae8b66ac-f62e-4df4-a37b-f9a82b4125f5
REPORT RequestId: ae8b66ac-f62e-4df4-a37b-f9a82b4125f5 Duration: 83859 ms Billed Duration: 83900 ms Memory Size: 256 MB Max Memory Used: 14 MB

{"ioload": "8.38083, 6.1 MB/s;7.64496, 6.7 MB/s;8.35442, 6.1 MB/s;8.0992, 6.3 MB/s;8.9762, 5.7 MB/s;8.7878, 5.8 MB/s;8.78352, 5.8 MB/s;8.05158, 6.4 MB/s;8.67809, 5.9 MB/s;7.92559, 6.5 MB/s"}
==========Thread2========WARNING: Your kernel does not support swap limit capabilities or the cgroup is not mounted. Memory limited without swap.
START RequestId: ecb256d5-e14d-48d3-9918-e1e7e49cbb2c Version: $LATEST
END RequestId: ecb256d5-e14d-48d3-9918-e1e7e49cbb2c
REPORT RequestId: ecb256d5-e14d-48d3-9918-e1e7e49cbb2c Duration: 85211 ms Billed Duration: 85300 ms Memory Size: 256 MB Max Memory Used: 14 MB

{"ioload": "9.12321, 5.6 MB/s;7.87171, 6.5 MB/s;8.28298, 6.2 MB/s;8.61725, 5.9 MB/s;8.40381, 6.1 MB/s;8.75235, 5.8 MB/s;8.91977, 5.7 MB/s;8.75749, 5.8 MB/s;8.48429, 6.0 MB/s;7.82077, 6.5 MB/s"}
==========Thread3========WARNING: Your kernel does not support swap limit capabilities or the cgroup is not mounted. Memory limited without swap.
START RequestId: bf7e6220-10d5-44e4-a10f-b44fcbf23358 Version: $LATEST
END RequestId: bf7e6220-10d5-44e4-a10f-b44fcbf23358
REPORT RequestId: bf7e6220-10d5-44e4-a10f-b44fcbf23358 Duration: 84470 ms Billed Duration: 84500 ms Memory Size: 256 MB Max Memory Used: 14 MB

{"ioload": "8.26264, 6.2 MB/s;8.57141, 6.0 MB/s;8.07329, 6.3 MB/s;8.80113, 5.8 MB/s;8.24861, 6.2 MB/s;8.79907, 5.8 MB/s;8.97653, 5.7 MB/s;7.99648, 6.4 MB/s;8.27585, 6.2 MB/s;8.29223, 6.2 MB/s"}
==========Thread4========WARNING: Your kernel does not support swap limit capabilities or the cgroup is not mounted. Memory limited without swap.
START RequestId: 49f62d61-b590-44ff-8ba6-620ba62d355f Version: $LATEST
END RequestId: 49f62d61-b590-44ff-8ba6-620ba62d355f
REPORT RequestId: 49f62d61-b590-44ff-8ba6-620ba62d355f Duration: 85834 ms Billed Duration: 85900 ms Memory Size: 256 MB Max Memory Used: 14 MB

{"ioload": "9.23466, 5.5 MB/s;9.10305, 5.6 MB/s;7.92384, 6.5 MB/s;8.76622, 5.8 MB/s;8.53556, 6.0 MB/s;8.46236, 6.1 MB/s;7.79916, 6.6 MB/s;8.83983, 5.8 MB/s;9.20289, 5.6 MB/s;7.791, 6.6 MB/s"}
==========Thread5========WARNING: Your kernel does not support swap limit capabilities or the cgroup is not mounted. Memory limited without swap.
START RequestId: 5a035b42-5a3b-4bf3-874e-496a3142f325 Version: $LATEST
END RequestId: 5a035b42-5a3b-4bf3-874e-496a3142f325
REPORT RequestId: 5a035b42-5a3b-4bf3-874e-496a3142f325 Duration: 85054 ms Billed Duration: 85100 ms Memory Size: 256 MB Max Memory Used: 14 MB

{"ioload": "8.57811, 6.0 MB/s;8.97448, 5.7 MB/s;7.88003, 6.5 MB/s;8.32415, 6.2 MB/s;8.20031, 6.2 MB/s;8.14153, 6.3 MB/s;8.63909, 5.9 MB/s;9.59441, 5.3 MB/s;9.10025, 5.6 MB/s;7.44472, 6.9 MB/s"}
==========Thread6========WARNING: Your kernel does not support swap limit capabilities or the cgroup is not mounted. Memory limited without swap.
START RequestId: 0b1386b9-0235-4594-b492-1c1c09f1f91f Version: $LATEST
END RequestId: 0b1386b9-0235-4594-b492-1c1c09f1f91f
REPORT RequestId: 0b1386b9-0235-4594-b492-1c1c09f1f91f Duration: 84875 ms Billed Duration: 84900 ms Memory Size: 256 MB Max Memory Used: 14 MB

{"ioload": "8.96779, 5.7 MB/s;9.3551, 5.5 MB/s;6.8731, 7.4 MB/s;8.86263, 5.8 MB/s;7.83762, 6.5 MB/s;8.90193, 5.8 MB/s;8.66931, 5.9 MB/s;8.57518, 6.0 MB/s;8.185, 6.3 MB/s;8.47405, 6.0 MB/s"}
==========Thread7========WARNING: Your kernel does not support swap limit capabilities or the cgroup is not mounted. Memory limited without swap.
START RequestId: 206fcf2e-7168-41a7-999e-09eb81d31dda Version: $LATEST
END RequestId: 206fcf2e-7168-41a7-999e-09eb81d31dda
REPORT RequestId: 206fcf2e-7168-41a7-999e-09eb81d31dda Duration: 81867 ms Billed Duration: 81900 ms Memory Size: 256 MB Max Memory Used: 14 MB

{"ioload": "8.02794, 6.4 MB/s;8.33071, 6.1 MB/s;7.42813, 6.9 MB/s;7.90478, 6.5 MB/s;7.81963, 6.5 MB/s;8.81183, 5.8 MB/s;7.66403, 6.7 MB/s;8.48467, 6.0 MB/s;8.98123, 5.7 MB/s;8.24267, 6.2 MB/s"}
