==========Thread1========WARNING: Your kernel does not support swap limit capabilities or the cgroup is not mounted. Memory limited without swap.
START RequestId: 8657f84a-6c25-416d-9d94-1d50ec3056da Version: $LATEST
END RequestId: 8657f84a-6c25-416d-9d94-1d50ec3056da
REPORT RequestId: 8657f84a-6c25-416d-9d94-1d50ec3056da Duration: 58277 ms Billed Duration: 58300 ms Memory Size: 256 MB Max Memory Used: 14 MB

{"ioload": "6.04365, 8.5 MB/s;6.20649, 8.2 MB/s;6.01905, 8.5 MB/s;5.80974, 8.8 MB/s;6.14753, 8.3 MB/s;5.38557, 9.5 MB/s;5.85591, 8.7 MB/s;5.62386, 9.1 MB/s;6.00991, 8.5 MB/s;5.02532, 10.2 MB/s"}
==========Thread2========WARNING: Your kernel does not support swap limit capabilities or the cgroup is not mounted. Memory limited without swap.
START RequestId: b4bebf55-2a37-406a-8574-5d033df69d49 Version: $LATEST
END RequestId: b4bebf55-2a37-406a-8574-5d033df69d49
REPORT RequestId: b4bebf55-2a37-406a-8574-5d033df69d49 Duration: 57276 ms Billed Duration: 57300 ms Memory Size: 256 MB Max Memory Used: 14 MB

{"ioload": "5.80949, 8.8 MB/s;6.17746, 8.3 MB/s;5.87367, 8.7 MB/s;5.93356, 8.6 MB/s;6.19748, 8.3 MB/s;5.5139, 9.3 MB/s;5.45972, 9.4 MB/s;5.83714, 8.8 MB/s;5.12769, 10.0 MB/s;5.17328, 9.9 MB/s"}
==========Thread3========WARNING: Your kernel does not support swap limit capabilities or the cgroup is not mounted. Memory limited without swap.
START RequestId: 93bf62a4-68ab-4d4d-b260-9ee5b6c6ec02 Version: $LATEST
END RequestId: 93bf62a4-68ab-4d4d-b260-9ee5b6c6ec02
REPORT RequestId: 93bf62a4-68ab-4d4d-b260-9ee5b6c6ec02 Duration: 56227 ms Billed Duration: 56300 ms Memory Size: 256 MB Max Memory Used: 14 MB

{"ioload": "5.87457, 8.7 MB/s;4.75187, 10.8 MB/s;5.81442, 8.8 MB/s;5.87824, 8.7 MB/s;5.84303, 8.8 MB/s;5.57258, 9.2 MB/s;5.69361, 9.0 MB/s;5.90852, 8.7 MB/s;5.84997, 8.8 MB/s;4.86856, 10.5 MB/s"}
==========Thread4========WARNING: Your kernel does not support swap limit capabilities or the cgroup is not mounted. Memory limited without swap.
START RequestId: fd86b416-074a-4c68-a88f-b4ae3d0f99cd Version: $LATEST
END RequestId: fd86b416-074a-4c68-a88f-b4ae3d0f99cd
REPORT RequestId: fd86b416-074a-4c68-a88f-b4ae3d0f99cd Duration: 58111 ms Billed Duration: 58200 ms Memory Size: 256 MB Max Memory Used: 14 MB

{"ioload": "5.8961, 8.7 MB/s;6.31476, 8.1 MB/s;5.9985, 8.5 MB/s;5.86902, 8.7 MB/s;6.08211, 8.4 MB/s;5.33939, 9.6 MB/s;5.59162, 9.2 MB/s;5.73524, 8.9 MB/s;6.03315, 8.5 MB/s;5.07847, 10.1 MB/s"}
