
==========Thread1========WARNING: Your kernel does not support swap limit capabilities or the cgroup is not mounted. Memory limited without swap.
START RequestId: d7c86d00-88a0-4339-909d-c6867d096625 Version: $LATEST
5203
END RequestId: d7c86d00-88a0-4339-909d-c6867d096625
REPORT RequestId: d7c86d00-88a0-4339-909d-c6867d096625 Duration: 10190 ms Billed Duration: 10200 ms Memory Size: 128 MB Max Memory Used: 119 MB

{"network": "80668198.7629,0,0,0"}

==========Thread2========WARNING: Your kernel does not support swap limit capabilities or the cgroup is not mounted. Memory limited without swap.
START RequestId: b0a712fa-f7f0-4f46-9ec3-4932b9520b7b Version: $LATEST
5205
END RequestId: b0a712fa-f7f0-4f46-9ec3-4932b9520b7b
REPORT RequestId: b0a712fa-f7f0-4f46-9ec3-4932b9520b7b Duration: 10195 ms Billed Duration: 10200 ms Memory Size: 128 MB Max Memory Used: 120 MB

{"network": "42978087.043,0,0,0"}

==========Thread3========WARNING: Your kernel does not support swap limit capabilities or the cgroup is not mounted. Memory limited without swap.
START RequestId: e2ba4d3b-a95c-4f93-a0db-d894a81817d4 Version: $LATEST
5204
END RequestId: e2ba4d3b-a95c-4f93-a0db-d894a81817d4
REPORT RequestId: e2ba4d3b-a95c-4f93-a0db-d894a81817d4 Duration: 11206 ms Billed Duration: 11300 ms Memory Size: 128 MB Max Memory Used: 119 MB

{"network": "52224302.7179,0,0,0"}

==========Thread4========WARNING: Your kernel does not support swap limit capabilities or the cgroup is not mounted. Memory limited without swap.
START RequestId: 3d963d14-2778-464a-852f-31fa95a7cb56 Version: $LATEST
5202
END RequestId: 3d963d14-2778-464a-852f-31fa95a7cb56
REPORT RequestId: 3d963d14-2778-464a-852f-31fa95a7cb56 Duration: 11190 ms Billed Duration: 11200 ms Memory Size: 128 MB Max Memory Used: 120 MB

{"network": "97614127.9288,0,0,0"}

==========Thread5========WARNING: Your kernel does not support swap limit capabilities or the cgroup is not mounted. Memory limited without swap.
START RequestId: b60e4d22-675f-4fe4-abe6-356a7af17f65 Version: $LATEST
5201
END RequestId: b60e4d22-675f-4fe4-abe6-356a7af17f65
REPORT RequestId: b60e4d22-675f-4fe4-abe6-356a7af17f65 Duration: 10194 ms Billed Duration: 10200 ms Memory Size: 128 MB Max Memory Used: 119 MB

{"network": "102413372.655,0,0,0"}
