
==========Thread1========WARNING: Your kernel does not support swap limit capabilities or the cgroup is not mounted. Memory limited without swap.
START RequestId: 835055a3-3a6d-4ee8-9839-7fb7bb0c6af7 Version: $LATEST
5210
END RequestId: 835055a3-3a6d-4ee8-9839-7fb7bb0c6af7
REPORT RequestId: 835055a3-3a6d-4ee8-9839-7fb7bb0c6af7 Duration: 11193 ms Billed Duration: 11200 ms Memory Size: 128 MB Max Memory Used: 119 MB

{"network": "24948829.8595,0,0,0"}

==========Thread2========WARNING: Your kernel does not support swap limit capabilities or the cgroup is not mounted. Memory limited without swap.
START RequestId: 1b0afb9b-b1f7-49b7-ac48-1c1feb7f0381 Version: $LATEST
5207
END RequestId: 1b0afb9b-b1f7-49b7-ac48-1c1feb7f0381
REPORT RequestId: 1b0afb9b-b1f7-49b7-ac48-1c1feb7f0381 Duration: 10190 ms Billed Duration: 10200 ms Memory Size: 128 MB Max Memory Used: 119 MB

{"network": "48481448.2842,0,0,0"}

==========Thread3========WARNING: Your kernel does not support swap limit capabilities or the cgroup is not mounted. Memory limited without swap.
START RequestId: 09484ece-1621-4aa0-9c4e-200e8ee21640 Version: $LATEST
5203
END RequestId: 09484ece-1621-4aa0-9c4e-200e8ee21640
REPORT RequestId: 09484ece-1621-4aa0-9c4e-200e8ee21640 Duration: 11351 ms Billed Duration: 11400 ms Memory Size: 128 MB Max Memory Used: 121 MB

{"network": "41108522.4413,0,0,0"}

==========Thread4========WARNING: Your kernel does not support swap limit capabilities or the cgroup is not mounted. Memory limited without swap.
START RequestId: 2ec25ee0-ecf1-4451-b001-7f0df5447918 Version: $LATEST
5208
END RequestId: 2ec25ee0-ecf1-4451-b001-7f0df5447918
REPORT RequestId: 2ec25ee0-ecf1-4451-b001-7f0df5447918 Duration: 10194 ms Billed Duration: 10200 ms Memory Size: 128 MB Max Memory Used: 119 MB

{"network": "52183188.9306,0,0,0"}

==========Thread5========WARNING: Your kernel does not support swap limit capabilities or the cgroup is not mounted. Memory limited without swap.
START RequestId: 0feb5bc1-0c3e-4457-a104-735c830551b7 Version: $LATEST
5205
END RequestId: 0feb5bc1-0c3e-4457-a104-735c830551b7
REPORT RequestId: 0feb5bc1-0c3e-4457-a104-735c830551b7 Duration: 11349 ms Billed Duration: 11400 ms Memory Size: 128 MB Max Memory Used: 121 MB

{"network": "37682810.8396,0,0,0"}

==========Thread6========WARNING: Your kernel does not support swap limit capabilities or the cgroup is not mounted. Memory limited without swap.
START RequestId: 9b46ee31-94ee-454c-a1ce-08c043bfb7b7 Version: $LATEST
5206
END RequestId: 9b46ee31-94ee-454c-a1ce-08c043bfb7b7
REPORT RequestId: 9b46ee31-94ee-454c-a1ce-08c043bfb7b7 Duration: 10194 ms Billed Duration: 10200 ms Memory Size: 128 MB Max Memory Used: 119 MB

{"network": "36058207.6919,0,0,0"}

==========Thread7========WARNING: Your kernel does not support swap limit capabilities or the cgroup is not mounted. Memory limited without swap.
START RequestId: ea3939ff-6737-4afb-912e-3dac5e42e083 Version: $LATEST
5204
END RequestId: ea3939ff-6737-4afb-912e-3dac5e42e083
REPORT RequestId: ea3939ff-6737-4afb-912e-3dac5e42e083 Duration: 10190 ms Billed Duration: 10200 ms Memory Size: 128 MB Max Memory Used: 121 MB

{"network": "52607335.4591,0,0,0"}

==========Thread8========WARNING: Your kernel does not support swap limit capabilities or the cgroup is not mounted. Memory limited without swap.
START RequestId: a0f29027-c14f-42b7-9811-c3acc5a5773b Version: $LATEST
5202
END RequestId: a0f29027-c14f-42b7-9811-c3acc5a5773b
REPORT RequestId: a0f29027-c14f-42b7-9811-c3acc5a5773b Duration: 10190 ms Billed Duration: 10200 ms Memory Size: 128 MB Max Memory Used: 119 MB

{"network": "49704172.9908,0,0,0"}

==========Thread9========WARNING: Your kernel does not support swap limit capabilities or the cgroup is not mounted. Memory limited without swap.
START RequestId: 3b2ca11c-2d78-4b7c-9dbf-708dcc609713 Version: $LATEST
5209
END RequestId: 3b2ca11c-2d78-4b7c-9dbf-708dcc609713
REPORT RequestId: 3b2ca11c-2d78-4b7c-9dbf-708dcc609713 Duration: 11208 ms Billed Duration: 11300 ms Memory Size: 128 MB Max Memory Used: 119 MB

{"network": "60397465.4824,0,0,0"}

==========Thread10========WARNING: Your kernel does not support swap limit capabilities or the cgroup is not mounted. Memory limited without swap.
START RequestId: 65e73e37-2c1a-4a4d-9158-4505fb91c1f1 Version: $LATEST
5201
END RequestId: 65e73e37-2c1a-4a4d-9158-4505fb91c1f1
REPORT RequestId: 65e73e37-2c1a-4a4d-9158-4505fb91c1f1 Duration: 10188 ms Billed Duration: 10200 ms Memory Size: 128 MB Max Memory Used: 119 MB

{"network": "41038104.6644,0,0,0"}
