
==========Thread1========WARNING: Your kernel does not support swap limit capabilities or the cgroup is not mounted. Memory limited without swap.
START RequestId: 563f6416-f1ea-421e-a47d-67bd4cafc62d Version: $LATEST
5207
END RequestId: 563f6416-f1ea-421e-a47d-67bd4cafc62d
REPORT RequestId: 563f6416-f1ea-421e-a47d-67bd4cafc62d Duration: 11212 ms Billed Duration: 11300 ms Memory Size: 128 MB Max Memory Used: 121 MB

{"network": "53803951.1345,0,0,0"}

==========Thread2========WARNING: Your kernel does not support swap limit capabilities or the cgroup is not mounted. Memory limited without swap.
START RequestId: be6531b3-8c35-4cff-97e2-5008b3b0b6c5 Version: $LATEST
5203
END RequestId: be6531b3-8c35-4cff-97e2-5008b3b0b6c5
REPORT RequestId: be6531b3-8c35-4cff-97e2-5008b3b0b6c5 Duration: 10186 ms Billed Duration: 10200 ms Memory Size: 128 MB Max Memory Used: 119 MB

{"network": "42665298.2434,0,0,0"}

==========Thread3========WARNING: Your kernel does not support swap limit capabilities or the cgroup is not mounted. Memory limited without swap.
START RequestId: 149b2ead-3e8f-4525-beca-de2bd21e670b Version: $LATEST
5205
END RequestId: 149b2ead-3e8f-4525-beca-de2bd21e670b
REPORT RequestId: 149b2ead-3e8f-4525-beca-de2bd21e670b Duration: 10191 ms Billed Duration: 10200 ms Memory Size: 128 MB Max Memory Used: 119 MB

{"network": "38192390.6938,0,0,0"}

==========Thread4========WARNING: Your kernel does not support swap limit capabilities or the cgroup is not mounted. Memory limited without swap.
START RequestId: 9c430894-f2e7-4b55-8013-f26192cbbac1 Version: $LATEST
5206
END RequestId: 9c430894-f2e7-4b55-8013-f26192cbbac1
REPORT RequestId: 9c430894-f2e7-4b55-8013-f26192cbbac1 Duration: 11202 ms Billed Duration: 11300 ms Memory Size: 128 MB Max Memory Used: 119 MB

{"network": "59927240.6896,0,0,0"}

==========Thread5========WARNING: Your kernel does not support swap limit capabilities or the cgroup is not mounted. Memory limited without swap.
START RequestId: ea87dc8d-b86d-4c98-9774-9375e9ea2638 Version: $LATEST
5204
END RequestId: ea87dc8d-b86d-4c98-9774-9375e9ea2638
REPORT RequestId: ea87dc8d-b86d-4c98-9774-9375e9ea2638 Duration: 10199 ms Billed Duration: 10200 ms Memory Size: 128 MB Max Memory Used: 120 MB

{"network": "95256598.2871,0,0,0"}

==========Thread6========WARNING: Your kernel does not support swap limit capabilities or the cgroup is not mounted. Memory limited without swap.
START RequestId: 5d85cb73-a992-4636-a403-3ccd6993cbd7 Version: $LATEST
5202
END RequestId: 5d85cb73-a992-4636-a403-3ccd6993cbd7
REPORT RequestId: 5d85cb73-a992-4636-a403-3ccd6993cbd7 Duration: 10561 ms Billed Duration: 10600 ms Memory Size: 128 MB Max Memory Used: 120 MB

{"network": "73815605.905,0,0,0"}

==========Thread7========WARNING: Your kernel does not support swap limit capabilities or the cgroup is not mounted. Memory limited without swap.
START RequestId: 30e176a3-8bc0-4d66-aead-eee909f736d2 Version: $LATEST
5201
END RequestId: 30e176a3-8bc0-4d66-aead-eee909f736d2
REPORT RequestId: 30e176a3-8bc0-4d66-aead-eee909f736d2 Duration: 10193 ms Billed Duration: 10200 ms Memory Size: 128 MB Max Memory Used: 120 MB

{"network": "51588128.3615,0,0,0"}
