
==========Thread1========WARNING: Your kernel does not support swap limit capabilities or the cgroup is not mounted. Memory limited without swap.
START RequestId: 68be398c-55b1-4823-96eb-b4b74c5a1539 Version: $LATEST
5203
END RequestId: 68be398c-55b1-4823-96eb-b4b74c5a1539
REPORT RequestId: 68be398c-55b1-4823-96eb-b4b74c5a1539 Duration: 10198 ms Billed Duration: 10200 ms Memory Size: 128 MB Max Memory Used: 121 MB

{"network": "64814443.4377,0,0,0"}

==========Thread2========WARNING: Your kernel does not support swap limit capabilities or the cgroup is not mounted. Memory limited without swap.
START RequestId: 8b5233ef-d38b-443f-bc1d-d481239ee8d9 Version: $LATEST
5205
END RequestId: 8b5233ef-d38b-443f-bc1d-d481239ee8d9
REPORT RequestId: 8b5233ef-d38b-443f-bc1d-d481239ee8d9 Duration: 11205 ms Billed Duration: 11300 ms Memory Size: 128 MB Max Memory Used: 120 MB

{"network": "70686684.3128,0,0,0"}

==========Thread3========WARNING: Your kernel does not support swap limit capabilities or the cgroup is not mounted. Memory limited without swap.
START RequestId: 96b27c89-37e1-4c19-8785-ad4b6d243c8d Version: $LATEST
5206
END RequestId: 96b27c89-37e1-4c19-8785-ad4b6d243c8d
REPORT RequestId: 96b27c89-37e1-4c19-8785-ad4b6d243c8d Duration: 10196 ms Billed Duration: 10200 ms Memory Size: 128 MB Max Memory Used: 120 MB

{"network": "52939834.4584,0,0,0"}

==========Thread4========WARNING: Your kernel does not support swap limit capabilities or the cgroup is not mounted. Memory limited without swap.
START RequestId: ed21a93b-de35-4c2c-89f3-ec6e289eb938 Version: $LATEST
5204
END RequestId: ed21a93b-de35-4c2c-89f3-ec6e289eb938
REPORT RequestId: ed21a93b-de35-4c2c-89f3-ec6e289eb938 Duration: 10187 ms Billed Duration: 10200 ms Memory Size: 128 MB Max Memory Used: 119 MB

{"network": "52758468.3608,0,0,0"}

==========Thread5========WARNING: Your kernel does not support swap limit capabilities or the cgroup is not mounted. Memory limited without swap.
START RequestId: bba81b9f-d671-4c3a-95f4-3421e6f440ff Version: $LATEST
5202
END RequestId: bba81b9f-d671-4c3a-95f4-3421e6f440ff
REPORT RequestId: bba81b9f-d671-4c3a-95f4-3421e6f440ff Duration: 11196 ms Billed Duration: 11200 ms Memory Size: 128 MB Max Memory Used: 120 MB

{"network": "77446784.9273,0,0,0"}

==========Thread6========WARNING: Your kernel does not support swap limit capabilities or the cgroup is not mounted. Memory limited without swap.
START RequestId: c5690a40-136e-4abc-b3af-7521601fadf6 Version: $LATEST
5201
END RequestId: c5690a40-136e-4abc-b3af-7521601fadf6
REPORT RequestId: c5690a40-136e-4abc-b3af-7521601fadf6 Duration: 10194 ms Billed Duration: 10200 ms Memory Size: 128 MB Max Memory Used: 119 MB

{"network": "73336247.4204,0,0,0"}
