
==========Thread1========WARNING: Your kernel does not support swap limit capabilities or the cgroup is not mounted. Memory limited without swap.
START RequestId: 80be9ad8-5093-4d3e-bf8d-218a61d41f32 Version: $LATEST
5207
END RequestId: 80be9ad8-5093-4d3e-bf8d-218a61d41f32
REPORT RequestId: 80be9ad8-5093-4d3e-bf8d-218a61d41f32 Duration: 11214 ms Billed Duration: 11300 ms Memory Size: 128 MB Max Memory Used: 119 MB

{"network": "47733414.7585,0,0,0"}

==========Thread2========WARNING: Your kernel does not support swap limit capabilities or the cgroup is not mounted. Memory limited without swap.
START RequestId: 0594031d-f873-4473-becd-852ecb186330 Version: $LATEST
5203
END RequestId: 0594031d-f873-4473-becd-852ecb186330
REPORT RequestId: 0594031d-f873-4473-becd-852ecb186330 Duration: 10183 ms Billed Duration: 10200 ms Memory Size: 128 MB Max Memory Used: 121 MB

{"network": "59356844.6806,0,0,0"}

==========Thread3========WARNING: Your kernel does not support swap limit capabilities or the cgroup is not mounted. Memory limited without swap.
START RequestId: d3d34dd9-6ef8-4fc8-b7a0-58da4bbe0eb7 Version: $LATEST
5208
END RequestId: d3d34dd9-6ef8-4fc8-b7a0-58da4bbe0eb7
REPORT RequestId: d3d34dd9-6ef8-4fc8-b7a0-58da4bbe0eb7 Duration: 11203 ms Billed Duration: 11300 ms Memory Size: 128 MB Max Memory Used: 121 MB

{"network": "44190151.2228,0,0,0"}

==========Thread4========WARNING: Your kernel does not support swap limit capabilities or the cgroup is not mounted. Memory limited without swap.
START RequestId: dcb767eb-f68b-4298-a020-07b8dce277b7 Version: $LATEST
5205
END RequestId: dcb767eb-f68b-4298-a020-07b8dce277b7
REPORT RequestId: dcb767eb-f68b-4298-a020-07b8dce277b7 Duration: 10346 ms Billed Duration: 10400 ms Memory Size: 128 MB Max Memory Used: 119 MB

{"network": "77796703.1192,0,0,0"}

==========Thread5========WARNING: Your kernel does not support swap limit capabilities or the cgroup is not mounted. Memory limited without swap.
START RequestId: e8f7e7f3-32ce-421a-9243-4abd339716bd Version: $LATEST
5206
END RequestId: e8f7e7f3-32ce-421a-9243-4abd339716bd
REPORT RequestId: e8f7e7f3-32ce-421a-9243-4abd339716bd Duration: 11214 ms Billed Duration: 11300 ms Memory Size: 128 MB Max Memory Used: 120 MB

{"network": "58920800.6472,0,0,0"}

==========Thread6========WARNING: Your kernel does not support swap limit capabilities or the cgroup is not mounted. Memory limited without swap.
START RequestId: 9ef2c443-31cc-4929-ab60-7fbfe899b702 Version: $LATEST
5204
END RequestId: 9ef2c443-31cc-4929-ab60-7fbfe899b702
REPORT RequestId: 9ef2c443-31cc-4929-ab60-7fbfe899b702 Duration: 11342 ms Billed Duration: 11400 ms Memory Size: 128 MB Max Memory Used: 119 MB

{"network": "51747262.6239,0,0,0"}

==========Thread7========WARNING: Your kernel does not support swap limit capabilities or the cgroup is not mounted. Memory limited without swap.
START RequestId: a950097e-2b01-4a42-85ea-64bc46e211e4 Version: $LATEST
5202
END RequestId: a950097e-2b01-4a42-85ea-64bc46e211e4
REPORT RequestId: a950097e-2b01-4a42-85ea-64bc46e211e4 Duration: 11218 ms Billed Duration: 11300 ms Memory Size: 128 MB Max Memory Used: 120 MB

{"network": "52549682.9218,0,0,0"}

==========Thread8========WARNING: Your kernel does not support swap limit capabilities or the cgroup is not mounted. Memory limited without swap.
START RequestId: 784bd2f0-6f42-417b-9aa6-18a760a2c746 Version: $LATEST
5209
END RequestId: 784bd2f0-6f42-417b-9aa6-18a760a2c746
REPORT RequestId: 784bd2f0-6f42-417b-9aa6-18a760a2c746 Duration: 10185 ms Billed Duration: 10200 ms Memory Size: 128 MB Max Memory Used: 119 MB

{"network": "43455678.2478,0,0,0"}

==========Thread9========WARNING: Your kernel does not support swap limit capabilities or the cgroup is not mounted. Memory limited without swap.
START RequestId: c15c041a-f876-4e7a-83b4-e12e60205daf Version: $LATEST
5201
END RequestId: c15c041a-f876-4e7a-83b4-e12e60205daf
REPORT RequestId: c15c041a-f876-4e7a-83b4-e12e60205daf Duration: 10173 ms Billed Duration: 10200 ms Memory Size: 128 MB Max Memory Used: 119 MB

{"network": "45686357.5602,0,0,0"}
