
==========Thread1========WARNING: Your kernel does not support swap limit capabilities or the cgroup is not mounted. Memory limited without swap.
START RequestId: 1b653c6e-35b6-4881-b448-89d2e6c463e4 Version: $LATEST
5203
END RequestId: 1b653c6e-35b6-4881-b448-89d2e6c463e4
REPORT RequestId: 1b653c6e-35b6-4881-b448-89d2e6c463e4 Duration: 10196 ms Billed Duration: 10200 ms Memory Size: 128 MB Max Memory Used: 121 MB

{"network": "73825842.2842,0,0,0"}

==========Thread2========WARNING: Your kernel does not support swap limit capabilities or the cgroup is not mounted. Memory limited without swap.
START RequestId: b32fde86-02f0-4dc4-a691-822121468e59 Version: $LATEST
5204
END RequestId: b32fde86-02f0-4dc4-a691-822121468e59
REPORT RequestId: b32fde86-02f0-4dc4-a691-822121468e59 Duration: 10199 ms Billed Duration: 10200 ms Memory Size: 128 MB Max Memory Used: 120 MB

{"network": "76285462.7044,0,0,0"}

==========Thread3========WARNING: Your kernel does not support swap limit capabilities or the cgroup is not mounted. Memory limited without swap.
START RequestId: 6b842bbf-e868-42b0-a41d-70f520e41539 Version: $LATEST
5202
END RequestId: 6b842bbf-e868-42b0-a41d-70f520e41539
REPORT RequestId: 6b842bbf-e868-42b0-a41d-70f520e41539 Duration: 10196 ms Billed Duration: 10200 ms Memory Size: 128 MB Max Memory Used: 119 MB

{"network": "76708697.9208,0,0,0"}

==========Thread4========WARNING: Your kernel does not support swap limit capabilities or the cgroup is not mounted. Memory limited without swap.
START RequestId: f222dcce-9882-4366-924b-b04ff9eebd51 Version: $LATEST
5201
END RequestId: f222dcce-9882-4366-924b-b04ff9eebd51
REPORT RequestId: f222dcce-9882-4366-924b-b04ff9eebd51 Duration: 10187 ms Billed Duration: 10200 ms Memory Size: 128 MB Max Memory Used: 121 MB

{"network": "96603953.2429,0,0,0"}
