
==========Thread1========WARNING: Your kernel does not support swap limit capabilities or the cgroup is not mounted. Memory limited without swap.
START RequestId: d1a85bd7-b2b2-4bbe-8ca5-8ad8ae536e9f Version: $LATEST
5207
END RequestId: d1a85bd7-b2b2-4bbe-8ca5-8ad8ae536e9f
REPORT RequestId: d1a85bd7-b2b2-4bbe-8ca5-8ad8ae536e9f Duration: 11206 ms Billed Duration: 11300 ms Memory Size: 128 MB Max Memory Used: 121 MB

{"network": "75692986.3563,0,0,0"}

==========Thread2========WARNING: Your kernel does not support swap limit capabilities or the cgroup is not mounted. Memory limited without swap.
START RequestId: 6e32b487-f1e4-4ac4-b64a-74d701c68593 Version: $LATEST
5203
END RequestId: 6e32b487-f1e4-4ac4-b64a-74d701c68593
REPORT RequestId: 6e32b487-f1e4-4ac4-b64a-74d701c68593 Duration: 10192 ms Billed Duration: 10200 ms Memory Size: 128 MB Max Memory Used: 120 MB

{"network": "72102759.5953,0,0,0"}

==========Thread3========WARNING: Your kernel does not support swap limit capabilities or the cgroup is not mounted. Memory limited without swap.
START RequestId: 8a638298-1b6e-43f2-b225-e1b2ff8a211e Version: $LATEST
5208
END RequestId: 8a638298-1b6e-43f2-b225-e1b2ff8a211e
REPORT RequestId: 8a638298-1b6e-43f2-b225-e1b2ff8a211e Duration: 11203 ms Billed Duration: 11300 ms Memory Size: 128 MB Max Memory Used: 120 MB

{"network": "44074213.0976,0,0,0"}

==========Thread4========WARNING: Your kernel does not support swap limit capabilities or the cgroup is not mounted. Memory limited without swap.
START RequestId: 6051c7bb-d100-45a2-b456-b91c051a5664 Version: $LATEST
5205
END RequestId: 6051c7bb-d100-45a2-b456-b91c051a5664
REPORT RequestId: 6051c7bb-d100-45a2-b456-b91c051a5664 Duration: 10179 ms Billed Duration: 10200 ms Memory Size: 128 MB Max Memory Used: 120 MB

{"network": "39218018.6581,0,0,0"}

==========Thread5========WARNING: Your kernel does not support swap limit capabilities or the cgroup is not mounted. Memory limited without swap.
START RequestId: 638a3dbd-0f48-49da-92fd-a9b78942930c Version: $LATEST
5206
END RequestId: 638a3dbd-0f48-49da-92fd-a9b78942930c
REPORT RequestId: 638a3dbd-0f48-49da-92fd-a9b78942930c Duration: 10184 ms Billed Duration: 10200 ms Memory Size: 128 MB Max Memory Used: 120 MB

{"network": "34006971.5084,0,0,0"}

==========Thread6========WARNING: Your kernel does not support swap limit capabilities or the cgroup is not mounted. Memory limited without swap.
START RequestId: 4be93b65-4b73-4c13-af1a-badbf2123293 Version: $LATEST
5204
END RequestId: 4be93b65-4b73-4c13-af1a-badbf2123293
REPORT RequestId: 4be93b65-4b73-4c13-af1a-badbf2123293 Duration: 10550 ms Billed Duration: 10600 ms Memory Size: 128 MB Max Memory Used: 119 MB

{"network": "55402188.1464,0,0,0"}

==========Thread7========WARNING: Your kernel does not support swap limit capabilities or the cgroup is not mounted. Memory limited without swap.
START RequestId: d6334820-43b5-4876-b490-681f69c4333a Version: $LATEST
5202
END RequestId: d6334820-43b5-4876-b490-681f69c4333a
REPORT RequestId: d6334820-43b5-4876-b490-681f69c4333a Duration: 10181 ms Billed Duration: 10200 ms Memory Size: 128 MB Max Memory Used: 121 MB

{"network": "37466764.3245,0,0,0"}

==========Thread8========WARNING: Your kernel does not support swap limit capabilities or the cgroup is not mounted. Memory limited without swap.
START RequestId: 3dd29d27-6bf7-41d4-bb0c-a762df5c91d3 Version: $LATEST
5201
END RequestId: 3dd29d27-6bf7-41d4-bb0c-a762df5c91d3
REPORT RequestId: 3dd29d27-6bf7-41d4-bb0c-a762df5c91d3 Duration: 10978 ms Billed Duration: 11000 ms Memory Size: 128 MB Max Memory Used: 120 MB

{"network": "92567879.4361,0,0,0"}
