
==========Thread1========100+0 records in
100+0 records out
51200000 bytes (51 MB, 49 MiB) copied, 2.82386 s, 18.1 MB/s
100+0 records in
100+0 records out
51200000 bytes (51 MB, 49 MiB) copied, 2.52042 s, 20.3 MB/s
100+0 records in
100+0 records out
51200000 bytes (51 MB, 49 MiB) copied, 2.58364 s, 19.8 MB/s
100+0 records in
100+0 records out
51200000 bytes (51 MB, 49 MiB) copied, 2.62 s, 19.5 MB/s
100+0 records in
100+0 records out
51200000 bytes (51 MB, 49 MiB) copied, 2.52552 s, 20.3 MB/s
100+0 records in
100+0 records out
51200000 bytes (51 MB, 49 MiB) copied, 2.73807 s, 18.7 MB/s
100+0 records in
100+0 records out
51200000 bytes (51 MB, 49 MiB) copied, 2.62206 s, 19.5 MB/s
100+0 records in
100+0 records out
51200000 bytes (51 MB, 49 MiB) copied, 2.60671 s, 19.6 MB/s
100+0 records in
100+0 records out
51200000 bytes (51 MB, 49 MiB) copied, 2.59916 s, 19.7 MB/s
100+0 records in
100+0 records out
51200000 bytes (51 MB, 49 MiB) copied, 2.6177 s, 19.6 MB/s

==========Thread2========100+0 records in
100+0 records out
51200000 bytes (51 MB, 49 MiB) copied, 2.8247 s, 18.1 MB/s
100+0 records in
100+0 records out
51200000 bytes (51 MB, 49 MiB) copied, 2.54293 s, 20.1 MB/s
100+0 records in
100+0 records out
51200000 bytes (51 MB, 49 MiB) copied, 2.59215 s, 19.8 MB/s
100+0 records in
100+0 records out
51200000 bytes (51 MB, 49 MiB) copied, 2.62765 s, 19.5 MB/s
100+0 records in
100+0 records out
51200000 bytes (51 MB, 49 MiB) copied, 2.50706 s, 20.4 MB/s
100+0 records in
100+0 records out
51200000 bytes (51 MB, 49 MiB) copied, 2.73597 s, 18.7 MB/s
100+0 records in
100+0 records out
51200000 bytes (51 MB, 49 MiB) copied, 2.64539 s, 19.4 MB/s
100+0 records in
100+0 records out
51200000 bytes (51 MB, 49 MiB) copied, 2.61566 s, 19.6 MB/s
100+0 records in
100+0 records out
51200000 bytes (51 MB, 49 MiB) copied, 2.60436 s, 19.7 MB/s
100+0 records in
100+0 records out
51200000 bytes (51 MB, 49 MiB) copied, 2.62066 s, 19.5 MB/s
rm: cannot remove '/tmp/ioload.log': No such file or directory

==========Thread3========100+0 records in
100+0 records out
51200000 bytes (51 MB, 49 MiB) copied, 2.82208 s, 18.1 MB/s
100+0 records in
100+0 records out
51200000 bytes (51 MB, 49 MiB) copied, 2.54506 s, 20.1 MB/s
100+0 records in
100+0 records out
51200000 bytes (51 MB, 49 MiB) copied, 2.61931 s, 19.5 MB/s
100+0 records in
100+0 records out
51200000 bytes (51 MB, 49 MiB) copied, 2.62851 s, 19.5 MB/s
100+0 records in
100+0 records out
51200000 bytes (51 MB, 49 MiB) copied, 2.4899 s, 20.6 MB/s
100+0 records in
100+0 records out
51200000 bytes (51 MB, 49 MiB) copied, 2.74548 s, 18.6 MB/s
100+0 records in
100+0 records out
51200000 bytes (51 MB, 49 MiB) copied, 2.64444 s, 19.4 MB/s
100+0 records in
100+0 records out
51200000 bytes (51 MB, 49 MiB) copied, 2.64343 s, 19.4 MB/s
100+0 records in
100+0 records out
51200000 bytes (51 MB, 49 MiB) copied, 2.60349 s, 19.7 MB/s
100+0 records in
100+0 records out
51200000 bytes (51 MB, 49 MiB) copied, 2.60388 s, 19.7 MB/s
rm: cannot remove '/tmp/ioload.log': No such file or directory

==========Thread4========100+0 records in
100+0 records out
51200000 bytes (51 MB, 49 MiB) copied, 2.83301 s, 18.1 MB/s
100+0 records in
100+0 records out
51200000 bytes (51 MB, 49 MiB) copied, 2.54205 s, 20.1 MB/s
100+0 records in
100+0 records out
51200000 bytes (51 MB, 49 MiB) copied, 2.59214 s, 19.8 MB/s
100+0 records in
100+0 records out
51200000 bytes (51 MB, 49 MiB) copied, 2.62759 s, 19.5 MB/s
100+0 records in
100+0 records out
51200000 bytes (51 MB, 49 MiB) copied, 2.51785 s, 20.3 MB/s
100+0 records in
100+0 records out
51200000 bytes (51 MB, 49 MiB) copied, 2.73508 s, 18.7 MB/s
100+0 records in
100+0 records out
51200000 bytes (51 MB, 49 MiB) copied, 2.64729 s, 19.3 MB/s
100+0 records in
100+0 records out
51200000 bytes (51 MB, 49 MiB) copied, 2.64343 s, 19.4 MB/s
100+0 records in
100+0 records out
51200000 bytes (51 MB, 49 MiB) copied, 2.6035 s, 19.7 MB/s
100+0 records in
100+0 records out
51200000 bytes (51 MB, 49 MiB) copied, 2.611 s, 19.6 MB/s
rm: cannot remove '/tmp/ioload.log': No such file or directory

==========Thread5========100+0 records in
100+0 records out
51200000 bytes (51 MB, 49 MiB) copied, 2.83229 s, 18.1 MB/s
100+0 records in
100+0 records out
51200000 bytes (51 MB, 49 MiB) copied, 2.54201 s, 20.1 MB/s
100+0 records in
100+0 records out
51200000 bytes (51 MB, 49 MiB) copied, 2.6193 s, 19.5 MB/s
100+0 records in
100+0 records out
51200000 bytes (51 MB, 49 MiB) copied, 2.62849 s, 19.5 MB/s
100+0 records in
100+0 records out
51200000 bytes (51 MB, 49 MiB) copied, 2.47911 s, 20.7 MB/s
100+0 records in
100+0 records out
51200000 bytes (51 MB, 49 MiB) copied, 2.74636 s, 18.6 MB/s
100+0 records in
100+0 records out
51200000 bytes (51 MB, 49 MiB) copied, 2.64443 s, 19.4 MB/s
100+0 records in
100+0 records out
51200000 bytes (51 MB, 49 MiB) copied, 2.61565 s, 19.6 MB/s
100+0 records in
100+0 records out
51200000 bytes (51 MB, 49 MiB) copied, 2.60436 s, 19.7 MB/s
100+0 records in
100+0 records out
51200000 bytes (51 MB, 49 MiB) copied, 2.62067 s, 19.5 MB/s
rm: cannot remove '/tmp/ioload.log': No such file or directory
