
==========Thread1========100+0 records in
100+0 records out
51200000 bytes (51 MB, 49 MiB) copied, 1.57366 s, 32.5 MB/s
100+0 records in
100+0 records out
51200000 bytes (51 MB, 49 MiB) copied, 1.59711 s, 32.1 MB/s
100+0 records in
100+0 records out
51200000 bytes (51 MB, 49 MiB) copied, 1.55843 s, 32.9 MB/s
100+0 records in
100+0 records out
51200000 bytes (51 MB, 49 MiB) copied, 1.60982 s, 31.8 MB/s
100+0 records in
100+0 records out
51200000 bytes (51 MB, 49 MiB) copied, 1.64138 s, 31.2 MB/s
100+0 records in
100+0 records out
51200000 bytes (51 MB, 49 MiB) copied, 1.59317 s, 32.1 MB/s
rm: cannot remove '/tmp/ioload.log': No such file or directory
100+0 records in
100+0 records out
51200000 bytes (51 MB, 49 MiB) copied, 1.69903 s, 30.1 MB/s
100+0 records in
100+0 records out
51200000 bytes (51 MB, 49 MiB) copied, 1.56916 s, 32.6 MB/s
100+0 records in
100+0 records out
51200000 bytes (51 MB, 49 MiB) copied, 1.63028 s, 31.4 MB/s
100+0 records in
100+0 records out
51200000 bytes (51 MB, 49 MiB) copied, 1.64056 s, 31.2 MB/s
rm: cannot remove '/tmp/ioload.log': No such file or directory

==========Thread2========100+0 records in
100+0 records out
51200000 bytes (51 MB, 49 MiB) copied, 1.58929 s, 32.2 MB/s
100+0 records in
100+0 records out
51200000 bytes (51 MB, 49 MiB) copied, 1.59273 s, 32.1 MB/s
100+0 records in
100+0 records out
51200000 bytes (51 MB, 49 MiB) copied, 1.55929 s, 32.8 MB/s
100+0 records in
100+0 records out
51200000 bytes (51 MB, 49 MiB) copied, 1.60472 s, 31.9 MB/s
100+0 records in
100+0 records out
51200000 bytes (51 MB, 49 MiB) copied, 1.63489 s, 31.3 MB/s
100+0 records in
100+0 records out
51200000 bytes (51 MB, 49 MiB) copied, 1.59551 s, 32.1 MB/s
100+0 records in
100+0 records out
51200000 bytes (51 MB, 49 MiB) copied, 1.69285 s, 30.2 MB/s
rm: cannot remove '/tmp/ioload.log': No such file or directory
100+0 records in
100+0 records out
51200000 bytes (51 MB, 49 MiB) copied, 1.56397 s, 32.7 MB/s
100+0 records in
100+0 records out
51200000 bytes (51 MB, 49 MiB) copied, 1.6316 s, 31.4 MB/s
100+0 records in
100+0 records out
51200000 bytes (51 MB, 49 MiB) copied, 1.63946 s, 31.2 MB/s
rm: cannot remove '/tmp/ioload.log': No such file or directory

==========Thread3========100+0 records in
100+0 records out
51200000 bytes (51 MB, 49 MiB) copied, 1.59666 s, 32.1 MB/s
100+0 records in
100+0 records out
51200000 bytes (51 MB, 49 MiB) copied, 1.59731 s, 32.1 MB/s
100+0 records in
100+0 records out
51200000 bytes (51 MB, 49 MiB) copied, 1.54772 s, 33.1 MB/s
rm: cannot remove '/tmp/ioload.log': No such file or directory
100+0 records in
100+0 records out
51200000 bytes (51 MB, 49 MiB) copied, 1.61048 s, 31.8 MB/s
100+0 records in
100+0 records out
51200000 bytes (51 MB, 49 MiB) copied, 1.63813 s, 31.3 MB/s
100+0 records in
100+0 records out
51200000 bytes (51 MB, 49 MiB) copied, 1.5961 s, 32.1 MB/s
100+0 records in
100+0 records out
51200000 bytes (51 MB, 49 MiB) copied, 1.68284 s, 30.4 MB/s
100+0 records in
100+0 records out
51200000 bytes (51 MB, 49 MiB) copied, 1.56227 s, 32.8 MB/s
100+0 records in
100+0 records out
51200000 bytes (51 MB, 49 MiB) copied, 1.62783 s, 31.5 MB/s
rm: cannot remove '/tmp/ioload.log': No such file or directory
100+0 records in
100+0 records out
51200000 bytes (51 MB, 49 MiB) copied, 1.63321 s, 31.3 MB/s
