
==========Thread1========100+0 records in
100+0 records out
51200000 bytes (51 MB, 49 MiB) copied, 1.19143 s, 43.0 MB/s
100+0 records in
100+0 records out
51200000 bytes (51 MB, 49 MiB) copied, 1.07044 s, 47.8 MB/s
100+0 records in
100+0 records out
51200000 bytes (51 MB, 49 MiB) copied, 1.06131 s, 48.2 MB/s
100+0 records in
100+0 records out
51200000 bytes (51 MB, 49 MiB) copied, 1.06956 s, 47.9 MB/s
100+0 records in
100+0 records out
51200000 bytes (51 MB, 49 MiB) copied, 1.06888 s, 47.9 MB/s
100+0 records in
100+0 records out
51200000 bytes (51 MB, 49 MiB) copied, 1.06788 s, 47.9 MB/s
100+0 records in
100+0 records out
51200000 bytes (51 MB, 49 MiB) copied, 1.06783 s, 47.9 MB/s
100+0 records in
100+0 records out
51200000 bytes (51 MB, 49 MiB) copied, 1.07023 s, 47.8 MB/s
100+0 records in
100+0 records out
51200000 bytes (51 MB, 49 MiB) copied, 1.07422 s, 47.7 MB/s
100+0 records in
100+0 records out
51200000 bytes (51 MB, 49 MiB) copied, 1.06662 s, 48.0 MB/s
rm: cannot remove '/tmp/ioload.log': No such file or directory

==========Thread2========100+0 records in
100+0 records out
51200000 bytes (51 MB, 49 MiB) copied, 1.1912 s, 43.0 MB/s
rm: cannot remove '/tmp/ioload.log': No such file or directory
100+0 records in
100+0 records out
51200000 bytes (51 MB, 49 MiB) copied, 1.06278 s, 48.2 MB/s
100+0 records in
100+0 records out
51200000 bytes (51 MB, 49 MiB) copied, 1.06736 s, 48.0 MB/s
100+0 records in
100+0 records out
51200000 bytes (51 MB, 49 MiB) copied, 1.06888 s, 47.9 MB/s
100+0 records in
100+0 records out
51200000 bytes (51 MB, 49 MiB) copied, 1.06886 s, 47.9 MB/s
100+0 records in
100+0 records out
51200000 bytes (51 MB, 49 MiB) copied, 1.06735 s, 48.0 MB/s
100+0 records in
100+0 records out
51200000 bytes (51 MB, 49 MiB) copied, 1.06907 s, 47.9 MB/s
100+0 records in
100+0 records out
51200000 bytes (51 MB, 49 MiB) copied, 1.0691 s, 47.9 MB/s
100+0 records in
100+0 records out
51200000 bytes (51 MB, 49 MiB) copied, 1.07429 s, 47.7 MB/s
100+0 records in
100+0 records out
51200000 bytes (51 MB, 49 MiB) copied, 1.06591 s, 48.0 MB/s
