
==========Thread1========WARNING: Your kernel does not support swap limit capabilities or the cgroup is not mounted. Memory limited without swap.
START RequestId: 9c3ad675-ea54-453d-85f6-64f8a1e69b61 Version: $LATEST
5203
END RequestId: 9c3ad675-ea54-453d-85f6-64f8a1e69b61
REPORT RequestId: 9c3ad675-ea54-453d-85f6-64f8a1e69b61 Duration: 10316 ms Billed Duration: 10400 ms Memory Size: 256 MB Max Memory Used: 121 MB

{"network": "64370514.4119,0,0,0"}

==========Thread2========WARNING: Your kernel does not support swap limit capabilities or the cgroup is not mounted. Memory limited without swap.
START RequestId: 135a46d8-17ed-4052-96f2-868d0879e6e6 Version: $LATEST
5205
END RequestId: 135a46d8-17ed-4052-96f2-868d0879e6e6
REPORT RequestId: 135a46d8-17ed-4052-96f2-868d0879e6e6 Duration: 11279 ms Billed Duration: 11300 ms Memory Size: 256 MB Max Memory Used: 120 MB

{"network": "103364549.682,0,0,0"}

==========Thread3========WARNING: Your kernel does not support swap limit capabilities or the cgroup is not mounted. Memory limited without swap.
START RequestId: e9d864b2-c2b0-48ac-9a07-d59146960f1d Version: $LATEST
5206
END RequestId: e9d864b2-c2b0-48ac-9a07-d59146960f1d
REPORT RequestId: e9d864b2-c2b0-48ac-9a07-d59146960f1d Duration: 11292 ms Billed Duration: 11300 ms Memory Size: 256 MB Max Memory Used: 119 MB

{"network": "84791208.0343,0,0,0"}

==========Thread4========WARNING: Your kernel does not support swap limit capabilities or the cgroup is not mounted. Memory limited without swap.
START RequestId: b6b7b9c2-fca2-4763-a705-156797a16c48 Version: $LATEST
5204
END RequestId: b6b7b9c2-fca2-4763-a705-156797a16c48
REPORT RequestId: b6b7b9c2-fca2-4763-a705-156797a16c48 Duration: 10276 ms Billed Duration: 10300 ms Memory Size: 256 MB Max Memory Used: 120 MB

{"network": "45920102.7763,0,0,0"}

==========Thread5========WARNING: Your kernel does not support swap limit capabilities or the cgroup is not mounted. Memory limited without swap.
START RequestId: e0bccb80-6b7f-46ad-885e-b9820a6d6a73 Version: $LATEST
5202
END RequestId: e0bccb80-6b7f-46ad-885e-b9820a6d6a73
REPORT RequestId: e0bccb80-6b7f-46ad-885e-b9820a6d6a73 Duration: 10343 ms Billed Duration: 10400 ms Memory Size: 256 MB Max Memory Used: 119 MB

{"network": "51765315.4939,0,0,0"}

==========Thread6========WARNING: Your kernel does not support swap limit capabilities or the cgroup is not mounted. Memory limited without swap.
START RequestId: 25cd9c93-e5a7-4d43-acd9-71407fc44ddf Version: $LATEST
5201
END RequestId: 25cd9c93-e5a7-4d43-acd9-71407fc44ddf
REPORT RequestId: 25cd9c93-e5a7-4d43-acd9-71407fc44ddf Duration: 10259 ms Billed Duration: 10300 ms Memory Size: 256 MB Max Memory Used: 121 MB

{"network": "47089682.5347,0,0,0"}
