
==========Thread1========WARNING: Your kernel does not support swap limit capabilities or the cgroup is not mounted. Memory limited without swap.
START RequestId: 61fc02a7-f606-46a8-b173-8e822bc47899 Version: $LATEST
5207
END RequestId: 61fc02a7-f606-46a8-b173-8e822bc47899
REPORT RequestId: 61fc02a7-f606-46a8-b173-8e822bc47899 Duration: 10399 ms Billed Duration: 10400 ms Memory Size: 256 MB Max Memory Used: 121 MB

{"network": "49241706.9454,0,0,0"}

==========Thread2========WARNING: Your kernel does not support swap limit capabilities or the cgroup is not mounted. Memory limited without swap.
START RequestId: 6f16e94c-9047-44d8-b1db-c77426c63ff9 Version: $LATEST
5203
END RequestId: 6f16e94c-9047-44d8-b1db-c77426c63ff9
REPORT RequestId: 6f16e94c-9047-44d8-b1db-c77426c63ff9 Duration: 11098 ms Billed Duration: 11100 ms Memory Size: 256 MB Max Memory Used: 119 MB

{"network": "48354453.3687,0,0,0"}

==========Thread3========WARNING: Your kernel does not support swap limit capabilities or the cgroup is not mounted. Memory limited without swap.
START RequestId: 0ca94d18-4cfd-4dac-b70a-bc3b4043fbdd Version: $LATEST
5208
END RequestId: 0ca94d18-4cfd-4dac-b70a-bc3b4043fbdd
REPORT RequestId: 0ca94d18-4cfd-4dac-b70a-bc3b4043fbdd Duration: 10402 ms Billed Duration: 10500 ms Memory Size: 256 MB Max Memory Used: 121 MB

{"network": "33910524.6141,0,0,0"}

==========Thread4========WARNING: Your kernel does not support swap limit capabilities or the cgroup is not mounted. Memory limited without swap.
START RequestId: 202a3f60-b636-4d7b-b07f-8d8ad5be1a23 Version: $LATEST
5205
END RequestId: 202a3f60-b636-4d7b-b07f-8d8ad5be1a23
REPORT RequestId: 202a3f60-b636-4d7b-b07f-8d8ad5be1a23 Duration: 10347 ms Billed Duration: 10400 ms Memory Size: 256 MB Max Memory Used: 120 MB

{"network": "30252487.619,0,0,0"}

==========Thread5========WARNING: Your kernel does not support swap limit capabilities or the cgroup is not mounted. Memory limited without swap.
START RequestId: 6e3cd828-90d7-4c5e-a00a-219fe66a46a2 Version: $LATEST
5206
END RequestId: 6e3cd828-90d7-4c5e-a00a-219fe66a46a2
REPORT RequestId: 6e3cd828-90d7-4c5e-a00a-219fe66a46a2 Duration: 10318 ms Billed Duration: 10400 ms Memory Size: 256 MB Max Memory Used: 119 MB

{"network": "33047246.0054,0,0,0"}

==========Thread6========WARNING: Your kernel does not support swap limit capabilities or the cgroup is not mounted. Memory limited without swap.
START RequestId: 3eb9e4d0-51a9-4da7-88e9-a9b1c47ea3cd Version: $LATEST
5204
END RequestId: 3eb9e4d0-51a9-4da7-88e9-a9b1c47ea3cd
REPORT RequestId: 3eb9e4d0-51a9-4da7-88e9-a9b1c47ea3cd Duration: 10740 ms Billed Duration: 10800 ms Memory Size: 256 MB Max Memory Used: 120 MB

{"network": "56914703.4605,0,0,0"}

==========Thread7========WARNING: Your kernel does not support swap limit capabilities or the cgroup is not mounted. Memory limited without swap.
START RequestId: 576133be-487f-4bf4-9bda-af8b51f6d0f6 Version: $LATEST
5202
END RequestId: 576133be-487f-4bf4-9bda-af8b51f6d0f6
REPORT RequestId: 576133be-487f-4bf4-9bda-af8b51f6d0f6 Duration: 11944 ms Billed Duration: 12000 ms Memory Size: 256 MB Max Memory Used: 120 MB

{"network": "68854218.8666,0,0,0"}

==========Thread8========WARNING: Your kernel does not support swap limit capabilities or the cgroup is not mounted. Memory limited without swap.
START RequestId: de6d52f8-da5f-4648-a7b7-76a362e59352 Version: $LATEST
5209
END RequestId: de6d52f8-da5f-4648-a7b7-76a362e59352
REPORT RequestId: de6d52f8-da5f-4648-a7b7-76a362e59352 Duration: 10297 ms Billed Duration: 10300 ms Memory Size: 256 MB Max Memory Used: 120 MB

{"network": "35451973.0788,0,0,0"}

==========Thread9========WARNING: Your kernel does not support swap limit capabilities or the cgroup is not mounted. Memory limited without swap.
START RequestId: 41b45569-6f03-425c-bd17-2434b03c15ee Version: $LATEST
5201
END RequestId: 41b45569-6f03-425c-bd17-2434b03c15ee
REPORT RequestId: 41b45569-6f03-425c-bd17-2434b03c15ee Duration: 11948 ms Billed Duration: 12000 ms Memory Size: 256 MB Max Memory Used: 120 MB

{"network": "57075370.2222,0,0,0"}
