
==========Thread1========WARNING: Your kernel does not support swap limit capabilities or the cgroup is not mounted. Memory limited without swap.
START RequestId: 95ff5c88-404b-4239-8673-ee6805466f8e Version: $LATEST
5207
END RequestId: 95ff5c88-404b-4239-8673-ee6805466f8e
REPORT RequestId: 95ff5c88-404b-4239-8673-ee6805466f8e Duration: 11757 ms Billed Duration: 11800 ms Memory Size: 256 MB Max Memory Used: 119 MB

{"network": "76100927.6555,0,0,0"}

==========Thread2========WARNING: Your kernel does not support swap limit capabilities or the cgroup is not mounted. Memory limited without swap.
START RequestId: b122f200-00a3-4b42-b342-d1dbb5935226 Version: $LATEST
5203
END RequestId: b122f200-00a3-4b42-b342-d1dbb5935226
REPORT RequestId: b122f200-00a3-4b42-b342-d1dbb5935226 Duration: 10690 ms Billed Duration: 10700 ms Memory Size: 256 MB Max Memory Used: 120 MB

{"network": "52418406.4782,0,0,0"}

==========Thread3========WARNING: Your kernel does not support swap limit capabilities or the cgroup is not mounted. Memory limited without swap.
START RequestId: 39402603-df48-453c-a156-390235391935 Version: $LATEST
5208
END RequestId: 39402603-df48-453c-a156-390235391935
REPORT RequestId: 39402603-df48-453c-a156-390235391935 Duration: 11824 ms Billed Duration: 11900 ms Memory Size: 256 MB Max Memory Used: 119 MB

{"network": "90393249.7132,0,0,0"}

==========Thread4========WARNING: Your kernel does not support swap limit capabilities or the cgroup is not mounted. Memory limited without swap.
START RequestId: 40e3f6c0-2817-4823-bf7c-8be90b4a264e Version: $LATEST
5205
END RequestId: 40e3f6c0-2817-4823-bf7c-8be90b4a264e
REPORT RequestId: 40e3f6c0-2817-4823-bf7c-8be90b4a264e Duration: 10385 ms Billed Duration: 10400 ms Memory Size: 256 MB Max Memory Used: 121 MB

{"network": "52831528.3783,0,0,0"}

==========Thread5========WARNING: Your kernel does not support swap limit capabilities or the cgroup is not mounted. Memory limited without swap.
START RequestId: 044425c2-251e-4b4a-a91e-a9c1c53eb233 Version: $LATEST
5206
END RequestId: 044425c2-251e-4b4a-a91e-a9c1c53eb233
REPORT RequestId: 044425c2-251e-4b4a-a91e-a9c1c53eb233 Duration: 10320 ms Billed Duration: 10400 ms Memory Size: 256 MB Max Memory Used: 121 MB

{"network": "42376483.1761,0,0,0"}

==========Thread6========WARNING: Your kernel does not support swap limit capabilities or the cgroup is not mounted. Memory limited without swap.
START RequestId: 58693771-e406-4794-b183-fcd0369504e1 Version: $LATEST
5204
END RequestId: 58693771-e406-4794-b183-fcd0369504e1
REPORT RequestId: 58693771-e406-4794-b183-fcd0369504e1 Duration: 10514 ms Billed Duration: 10600 ms Memory Size: 256 MB Max Memory Used: 121 MB

{"network": "41276756.2816,0,0,0"}

==========Thread7========WARNING: Your kernel does not support swap limit capabilities or the cgroup is not mounted. Memory limited without swap.
START RequestId: bbfe1a76-47fd-4319-8385-c15fd5357a40 Version: $LATEST
5202
END RequestId: bbfe1a76-47fd-4319-8385-c15fd5357a40
REPORT RequestId: bbfe1a76-47fd-4319-8385-c15fd5357a40 Duration: 11105 ms Billed Duration: 11200 ms Memory Size: 256 MB Max Memory Used: 119 MB

{"network": "53271144.6336,0,0,0"}

==========Thread8========WARNING: Your kernel does not support swap limit capabilities or the cgroup is not mounted. Memory limited without swap.
START RequestId: d1baece0-a3ba-4fa9-8d96-2a906e06e4aa Version: $LATEST
5201
END RequestId: d1baece0-a3ba-4fa9-8d96-2a906e06e4aa
REPORT RequestId: d1baece0-a3ba-4fa9-8d96-2a906e06e4aa Duration: 11126 ms Billed Duration: 11200 ms Memory Size: 256 MB Max Memory Used: 120 MB

{"network": "57442455.2178,0,0,0"}
