
==========Thread1========WARNING: Your kernel does not support swap limit capabilities or the cgroup is not mounted. Memory limited without swap.
START RequestId: b56612bb-50c4-4ff1-ad91-d7f4997859aa Version: $LATEST
5203
END RequestId: b56612bb-50c4-4ff1-ad91-d7f4997859aa
REPORT RequestId: b56612bb-50c4-4ff1-ad91-d7f4997859aa Duration: 10297 ms Billed Duration: 10300 ms Memory Size: 256 MB Max Memory Used: 120 MB

{"network": "122864159.409,0,0,0"}

==========Thread2========WARNING: Your kernel does not support swap limit capabilities or the cgroup is not mounted. Memory limited without swap.
START RequestId: 405d6794-5c26-4443-8b2b-9a180a3db179 Version: $LATEST
5204
END RequestId: 405d6794-5c26-4443-8b2b-9a180a3db179
REPORT RequestId: 405d6794-5c26-4443-8b2b-9a180a3db179 Duration: 10313 ms Billed Duration: 10400 ms Memory Size: 256 MB Max Memory Used: 119 MB

{"network": "124491056.004,0,0,0"}

==========Thread3========WARNING: Your kernel does not support swap limit capabilities or the cgroup is not mounted. Memory limited without swap.
START RequestId: a0bed273-58ae-4150-a989-b6a8e25589a8 Version: $LATEST
5202
END RequestId: a0bed273-58ae-4150-a989-b6a8e25589a8
REPORT RequestId: a0bed273-58ae-4150-a989-b6a8e25589a8 Duration: 10336 ms Billed Duration: 10400 ms Memory Size: 256 MB Max Memory Used: 119 MB

{"network": "127099717.121,0,0,0"}

==========Thread4========WARNING: Your kernel does not support swap limit capabilities or the cgroup is not mounted. Memory limited without swap.
START RequestId: 83d5be62-6c00-4018-a563-f9a319c6bcf7 Version: $LATEST
5201
END RequestId: 83d5be62-6c00-4018-a563-f9a319c6bcf7
REPORT RequestId: 83d5be62-6c00-4018-a563-f9a319c6bcf7 Duration: 10355 ms Billed Duration: 10400 ms Memory Size: 256 MB Max Memory Used: 120 MB

{"network": "131424267.307,0,0,0"}
