
==========Thread1========WARNING: Your kernel does not support swap limit capabilities or the cgroup is not mounted. Memory limited without swap.
START RequestId: db192897-5dc2-4e70-a22c-df8a0f353ea7 Version: $LATEST
5210
END RequestId: db192897-5dc2-4e70-a22c-df8a0f353ea7
REPORT RequestId: db192897-5dc2-4e70-a22c-df8a0f353ea7 Duration: 11369 ms Billed Duration: 11400 ms Memory Size: 256 MB Max Memory Used: 120 MB

{"network": "35049096.56,0,0,0"}

==========Thread2========WARNING: Your kernel does not support swap limit capabilities or the cgroup is not mounted. Memory limited without swap.
START RequestId: d4d7c861-dbe4-4936-95ab-abcd593e6a67 Version: $LATEST
5207
END RequestId: d4d7c861-dbe4-4936-95ab-abcd593e6a67
REPORT RequestId: d4d7c861-dbe4-4936-95ab-abcd593e6a67 Duration: 11319 ms Billed Duration: 11400 ms Memory Size: 256 MB Max Memory Used: 120 MB

{"network": "38157670.0351,0,0,0"}

==========Thread3========WARNING: Your kernel does not support swap limit capabilities or the cgroup is not mounted. Memory limited without swap.
START RequestId: 76c374cc-02eb-4acc-aea7-c07496a12593 Version: $LATEST
5203
END RequestId: 76c374cc-02eb-4acc-aea7-c07496a12593
REPORT RequestId: 76c374cc-02eb-4acc-aea7-c07496a12593 Duration: 10666 ms Billed Duration: 10700 ms Memory Size: 256 MB Max Memory Used: 121 MB

{"network": "44203853.6165,0,0,0"}

==========Thread4========WARNING: Your kernel does not support swap limit capabilities or the cgroup is not mounted. Memory limited without swap.
START RequestId: ecc3e31d-aa61-4514-8b63-7954c0a3aee3 Version: $LATEST
5208
END RequestId: ecc3e31d-aa61-4514-8b63-7954c0a3aee3
REPORT RequestId: ecc3e31d-aa61-4514-8b63-7954c0a3aee3 Duration: 10392 ms Billed Duration: 10400 ms Memory Size: 256 MB Max Memory Used: 121 MB

{"network": "28941869.7569,0,0,0"}

==========Thread5========WARNING: Your kernel does not support swap limit capabilities or the cgroup is not mounted. Memory limited without swap.
START RequestId: 28d3bd8b-4f6d-4a1f-9454-42e9ad3abb1e Version: $LATEST
5205
END RequestId: 28d3bd8b-4f6d-4a1f-9454-42e9ad3abb1e
REPORT RequestId: 28d3bd8b-4f6d-4a1f-9454-42e9ad3abb1e Duration: 10684 ms Billed Duration: 10700 ms Memory Size: 256 MB Max Memory Used: 119 MB

{"network": "67583678.5719,0,0,0"}

==========Thread6========WARNING: Your kernel does not support swap limit capabilities or the cgroup is not mounted. Memory limited without swap.
START RequestId: 5d99847c-c130-4b0b-aaa2-20d1eda60e7d Version: $LATEST
5206
END RequestId: 5d99847c-c130-4b0b-aaa2-20d1eda60e7d
REPORT RequestId: 5d99847c-c130-4b0b-aaa2-20d1eda60e7d Duration: 11406 ms Billed Duration: 11500 ms Memory Size: 256 MB Max Memory Used: 119 MB

{"network": "33986799.9322,0,0,0"}

==========Thread7========WARNING: Your kernel does not support swap limit capabilities or the cgroup is not mounted. Memory limited without swap.
START RequestId: 56728e79-8fe9-4c5f-bc13-82326186a797 Version: $LATEST
5204
END RequestId: 56728e79-8fe9-4c5f-bc13-82326186a797
REPORT RequestId: 56728e79-8fe9-4c5f-bc13-82326186a797 Duration: 10417 ms Billed Duration: 10500 ms Memory Size: 256 MB Max Memory Used: 120 MB

{"network": "49989382.4676,0,0,0"}

==========Thread8========WARNING: Your kernel does not support swap limit capabilities or the cgroup is not mounted. Memory limited without swap.
START RequestId: 2716aa6a-f93a-457f-988f-43f66c58a826 Version: $LATEST
5202
END RequestId: 2716aa6a-f93a-457f-988f-43f66c58a826
REPORT RequestId: 2716aa6a-f93a-457f-988f-43f66c58a826 Duration: 10337 ms Billed Duration: 10400 ms Memory Size: 256 MB Max Memory Used: 120 MB

{"network": "32228455.3689,0,0,0"}

==========Thread9========WARNING: Your kernel does not support swap limit capabilities or the cgroup is not mounted. Memory limited without swap.
START RequestId: bd73f084-9baf-4971-badd-719d0f955e19 Version: $LATEST
5209
END RequestId: bd73f084-9baf-4971-badd-719d0f955e19
REPORT RequestId: bd73f084-9baf-4971-badd-719d0f955e19 Duration: 11343 ms Billed Duration: 11400 ms Memory Size: 256 MB Max Memory Used: 121 MB

{"network": "34329116.568,0,0,0"}

==========Thread10========WARNING: Your kernel does not support swap limit capabilities or the cgroup is not mounted. Memory limited without swap.
START RequestId: 57356174-47b2-40ea-9b22-d8abb379a642 Version: $LATEST
5201
END RequestId: 57356174-47b2-40ea-9b22-d8abb379a642
REPORT RequestId: 57356174-47b2-40ea-9b22-d8abb379a642 Duration: 10303 ms Billed Duration: 10400 ms Memory Size: 256 MB Max Memory Used: 120 MB

{"network": "37582263.2589,0,0,0"}
