
==========Thread1========WARNING: Your kernel does not support swap limit capabilities or the cgroup is not mounted. Memory limited without swap.
START RequestId: 1c10f1ad-0152-4846-be19-f92aef6e1c72 Version: $LATEST
5203
END RequestId: 1c10f1ad-0152-4846-be19-f92aef6e1c72
REPORT RequestId: 1c10f1ad-0152-4846-be19-f92aef6e1c72 Duration: 10339 ms Billed Duration: 10400 ms Memory Size: 256 MB Max Memory Used: 121 MB

{"network": "65745287.1492,0,0,0"}

==========Thread2========WARNING: Your kernel does not support swap limit capabilities or the cgroup is not mounted. Memory limited without swap.
START RequestId: 10c6cd18-0572-4a38-98d4-d1bcff94b605 Version: $LATEST
5205
END RequestId: 10c6cd18-0572-4a38-98d4-d1bcff94b605
REPORT RequestId: 10c6cd18-0572-4a38-98d4-d1bcff94b605 Duration: 10395 ms Billed Duration: 10400 ms Memory Size: 256 MB Max Memory Used: 119 MB

{"network": "62312705.4795,0,0,0"}

==========Thread3========WARNING: Your kernel does not support swap limit capabilities or the cgroup is not mounted. Memory limited without swap.
START RequestId: 29d37f94-5262-4f67-865c-0fe47c432b6a Version: $LATEST
5204
END RequestId: 29d37f94-5262-4f67-865c-0fe47c432b6a
REPORT RequestId: 29d37f94-5262-4f67-865c-0fe47c432b6a Duration: 10687 ms Billed Duration: 10700 ms Memory Size: 256 MB Max Memory Used: 119 MB

{"network": "69401362.3818,0,0,0"}

==========Thread4========WARNING: Your kernel does not support swap limit capabilities or the cgroup is not mounted. Memory limited without swap.
START RequestId: a1062838-6902-4397-800d-fbd1e2eac805 Version: $LATEST
5202
END RequestId: a1062838-6902-4397-800d-fbd1e2eac805
REPORT RequestId: a1062838-6902-4397-800d-fbd1e2eac805 Duration: 11124 ms Billed Duration: 11200 ms Memory Size: 256 MB Max Memory Used: 120 MB

{"network": "75641460.5427,0,0,0"}

==========Thread5========WARNING: Your kernel does not support swap limit capabilities or the cgroup is not mounted. Memory limited without swap.
START RequestId: f710ce35-b3f4-44ea-aaa6-a6f33afb06f9 Version: $LATEST
5201
END RequestId: f710ce35-b3f4-44ea-aaa6-a6f33afb06f9
REPORT RequestId: f710ce35-b3f4-44ea-aaa6-a6f33afb06f9 Duration: 10298 ms Billed Duration: 10300 ms Memory Size: 256 MB Max Memory Used: 121 MB

{"network": "61912938.6447,0,0,0"}
