
==========Thread1========WARNING: Your kernel does not support swap limit capabilities or the cgroup is not mounted. Memory limited without swap.
START RequestId: ceb0b1e8-accb-4ff3-82fd-011aad8b3cf2 Version: $LATEST
5207
END RequestId: ceb0b1e8-accb-4ff3-82fd-011aad8b3cf2
REPORT RequestId: ceb0b1e8-accb-4ff3-82fd-011aad8b3cf2 Duration: 11116 ms Billed Duration: 11200 ms Memory Size: 256 MB Max Memory Used: 120 MB

{"network": "79653609.1661,0,0,0"}

==========Thread2========WARNING: Your kernel does not support swap limit capabilities or the cgroup is not mounted. Memory limited without swap.
START RequestId: 6722e471-9a5a-4ff4-9dfd-107c96ef4994 Version: $LATEST
5203
END RequestId: 6722e471-9a5a-4ff4-9dfd-107c96ef4994
REPORT RequestId: 6722e471-9a5a-4ff4-9dfd-107c96ef4994 Duration: 10393 ms Billed Duration: 10400 ms Memory Size: 256 MB Max Memory Used: 119 MB

{"network": "48795609.8254,0,0,0"}

==========Thread3========WARNING: Your kernel does not support swap limit capabilities or the cgroup is not mounted. Memory limited without swap.
START RequestId: b4111a45-77a3-47b1-b676-0d2c59becc73 Version: $LATEST
5205
END RequestId: b4111a45-77a3-47b1-b676-0d2c59becc73
REPORT RequestId: b4111a45-77a3-47b1-b676-0d2c59becc73 Duration: 11124 ms Billed Duration: 11200 ms Memory Size: 256 MB Max Memory Used: 120 MB

{"network": "68986082.8283,0,0,0"}

==========Thread4========WARNING: Your kernel does not support swap limit capabilities or the cgroup is not mounted. Memory limited without swap.
START RequestId: 964b75f3-30d2-4270-9876-3a5b5042c4ef Version: $LATEST
5206
END RequestId: 964b75f3-30d2-4270-9876-3a5b5042c4ef
REPORT RequestId: 964b75f3-30d2-4270-9876-3a5b5042c4ef Duration: 10749 ms Billed Duration: 10800 ms Memory Size: 256 MB Max Memory Used: 120 MB

{"network": "70193353.3066,0,0,0"}

==========Thread5========WARNING: Your kernel does not support swap limit capabilities or the cgroup is not mounted. Memory limited without swap.
START RequestId: 9de253dc-df0b-4e7d-90f8-91e2ca4f7219 Version: $LATEST
5204
END RequestId: 9de253dc-df0b-4e7d-90f8-91e2ca4f7219
REPORT RequestId: 9de253dc-df0b-4e7d-90f8-91e2ca4f7219 Duration: 10557 ms Billed Duration: 10600 ms Memory Size: 256 MB Max Memory Used: 120 MB

{"network": "49299013.994,0,0,0"}

==========Thread6========WARNING: Your kernel does not support swap limit capabilities or the cgroup is not mounted. Memory limited without swap.
START RequestId: 91de5f6e-9cc4-4011-8a3a-dc2d73ed8489 Version: $LATEST
5202
END RequestId: 91de5f6e-9cc4-4011-8a3a-dc2d73ed8489
REPORT RequestId: 91de5f6e-9cc4-4011-8a3a-dc2d73ed8489 Duration: 10384 ms Billed Duration: 10400 ms Memory Size: 256 MB Max Memory Used: 121 MB

{"network": "26019643.8307,0,0,0"}

==========Thread7========WARNING: Your kernel does not support swap limit capabilities or the cgroup is not mounted. Memory limited without swap.
START RequestId: ccc8d23b-3461-46dc-8d3b-2a16dd4758bf Version: $LATEST
5201
END RequestId: ccc8d23b-3461-46dc-8d3b-2a16dd4758bf
REPORT RequestId: ccc8d23b-3461-46dc-8d3b-2a16dd4758bf Duration: 10414 ms Billed Duration: 10500 ms Memory Size: 256 MB Max Memory Used: 119 MB

{"network": "28057669.3434,0,0,0"}
