
==========Thread1========WARNING: Your kernel does not support swap limit capabilities or the cgroup is not mounted. Memory limited without swap.
START RequestId: 1854dd46-799b-4718-8744-b2ea9b89a5a2 Version: $LATEST
5210
END RequestId: 1854dd46-799b-4718-8744-b2ea9b89a5a2
REPORT RequestId: 1854dd46-799b-4718-8744-b2ea9b89a5a2 Duration: 12786 ms Billed Duration: 12800 ms Memory Size: 128 MB Max Memory Used: 14 MB

{"network": "93526353.9948,10051,7547,12744"}

==========Thread2========WARNING: Your kernel does not support swap limit capabilities or the cgroup is not mounted. Memory limited without swap.
START RequestId: d8c13ac1-5faf-45f8-b944-1aae504d9714 Version: $LATEST
5207
END RequestId: d8c13ac1-5faf-45f8-b944-1aae504d9714
REPORT RequestId: d8c13ac1-5faf-45f8-b944-1aae504d9714 Duration: 10190 ms Billed Duration: 10200 ms Memory Size: 128 MB Max Memory Used: 14 MB

{"network": "34499103.7198,8118,2282,12653"}

==========Thread3========WARNING: Your kernel does not support swap limit capabilities or the cgroup is not mounted. Memory limited without swap.
START RequestId: 56c206b0-f2e6-466e-8e40-f7e3177abe52 Version: $LATEST
5203
END RequestId: 56c206b0-f2e6-466e-8e40-f7e3177abe52
REPORT RequestId: 56c206b0-f2e6-466e-8e40-f7e3177abe52 Duration: 10184 ms Billed Duration: 10200 ms Memory Size: 128 MB Max Memory Used: 14 MB

{"network": "48479315.5942,9134,7442,10431"}

==========Thread4========WARNING: Your kernel does not support swap limit capabilities or the cgroup is not mounted. Memory limited without swap.
START RequestId: 62b8bb13-9ee6-4364-a32d-533e1a42f67e Version: $LATEST
5208
END RequestId: 62b8bb13-9ee6-4364-a32d-533e1a42f67e
REPORT RequestId: 62b8bb13-9ee6-4364-a32d-533e1a42f67e Duration: 12061 ms Billed Duration: 12100 ms Memory Size: 128 MB Max Memory Used: 14 MB

{"network": "41204739.7995,9428,5704,13956"}

==========Thread5========WARNING: Your kernel does not support swap limit capabilities or the cgroup is not mounted. Memory limited without swap.
START RequestId: 82eab51e-0819-4169-a32b-62cb156379fd Version: $LATEST
5205
END RequestId: 82eab51e-0819-4169-a32b-62cb156379fd
REPORT RequestId: 82eab51e-0819-4169-a32b-62cb156379fd Duration: 10187 ms Billed Duration: 10200 ms Memory Size: 128 MB Max Memory Used: 14 MB

{"network": "22736834.5128,12817,8633,23897"}

==========Thread6========WARNING: Your kernel does not support swap limit capabilities or the cgroup is not mounted. Memory limited without swap.
START RequestId: d5bf392d-b3a2-4edd-a595-eab7afb31082 Version: $LATEST
5206
END RequestId: d5bf392d-b3a2-4edd-a595-eab7afb31082
REPORT RequestId: d5bf392d-b3a2-4edd-a595-eab7afb31082 Duration: 10186 ms Billed Duration: 10200 ms Memory Size: 128 MB Max Memory Used: 14 MB

{"network": "39871245.6286,10201,7675,18277"}

==========Thread7========WARNING: Your kernel does not support swap limit capabilities or the cgroup is not mounted. Memory limited without swap.
START RequestId: 72dac3d1-fc5e-4be3-8969-4b1789113eb5 Version: $LATEST
5204
END RequestId: 72dac3d1-fc5e-4be3-8969-4b1789113eb5
REPORT RequestId: 72dac3d1-fc5e-4be3-8969-4b1789113eb5 Duration: 11606 ms Billed Duration: 11700 ms Memory Size: 128 MB Max Memory Used: 14 MB

{"network": "56276231.4937,10257,5908,21840"}

==========Thread8========WARNING: Your kernel does not support swap limit capabilities or the cgroup is not mounted. Memory limited without swap.
START RequestId: 19a1a40b-2a51-4076-a27b-d62cc96796c2 Version: $LATEST
5202
END RequestId: 19a1a40b-2a51-4076-a27b-d62cc96796c2
REPORT RequestId: 19a1a40b-2a51-4076-a27b-d62cc96796c2 Duration: 10187 ms Billed Duration: 10200 ms Memory Size: 128 MB Max Memory Used: 14 MB

{"network": "43657774.8951,9422,7097,10898"}

==========Thread9========WARNING: Your kernel does not support swap limit capabilities or the cgroup is not mounted. Memory limited without swap.
START RequestId: 221ccd77-37dd-4c82-8433-9556ec5cb85c Version: $LATEST
5209
END RequestId: 221ccd77-37dd-4c82-8433-9556ec5cb85c
REPORT RequestId: 221ccd77-37dd-4c82-8433-9556ec5cb85c Duration: 11649 ms Billed Duration: 11700 ms Memory Size: 128 MB Max Memory Used: 14 MB

{"network": "45947821.4299,12501,6992,31155"}

==========Thread10========WARNING: Your kernel does not support swap limit capabilities or the cgroup is not mounted. Memory limited without swap.
START RequestId: 3338d225-0e03-49b4-873f-e321dc8ec9be Version: $LATEST
5201
END RequestId: 3338d225-0e03-49b4-873f-e321dc8ec9be
REPORT RequestId: 3338d225-0e03-49b4-873f-e321dc8ec9be Duration: 12083 ms Billed Duration: 12100 ms Memory Size: 128 MB Max Memory Used: 14 MB

{"network": "41803566.3085,27579,3784,200551"}
