
==========Thread1========WARNING: Your kernel does not support swap limit capabilities or the cgroup is not mounted. Memory limited without swap.
START RequestId: 71b6e92e-4b69-4a6e-be46-4189f4112e12 Version: $LATEST
5203
END RequestId: 71b6e92e-4b69-4a6e-be46-4189f4112e12
REPORT RequestId: 71b6e92e-4b69-4a6e-be46-4189f4112e12 Duration: 10351 ms Billed Duration: 10400 ms Memory Size: 128 MB Max Memory Used: 14 MB

{"network": "155233704.654,8075,7050,9729"}

==========Thread2========WARNING: Your kernel does not support swap limit capabilities or the cgroup is not mounted. Memory limited without swap.
START RequestId: 98f69270-7412-4ab6-b281-e6316f511eab Version: $LATEST
5204
END RequestId: 98f69270-7412-4ab6-b281-e6316f511eab
REPORT RequestId: 98f69270-7412-4ab6-b281-e6316f511eab Duration: 10187 ms Billed Duration: 10200 ms Memory Size: 128 MB Max Memory Used: 14 MB

{"network": "93108917.5886,8222,7152,9918"}

==========Thread3========WARNING: Your kernel does not support swap limit capabilities or the cgroup is not mounted. Memory limited without swap.
START RequestId: e1d7b90e-3ebe-4ece-abd4-4a771cc8c737 Version: $LATEST
5202
END RequestId: e1d7b90e-3ebe-4ece-abd4-4a771cc8c737
REPORT RequestId: e1d7b90e-3ebe-4ece-abd4-4a771cc8c737 Duration: 10196 ms Billed Duration: 10200 ms Memory Size: 128 MB Max Memory Used: 14 MB

{"network": "90595465.6048,7498,6286,9463"}

==========Thread4========WARNING: Your kernel does not support swap limit capabilities or the cgroup is not mounted. Memory limited without swap.
START RequestId: a6dbe26f-ff04-41b0-b868-d5072a468ec1 Version: $LATEST
5201
END RequestId: a6dbe26f-ff04-41b0-b868-d5072a468ec1
REPORT RequestId: a6dbe26f-ff04-41b0-b868-d5072a468ec1 Duration: 10201 ms Billed Duration: 10300 ms Memory Size: 128 MB Max Memory Used: 14 MB

{"network": "105628721.058,7727,6547,8511"}
