
==========Thread1========WARNING: Your kernel does not support swap limit capabilities or the cgroup is not mounted. Memory limited without swap.
START RequestId: 5b672645-e55e-4f59-ba3a-ba9083c271b9 Version: $LATEST
5203
END RequestId: 5b672645-e55e-4f59-ba3a-ba9083c271b9
REPORT RequestId: 5b672645-e55e-4f59-ba3a-ba9083c271b9 Duration: 10183 ms Billed Duration: 10200 ms Memory Size: 128 MB Max Memory Used: 14 MB

{"network": "127347488.985,8932,7418,17842"}

==========Thread2========WARNING: Your kernel does not support swap limit capabilities or the cgroup is not mounted. Memory limited without swap.
START RequestId: 7603e795-56dc-4ec4-b31c-d7e097391cfa Version: $LATEST
5205
END RequestId: 7603e795-56dc-4ec4-b31c-d7e097391cfa
REPORT RequestId: 7603e795-56dc-4ec4-b31c-d7e097391cfa Duration: 10198 ms Billed Duration: 10200 ms Memory Size: 128 MB Max Memory Used: 14 MB

{"network": "67225408.8715,8050,6715,10287"}

==========Thread3========WARNING: Your kernel does not support swap limit capabilities or the cgroup is not mounted. Memory limited without swap.
START RequestId: 36426eec-d22f-436a-8688-d13ef76b2d2a Version: $LATEST
5204
END RequestId: 36426eec-d22f-436a-8688-d13ef76b2d2a
REPORT RequestId: 36426eec-d22f-436a-8688-d13ef76b2d2a Duration: 10228 ms Billed Duration: 10300 ms Memory Size: 128 MB Max Memory Used: 14 MB

{"network": "84034958.2754,7769,6802,8460"}

==========Thread4========WARNING: Your kernel does not support swap limit capabilities or the cgroup is not mounted. Memory limited without swap.
START RequestId: 5da8c6c3-d00e-4cfc-9e06-7e8e5cfc50fe Version: $LATEST
5202
END RequestId: 5da8c6c3-d00e-4cfc-9e06-7e8e5cfc50fe
REPORT RequestId: 5da8c6c3-d00e-4cfc-9e06-7e8e5cfc50fe Duration: 10184 ms Billed Duration: 10200 ms Memory Size: 128 MB Max Memory Used: 14 MB

{"network": "90662057.5499,17132,6190,99140"}

==========Thread5========WARNING: Your kernel does not support swap limit capabilities or the cgroup is not mounted. Memory limited without swap.
START RequestId: ac02839d-6d74-4ea3-9974-626c352daee9 Version: $LATEST
5201
END RequestId: ac02839d-6d74-4ea3-9974-626c352daee9
REPORT RequestId: ac02839d-6d74-4ea3-9974-626c352daee9 Duration: 10189 ms Billed Duration: 10200 ms Memory Size: 128 MB Max Memory Used: 14 MB

{"network": "88456007.2385,8458,5804,10364"}
