
==========Thread1========WARNING: Your kernel does not support swap limit capabilities or the cgroup is not mounted. Memory limited without swap.
START RequestId: a996cff9-f54d-4298-8231-af8035f6ddab Version: $LATEST
5203
END RequestId: a996cff9-f54d-4298-8231-af8035f6ddab
REPORT RequestId: a996cff9-f54d-4298-8231-af8035f6ddab Duration: 10991 ms Billed Duration: 11000 ms Memory Size: 128 MB Max Memory Used: 14 MB

{"network": "68476421.1017,10315,7362,16026"}

==========Thread2========WARNING: Your kernel does not support swap limit capabilities or the cgroup is not mounted. Memory limited without swap.
START RequestId: 422671cf-72d5-4a56-8117-e0a3354d469e Version: $LATEST
5205
END RequestId: 422671cf-72d5-4a56-8117-e0a3354d469e
REPORT RequestId: 422671cf-72d5-4a56-8117-e0a3354d469e Duration: 10184 ms Billed Duration: 10200 ms Memory Size: 128 MB Max Memory Used: 14 MB

{"network": "41189397.1016,7605,6489,9332"}

==========Thread3========WARNING: Your kernel does not support swap limit capabilities or the cgroup is not mounted. Memory limited without swap.
START RequestId: d2c133c3-92ae-4e53-9139-34ed87c78314 Version: $LATEST
5206
END RequestId: d2c133c3-92ae-4e53-9139-34ed87c78314
REPORT RequestId: d2c133c3-92ae-4e53-9139-34ed87c78314 Duration: 10181 ms Billed Duration: 10200 ms Memory Size: 128 MB Max Memory Used: 14 MB

{"network": "43108674.141,7876,6880,8970"}

==========Thread4========WARNING: Your kernel does not support swap limit capabilities or the cgroup is not mounted. Memory limited without swap.
START RequestId: 5deb49cb-b038-4c51-9385-00b5f3a799e9 Version: $LATEST
5204
END RequestId: 5deb49cb-b038-4c51-9385-00b5f3a799e9
REPORT RequestId: 5deb49cb-b038-4c51-9385-00b5f3a799e9 Duration: 11010 ms Billed Duration: 11100 ms Memory Size: 128 MB Max Memory Used: 14 MB

{"network": "96703867.362,8586,7404,10054"}

==========Thread5========WARNING: Your kernel does not support swap limit capabilities or the cgroup is not mounted. Memory limited without swap.
START RequestId: 99cf6f59-dc61-4469-92f1-475126397b5c Version: $LATEST
5202
END RequestId: 99cf6f59-dc61-4469-92f1-475126397b5c
REPORT RequestId: 99cf6f59-dc61-4469-92f1-475126397b5c Duration: 10183 ms Billed Duration: 10200 ms Memory Size: 128 MB Max Memory Used: 14 MB

{"network": "39235373.1682,8861,7610,10171"}

==========Thread6========WARNING: Your kernel does not support swap limit capabilities or the cgroup is not mounted. Memory limited without swap.
START RequestId: 8f0c5735-5a6a-49ba-8f72-125b54a34e22 Version: $LATEST
5201
END RequestId: 8f0c5735-5a6a-49ba-8f72-125b54a34e22
REPORT RequestId: 8f0c5735-5a6a-49ba-8f72-125b54a34e22 Duration: 10350 ms Billed Duration: 10400 ms Memory Size: 128 MB Max Memory Used: 14 MB

{"network": "69996601.898,8284,7095,9524"}
