
==========Thread1========WARNING: Your kernel does not support swap limit capabilities or the cgroup is not mounted. Memory limited without swap.
START RequestId: 23fdc49f-2341-49da-9f9e-3256bba525b1 Version: $LATEST
5207
END RequestId: 23fdc49f-2341-49da-9f9e-3256bba525b1
REPORT RequestId: 23fdc49f-2341-49da-9f9e-3256bba525b1 Duration: 16467 ms Billed Duration: 16500 ms Memory Size: 128 MB Max Memory Used: 14 MB

{"network": "135289019.994,7768,5468,9201"}

==========Thread2========WARNING: Your kernel does not support swap limit capabilities or the cgroup is not mounted. Memory limited without swap.
START RequestId: 8b7dedad-875f-4f3d-8859-f13af2d07b56 Version: $LATEST
5203
END RequestId: 8b7dedad-875f-4f3d-8859-f13af2d07b56
REPORT RequestId: 8b7dedad-875f-4f3d-8859-f13af2d07b56 Duration: 10185 ms Billed Duration: 10200 ms Memory Size: 128 MB Max Memory Used: 14 MB

{"network": "37922592.8617,9223,7912,10515"}

==========Thread3========WARNING: Your kernel does not support swap limit capabilities or the cgroup is not mounted. Memory limited without swap.
START RequestId: 5807ed57-cd3f-44a4-8f6c-7e7c186a2f2c Version: $LATEST
5208
END RequestId: 5807ed57-cd3f-44a4-8f6c-7e7c186a2f2c
REPORT RequestId: 5807ed57-cd3f-44a4-8f6c-7e7c186a2f2c Duration: 16483 ms Billed Duration: 16500 ms Memory Size: 128 MB Max Memory Used: 14 MB

{"network": "129607211.041,8362,6634,12198"}

==========Thread4========WARNING: Your kernel does not support swap limit capabilities or the cgroup is not mounted. Memory limited without swap.
START RequestId: 2f72159d-4dc5-4ff8-bfba-73209ff78f3d Version: $LATEST
5205
END RequestId: 2f72159d-4dc5-4ff8-bfba-73209ff78f3d
REPORT RequestId: 2f72159d-4dc5-4ff8-bfba-73209ff78f3d Duration: 10210 ms Billed Duration: 10300 ms Memory Size: 128 MB Max Memory Used: 14 MB

{"network": "39177443.5913,10050,7702,11571"}

==========Thread5========WARNING: Your kernel does not support swap limit capabilities or the cgroup is not mounted. Memory limited without swap.
START RequestId: 02239f3e-3e6e-44c9-917d-b7b91d4bcc3b Version: $LATEST
5206
END RequestId: 02239f3e-3e6e-44c9-917d-b7b91d4bcc3b
REPORT RequestId: 02239f3e-3e6e-44c9-917d-b7b91d4bcc3b Duration: 10187 ms Billed Duration: 10200 ms Memory Size: 128 MB Max Memory Used: 14 MB

{"network": "51144786.5781,9123,7663,11096"}

==========Thread6========WARNING: Your kernel does not support swap limit capabilities or the cgroup is not mounted. Memory limited without swap.
START RequestId: f0b94988-0481-4c9a-9a13-1419f72087dd Version: $LATEST
5204
END RequestId: f0b94988-0481-4c9a-9a13-1419f72087dd
REPORT RequestId: f0b94988-0481-4c9a-9a13-1419f72087dd Duration: 10349 ms Billed Duration: 10400 ms Memory Size: 128 MB Max Memory Used: 14 MB

{"network": "61124588.0508,9452,7527,11353"}

==========Thread7========WARNING: Your kernel does not support swap limit capabilities or the cgroup is not mounted. Memory limited without swap.
START RequestId: 2f5f73e8-dd5d-4972-9f8e-2f4b216efc76 Version: $LATEST
5202
END RequestId: 2f5f73e8-dd5d-4972-9f8e-2f4b216efc76
REPORT RequestId: 2f5f73e8-dd5d-4972-9f8e-2f4b216efc76 Duration: 10566 ms Billed Duration: 10600 ms Memory Size: 128 MB Max Memory Used: 14 MB

{"network": "88276779.4014,11937,7421,18712"}

==========Thread8========WARNING: Your kernel does not support swap limit capabilities or the cgroup is not mounted. Memory limited without swap.
START RequestId: 163e928a-6923-4492-9a9d-c07c7f87e78d Version: $LATEST
5201
END RequestId: 163e928a-6923-4492-9a9d-c07c7f87e78d
REPORT RequestId: 163e928a-6923-4492-9a9d-c07c7f87e78d Duration: 12554 ms Billed Duration: 12600 ms Memory Size: 128 MB Max Memory Used: 14 MB

{"network": "67566115.3658,13271,6662,41283"}
