
==========Thread1========WARNING: Your kernel does not support swap limit capabilities or the cgroup is not mounted. Memory limited without swap.
START RequestId: f2195a22-e8e7-41a0-8799-997d814660bf Version: $LATEST
5207
END RequestId: f2195a22-e8e7-41a0-8799-997d814660bf
REPORT RequestId: f2195a22-e8e7-41a0-8799-997d814660bf Duration: 12100 ms Billed Duration: 12200 ms Memory Size: 128 MB Max Memory Used: 14 MB

{"network": "66398750.245,11236,6779,35295"}

==========Thread2========WARNING: Your kernel does not support swap limit capabilities or the cgroup is not mounted. Memory limited without swap.
START RequestId: 92f0e702-02b6-42ca-bc03-4c4ac990445e Version: $LATEST
5203
END RequestId: 92f0e702-02b6-42ca-bc03-4c4ac990445e
REPORT RequestId: 92f0e702-02b6-42ca-bc03-4c4ac990445e Duration: 12865 ms Billed Duration: 12900 ms Memory Size: 128 MB Max Memory Used: 14 MB

{"network": "116148387.313,8405,6905,10662"}

==========Thread3========WARNING: Your kernel does not support swap limit capabilities or the cgroup is not mounted. Memory limited without swap.
START RequestId: 30ec9420-03cf-411b-b1c2-2b7f5fd6ecb2 Version: $LATEST
5208
END RequestId: 30ec9420-03cf-411b-b1c2-2b7f5fd6ecb2
REPORT RequestId: 30ec9420-03cf-411b-b1c2-2b7f5fd6ecb2 Duration: 12064 ms Billed Duration: 12100 ms Memory Size: 128 MB Max Memory Used: 14 MB

{"network": "42695976.9833,8575,6561,10491"}

==========Thread4========WARNING: Your kernel does not support swap limit capabilities or the cgroup is not mounted. Memory limited without swap.
START RequestId: 70ceb336-dfef-4a14-a95a-c37da052fda2 Version: $LATEST
5205
END RequestId: 70ceb336-dfef-4a14-a95a-c37da052fda2
REPORT RequestId: 70ceb336-dfef-4a14-a95a-c37da052fda2 Duration: 10189 ms Billed Duration: 10200 ms Memory Size: 128 MB Max Memory Used: 14 MB

{"network": "32561326.2424,10225,7940,14434"}

==========Thread5========WARNING: Your kernel does not support swap limit capabilities or the cgroup is not mounted. Memory limited without swap.
START RequestId: fa8698bc-925d-474f-acfd-baa8bab87125 Version: $LATEST
5206
END RequestId: fa8698bc-925d-474f-acfd-baa8bab87125
REPORT RequestId: fa8698bc-925d-474f-acfd-baa8bab87125 Duration: 10564 ms Billed Duration: 10600 ms Memory Size: 128 MB Max Memory Used: 14 MB

{"network": "73971936.0913,14363,7985,42634"}

==========Thread6========WARNING: Your kernel does not support swap limit capabilities or the cgroup is not mounted. Memory limited without swap.
START RequestId: 89901c67-a7c9-41ec-ad0b-47f4b2896e9b Version: $LATEST
5204
END RequestId: 89901c67-a7c9-41ec-ad0b-47f4b2896e9b
REPORT RequestId: 89901c67-a7c9-41ec-ad0b-47f4b2896e9b Duration: 10276 ms Billed Duration: 10300 ms Memory Size: 128 MB Max Memory Used: 14 MB

{"network": "22601094.6139,12985,7570,21965"}

==========Thread7========WARNING: Your kernel does not support swap limit capabilities or the cgroup is not mounted. Memory limited without swap.
START RequestId: c2ecd7d2-61d7-4db3-bfcc-106f79765b3a Version: $LATEST
5202
END RequestId: c2ecd7d2-61d7-4db3-bfcc-106f79765b3a
REPORT RequestId: c2ecd7d2-61d7-4db3-bfcc-106f79765b3a Duration: 10184 ms Billed Duration: 10200 ms Memory Size: 128 MB Max Memory Used: 14 MB

{"network": "52939850.7501,8573,6709,10772"}

==========Thread8========WARNING: Your kernel does not support swap limit capabilities or the cgroup is not mounted. Memory limited without swap.
START RequestId: 42fd58e4-f1c4-4e5a-84f3-2325860ac351 Version: $LATEST
5209
END RequestId: 42fd58e4-f1c4-4e5a-84f3-2325860ac351
REPORT RequestId: 42fd58e4-f1c4-4e5a-84f3-2325860ac351 Duration: 12041 ms Billed Duration: 12100 ms Memory Size: 128 MB Max Memory Used: 14 MB

{"network": "41274505.9251,9741,7154,13918"}

==========Thread9========WARNING: Your kernel does not support swap limit capabilities or the cgroup is not mounted. Memory limited without swap.
START RequestId: ee210e7a-e8b4-42aa-afb9-c4aa0f3a7cf3 Version: $LATEST
5201
END RequestId: ee210e7a-e8b4-42aa-afb9-c4aa0f3a7cf3
REPORT RequestId: ee210e7a-e8b4-42aa-afb9-c4aa0f3a7cf3 Duration: 10356 ms Billed Duration: 10400 ms Memory Size: 128 MB Max Memory Used: 14 MB

{"network": "55170317.5249,8768,6952,10627"}
