
==========Thread1========WARNING: Your kernel does not support swap limit capabilities or the cgroup is not mounted. Memory limited without swap.
START RequestId: 66226638-a965-46ae-badc-2863b1b96119 Version: $LATEST
5207
END RequestId: 66226638-a965-46ae-badc-2863b1b96119
REPORT RequestId: 66226638-a965-46ae-badc-2863b1b96119 Duration: 10186 ms Billed Duration: 10200 ms Memory Size: 128 MB Max Memory Used: 14 MB

{"network": "44206574.4827,17952,6811,99805"}

==========Thread2========WARNING: Your kernel does not support swap limit capabilities or the cgroup is not mounted. Memory limited without swap.
START RequestId: 78b32afc-8645-4576-83c3-e43099670305 Version: $LATEST
5203
END RequestId: 78b32afc-8645-4576-83c3-e43099670305
REPORT RequestId: 78b32afc-8645-4576-83c3-e43099670305 Duration: 10184 ms Billed Duration: 10200 ms Memory Size: 128 MB Max Memory Used: 14 MB

{"network": "60328615.9634,8553,6941,10949"}

==========Thread3========WARNING: Your kernel does not support swap limit capabilities or the cgroup is not mounted. Memory limited without swap.
START RequestId: 0336f6d7-06ed-4177-a9f8-c5d0be35f72c Version: $LATEST
5205
END RequestId: 0336f6d7-06ed-4177-a9f8-c5d0be35f72c
REPORT RequestId: 0336f6d7-06ed-4177-a9f8-c5d0be35f72c Duration: 12047 ms Billed Duration: 12100 ms Memory Size: 128 MB Max Memory Used: 14 MB

{"network": "59311236.0923,9064,7427,9856"}

==========Thread4========WARNING: Your kernel does not support swap limit capabilities or the cgroup is not mounted. Memory limited without swap.
START RequestId: 826aa935-e3bd-4eb3-9b61-150de4d055d1 Version: $LATEST
5206
END RequestId: 826aa935-e3bd-4eb3-9b61-150de4d055d1
REPORT RequestId: 826aa935-e3bd-4eb3-9b61-150de4d055d1 Duration: 12061 ms Billed Duration: 12100 ms Memory Size: 128 MB Max Memory Used: 14 MB

{"network": "106906350.179,8465,7316,9870"}

==========Thread5========WARNING: Your kernel does not support swap limit capabilities or the cgroup is not mounted. Memory limited without swap.
START RequestId: 435035e5-01a5-432d-b998-8c8d8bd126a9 Version: $LATEST
5204
END RequestId: 435035e5-01a5-432d-b998-8c8d8bd126a9
REPORT RequestId: 435035e5-01a5-432d-b998-8c8d8bd126a9 Duration: 12880 ms Billed Duration: 12900 ms Memory Size: 128 MB Max Memory Used: 14 MB

{"network": "98148743.7769,8967,7517,10351"}

==========Thread6========WARNING: Your kernel does not support swap limit capabilities or the cgroup is not mounted. Memory limited without swap.
START RequestId: b5b1ead9-3e16-41a8-8cdd-3a09e8eed559 Version: $LATEST
5202
END RequestId: b5b1ead9-3e16-41a8-8cdd-3a09e8eed559
REPORT RequestId: b5b1ead9-3e16-41a8-8cdd-3a09e8eed559 Duration: 10182 ms Billed Duration: 10200 ms Memory Size: 128 MB Max Memory Used: 14 MB

{"network": "34217447.3251,12059,7641,28300"}

==========Thread7========WARNING: Your kernel does not support swap limit capabilities or the cgroup is not mounted. Memory limited without swap.
START RequestId: 291d0b03-bcc9-48f3-8819-99561cb1ef53 Version: $LATEST
5201
END RequestId: 291d0b03-bcc9-48f3-8819-99561cb1ef53
REPORT RequestId: 291d0b03-bcc9-48f3-8819-99561cb1ef53 Duration: 10183 ms Billed Duration: 10200 ms Memory Size: 128 MB Max Memory Used: 14 MB

{"network": "54872017.1049,8921,7310,10321"}
