
==========Thread1========WARNING: Your kernel does not support swap limit capabilities or the cgroup is not mounted. Memory limited without swap.
START RequestId: fe5f41e6-14fe-435e-909f-a8346a60d1ff Version: $LATEST
END RequestId: fe5f41e6-14fe-435e-909f-a8346a60d1ff
REPORT RequestId: fe5f41e6-14fe-435e-909f-a8346a60d1ff Duration: 13842 ms Billed Duration: 13900 ms Memory Size: 128 MB Max Memory Used: 119 MB

{"ioload": "1.32721, 38.6 MB/s;1.4572, 35.1 MB/s;1.38169, 37.1 MB/s;1.40778, 36.4 MB/s;2.06368, 24.8 MB/s;0.728587, 70.3 MB/s;0.77363, 66.2 MB/s;1.55084, 33.0 MB/s;1.15515, 44.3 MB/s;0.603185, 84.9 MB/s"}

==========Thread2========WARNING: Your kernel does not support swap limit capabilities or the cgroup is not mounted. Memory limited without swap.
START RequestId: 3b53e68b-79be-4255-8303-c5b51c94e56f Version: $LATEST
END RequestId: 3b53e68b-79be-4255-8303-c5b51c94e56f
REPORT RequestId: 3b53e68b-79be-4255-8303-c5b51c94e56f Duration: 14081 ms Billed Duration: 14100 ms Memory Size: 128 MB Max Memory Used: 119 MB

{"ioload": "0.853594, 60.0 MB/s;1.18154, 43.3 MB/s;1.37459, 37.2 MB/s;1.2096, 42.3 MB/s;0.856691, 59.8 MB/s;1.60229, 32.0 MB/s;2.07055, 24.7 MB/s;1.74278, 29.4 MB/s;1.2274, 41.7 MB/s;0.350669, 146 MB/s"}

==========Thread3========WARNING: Your kernel does not support swap limit capabilities or the cgroup is not mounted. Memory limited without swap.
START RequestId: 104e6c9e-15f7-40a0-aeb9-8f0a6fd066e0 Version: $LATEST
END RequestId: 104e6c9e-15f7-40a0-aeb9-8f0a6fd066e0
REPORT RequestId: 104e6c9e-15f7-40a0-aeb9-8f0a6fd066e0 Duration: 13554 ms Billed Duration: 13600 ms Memory Size: 128 MB Max Memory Used: 120 MB

{"ioload": "1.40662, 36.4 MB/s;1.12959, 45.3 MB/s;1.47462, 34.7 MB/s;1.54466, 33.1 MB/s;0.919576, 55.7 MB/s;0.287304, 178 MB/s;1.38075, 37.1 MB/s;1.7232, 29.7 MB/s;1.022, 50.1 MB/s;1.10766, 46.2 MB/s"}

==========Thread4========WARNING: Your kernel does not support swap limit capabilities or the cgroup is not mounted. Memory limited without swap.
START RequestId: 02942748-2ac9-42a2-97e7-491ab6f76b1e Version: $LATEST
END RequestId: 02942748-2ac9-42a2-97e7-491ab6f76b1e
REPORT RequestId: 02942748-2ac9-42a2-97e7-491ab6f76b1e Duration: 13020 ms Billed Duration: 13100 ms Memory Size: 128 MB Max Memory Used: 119 MB

{"ioload": "1.14345, 44.8 MB/s;1.32918, 38.5 MB/s;1.34433, 38.1 MB/s;0.832777, 61.5 MB/s;1.10667, 46.3 MB/s;0.899092, 56.9 MB/s;2.06419, 24.8 MB/s;0.979944, 52.2 MB/s;0.836349, 61.2 MB/s;0.98746, 51.9 MB/s"}

==========Thread5========WARNING: Your kernel does not support swap limit capabilities or the cgroup is not mounted. Memory limited without swap.
START RequestId: 5b997ec4-bd48-403f-9f0e-4ca77e73311e Version: $LATEST
END RequestId: 5b997ec4-bd48-403f-9f0e-4ca77e73311e
REPORT RequestId: 5b997ec4-bd48-403f-9f0e-4ca77e73311e Duration: 14125 ms Billed Duration: 14200 ms Memory Size: 128 MB Max Memory Used: 120 MB

{"ioload": "1.24908, 41.0 MB/s;1.25094, 40.9 MB/s;1.44755, 35.4 MB/s;1.54893, 33.1 MB/s;1.94914, 26.3 MB/s;1.40865, 36.3 MB/s;0.980751, 52.2 MB/s;1.40947, 36.3 MB/s;1.14461, 44.7 MB/s;0.412792, 124 MB/s"}

==========Thread6========WARNING: Your kernel does not support swap limit capabilities or the cgroup is not mounted. Memory limited without swap.
START RequestId: bce21b76-496e-4ae6-8ad6-08f09875b2ae Version: $LATEST
END RequestId: bce21b76-496e-4ae6-8ad6-08f09875b2ae
REPORT RequestId: bce21b76-496e-4ae6-8ad6-08f09875b2ae Duration: 12575 ms Billed Duration: 12600 ms Memory Size: 128 MB Max Memory Used: 120 MB

{"ioload": "0.369408, 139 MB/s;0.31847, 161 MB/s;1.04025, 49.2 MB/s;1.01928, 50.2 MB/s;1.41937, 36.1 MB/s;0.987392, 51.9 MB/s;0.930913, 55.0 MB/s;1.43141, 35.8 MB/s;2.08663, 24.5 MB/s;1.72861, 29.6 MB/s"}

==========Thread7========WARNING: Your kernel does not support swap limit capabilities or the cgroup is not mounted. Memory limited without swap.
START RequestId: dc3955f4-acf0-4f4d-b444-99578eb4518d Version: $LATEST
END RequestId: dc3955f4-acf0-4f4d-b444-99578eb4518d
REPORT RequestId: dc3955f4-acf0-4f4d-b444-99578eb4518d Duration: 14006 ms Billed Duration: 14100 ms Memory Size: 128 MB Max Memory Used: 120 MB

{"ioload": "0.367707, 139 MB/s;1.01773, 50.3 MB/s;1.4552, 35.2 MB/s;1.11788, 45.8 MB/s;1.56572, 32.7 MB/s;1.19401, 42.9 MB/s;2.0089, 25.5 MB/s;1.74912, 29.3 MB/s;0.920748, 55.6 MB/s;1.14725, 44.6 MB/s"}

==========Thread8========WARNING: Your kernel does not support swap limit capabilities or the cgroup is not mounted. Memory limited without swap.
START RequestId: e606f511-dfe0-4827-a6dc-e5e065b21eef Version: $LATEST
END RequestId: e606f511-dfe0-4827-a6dc-e5e065b21eef
REPORT RequestId: e606f511-dfe0-4827-a6dc-e5e065b21eef Duration: 13524 ms Billed Duration: 13600 ms Memory Size: 128 MB Max Memory Used: 119 MB

{"ioload": "1.13781, 45.0 MB/s;1.46244, 35.0 MB/s;1.38317, 37.0 MB/s;1.61399, 31.7 MB/s;1.62237, 31.6 MB/s;0.845492, 60.6 MB/s;0.675108, 75.8 MB/s;1.74634, 29.3 MB/s;0.878615, 58.3 MB/s;0.811019, 63.1 MB/s"}
