
==========Thread1========WARNING: Your kernel does not support swap limit capabilities or the cgroup is not mounted. Memory limited without swap.
START RequestId: 7662b2e5-4872-4483-8a29-6a3ae554d5d3 Version: $LATEST
END RequestId: 7662b2e5-4872-4483-8a29-6a3ae554d5d3
REPORT RequestId: 7662b2e5-4872-4483-8a29-6a3ae554d5d3 Duration: 11455 ms Billed Duration: 11500 ms Memory Size: 128 MB Max Memory Used: 120 MB

{"ioload": "0.954287, 53.7 MB/s;0.95908, 53.4 MB/s;1.2905, 39.7 MB/s;1.29899, 39.4 MB/s;0.930944, 55.0 MB/s;0.999205, 51.2 MB/s;1.12449, 45.5 MB/s;1.52335, 33.6 MB/s;0.689171, 74.3 MB/s;0.44569, 115 MB/s"}

==========Thread2========WARNING: Your kernel does not support swap limit capabilities or the cgroup is not mounted. Memory limited without swap.
START RequestId: 0611e8ce-fa15-4a98-afab-18ea0de8a398 Version: $LATEST
END RequestId: 0611e8ce-fa15-4a98-afab-18ea0de8a398
REPORT RequestId: 0611e8ce-fa15-4a98-afab-18ea0de8a398 Duration: 11956 ms Billed Duration: 12000 ms Memory Size: 128 MB Max Memory Used: 120 MB

{"ioload": "1.14313, 44.8 MB/s;0.861183, 59.5 MB/s;1.13153, 45.2 MB/s;1.20672, 42.4 MB/s;0.65529, 78.1 MB/s;1.16374, 44.0 MB/s;1.25946, 40.7 MB/s;1.31119, 39.0 MB/s;1.31098, 39.1 MB/s;0.61343, 83.5 MB/s"}

==========Thread3========WARNING: Your kernel does not support swap limit capabilities or the cgroup is not mounted. Memory limited without swap.
START RequestId: 6a1c7810-514c-4079-aa71-11fc8924d874 Version: $LATEST
END RequestId: 6a1c7810-514c-4079-aa71-11fc8924d874
REPORT RequestId: 6a1c7810-514c-4079-aa71-11fc8924d874 Duration: 12525 ms Billed Duration: 12600 ms Memory Size: 128 MB Max Memory Used: 120 MB

{"ioload": "1.33842, 38.3 MB/s;1.57846, 32.4 MB/s;1.22322, 41.9 MB/s;1.39817, 36.6 MB/s;1.36161, 37.6 MB/s;1.09251, 46.9 MB/s;1.54155, 33.2 MB/s;0.793417, 64.5 MB/s;0.523352, 97.8 MB/s;0.41133, 124 MB/s"}

==========Thread4========WARNING: Your kernel does not support swap limit capabilities or the cgroup is not mounted. Memory limited without swap.
START RequestId: 1df26f74-f936-4b34-99b3-4ceecc41ffcf Version: $LATEST
END RequestId: 1df26f74-f936-4b34-99b3-4ceecc41ffcf
REPORT RequestId: 1df26f74-f936-4b34-99b3-4ceecc41ffcf Duration: 10911 ms Billed Duration: 11000 ms Memory Size: 128 MB Max Memory Used: 119 MB

{"ioload": "0.37771, 136 MB/s;0.484178, 106 MB/s;0.890376, 57.5 MB/s;1.29025, 39.7 MB/s;0.760566, 67.3 MB/s;1.36634, 37.5 MB/s;0.955872, 53.6 MB/s;1.0013, 51.1 MB/s;1.09621, 46.7 MB/s;1.30321, 39.3 MB/s"}

==========Thread5========WARNING: Your kernel does not support swap limit capabilities or the cgroup is not mounted. Memory limited without swap.
START RequestId: 3e16792c-084a-40cd-9a67-9a291ad05c0f Version: $LATEST
END RequestId: 3e16792c-084a-40cd-9a67-9a291ad05c0f
REPORT RequestId: 3e16792c-084a-40cd-9a67-9a291ad05c0f Duration: 11830 ms Billed Duration: 11900 ms Memory Size: 128 MB Max Memory Used: 119 MB

{"ioload": "1.47025, 34.8 MB/s;1.43775, 35.6 MB/s;0.863854, 59.3 MB/s;0.665812, 76.9 MB/s;1.28231, 39.9 MB/s;1.16191, 44.1 MB/s;1.11854, 45.8 MB/s;1.21325, 42.2 MB/s;0.568287, 90.1 MB/s;0.539197, 95.0 MB/s"}

==========Thread6========WARNING: Your kernel does not support swap limit capabilities or the cgroup is not mounted. Memory limited without swap.
START RequestId: 07e28e7d-af03-4850-9ba4-8f5202195170 Version: $LATEST
END RequestId: 07e28e7d-af03-4850-9ba4-8f5202195170
REPORT RequestId: 07e28e7d-af03-4850-9ba4-8f5202195170 Duration: 10160 ms Billed Duration: 10200 ms Memory Size: 128 MB Max Memory Used: 120 MB

{"ioload": "0.939667, 54.5 MB/s;0.427998, 120 MB/s;0.283094, 181 MB/s;0.878648, 58.3 MB/s;1.00533, 50.9 MB/s;1.38697, 36.9 MB/s;1.38599, 36.9 MB/s;1.11015, 46.1 MB/s;0.546848, 93.6 MB/s;0.665069, 77.0 MB/s"}

==========Thread7========WARNING: Your kernel does not support swap limit capabilities or the cgroup is not mounted. Memory limited without swap.
START RequestId: 0a8459f9-85ed-4569-a511-a6154d7e3191 Version: $LATEST
END RequestId: 0a8459f9-85ed-4569-a511-a6154d7e3191
REPORT RequestId: 0a8459f9-85ed-4569-a511-a6154d7e3191 Duration: 11688 ms Billed Duration: 11700 ms Memory Size: 128 MB Max Memory Used: 120 MB

{"ioload": "0.871227, 58.8 MB/s;1.50709, 34.0 MB/s;1.41303, 36.2 MB/s;1.27084, 40.3 MB/s;1.02029, 50.2 MB/s;0.765169, 66.9 MB/s;1.03215, 49.6 MB/s;1.16429, 44.0 MB/s;0.62312, 82.2 MB/s;0.739557, 69.2 MB/s"}
