
==========Thread1========WARNING: Your kernel does not support swap limit capabilities or the cgroup is not mounted. Memory limited without swap.
START RequestId: 6e05b082-c1bc-4d2c-b1cf-12d0217a2371 Version: $LATEST
END RequestId: 6e05b082-c1bc-4d2c-b1cf-12d0217a2371
REPORT RequestId: 6e05b082-c1bc-4d2c-b1cf-12d0217a2371 Duration: 14943 ms Billed Duration: 15000 ms Memory Size: 128 MB Max Memory Used: 120 MB

{"ioload": "1.68874, 30.3 MB/s;1.64866, 31.1 MB/s;1.51565, 33.8 MB/s;1.51873, 33.7 MB/s;1.02829, 49.8 MB/s;1.57189, 32.6 MB/s;1.25248, 40.9 MB/s;1.25005, 41.0 MB/s;0.842304, 60.8 MB/s;1.07929, 47.4 MB/s"}

==========Thread2========WARNING: Your kernel does not support swap limit capabilities or the cgroup is not mounted. Memory limited without swap.
START RequestId: ab2e4f76-eb53-417b-b612-b1872166d7cb Version: $LATEST
END RequestId: ab2e4f76-eb53-417b-b612-b1872166d7cb
REPORT RequestId: ab2e4f76-eb53-417b-b612-b1872166d7cb Duration: 13712 ms Billed Duration: 13800 ms Memory Size: 128 MB Max Memory Used: 121 MB

{"ioload": "0.386919, 132 MB/s;0.588011, 87.1 MB/s;1.10688, 46.3 MB/s;1.18697, 43.1 MB/s;1.09758, 46.6 MB/s;1.37866, 37.1 MB/s;1.54695, 33.1 MB/s;1.99197, 25.7 MB/s;1.87603, 27.3 MB/s;1.01148, 50.6 MB/s"}

==========Thread3========WARNING: Your kernel does not support swap limit capabilities or the cgroup is not mounted. Memory limited without swap.
START RequestId: f8812f5c-1210-4502-ac0f-d1e809ebce5c Version: $LATEST
END RequestId: f8812f5c-1210-4502-ac0f-d1e809ebce5c
REPORT RequestId: f8812f5c-1210-4502-ac0f-d1e809ebce5c Duration: 14353 ms Billed Duration: 14400 ms Memory Size: 128 MB Max Memory Used: 120 MB

{"ioload": "1.6937, 30.2 MB/s;1.23173, 41.6 MB/s;1.28, 40.0 MB/s;1.52203, 33.6 MB/s;2.15622, 23.7 MB/s;0.838993, 61.0 MB/s;1.12013, 45.7 MB/s;1.29379, 39.6 MB/s;1.13689, 45.0 MB/s;0.488739, 105 MB/s"}

==========Thread4========WARNING: Your kernel does not support swap limit capabilities or the cgroup is not mounted. Memory limited without swap.
START RequestId: e13435aa-f4b1-4e01-859d-0b8ba1828886 Version: $LATEST
END RequestId: e13435aa-f4b1-4e01-859d-0b8ba1828886
REPORT RequestId: e13435aa-f4b1-4e01-859d-0b8ba1828886 Duration: 13196 ms Billed Duration: 13200 ms Memory Size: 128 MB Max Memory Used: 120 MB

{"ioload": "0.495762, 103 MB/s;1.66744, 30.7 MB/s;1.28874, 39.7 MB/s;0.998953, 51.3 MB/s;1.51449, 33.8 MB/s;0.962994, 53.2 MB/s;1.18264, 43.3 MB/s;0.501423, 102 MB/s;1.72828, 29.6 MB/s;1.25418, 40.8 MB/s"}

==========Thread5========WARNING: Your kernel does not support swap limit capabilities or the cgroup is not mounted. Memory limited without swap.
START RequestId: c2e71454-65bb-4b37-b803-6bb8c77f0880 Version: $LATEST
END RequestId: c2e71454-65bb-4b37-b803-6bb8c77f0880
REPORT RequestId: c2e71454-65bb-4b37-b803-6bb8c77f0880 Duration: 15856 ms Billed Duration: 15900 ms Memory Size: 128 MB Max Memory Used: 119 MB

{"ioload": "1.02019, 50.2 MB/s;1.24173, 41.2 MB/s;1.74239, 29.4 MB/s;1.46735, 34.9 MB/s;1.33351, 38.4 MB/s;1.88263, 27.2 MB/s;1.33608, 38.3 MB/s;1.76898, 28.9 MB/s;1.3688, 37.4 MB/s;1.18137, 43.3 MB/s"}

==========Thread6========WARNING: Your kernel does not support swap limit capabilities or the cgroup is not mounted. Memory limited without swap.
START RequestId: 7074887e-7a26-4b9c-9f88-f28158223730 Version: $LATEST
END RequestId: 7074887e-7a26-4b9c-9f88-f28158223730
REPORT RequestId: 7074887e-7a26-4b9c-9f88-f28158223730 Duration: 15256 ms Billed Duration: 15300 ms Memory Size: 128 MB Max Memory Used: 120 MB

{"ioload": "1.70018, 30.1 MB/s;1.71978, 29.8 MB/s;1.48782, 34.4 MB/s;1.34737, 38.0 MB/s;1.06178, 48.2 MB/s;2.16572, 23.6 MB/s;1.74014, 29.4 MB/s;0.499629, 102 MB/s;1.11646, 45.9 MB/s;0.950594, 53.9 MB/s"}

==========Thread7========WARNING: Your kernel does not support swap limit capabilities or the cgroup is not mounted. Memory limited without swap.
START RequestId: 6bcb6e0c-c3cc-4641-90bf-460d0ebb6a96 Version: $LATEST
END RequestId: 6bcb6e0c-c3cc-4641-90bf-460d0ebb6a96
REPORT RequestId: 6bcb6e0c-c3cc-4641-90bf-460d0ebb6a96 Duration: 16441 ms Billed Duration: 16500 ms Memory Size: 128 MB Max Memory Used: 119 MB

{"ioload": "0.656996, 77.9 MB/s;1.00341, 51.0 MB/s;1.63903, 31.2 MB/s;1.76779, 29.0 MB/s;1.35206, 37.9 MB/s;1.83636, 27.9 MB/s;2.18561, 23.4 MB/s;1.8199, 28.1 MB/s;1.40634, 36.4 MB/s;1.29208, 39.6 MB/s"}

==========Thread8========WARNING: Your kernel does not support swap limit capabilities or the cgroup is not mounted. Memory limited without swap.
START RequestId: 0420342a-5021-4202-b9b6-4ae1b7db107c Version: $LATEST
END RequestId: 0420342a-5021-4202-b9b6-4ae1b7db107c
REPORT RequestId: 0420342a-5021-4202-b9b6-4ae1b7db107c Duration: 15070 ms Billed Duration: 15100 ms Memory Size: 128 MB Max Memory Used: 120 MB

{"ioload": "1.2624, 40.6 MB/s;1.28573, 39.8 MB/s;1.63816, 31.3 MB/s;1.52956, 33.5 MB/s;2.15573, 23.8 MB/s;1.89187, 27.1 MB/s;1.67822, 30.5 MB/s;1.14457, 44.7 MB/s;0.613403, 83.5 MB/s;0.282996, 181 MB/s"}

==========Thread9========WARNING: Your kernel does not support swap limit capabilities or the cgroup is not mounted. Memory limited without swap.
START RequestId: 4926059d-6dd5-4290-892e-08eaf80a968b Version: $LATEST
END RequestId: 4926059d-6dd5-4290-892e-08eaf80a968b
REPORT RequestId: 4926059d-6dd5-4290-892e-08eaf80a968b Duration: 15109 ms Billed Duration: 15200 ms Memory Size: 128 MB Max Memory Used: 120 MB

{"ioload": "0.627837, 81.5 MB/s;0.873663, 58.6 MB/s;1.21205, 42.2 MB/s;1.78735, 28.6 MB/s;1.66023, 30.8 MB/s;1.60258, 31.9 MB/s;1.79451, 28.5 MB/s;1.33289, 38.4 MB/s;1.43971, 35.6 MB/s;1.21176, 42.3 MB/s"}
