
==========Thread1========WARNING: Your kernel does not support swap limit capabilities or the cgroup is not mounted. Memory limited without swap.
START RequestId: f71108db-f312-4876-9aa4-7e1d9d6ce61e Version: $LATEST
END RequestId: f71108db-f312-4876-9aa4-7e1d9d6ce61e
REPORT RequestId: f71108db-f312-4876-9aa4-7e1d9d6ce61e Duration: 8618 ms Billed Duration: 8700 ms Memory Size: 128 MB Max Memory Used: 119 MB

{"ioload": "0.731496, 70.0 MB/s;0.363553, 141 MB/s;0.443115, 116 MB/s;0.683807, 74.9 MB/s;1.10997, 46.1 MB/s;1.13514, 45.1 MB/s;0.911605, 56.2 MB/s;0.958406, 53.4 MB/s;0.860906, 59.5 MB/s;0.303383, 169 MB/s"}

==========Thread2========WARNING: Your kernel does not support swap limit capabilities or the cgroup is not mounted. Memory limited without swap.
START RequestId: 0f2cd531-aee6-443c-8595-2552223c84b8 Version: $LATEST
END RequestId: 0f2cd531-aee6-443c-8595-2552223c84b8
REPORT RequestId: 0f2cd531-aee6-443c-8595-2552223c84b8 Duration: 9079 ms Billed Duration: 9100 ms Memory Size: 128 MB Max Memory Used: 121 MB

{"ioload": "0.905529, 56.5 MB/s;0.653395, 78.4 MB/s;0.736409, 69.5 MB/s;1.05365, 48.6 MB/s;0.402384, 127 MB/s;1.04816, 48.8 MB/s;1.06196, 48.2 MB/s;0.946361, 54.1 MB/s;0.658307, 77.8 MB/s;0.313776, 163 MB/s"}

==========Thread3========WARNING: Your kernel does not support swap limit capabilities or the cgroup is not mounted. Memory limited without swap.
START RequestId: d7b3bfcc-1692-434b-80da-80c9055ab459 Version: $LATEST
END RequestId: d7b3bfcc-1692-434b-80da-80c9055ab459
REPORT RequestId: d7b3bfcc-1692-434b-80da-80c9055ab459 Duration: 8340 ms Billed Duration: 8400 ms Memory Size: 128 MB Max Memory Used: 119 MB

{"ioload": "0.729354, 70.2 MB/s;0.901205, 56.8 MB/s;1.00233, 51.1 MB/s;0.27249, 188 MB/s;0.419511, 122 MB/s;1.09875, 46.6 MB/s;0.473467, 108 MB/s;0.965337, 53.0 MB/s;0.938286, 54.6 MB/s;0.300987, 170 MB/s"}

==========Thread4========WARNING: Your kernel does not support swap limit capabilities or the cgroup is not mounted. Memory limited without swap.
START RequestId: e3ca7fbf-3668-43f8-b95d-5abe8f4138b1 Version: $LATEST
END RequestId: e3ca7fbf-3668-43f8-b95d-5abe8f4138b1
REPORT RequestId: e3ca7fbf-3668-43f8-b95d-5abe8f4138b1 Duration: 7365 ms Billed Duration: 7400 ms Memory Size: 128 MB Max Memory Used: 120 MB

{"ioload": "0.926961, 55.2 MB/s;1.16563, 43.9 MB/s;0.307878, 166 MB/s;0.411867, 124 MB/s;1.06265, 48.2 MB/s;0.639302, 80.1 MB/s;0.430145, 119 MB/s;0.307804, 166 MB/s;0.463371, 110 MB/s;0.564831, 90.6 MB/s"}

==========Thread5========WARNING: Your kernel does not support swap limit capabilities or the cgroup is not mounted. Memory limited without swap.
START RequestId: 5e354f74-0d38-4ca0-b493-cd86422a674b Version: $LATEST
END RequestId: 5e354f74-0d38-4ca0-b493-cd86422a674b
REPORT RequestId: 5e354f74-0d38-4ca0-b493-cd86422a674b Duration: 8569 ms Billed Duration: 8600 ms Memory Size: 128 MB Max Memory Used: 121 MB

{"ioload": "0.370894, 138 MB/s;0.949413, 53.9 MB/s;1.16399, 44.0 MB/s;1.23742, 41.4 MB/s;0.639708, 80.0 MB/s;0.635777, 80.5 MB/s;1.02283, 50.1 MB/s;0.565317, 90.6 MB/s;0.43752, 117 MB/s;0.320828, 160 MB/s"}
