
==========Thread1========WARNING: Your kernel does not support swap limit capabilities or the cgroup is not mounted. Memory limited without swap.
START RequestId: ef7bfbbc-14a7-436f-a8c9-7a2b83dda891 Version: $LATEST
END RequestId: ef7bfbbc-14a7-436f-a8c9-7a2b83dda891
REPORT RequestId: ef7bfbbc-14a7-436f-a8c9-7a2b83dda891 Duration: 9637 ms Billed Duration: 9700 ms Memory Size: 128 MB Max Memory Used: 121 MB

{"ioload": "0.359869, 142 MB/s;1.03594, 49.4 MB/s;0.925051, 55.3 MB/s;0.664103, 77.1 MB/s;1.20614, 42.4 MB/s;0.959665, 53.4 MB/s;1.09579, 46.7 MB/s;0.947485, 54.0 MB/s;0.654371, 78.2 MB/s;0.497203, 103 MB/s"}

==========Thread2========WARNING: Your kernel does not support swap limit capabilities or the cgroup is not mounted. Memory limited without swap.
START RequestId: 43e7d59f-9f43-4254-ba54-488de574b26b Version: $LATEST
END RequestId: 43e7d59f-9f43-4254-ba54-488de574b26b
REPORT RequestId: 43e7d59f-9f43-4254-ba54-488de574b26b Duration: 10584 ms Billed Duration: 10600 ms Memory Size: 128 MB Max Memory Used: 121 MB

{"ioload": "1.06729, 48.0 MB/s;1.06618, 48.0 MB/s;0.569092, 90.0 MB/s;0.651444, 78.6 MB/s;1.08157, 47.3 MB/s;0.927154, 55.2 MB/s;1.09763, 46.6 MB/s;1.27035, 40.3 MB/s;0.674607, 75.9 MB/s;0.657514, 77.9 MB/s"}

==========Thread3========WARNING: Your kernel does not support swap limit capabilities or the cgroup is not mounted. Memory limited without swap.
START RequestId: dfb9d6ff-488e-466b-88f2-f51022e23947 Version: $LATEST
END RequestId: dfb9d6ff-488e-466b-88f2-f51022e23947
REPORT RequestId: dfb9d6ff-488e-466b-88f2-f51022e23947 Duration: 9649 ms Billed Duration: 9700 ms Memory Size: 128 MB Max Memory Used: 121 MB

{"ioload": "0.833105, 61.5 MB/s;0.625211, 81.9 MB/s;1.12223, 45.6 MB/s;1.25156, 40.9 MB/s;0.956006, 53.6 MB/s;0.52815, 96.9 MB/s;0.956616, 53.5 MB/s;1.10637, 46.3 MB/s;0.487578, 105 MB/s;0.475023, 108 MB/s"}

==========Thread4========WARNING: Your kernel does not support swap limit capabilities or the cgroup is not mounted. Memory limited without swap.
START RequestId: 9e29ee21-a8e7-4588-8bca-3a058c8354b4 Version: $LATEST
END RequestId: 9e29ee21-a8e7-4588-8bca-3a058c8354b4
REPORT RequestId: 9e29ee21-a8e7-4588-8bca-3a058c8354b4 Duration: 10524 ms Billed Duration: 10600 ms Memory Size: 128 MB Max Memory Used: 120 MB

{"ioload": "0.674309, 75.9 MB/s;1.15162, 44.5 MB/s;1.12299, 45.6 MB/s;1.12031, 45.7 MB/s;1.08376, 47.2 MB/s;0.880075, 58.2 MB/s;0.76463, 67.0 MB/s;1.0759, 47.6 MB/s;0.712881, 71.8 MB/s;0.577281, 88.7 MB/s"}

==========Thread5========WARNING: Your kernel does not support swap limit capabilities or the cgroup is not mounted. Memory limited without swap.
START RequestId: a91c38f5-3019-4177-b6b4-5ad4e3782ca6 Version: $LATEST
END RequestId: a91c38f5-3019-4177-b6b4-5ad4e3782ca6
REPORT RequestId: a91c38f5-3019-4177-b6b4-5ad4e3782ca6 Duration: 10152 ms Billed Duration: 10200 ms Memory Size: 128 MB Max Memory Used: 120 MB

{"ioload": "1.03976, 49.2 MB/s;0.463996, 110 MB/s;1.04678, 48.9 MB/s;1.12935, 45.3 MB/s;1.01297, 50.5 MB/s;1.11641, 45.9 MB/s;0.649773, 78.8 MB/s;0.829713, 61.7 MB/s;1.10137, 46.5 MB/s;0.53181, 96.3 MB/s"}

==========Thread6========WARNING: Your kernel does not support swap limit capabilities or the cgroup is not mounted. Memory limited without swap.
START RequestId: 3b89b59c-4826-4b9d-909d-7247ed664f86 Version: $LATEST
END RequestId: 3b89b59c-4826-4b9d-909d-7247ed664f86
REPORT RequestId: 3b89b59c-4826-4b9d-909d-7247ed664f86 Duration: 10542 ms Billed Duration: 10600 ms Memory Size: 128 MB Max Memory Used: 121 MB

{"ioload": "1.06284, 48.2 MB/s;1.01662, 50.4 MB/s;0.621292, 82.4 MB/s;0.976773, 52.4 MB/s;0.803764, 63.7 MB/s;0.94631, 54.1 MB/s;1.13961, 44.9 MB/s;1.24613, 41.1 MB/s;0.670844, 76.3 MB/s;0.608223, 84.2 MB/s"}
