
==========Thread1========WARNING: Your kernel does not support swap limit capabilities or the cgroup is not mounted. Memory limited without swap.
START RequestId: 838db9a7-ea14-471f-89b3-1fd9351897b4 Version: $LATEST
END RequestId: 838db9a7-ea14-471f-89b3-1fd9351897b4
REPORT RequestId: 838db9a7-ea14-471f-89b3-1fd9351897b4 Duration: 7475 ms Billed Duration: 7500 ms Memory Size: 128 MB Max Memory Used: 119 MB

{"ioload": "0.653329, 78.4 MB/s;0.498855, 103 MB/s;0.53311, 96.0 MB/s;0.645635, 79.3 MB/s;0.82771, 61.9 MB/s;0.672316, 76.2 MB/s;0.910037, 56.3 MB/s;0.588999, 86.9 MB/s;0.536973, 95.3 MB/s;0.458163, 112 MB/s"}

==========Thread2========WARNING: Your kernel does not support swap limit capabilities or the cgroup is not mounted. Memory limited without swap.
START RequestId: 67d937a5-7605-44cf-90b4-71aed3577181 Version: $LATEST
END RequestId: 67d937a5-7605-44cf-90b4-71aed3577181
REPORT RequestId: 67d937a5-7605-44cf-90b4-71aed3577181 Duration: 6518 ms Billed Duration: 6600 ms Memory Size: 128 MB Max Memory Used: 120 MB

{"ioload": "0.377152, 136 MB/s;0.433119, 118 MB/s;0.318371, 161 MB/s;0.552062, 92.7 MB/s;0.308168, 166 MB/s;0.708535, 72.3 MB/s;0.619158, 82.7 MB/s;0.3004, 170 MB/s;1.00806, 50.8 MB/s;0.606371, 84.4 MB/s"}

==========Thread3========WARNING: Your kernel does not support swap limit capabilities or the cgroup is not mounted. Memory limited without swap.
START RequestId: c411b874-40bf-4992-ab1c-98cedd53fb6a Version: $LATEST
END RequestId: c411b874-40bf-4992-ab1c-98cedd53fb6a
REPORT RequestId: c411b874-40bf-4992-ab1c-98cedd53fb6a Duration: 6848 ms Billed Duration: 6900 ms Memory Size: 128 MB Max Memory Used: 121 MB

{"ioload": "0.675451, 75.8 MB/s;0.770484, 66.5 MB/s;0.734573, 69.7 MB/s;0.90708, 56.4 MB/s;0.319667, 160 MB/s;0.652366, 78.5 MB/s;0.309654, 165 MB/s;0.606448, 84.4 MB/s;0.287868, 178 MB/s;0.288468, 177 MB/s"}

==========Thread4========WARNING: Your kernel does not support swap limit capabilities or the cgroup is not mounted. Memory limited without swap.
START RequestId: b99d570c-5b5d-45a4-a9f1-c4184fbb8e66 Version: $LATEST
END RequestId: b99d570c-5b5d-45a4-a9f1-c4184fbb8e66
REPORT RequestId: b99d570c-5b5d-45a4-a9f1-c4184fbb8e66 Duration: 7129 ms Billed Duration: 7200 ms Memory Size: 128 MB Max Memory Used: 121 MB

{"ioload": "0.621827, 82.3 MB/s;0.775755, 66.0 MB/s;0.738847, 69.3 MB/s;0.297747, 172 MB/s;0.316256, 162 MB/s;0.694974, 73.7 MB/s;0.937926, 54.6 MB/s;0.393535, 130 MB/s;0.574385, 89.1 MB/s;0.506273, 101 MB/s"}
