
==========Thread1========WARNING: Your kernel does not support swap limit capabilities or the cgroup is not mounted. Memory limited without swap.
START RequestId: f618fc2a-2cdd-4b16-a045-d8dcfda97815 Version: $LATEST
END RequestId: f618fc2a-2cdd-4b16-a045-d8dcfda97815
REPORT RequestId: f618fc2a-2cdd-4b16-a045-d8dcfda97815 Duration: 16071 ms Billed Duration: 16100 ms Memory Size: 128 MB Max Memory Used: 120 MB

{"ioload": "1.40141, 36.5 MB/s;1.97798, 25.9 MB/s;1.64705, 31.1 MB/s;1.86459, 27.5 MB/s;2.07924, 24.6 MB/s;1.50957, 33.9 MB/s;1.16833, 43.8 MB/s;1.73498, 29.5 MB/s;1.08691, 47.1 MB/s;0.290755, 176 MB/s"}

==========Thread2========WARNING: Your kernel does not support swap limit capabilities or the cgroup is not mounted. Memory limited without swap.
START RequestId: 37e7bcd6-c1e4-473e-b283-b18d1c1542b2 Version: $LATEST
END RequestId: 37e7bcd6-c1e4-473e-b283-b18d1c1542b2
REPORT RequestId: 37e7bcd6-c1e4-473e-b283-b18d1c1542b2 Duration: 16950 ms Billed Duration: 17000 ms Memory Size: 128 MB Max Memory Used: 119 MB

{"ioload": "1.45951, 35.1 MB/s;1.97374, 25.9 MB/s;1.7907, 28.6 MB/s;2.01401, 25.4 MB/s;2.15884, 23.7 MB/s;1.95769, 26.2 MB/s;1.74131, 29.4 MB/s;0.957983, 53.4 MB/s;0.456158, 112 MB/s;0.651275, 78.6 MB/s"}

==========Thread3========WARNING: Your kernel does not support swap limit capabilities or the cgroup is not mounted. Memory limited without swap.
START RequestId: 1a692b6a-5922-41da-8c84-cacb65a84610 Version: $LATEST
END RequestId: 1a692b6a-5922-41da-8c84-cacb65a84610
REPORT RequestId: 1a692b6a-5922-41da-8c84-cacb65a84610 Duration: 16853 ms Billed Duration: 16900 ms Memory Size: 128 MB Max Memory Used: 120 MB

{"ioload": "0.638402, 80.2 MB/s;0.66444, 77.1 MB/s;1.4019, 36.5 MB/s;2.02041, 25.3 MB/s;1.7668, 29.0 MB/s;2.06831, 24.8 MB/s;2.19436, 23.3 MB/s;1.95761, 26.2 MB/s;1.47654, 34.7 MB/s;1.0177, 50.3 MB/s"}

==========Thread4========WARNING: Your kernel does not support swap limit capabilities or the cgroup is not mounted. Memory limited without swap.
START RequestId: b845aa21-0b21-46ad-8024-054e304427bf Version: $LATEST
END RequestId: b845aa21-0b21-46ad-8024-054e304427bf
REPORT RequestId: b845aa21-0b21-46ad-8024-054e304427bf Duration: 16398 ms Billed Duration: 16400 ms Memory Size: 128 MB Max Memory Used: 120 MB

{"ioload": "1.45823, 35.1 MB/s;2.0255, 25.3 MB/s;1.78999, 28.6 MB/s;2.06353, 24.8 MB/s;0.745322, 68.7 MB/s;1.16212, 44.1 MB/s;1.52694, 33.5 MB/s;1.16923, 43.8 MB/s;1.73685, 29.5 MB/s;1.09218, 46.9 MB/s"}

==========Thread5========WARNING: Your kernel does not support swap limit capabilities or the cgroup is not mounted. Memory limited without swap.
START RequestId: bde6ff69-7d66-4f01-8414-701ccd2e55ef Version: $LATEST
END RequestId: bde6ff69-7d66-4f01-8414-701ccd2e55ef
REPORT RequestId: bde6ff69-7d66-4f01-8414-701ccd2e55ef Duration: 15505 ms Billed Duration: 15600 ms Memory Size: 128 MB Max Memory Used: 121 MB

{"ioload": "0.945092, 54.2 MB/s;1.41909, 36.1 MB/s;1.11449, 45.9 MB/s;1.34845, 38.0 MB/s;1.43749, 35.6 MB/s;0.842799, 60.7 MB/s;1.83749, 27.9 MB/s;1.74197, 29.4 MB/s;1.75095, 29.2 MB/s;1.54144, 33.2 MB/s"}

==========Thread6========WARNING: Your kernel does not support swap limit capabilities or the cgroup is not mounted. Memory limited without swap.
START RequestId: b41d7a8c-447a-4c6d-8850-51b4c5411cea Version: $LATEST
END RequestId: b41d7a8c-447a-4c6d-8850-51b4c5411cea
REPORT RequestId: b41d7a8c-447a-4c6d-8850-51b4c5411cea Duration: 15503 ms Billed Duration: 15600 ms Memory Size: 128 MB Max Memory Used: 120 MB

{"ioload": "1.16336, 44.0 MB/s;1.12948, 45.3 MB/s;1.21121, 42.3 MB/s;1.44196, 35.5 MB/s;1.24651, 41.1 MB/s;1.34754, 38.0 MB/s;1.73622, 29.5 MB/s;1.37708, 37.2 MB/s;1.91858, 26.7 MB/s;1.21748, 42.1 MB/s"}

==========Thread7========WARNING: Your kernel does not support swap limit capabilities or the cgroup is not mounted. Memory limited without swap.
START RequestId: f7e4755d-f573-46ee-9c1a-9cd0b966fc3a Version: $LATEST
END RequestId: f7e4755d-f573-46ee-9c1a-9cd0b966fc3a
REPORT RequestId: f7e4755d-f573-46ee-9c1a-9cd0b966fc3a Duration: 16338 ms Billed Duration: 16400 ms Memory Size: 128 MB Max Memory Used: 119 MB

{"ioload": "1.79213, 28.6 MB/s;1.93223, 26.5 MB/s;1.78647, 28.7 MB/s;1.95702, 26.2 MB/s;1.10251, 46.4 MB/s;1.70749, 30.0 MB/s;1.58963, 32.2 MB/s;0.994432, 51.5 MB/s;1.11655, 45.9 MB/s;0.647429, 79.1 MB/s"}

==========Thread8========WARNING: Your kernel does not support swap limit capabilities or the cgroup is not mounted. Memory limited without swap.
START RequestId: b89e0f07-ba61-4b75-8677-23c3bd272c30 Version: $LATEST
END RequestId: b89e0f07-ba61-4b75-8677-23c3bd272c30
REPORT RequestId: b89e0f07-ba61-4b75-8677-23c3bd272c30 Duration: 15786 ms Billed Duration: 15800 ms Memory Size: 128 MB Max Memory Used: 120 MB

{"ioload": "0.599622, 85.4 MB/s;0.903344, 56.7 MB/s;1.56982, 32.6 MB/s;1.17612, 43.5 MB/s;1.38105, 37.1 MB/s;1.37532, 37.2 MB/s;1.33114, 38.5 MB/s;2.19353, 23.3 MB/s;1.95565, 26.2 MB/s;1.76856, 29.0 MB/s"}

==========Thread9========WARNING: Your kernel does not support swap limit capabilities or the cgroup is not mounted. Memory limited without swap.
START RequestId: 87f477ae-01dd-4d2c-9e49-fc229bb1426a Version: $LATEST
END RequestId: 87f477ae-01dd-4d2c-9e49-fc229bb1426a
REPORT RequestId: 87f477ae-01dd-4d2c-9e49-fc229bb1426a Duration: 16458 ms Billed Duration: 16500 ms Memory Size: 128 MB Max Memory Used: 119 MB

{"ioload": "1.38273, 37.0 MB/s;1.69429, 30.2 MB/s;1.26231, 40.6 MB/s;1.68281, 30.4 MB/s;1.62263, 31.6 MB/s;1.61907, 31.6 MB/s;1.71225, 29.9 MB/s;1.88454, 27.2 MB/s;1.52891, 33.5 MB/s;0.490178, 104 MB/s"}

==========Thread10========WARNING: Your kernel does not support swap limit capabilities or the cgroup is not mounted. Memory limited without swap.
START RequestId: f0158b5a-0a8e-449d-9490-68d602924187 Version: $LATEST
END RequestId: f0158b5a-0a8e-449d-9490-68d602924187
REPORT RequestId: f0158b5a-0a8e-449d-9490-68d602924187 Duration: 16279 ms Billed Duration: 16300 ms Memory Size: 128 MB Max Memory Used: 121 MB

{"ioload": "0.845049, 60.6 MB/s;1.56438, 32.7 MB/s;1.96738, 26.0 MB/s;1.70673, 30.0 MB/s;2.01512, 25.4 MB/s;0.870601, 58.8 MB/s;1.40727, 36.4 MB/s;1.27456, 40.2 MB/s;1.51283, 33.8 MB/s;1.5328, 33.4 MB/s"}
