
==========Thread1========WARNING: Your kernel does not support swap limit capabilities or the cgroup is not mounted. Memory limited without swap.
START RequestId: 40f4a8a8-fe7a-43a7-b882-e94346a6654f Version: $LATEST
5203
END RequestId: 40f4a8a8-fe7a-43a7-b882-e94346a6654f
REPORT RequestId: 40f4a8a8-fe7a-43a7-b882-e94346a6654f Duration: 11171 ms Billed Duration: 11200 ms Memory Size: 128 MB Max Memory Used: 120 MB

{"network": "72167624.5948,0,0,0"}

==========Thread2========WARNING: Your kernel does not support swap limit capabilities or the cgroup is not mounted. Memory limited without swap.
START RequestId: 9e8a2c7a-3e75-409f-8d44-707ff567b74e Version: $LATEST
5205
END RequestId: 9e8a2c7a-3e75-409f-8d44-707ff567b74e
REPORT RequestId: 9e8a2c7a-3e75-409f-8d44-707ff567b74e Duration: 10277 ms Billed Duration: 10300 ms Memory Size: 128 MB Max Memory Used: 120 MB

{"network": "60775789.144,0,0,0"}

==========Thread3========WARNING: Your kernel does not support swap limit capabilities or the cgroup is not mounted. Memory limited without swap.
START RequestId: f1f5efb3-c127-4847-886f-e42c1d724b36 Version: $LATEST
5206
END RequestId: f1f5efb3-c127-4847-886f-e42c1d724b36
REPORT RequestId: f1f5efb3-c127-4847-886f-e42c1d724b36 Duration: 10327 ms Billed Duration: 10400 ms Memory Size: 128 MB Max Memory Used: 121 MB

{"network": "43275751.5532,0,0,0"}

==========Thread4========WARNING: Your kernel does not support swap limit capabilities or the cgroup is not mounted. Memory limited without swap.
START RequestId: f8dcca0d-a94e-4874-ad1f-993af721bdfa Version: $LATEST
5204
END RequestId: f8dcca0d-a94e-4874-ad1f-993af721bdfa
REPORT RequestId: f8dcca0d-a94e-4874-ad1f-993af721bdfa Duration: 10365 ms Billed Duration: 10400 ms Memory Size: 128 MB Max Memory Used: 120 MB

{"network": "54291222.3384,0,0,0"}

==========Thread5========WARNING: Your kernel does not support swap limit capabilities or the cgroup is not mounted. Memory limited without swap.
START RequestId: c27d3ead-276b-48a9-9c66-6a14da7d5fae Version: $LATEST
5202
END RequestId: c27d3ead-276b-48a9-9c66-6a14da7d5fae
REPORT RequestId: c27d3ead-276b-48a9-9c66-6a14da7d5fae Duration: 10366 ms Billed Duration: 10400 ms Memory Size: 128 MB Max Memory Used: 120 MB

{"network": "41148397.5679,0,0,0"}

==========Thread6========WARNING: Your kernel does not support swap limit capabilities or the cgroup is not mounted. Memory limited without swap.
START RequestId: 7e39bae3-0627-4832-96ed-23c7771b6873 Version: $LATEST
5201
END RequestId: 7e39bae3-0627-4832-96ed-23c7771b6873
REPORT RequestId: 7e39bae3-0627-4832-96ed-23c7771b6873 Duration: 10738 ms Billed Duration: 10800 ms Memory Size: 128 MB Max Memory Used: 119 MB

{"network": "65522387.1467,0,0,0"}
