
==========Thread1========WARNING: Your kernel does not support swap limit capabilities or the cgroup is not mounted. Memory limited without swap.
START RequestId: 3c3bbca7-0f17-42ef-8717-6b6c71708eae Version: $LATEST
5203
END RequestId: 3c3bbca7-0f17-42ef-8717-6b6c71708eae
REPORT RequestId: 3c3bbca7-0f17-42ef-8717-6b6c71708eae Duration: 11154 ms Billed Duration: 11200 ms Memory Size: 128 MB Max Memory Used: 120 MB

{"network": "115819316.054,0,0,0"}

==========Thread2========WARNING: Your kernel does not support swap limit capabilities or the cgroup is not mounted. Memory limited without swap.
START RequestId: de4d197f-6d7b-4deb-b3ee-77312e8cc73a Version: $LATEST
5204
END RequestId: de4d197f-6d7b-4deb-b3ee-77312e8cc73a
REPORT RequestId: de4d197f-6d7b-4deb-b3ee-77312e8cc73a Duration: 10298 ms Billed Duration: 10300 ms Memory Size: 128 MB Max Memory Used: 120 MB

{"network": "133036654.937,0,0,0"}

==========Thread3========WARNING: Your kernel does not support swap limit capabilities or the cgroup is not mounted. Memory limited without swap.
START RequestId: b08f42b0-19a9-4c1f-bc1c-6e2a177947fd Version: $LATEST
5202
END RequestId: b08f42b0-19a9-4c1f-bc1c-6e2a177947fd
REPORT RequestId: b08f42b0-19a9-4c1f-bc1c-6e2a177947fd Duration: 11908 ms Billed Duration: 12000 ms Memory Size: 128 MB Max Memory Used: 120 MB

{"network": "134723184.888,0,0,0"}

==========Thread4========WARNING: Your kernel does not support swap limit capabilities or the cgroup is not mounted. Memory limited without swap.
START RequestId: e32286cd-aa8c-47fd-94ce-9c0fdc1059d7 Version: $LATEST
5201
END RequestId: e32286cd-aa8c-47fd-94ce-9c0fdc1059d7
REPORT RequestId: e32286cd-aa8c-47fd-94ce-9c0fdc1059d7 Duration: 11636 ms Billed Duration: 11700 ms Memory Size: 128 MB Max Memory Used: 119 MB

{"network": "121737483.948,0,0,0"}
