
==========Thread1========WARNING: Your kernel does not support swap limit capabilities or the cgroup is not mounted. Memory limited without swap.
START RequestId: 47091ce0-5e74-476a-8ed4-20d5ec2a561b Version: $LATEST
5207
END RequestId: 47091ce0-5e74-476a-8ed4-20d5ec2a561b
REPORT RequestId: 47091ce0-5e74-476a-8ed4-20d5ec2a561b Duration: 10487 ms Billed Duration: 10500 ms Memory Size: 128 MB Max Memory Used: 121 MB

{"network": "29388025.2365,0,0,0"}

==========Thread2========WARNING: Your kernel does not support swap limit capabilities or the cgroup is not mounted. Memory limited without swap.
START RequestId: b78af11d-2370-4057-9807-5b79f828118b Version: $LATEST
5203
END RequestId: b78af11d-2370-4057-9807-5b79f828118b
REPORT RequestId: b78af11d-2370-4057-9807-5b79f828118b Duration: 10383 ms Billed Duration: 10400 ms Memory Size: 128 MB Max Memory Used: 121 MB

{"network": "40591381.9579,0,0,0"}

==========Thread3========WARNING: Your kernel does not support swap limit capabilities or the cgroup is not mounted. Memory limited without swap.
START RequestId: 3f1c7a18-decd-436d-9227-b1e9355a41bd Version: $LATEST
5208
END RequestId: 3f1c7a18-decd-436d-9227-b1e9355a41bd
REPORT RequestId: 3f1c7a18-decd-436d-9227-b1e9355a41bd Duration: 11347 ms Billed Duration: 11400 ms Memory Size: 128 MB Max Memory Used: 120 MB

{"network": "89099798.608,0,0,0"}

==========Thread4========WARNING: Your kernel does not support swap limit capabilities or the cgroup is not mounted. Memory limited without swap.
START RequestId: 729fb6a5-75f2-4d5d-8d7a-8cd5db971f96 Version: $LATEST
5205
END RequestId: 729fb6a5-75f2-4d5d-8d7a-8cd5db971f96
REPORT RequestId: 729fb6a5-75f2-4d5d-8d7a-8cd5db971f96 Duration: 11218 ms Billed Duration: 11300 ms Memory Size: 128 MB Max Memory Used: 119 MB

{"network": "65522078.9825,0,0,0"}

==========Thread5========WARNING: Your kernel does not support swap limit capabilities or the cgroup is not mounted. Memory limited without swap.
START RequestId: 8d281f55-a064-455b-83d0-5b4206b9e757 Version: $LATEST
5206
END RequestId: 8d281f55-a064-455b-83d0-5b4206b9e757
REPORT RequestId: 8d281f55-a064-455b-83d0-5b4206b9e757 Duration: 10345 ms Billed Duration: 10400 ms Memory Size: 128 MB Max Memory Used: 121 MB

{"network": "60207255.6771,0,0,0"}

==========Thread6========WARNING: Your kernel does not support swap limit capabilities or the cgroup is not mounted. Memory limited without swap.
START RequestId: 820bd838-aa84-46ec-b6bd-e8d8f04bc050 Version: $LATEST
5204
END RequestId: 820bd838-aa84-46ec-b6bd-e8d8f04bc050
REPORT RequestId: 820bd838-aa84-46ec-b6bd-e8d8f04bc050 Duration: 11229 ms Billed Duration: 11300 ms Memory Size: 128 MB Max Memory Used: 121 MB

{"network": "45944151.7781,0,0,0"}

==========Thread7========WARNING: Your kernel does not support swap limit capabilities or the cgroup is not mounted. Memory limited without swap.
START RequestId: 4a49d8f4-4388-4a78-8587-e9ae9003cb76 Version: $LATEST
5202
END RequestId: 4a49d8f4-4388-4a78-8587-e9ae9003cb76
REPORT RequestId: 4a49d8f4-4388-4a78-8587-e9ae9003cb76 Duration: 10417 ms Billed Duration: 10500 ms Memory Size: 128 MB Max Memory Used: 120 MB

{"network": "44995172.3972,0,0,0"}

==========Thread8========WARNING: Your kernel does not support swap limit capabilities or the cgroup is not mounted. Memory limited without swap.
START RequestId: 260a9a61-caa7-42cd-b9eb-45bc45b023ed Version: $LATEST
5201
END RequestId: 260a9a61-caa7-42cd-b9eb-45bc45b023ed
REPORT RequestId: 260a9a61-caa7-42cd-b9eb-45bc45b023ed Duration: 10352 ms Billed Duration: 10400 ms Memory Size: 128 MB Max Memory Used: 120 MB

{"network": "55325306.5212,0,0,0"}
