
==========Thread1========WARNING: Your kernel does not support swap limit capabilities or the cgroup is not mounted. Memory limited without swap.
START RequestId: bb04e182-db0e-4d99-a9dd-8d99bf90bbdf Version: $LATEST
5203
END RequestId: bb04e182-db0e-4d99-a9dd-8d99bf90bbdf
REPORT RequestId: bb04e182-db0e-4d99-a9dd-8d99bf90bbdf Duration: 10711 ms Billed Duration: 10800 ms Memory Size: 128 MB Max Memory Used: 121 MB

{"network": "64576664.808,0,0,0"}

==========Thread2========WARNING: Your kernel does not support swap limit capabilities or the cgroup is not mounted. Memory limited without swap.
START RequestId: 63aa7df1-7086-4460-b523-1d280de39e5b Version: $LATEST
5205
END RequestId: 63aa7df1-7086-4460-b523-1d280de39e5b
REPORT RequestId: 63aa7df1-7086-4460-b523-1d280de39e5b Duration: 10308 ms Billed Duration: 10400 ms Memory Size: 128 MB Max Memory Used: 120 MB

{"network": "52416248.0506,0,0,0"}

==========Thread3========WARNING: Your kernel does not support swap limit capabilities or the cgroup is not mounted. Memory limited without swap.
START RequestId: ea7d639d-3782-4942-852e-41540c008f3c Version: $LATEST
5204
END RequestId: ea7d639d-3782-4942-852e-41540c008f3c
REPORT RequestId: ea7d639d-3782-4942-852e-41540c008f3c Duration: 11138 ms Billed Duration: 11200 ms Memory Size: 128 MB Max Memory Used: 120 MB

{"network": "76831516.0796,0,0,0"}

==========Thread4========WARNING: Your kernel does not support swap limit capabilities or the cgroup is not mounted. Memory limited without swap.
START RequestId: 708a35b7-2dd8-41c1-9411-4d7c8400667e Version: $LATEST
5202
END RequestId: 708a35b7-2dd8-41c1-9411-4d7c8400667e
REPORT RequestId: 708a35b7-2dd8-41c1-9411-4d7c8400667e Duration: 10349 ms Billed Duration: 10400 ms Memory Size: 128 MB Max Memory Used: 119 MB

{"network": "61611152.4643,0,0,0"}

==========Thread5========WARNING: Your kernel does not support swap limit capabilities or the cgroup is not mounted. Memory limited without swap.
START RequestId: cc2348a6-ddf8-4f31-8bec-0f17b3feadb8 Version: $LATEST
5201
END RequestId: cc2348a6-ddf8-4f31-8bec-0f17b3feadb8
REPORT RequestId: cc2348a6-ddf8-4f31-8bec-0f17b3feadb8 Duration: 10504 ms Billed Duration: 10600 ms Memory Size: 128 MB Max Memory Used: 119 MB

{"network": "79601110.0172,0,0,0"}
