
==========Thread1========WARNING: Your kernel does not support swap limit capabilities or the cgroup is not mounted. Memory limited without swap.
START RequestId: 1f31fe36-dfd6-42f3-a0e5-cca676eb5e1d Version: $LATEST
5210
END RequestId: 1f31fe36-dfd6-42f3-a0e5-cca676eb5e1d
REPORT RequestId: 1f31fe36-dfd6-42f3-a0e5-cca676eb5e1d Duration: 12169 ms Billed Duration: 12200 ms Memory Size: 128 MB Max Memory Used: 120 MB

{"network": "64509367.5719,0,0,0"}

==========Thread2========WARNING: Your kernel does not support swap limit capabilities or the cgroup is not mounted. Memory limited without swap.
START RequestId: 09b01be2-463e-42fd-97f3-acbcb1c67268 Version: $LATEST
5207
END RequestId: 09b01be2-463e-42fd-97f3-acbcb1c67268
REPORT RequestId: 09b01be2-463e-42fd-97f3-acbcb1c67268 Duration: 10244 ms Billed Duration: 10300 ms Memory Size: 128 MB Max Memory Used: 119 MB

{"network": "42685653.1091,0,0,0"}

==========Thread3========WARNING: Your kernel does not support swap limit capabilities or the cgroup is not mounted. Memory limited without swap.
START RequestId: 27cd905f-917b-4b4d-9767-ecb15e82f067 Version: $LATEST
5203
END RequestId: 27cd905f-917b-4b4d-9767-ecb15e82f067
REPORT RequestId: 27cd905f-917b-4b4d-9767-ecb15e82f067 Duration: 11123 ms Billed Duration: 11200 ms Memory Size: 128 MB Max Memory Used: 121 MB

{"network": "41188227.9521,0,0,0"}

==========Thread4========WARNING: Your kernel does not support swap limit capabilities or the cgroup is not mounted. Memory limited without swap.
START RequestId: 602195e5-9764-4a35-b1c2-593d929a1d5b Version: $LATEST
5208
END RequestId: 602195e5-9764-4a35-b1c2-593d929a1d5b
REPORT RequestId: 602195e5-9764-4a35-b1c2-593d929a1d5b Duration: 11142 ms Billed Duration: 11200 ms Memory Size: 128 MB Max Memory Used: 119 MB

{"network": "76746542.8251,0,0,0"}

==========Thread5========WARNING: Your kernel does not support swap limit capabilities or the cgroup is not mounted. Memory limited without swap.
START RequestId: 1bae5087-e3ef-45d9-bafa-0d54400f77d9 Version: $LATEST
5205
END RequestId: 1bae5087-e3ef-45d9-bafa-0d54400f77d9
REPORT RequestId: 1bae5087-e3ef-45d9-bafa-0d54400f77d9 Duration: 12657 ms Billed Duration: 12700 ms Memory Size: 128 MB Max Memory Used: 119 MB

{"network": "55973153.7241,0,0,0"}

==========Thread6========WARNING: Your kernel does not support swap limit capabilities or the cgroup is not mounted. Memory limited without swap.
START RequestId: 4debec5e-5425-45cd-b71b-5ca0f33a958f Version: $LATEST
5206
END RequestId: 4debec5e-5425-45cd-b71b-5ca0f33a958f
REPORT RequestId: 4debec5e-5425-45cd-b71b-5ca0f33a958f Duration: 12124 ms Billed Duration: 12200 ms Memory Size: 128 MB Max Memory Used: 119 MB

{"network": "51011130.8252,0,0,0"}

==========Thread7========WARNING: Your kernel does not support swap limit capabilities or the cgroup is not mounted. Memory limited without swap.
START RequestId: b2234dd6-bf99-4255-b8ee-a46f5c7fde0b Version: $LATEST
5204
END RequestId: b2234dd6-bf99-4255-b8ee-a46f5c7fde0b
REPORT RequestId: b2234dd6-bf99-4255-b8ee-a46f5c7fde0b Duration: 10348 ms Billed Duration: 10400 ms Memory Size: 128 MB Max Memory Used: 120 MB

{"network": "45989153.726,0,0,0"}

==========Thread8========WARNING: Your kernel does not support swap limit capabilities or the cgroup is not mounted. Memory limited without swap.
START RequestId: 8b36bd47-f0cc-4db0-a46b-3bb212315990 Version: $LATEST
5202
END RequestId: 8b36bd47-f0cc-4db0-a46b-3bb212315990
REPORT RequestId: 8b36bd47-f0cc-4db0-a46b-3bb212315990 Duration: 10410 ms Billed Duration: 10500 ms Memory Size: 128 MB Max Memory Used: 120 MB

{"network": "41675631.0595,0,0,0"}

==========Thread9========WARNING: Your kernel does not support swap limit capabilities or the cgroup is not mounted. Memory limited without swap.
START RequestId: 779a94f4-6b2e-49c6-ac46-6b5d6dda6c1d Version: $LATEST
5209
END RequestId: 779a94f4-6b2e-49c6-ac46-6b5d6dda6c1d
REPORT RequestId: 779a94f4-6b2e-49c6-ac46-6b5d6dda6c1d Duration: 12085 ms Billed Duration: 12100 ms Memory Size: 128 MB Max Memory Used: 121 MB

{"network": "42107886.0069,0,0,0"}

==========Thread10========WARNING: Your kernel does not support swap limit capabilities or the cgroup is not mounted. Memory limited without swap.
START RequestId: 41d85a9b-5856-4550-a849-8f5d78af1981 Version: $LATEST
5201
END RequestId: 41d85a9b-5856-4550-a849-8f5d78af1981
REPORT RequestId: 41d85a9b-5856-4550-a849-8f5d78af1981 Duration: 10601 ms Billed Duration: 10700 ms Memory Size: 128 MB Max Memory Used: 119 MB

{"network": "37287014.0312,0,0,0"}
