
==========Thread1========WARNING: Your kernel does not support swap limit capabilities or the cgroup is not mounted. Memory limited without swap.
START RequestId: 184c247f-36c9-4e96-934e-61a18fa117a4 Version: $LATEST
5207
END RequestId: 184c247f-36c9-4e96-934e-61a18fa117a4
REPORT RequestId: 184c247f-36c9-4e96-934e-61a18fa117a4 Duration: 11115 ms Billed Duration: 11200 ms Memory Size: 128 MB Max Memory Used: 120 MB

{"network": "47113880.219,0,0,0"}

==========Thread2========WARNING: Your kernel does not support swap limit capabilities or the cgroup is not mounted. Memory limited without swap.
START RequestId: 8a6511c0-1bf8-43a9-9552-27c375945dd3 Version: $LATEST
5203
END RequestId: 8a6511c0-1bf8-43a9-9552-27c375945dd3
REPORT RequestId: 8a6511c0-1bf8-43a9-9552-27c375945dd3 Duration: 11154 ms Billed Duration: 11200 ms Memory Size: 128 MB Max Memory Used: 121 MB

{"network": "63216780.0747,0,0,0"}

==========Thread3========WARNING: Your kernel does not support swap limit capabilities or the cgroup is not mounted. Memory limited without swap.
START RequestId: cf281375-9920-4131-9bab-329e8199ed96 Version: $LATEST
5205
END RequestId: cf281375-9920-4131-9bab-329e8199ed96
REPORT RequestId: cf281375-9920-4131-9bab-329e8199ed96 Duration: 10361 ms Billed Duration: 10400 ms Memory Size: 128 MB Max Memory Used: 119 MB

{"network": "46329868.397,0,0,0"}

==========Thread4========WARNING: Your kernel does not support swap limit capabilities or the cgroup is not mounted. Memory limited without swap.
START RequestId: fc8ebaa9-0f72-47ea-a387-304ad746b427 Version: $LATEST
5206
END RequestId: fc8ebaa9-0f72-47ea-a387-304ad746b427
REPORT RequestId: fc8ebaa9-0f72-47ea-a387-304ad746b427 Duration: 10306 ms Billed Duration: 10400 ms Memory Size: 128 MB Max Memory Used: 119 MB

{"network": "31392124.5423,0,0,0"}

==========Thread5========WARNING: Your kernel does not support swap limit capabilities or the cgroup is not mounted. Memory limited without swap.
START RequestId: 225b94bb-3f57-45e2-90fd-d3a213f3bfad Version: $LATEST
5204
END RequestId: 225b94bb-3f57-45e2-90fd-d3a213f3bfad
REPORT RequestId: 225b94bb-3f57-45e2-90fd-d3a213f3bfad Duration: 10488 ms Billed Duration: 10500 ms Memory Size: 128 MB Max Memory Used: 120 MB

{"network": "55441929.5804,0,0,0"}

==========Thread6========WARNING: Your kernel does not support swap limit capabilities or the cgroup is not mounted. Memory limited without swap.
START RequestId: f3f8f03f-032f-45a9-8e94-eca5580a3807 Version: $LATEST
5202
END RequestId: f3f8f03f-032f-45a9-8e94-eca5580a3807
REPORT RequestId: f3f8f03f-032f-45a9-8e94-eca5580a3807 Duration: 11995 ms Billed Duration: 12000 ms Memory Size: 128 MB Max Memory Used: 119 MB

{"network": "74437994.1979,0,0,0"}

==========Thread7========WARNING: Your kernel does not support swap limit capabilities or the cgroup is not mounted. Memory limited without swap.
START RequestId: 4af9b0df-2aaa-4252-9533-a246156156de Version: $LATEST
5201
END RequestId: 4af9b0df-2aaa-4252-9533-a246156156de
REPORT RequestId: 4af9b0df-2aaa-4252-9533-a246156156de Duration: 10438 ms Billed Duration: 10500 ms Memory Size: 128 MB Max Memory Used: 120 MB

{"network": "55461198.6348,0,0,0"}
