
==========Thread1========WARNING: Your kernel does not support swap limit capabilities or the cgroup is not mounted. Memory limited without swap.
START RequestId: f286403d-997f-4a3a-905a-2d035d4b147a Version: $LATEST
5207
END RequestId: f286403d-997f-4a3a-905a-2d035d4b147a
REPORT RequestId: f286403d-997f-4a3a-905a-2d035d4b147a Duration: 11146 ms Billed Duration: 11200 ms Memory Size: 128 MB Max Memory Used: 119 MB

{"network": "47468974.0273,0,0,0"}

==========Thread2========WARNING: Your kernel does not support swap limit capabilities or the cgroup is not mounted. Memory limited without swap.
START RequestId: 03952fcc-3d61-4726-9417-b4ba6e107b28 Version: $LATEST
5203
END RequestId: 03952fcc-3d61-4726-9417-b4ba6e107b28
REPORT RequestId: 03952fcc-3d61-4726-9417-b4ba6e107b28 Duration: 11142 ms Billed Duration: 11200 ms Memory Size: 128 MB Max Memory Used: 120 MB

{"network": "70169880.3086,0,0,0"}

==========Thread3========WARNING: Your kernel does not support swap limit capabilities or the cgroup is not mounted. Memory limited without swap.
START RequestId: a887eed1-3a48-413d-ae7a-0144ec4e65e7 Version: $LATEST
5208
END RequestId: a887eed1-3a48-413d-ae7a-0144ec4e65e7
REPORT RequestId: a887eed1-3a48-413d-ae7a-0144ec4e65e7 Duration: 10331 ms Billed Duration: 10400 ms Memory Size: 128 MB Max Memory Used: 119 MB

{"network": "37430692.7603,0,0,0"}

==========Thread4========WARNING: Your kernel does not support swap limit capabilities or the cgroup is not mounted. Memory limited without swap.
START RequestId: 77fc4ea0-0e2f-4fc7-86e2-a60327c027a0 Version: $LATEST
5205
END RequestId: 77fc4ea0-0e2f-4fc7-86e2-a60327c027a0
REPORT RequestId: 77fc4ea0-0e2f-4fc7-86e2-a60327c027a0 Duration: 10399 ms Billed Duration: 10400 ms Memory Size: 128 MB Max Memory Used: 121 MB

{"network": "28798649.0155,0,0,0"}

==========Thread5========WARNING: Your kernel does not support swap limit capabilities or the cgroup is not mounted. Memory limited without swap.
START RequestId: 6d307b98-2c2f-44b4-b65b-2da236266ee3 Version: $LATEST
5206
END RequestId: 6d307b98-2c2f-44b4-b65b-2da236266ee3
REPORT RequestId: 6d307b98-2c2f-44b4-b65b-2da236266ee3 Duration: 11294 ms Billed Duration: 11300 ms Memory Size: 128 MB Max Memory Used: 120 MB

{"network": "78000721.8994,0,0,0"}

==========Thread6========WARNING: Your kernel does not support swap limit capabilities or the cgroup is not mounted. Memory limited without swap.
START RequestId: 7d30c9de-7b06-4e20-a70f-92fefd8b4c26 Version: $LATEST
5204
END RequestId: 7d30c9de-7b06-4e20-a70f-92fefd8b4c26
REPORT RequestId: 7d30c9de-7b06-4e20-a70f-92fefd8b4c26 Duration: 10342 ms Billed Duration: 10400 ms Memory Size: 128 MB Max Memory Used: 120 MB

{"network": "42654108.8625,0,0,0"}

==========Thread7========WARNING: Your kernel does not support swap limit capabilities or the cgroup is not mounted. Memory limited without swap.
START RequestId: 58317fec-7b5c-476c-a486-c48571428fdd Version: $LATEST
5202
END RequestId: 58317fec-7b5c-476c-a486-c48571428fdd
REPORT RequestId: 58317fec-7b5c-476c-a486-c48571428fdd Duration: 10243 ms Billed Duration: 10300 ms Memory Size: 128 MB Max Memory Used: 119 MB

{"network": "36926506.3363,0,0,0"}

==========Thread8========WARNING: Your kernel does not support swap limit capabilities or the cgroup is not mounted. Memory limited without swap.
START RequestId: 34c2f63e-121e-4138-b8fc-182a4f834908 Version: $LATEST
5209
END RequestId: 34c2f63e-121e-4138-b8fc-182a4f834908
REPORT RequestId: 34c2f63e-121e-4138-b8fc-182a4f834908 Duration: 11281 ms Billed Duration: 11300 ms Memory Size: 128 MB Max Memory Used: 121 MB

{"network": "90274897.1781,0,0,0"}

==========Thread9========WARNING: Your kernel does not support swap limit capabilities or the cgroup is not mounted. Memory limited without swap.
START RequestId: 3cfb29e0-31aa-4ae2-8a5f-dad46673ba36 Version: $LATEST
5201
END RequestId: 3cfb29e0-31aa-4ae2-8a5f-dad46673ba36
REPORT RequestId: 3cfb29e0-31aa-4ae2-8a5f-dad46673ba36 Duration: 10697 ms Billed Duration: 10700 ms Memory Size: 128 MB Max Memory Used: 119 MB

{"network": "41361069.5181,0,0,0"}
