
==========Thread1========WARNING: Your kernel does not support swap limit capabilities or the cgroup is not mounted. Memory limited without swap.
START RequestId: b5e0a7fb-50a1-4397-a18e-0dda8016f2b1 Version: $LATEST
5207
END RequestId: b5e0a7fb-50a1-4397-a18e-0dda8016f2b1
REPORT RequestId: b5e0a7fb-50a1-4397-a18e-0dda8016f2b1 Duration: 11678 ms Billed Duration: 11700 ms Memory Size: 256 MB Max Memory Used: 120 MB

{"network": "97656879.6002,0,0,0"}

==========Thread2========WARNING: Your kernel does not support swap limit capabilities or the cgroup is not mounted. Memory limited without swap.
START RequestId: cbabab34-6a0c-42d2-95c7-d72406b88ad9 Version: $LATEST
5203
END RequestId: cbabab34-6a0c-42d2-95c7-d72406b88ad9
REPORT RequestId: cbabab34-6a0c-42d2-95c7-d72406b88ad9 Duration: 13390 ms Billed Duration: 13400 ms Memory Size: 256 MB Max Memory Used: 119 MB

{"network": "138164097.676,0,0,0"}

==========Thread3========WARNING: Your kernel does not support swap limit capabilities or the cgroup is not mounted. Memory limited without swap.
START RequestId: 402eef2e-2da3-44cf-815b-30b7beeaafbe Version: $LATEST
5205
END RequestId: 402eef2e-2da3-44cf-815b-30b7beeaafbe
REPORT RequestId: 402eef2e-2da3-44cf-815b-30b7beeaafbe Duration: 10437 ms Billed Duration: 10500 ms Memory Size: 256 MB Max Memory Used: 120 MB

{"network": "57485006.4002,0,0,0"}

==========Thread4========WARNING: Your kernel does not support swap limit capabilities or the cgroup is not mounted. Memory limited without swap.
START RequestId: b745b789-d2d9-41fb-bca5-c34aab7afabb Version: $LATEST
5206
END RequestId: b745b789-d2d9-41fb-bca5-c34aab7afabb
REPORT RequestId: b745b789-d2d9-41fb-bca5-c34aab7afabb Duration: 10268 ms Billed Duration: 10300 ms Memory Size: 256 MB Max Memory Used: 120 MB

{"network": "47721512.0806,0,0,0"}

==========Thread5========WARNING: Your kernel does not support swap limit capabilities or the cgroup is not mounted. Memory limited without swap.
START RequestId: 506118f4-bed1-4511-bfce-d25253038bac Version: $LATEST
5204
END RequestId: 506118f4-bed1-4511-bfce-d25253038bac
REPORT RequestId: 506118f4-bed1-4511-bfce-d25253038bac Duration: 10480 ms Billed Duration: 10500 ms Memory Size: 256 MB Max Memory Used: 120 MB

{"network": "53199826.3588,0,0,0"}

==========Thread6========WARNING: Your kernel does not support swap limit capabilities or the cgroup is not mounted. Memory limited without swap.
START RequestId: 6c3918f3-77e9-416d-bba7-5817b1d3f519 Version: $LATEST
5202
END RequestId: 6c3918f3-77e9-416d-bba7-5817b1d3f519
REPORT RequestId: 6c3918f3-77e9-416d-bba7-5817b1d3f519 Duration: 10261 ms Billed Duration: 10300 ms Memory Size: 256 MB Max Memory Used: 121 MB

{"network": "45973502.6805,0,0,0"}

==========Thread7========WARNING: Your kernel does not support swap limit capabilities or the cgroup is not mounted. Memory limited without swap.
START RequestId: ea093fc5-f5f3-4aae-9296-affb81ff88a7 Version: $LATEST
5201
END RequestId: ea093fc5-f5f3-4aae-9296-affb81ff88a7
REPORT RequestId: ea093fc5-f5f3-4aae-9296-affb81ff88a7 Duration: 10391 ms Billed Duration: 10400 ms Memory Size: 256 MB Max Memory Used: 119 MB

{"network": "44588157.4324,0,0,0"}
