
==========Thread1========WARNING: Your kernel does not support swap limit capabilities or the cgroup is not mounted. Memory limited without swap.
START RequestId: 82a88a27-f07d-4a29-85dc-202a0ae6607a Version: $LATEST
5207
END RequestId: 82a88a27-f07d-4a29-85dc-202a0ae6607a
REPORT RequestId: 82a88a27-f07d-4a29-85dc-202a0ae6607a Duration: 10701 ms Billed Duration: 10800 ms Memory Size: 256 MB Max Memory Used: 120 MB

{"network": "54001082.2327,0,0,0"}

==========Thread2========WARNING: Your kernel does not support swap limit capabilities or the cgroup is not mounted. Memory limited without swap.
START RequestId: b860317d-0810-4339-b224-15d238cf54fb Version: $LATEST
5203
END RequestId: b860317d-0810-4339-b224-15d238cf54fb
REPORT RequestId: b860317d-0810-4339-b224-15d238cf54fb Duration: 10353 ms Billed Duration: 10400 ms Memory Size: 256 MB Max Memory Used: 121 MB

{"network": "30071161.3715,0,0,0"}

==========Thread3========WARNING: Your kernel does not support swap limit capabilities or the cgroup is not mounted. Memory limited without swap.
START RequestId: 17ec0898-4c7a-4079-85a2-00039ee539df Version: $LATEST
5208
END RequestId: 17ec0898-4c7a-4079-85a2-00039ee539df
REPORT RequestId: 17ec0898-4c7a-4079-85a2-00039ee539df Duration: 11277 ms Billed Duration: 11300 ms Memory Size: 256 MB Max Memory Used: 119 MB

{"network": "64108130.2138,0,0,0"}

==========Thread4========WARNING: Your kernel does not support swap limit capabilities or the cgroup is not mounted. Memory limited without swap.
START RequestId: ed45dea4-429f-433e-972a-adc4f801f892 Version: $LATEST
5205
END RequestId: ed45dea4-429f-433e-972a-adc4f801f892
REPORT RequestId: ed45dea4-429f-433e-972a-adc4f801f892 Duration: 11357 ms Billed Duration: 11400 ms Memory Size: 256 MB Max Memory Used: 120 MB

{"network": "77734784.272,0,0,0"}

==========Thread5========WARNING: Your kernel does not support swap limit capabilities or the cgroup is not mounted. Memory limited without swap.
START RequestId: 692d0ecb-f231-4de9-9524-0701b229db2e Version: $LATEST
5206
END RequestId: 692d0ecb-f231-4de9-9524-0701b229db2e
REPORT RequestId: 692d0ecb-f231-4de9-9524-0701b229db2e Duration: 11677 ms Billed Duration: 11700 ms Memory Size: 256 MB Max Memory Used: 120 MB

{"network": "78720530.0667,0,0,0"}

==========Thread6========WARNING: Your kernel does not support swap limit capabilities or the cgroup is not mounted. Memory limited without swap.
START RequestId: 26d0b25e-bd75-4058-a0c8-1e4a258a3d84 Version: $LATEST
5204
END RequestId: 26d0b25e-bd75-4058-a0c8-1e4a258a3d84
REPORT RequestId: 26d0b25e-bd75-4058-a0c8-1e4a258a3d84 Duration: 11932 ms Billed Duration: 12000 ms Memory Size: 256 MB Max Memory Used: 121 MB

{"network": "71150111.6195,0,0,0"}

==========Thread7========WARNING: Your kernel does not support swap limit capabilities or the cgroup is not mounted. Memory limited without swap.
START RequestId: df41f86a-e3b0-44a9-81f3-590efd2c52a7 Version: $LATEST
5202
END RequestId: df41f86a-e3b0-44a9-81f3-590efd2c52a7
REPORT RequestId: df41f86a-e3b0-44a9-81f3-590efd2c52a7 Duration: 10494 ms Billed Duration: 10500 ms Memory Size: 256 MB Max Memory Used: 120 MB

{"network": "39101456.306,0,0,0"}

==========Thread8========WARNING: Your kernel does not support swap limit capabilities or the cgroup is not mounted. Memory limited without swap.
START RequestId: b7da82b4-3722-4185-9e98-0416ca010064 Version: $LATEST
5209
END RequestId: b7da82b4-3722-4185-9e98-0416ca010064
REPORT RequestId: b7da82b4-3722-4185-9e98-0416ca010064 Duration: 10387 ms Billed Duration: 10400 ms Memory Size: 256 MB Max Memory Used: 120 MB

{"network": "27339900.448,0,0,0"}

==========Thread9========WARNING: Your kernel does not support swap limit capabilities or the cgroup is not mounted. Memory limited without swap.
START RequestId: b1a60175-4a22-4a1a-b4b4-f4531da12da3 Version: $LATEST
5201
END RequestId: b1a60175-4a22-4a1a-b4b4-f4531da12da3
REPORT RequestId: b1a60175-4a22-4a1a-b4b4-f4531da12da3 Duration: 11204 ms Billed Duration: 11300 ms Memory Size: 256 MB Max Memory Used: 119 MB

{"network": "66023029.8498,0,0,0"}
