
==========Thread1========WARNING: Your kernel does not support swap limit capabilities or the cgroup is not mounted. Memory limited without swap.
START RequestId: a0cd2c92-f5a7-4cbc-9f83-709e268aa73d Version: $LATEST
5203
END RequestId: a0cd2c92-f5a7-4cbc-9f83-709e268aa73d
REPORT RequestId: a0cd2c92-f5a7-4cbc-9f83-709e268aa73d Duration: 10451 ms Billed Duration: 10500 ms Memory Size: 256 MB Max Memory Used: 120 MB

{"network": "63230588.1662,0,0,0"}

==========Thread2========WARNING: Your kernel does not support swap limit capabilities or the cgroup is not mounted. Memory limited without swap.
START RequestId: b945a0ad-6a55-4efd-a931-7beb2a9bcb6b Version: $LATEST
5205
END RequestId: b945a0ad-6a55-4efd-a931-7beb2a9bcb6b
REPORT RequestId: b945a0ad-6a55-4efd-a931-7beb2a9bcb6b Duration: 10368 ms Billed Duration: 10400 ms Memory Size: 256 MB Max Memory Used: 120 MB

{"network": "42583485.319,0,0,0"}

==========Thread3========WARNING: Your kernel does not support swap limit capabilities or the cgroup is not mounted. Memory limited without swap.
START RequestId: 634d0776-0fbf-4e68-9b0e-720ce4da35c4 Version: $LATEST
5206
END RequestId: 634d0776-0fbf-4e68-9b0e-720ce4da35c4
REPORT RequestId: 634d0776-0fbf-4e68-9b0e-720ce4da35c4 Duration: 10311 ms Billed Duration: 10400 ms Memory Size: 256 MB Max Memory Used: 120 MB

{"network": "56175604.5572,0,0,0"}

==========Thread4========WARNING: Your kernel does not support swap limit capabilities or the cgroup is not mounted. Memory limited without swap.
START RequestId: 3dab9fc9-4f4e-4343-971e-1e1205252df2 Version: $LATEST
5204
END RequestId: 3dab9fc9-4f4e-4343-971e-1e1205252df2
REPORT RequestId: 3dab9fc9-4f4e-4343-971e-1e1205252df2 Duration: 10591 ms Billed Duration: 10600 ms Memory Size: 256 MB Max Memory Used: 120 MB

{"network": "59859199.7192,0,0,0"}

==========Thread5========WARNING: Your kernel does not support swap limit capabilities or the cgroup is not mounted. Memory limited without swap.
START RequestId: 27a9a600-41a7-404f-84f3-1783f2f4e57f Version: $LATEST
5202
END RequestId: 27a9a600-41a7-404f-84f3-1783f2f4e57f
REPORT RequestId: 27a9a600-41a7-404f-84f3-1783f2f4e57f Duration: 10403 ms Billed Duration: 10500 ms Memory Size: 256 MB Max Memory Used: 121 MB

{"network": "61225563.3523,0,0,0"}

==========Thread6========WARNING: Your kernel does not support swap limit capabilities or the cgroup is not mounted. Memory limited without swap.
START RequestId: d08dba27-5be8-488e-8b76-ba2587ca07f9 Version: $LATEST
5201
END RequestId: d08dba27-5be8-488e-8b76-ba2587ca07f9
REPORT RequestId: d08dba27-5be8-488e-8b76-ba2587ca07f9 Duration: 11164 ms Billed Duration: 11200 ms Memory Size: 256 MB Max Memory Used: 119 MB

{"network": "68800021.7023,0,0,0"}
