
==========Thread1========WARNING: Your kernel does not support swap limit capabilities or the cgroup is not mounted. Memory limited without swap.
START RequestId: aed48452-494b-4acd-80f3-e6ea256e1a46 Version: $LATEST
5210
END RequestId: aed48452-494b-4acd-80f3-e6ea256e1a46
REPORT RequestId: aed48452-494b-4acd-80f3-e6ea256e1a46 Duration: 10401 ms Billed Duration: 10500 ms Memory Size: 256 MB Max Memory Used: 121 MB

{"network": "6191550.4265,0,0,0"}

==========Thread2========WARNING: Your kernel does not support swap limit capabilities or the cgroup is not mounted. Memory limited without swap.
START RequestId: 584ff81e-878f-497a-ad2f-24a8077930a5 Version: $LATEST
5207
END RequestId: 584ff81e-878f-497a-ad2f-24a8077930a5
REPORT RequestId: 584ff81e-878f-497a-ad2f-24a8077930a5 Duration: 11225 ms Billed Duration: 11300 ms Memory Size: 256 MB Max Memory Used: 121 MB

{"network": "69157609.2187,0,0,0"}

==========Thread3========WARNING: Your kernel does not support swap limit capabilities or the cgroup is not mounted. Memory limited without swap.
START RequestId: a884d9ab-d34c-48b3-90b0-5535b2ff7cfa Version: $LATEST
5203
END RequestId: a884d9ab-d34c-48b3-90b0-5535b2ff7cfa
REPORT RequestId: a884d9ab-d34c-48b3-90b0-5535b2ff7cfa Duration: 10528 ms Billed Duration: 10600 ms Memory Size: 256 MB Max Memory Used: 119 MB

{"network": "43678412.9859,0,0,0"}

==========Thread4========WARNING: Your kernel does not support swap limit capabilities or the cgroup is not mounted. Memory limited without swap.
START RequestId: d0ab81f4-8845-4ece-ac83-68273afd8694 Version: $LATEST
5208
END RequestId: d0ab81f4-8845-4ece-ac83-68273afd8694
REPORT RequestId: d0ab81f4-8845-4ece-ac83-68273afd8694 Duration: 10368 ms Billed Duration: 10400 ms Memory Size: 256 MB Max Memory Used: 119 MB

{"network": "50202260.2793,0,0,0"}

==========Thread5========WARNING: Your kernel does not support swap limit capabilities or the cgroup is not mounted. Memory limited without swap.
START RequestId: 2ec604b7-0824-4b9a-9ac9-bdf899816e1e Version: $LATEST
5205
END RequestId: 2ec604b7-0824-4b9a-9ac9-bdf899816e1e
REPORT RequestId: 2ec604b7-0824-4b9a-9ac9-bdf899816e1e Duration: 11681 ms Billed Duration: 11700 ms Memory Size: 256 MB Max Memory Used: 121 MB

{"network": "57602536.0518,0,0,0"}

==========Thread6========WARNING: Your kernel does not support swap limit capabilities or the cgroup is not mounted. Memory limited without swap.
START RequestId: a31c8d2e-30e4-4e42-8dd3-17d1d90c3174 Version: $LATEST
5206
END RequestId: a31c8d2e-30e4-4e42-8dd3-17d1d90c3174
REPORT RequestId: a31c8d2e-30e4-4e42-8dd3-17d1d90c3174 Duration: 11321 ms Billed Duration: 11400 ms Memory Size: 256 MB Max Memory Used: 119 MB

{"network": "79548344.5302,0,0,0"}

==========Thread7========WARNING: Your kernel does not support swap limit capabilities or the cgroup is not mounted. Memory limited without swap.
START RequestId: 033e52e5-a64e-42e6-87ea-f1fb42bd395f Version: $LATEST
5204
END RequestId: 033e52e5-a64e-42e6-87ea-f1fb42bd395f
REPORT RequestId: 033e52e5-a64e-42e6-87ea-f1fb42bd395f Duration: 11370 ms Billed Duration: 11400 ms Memory Size: 256 MB Max Memory Used: 121 MB

{"network": "60779965.248,0,0,0"}

==========Thread8========WARNING: Your kernel does not support swap limit capabilities or the cgroup is not mounted. Memory limited without swap.
START RequestId: 54f32437-4ccb-4765-8e68-963681db8e5c Version: $LATEST
5202
END RequestId: 54f32437-4ccb-4765-8e68-963681db8e5c
REPORT RequestId: 54f32437-4ccb-4765-8e68-963681db8e5c Duration: 11085 ms Billed Duration: 11100 ms Memory Size: 256 MB Max Memory Used: 120 MB

{"network": "40112001.4905,0,0,0"}

==========Thread9========WARNING: Your kernel does not support swap limit capabilities or the cgroup is not mounted. Memory limited without swap.
START RequestId: bde07a0d-4905-4d49-a03f-f8b885303456 Version: $LATEST
5209
END RequestId: bde07a0d-4905-4d49-a03f-f8b885303456
REPORT RequestId: bde07a0d-4905-4d49-a03f-f8b885303456 Duration: 10395 ms Billed Duration: 10400 ms Memory Size: 256 MB Max Memory Used: 121 MB

{"network": "36415591.6734,0,0,0"}

==========Thread10========WARNING: Your kernel does not support swap limit capabilities or the cgroup is not mounted. Memory limited without swap.
START RequestId: 0b286613-67b5-4e27-a6a7-7848aaf297a4 Version: $LATEST
5201
END RequestId: 0b286613-67b5-4e27-a6a7-7848aaf297a4
REPORT RequestId: 0b286613-67b5-4e27-a6a7-7848aaf297a4 Duration: 11168 ms Billed Duration: 11200 ms Memory Size: 256 MB Max Memory Used: 120 MB

{"network": "58318833.9043,0,0,0"}
