
==========Thread1========WARNING: Your kernel does not support swap limit capabilities or the cgroup is not mounted. Memory limited without swap.
START RequestId: c81b5599-b823-406f-ac2b-c5064204f985 Version: $LATEST
5203
END RequestId: c81b5599-b823-406f-ac2b-c5064204f985
REPORT RequestId: c81b5599-b823-406f-ac2b-c5064204f985 Duration: 11146 ms Billed Duration: 11200 ms Memory Size: 256 MB Max Memory Used: 119 MB

{"network": "82904598.025,0,0,0"}

==========Thread2========WARNING: Your kernel does not support swap limit capabilities or the cgroup is not mounted. Memory limited without swap.
START RequestId: c8e8725d-f886-45a5-9e87-56d263a40cdd Version: $LATEST
5205
END RequestId: c8e8725d-f886-45a5-9e87-56d263a40cdd
REPORT RequestId: c8e8725d-f886-45a5-9e87-56d263a40cdd Duration: 10489 ms Billed Duration: 10500 ms Memory Size: 256 MB Max Memory Used: 120 MB

{"network": "68358713.3419,0,0,0"}

==========Thread3========WARNING: Your kernel does not support swap limit capabilities or the cgroup is not mounted. Memory limited without swap.
START RequestId: f94ab5df-7004-4f21-8559-adb6742d0fa3 Version: $LATEST
5204
END RequestId: f94ab5df-7004-4f21-8559-adb6742d0fa3
REPORT RequestId: f94ab5df-7004-4f21-8559-adb6742d0fa3 Duration: 11924 ms Billed Duration: 12000 ms Memory Size: 256 MB Max Memory Used: 121 MB

{"network": "65156391.883,0,0,0"}

==========Thread4========WARNING: Your kernel does not support swap limit capabilities or the cgroup is not mounted. Memory limited without swap.
START RequestId: 7bc96be9-59b3-47dc-94d2-9f567f133937 Version: $LATEST
5202
END RequestId: 7bc96be9-59b3-47dc-94d2-9f567f133937
REPORT RequestId: 7bc96be9-59b3-47dc-94d2-9f567f133937 Duration: 10701 ms Billed Duration: 10800 ms Memory Size: 256 MB Max Memory Used: 120 MB

{"network": "78315051.2071,0,0,0"}

==========Thread5========WARNING: Your kernel does not support swap limit capabilities or the cgroup is not mounted. Memory limited without swap.
START RequestId: b64ca0ad-e281-476b-a27e-cd8149b6236a Version: $LATEST
5201
END RequestId: b64ca0ad-e281-476b-a27e-cd8149b6236a
REPORT RequestId: b64ca0ad-e281-476b-a27e-cd8149b6236a Duration: 10458 ms Billed Duration: 10500 ms Memory Size: 256 MB Max Memory Used: 120 MB

{"network": "62567053.333,0,0,0"}
