
==========Thread1========WARNING: Your kernel does not support swap limit capabilities or the cgroup is not mounted. Memory limited without swap.
START RequestId: d8431c50-a920-4173-9931-83450ce7ac04 Version: $LATEST
5207
END RequestId: d8431c50-a920-4173-9931-83450ce7ac04
REPORT RequestId: d8431c50-a920-4173-9931-83450ce7ac04 Duration: 11317 ms Billed Duration: 11400 ms Memory Size: 256 MB Max Memory Used: 120 MB

{"network": "80825933.8437,0,0,0"}

==========Thread2========WARNING: Your kernel does not support swap limit capabilities or the cgroup is not mounted. Memory limited without swap.
START RequestId: 2ef1a8cc-c257-4d5c-ae7e-aa1071e14dbb Version: $LATEST
5203
END RequestId: 2ef1a8cc-c257-4d5c-ae7e-aa1071e14dbb
REPORT RequestId: 2ef1a8cc-c257-4d5c-ae7e-aa1071e14dbb Duration: 10287 ms Billed Duration: 10300 ms Memory Size: 256 MB Max Memory Used: 121 MB

{"network": "46742486.3797,0,0,0"}

==========Thread3========WARNING: Your kernel does not support swap limit capabilities or the cgroup is not mounted. Memory limited without swap.
START RequestId: 9981a55a-5771-44e2-9120-6595f40e3b22 Version: $LATEST
5208
END RequestId: 9981a55a-5771-44e2-9120-6595f40e3b22
REPORT RequestId: 9981a55a-5771-44e2-9120-6595f40e3b22 Duration: 11373 ms Billed Duration: 11400 ms Memory Size: 256 MB Max Memory Used: 119 MB

{"network": "66837863.2634,0,0,0"}

==========Thread4========WARNING: Your kernel does not support swap limit capabilities or the cgroup is not mounted. Memory limited without swap.
START RequestId: 136750c5-700a-4e6a-91a7-5caf85195ce5 Version: $LATEST
5205
END RequestId: 136750c5-700a-4e6a-91a7-5caf85195ce5
REPORT RequestId: 136750c5-700a-4e6a-91a7-5caf85195ce5 Duration: 10683 ms Billed Duration: 10700 ms Memory Size: 256 MB Max Memory Used: 120 MB

{"network": "47088453.4839,0,0,0"}

==========Thread5========WARNING: Your kernel does not support swap limit capabilities or the cgroup is not mounted. Memory limited without swap.
START RequestId: ba5285b5-d684-4c29-b4e6-ea4cb5506931 Version: $LATEST
5206
END RequestId: ba5285b5-d684-4c29-b4e6-ea4cb5506931
REPORT RequestId: ba5285b5-d684-4c29-b4e6-ea4cb5506931 Duration: 10380 ms Billed Duration: 10400 ms Memory Size: 256 MB Max Memory Used: 121 MB

{"network": "33122810.4245,0,0,0"}

==========Thread6========WARNING: Your kernel does not support swap limit capabilities or the cgroup is not mounted. Memory limited without swap.
START RequestId: 89a582a0-f24b-418a-8bfe-76b80212026b Version: $LATEST
5204
END RequestId: 89a582a0-f24b-418a-8bfe-76b80212026b
REPORT RequestId: 89a582a0-f24b-418a-8bfe-76b80212026b Duration: 11167 ms Billed Duration: 11200 ms Memory Size: 256 MB Max Memory Used: 119 MB

{"network": "46955748.7716,0,0,0"}

==========Thread7========WARNING: Your kernel does not support swap limit capabilities or the cgroup is not mounted. Memory limited without swap.
START RequestId: b465fe37-ad5e-41cf-b6ad-bf9913433afc Version: $LATEST
5202
END RequestId: b465fe37-ad5e-41cf-b6ad-bf9913433afc
REPORT RequestId: b465fe37-ad5e-41cf-b6ad-bf9913433afc Duration: 10400 ms Billed Duration: 10500 ms Memory Size: 256 MB Max Memory Used: 121 MB

{"network": "48557564.6576,0,0,0"}

==========Thread8========WARNING: Your kernel does not support swap limit capabilities or the cgroup is not mounted. Memory limited without swap.
START RequestId: 57338f59-6372-41e7-9930-0c8518ec4ba4 Version: $LATEST
5201
END RequestId: 57338f59-6372-41e7-9930-0c8518ec4ba4
REPORT RequestId: 57338f59-6372-41e7-9930-0c8518ec4ba4 Duration: 10293 ms Billed Duration: 10300 ms Memory Size: 256 MB Max Memory Used: 119 MB

{"network": "53634964.8447,0,0,0"}
