
==========Thread1========WARNING: Your kernel does not support swap limit capabilities or the cgroup is not mounted. Memory limited without swap.
START RequestId: d60d3549-b4b2-47de-84d5-41085372950f Version: $LATEST
5203
END RequestId: d60d3549-b4b2-47de-84d5-41085372950f
REPORT RequestId: d60d3549-b4b2-47de-84d5-41085372950f Duration: 11618 ms Billed Duration: 11700 ms Memory Size: 256 MB Max Memory Used: 120 MB

{"network": "125871537.846,0,0,0"}

==========Thread2========WARNING: Your kernel does not support swap limit capabilities or the cgroup is not mounted. Memory limited without swap.
START RequestId: 84ec1622-3804-4cd5-b15a-7d50ffa8a10a Version: $LATEST
5204
END RequestId: 84ec1622-3804-4cd5-b15a-7d50ffa8a10a
REPORT RequestId: 84ec1622-3804-4cd5-b15a-7d50ffa8a10a Duration: 12066 ms Billed Duration: 12100 ms Memory Size: 256 MB Max Memory Used: 120 MB

{"network": "129346978.499,0,0,0"}

==========Thread3========WARNING: Your kernel does not support swap limit capabilities or the cgroup is not mounted. Memory limited without swap.
START RequestId: 37850750-6721-4aa8-9241-61f28745e996 Version: $LATEST
5202
END RequestId: 37850750-6721-4aa8-9241-61f28745e996
REPORT RequestId: 37850750-6721-4aa8-9241-61f28745e996 Duration: 10269 ms Billed Duration: 10300 ms Memory Size: 256 MB Max Memory Used: 121 MB

{"network": "124036009.043,0,0,0"}

==========Thread4========WARNING: Your kernel does not support swap limit capabilities or the cgroup is not mounted. Memory limited without swap.
START RequestId: 5c5f8ba4-21a3-484b-89b7-fcf0144dc44b Version: $LATEST
5201
END RequestId: 5c5f8ba4-21a3-484b-89b7-fcf0144dc44b
REPORT RequestId: 5c5f8ba4-21a3-484b-89b7-fcf0144dc44b Duration: 10304 ms Billed Duration: 10400 ms Memory Size: 256 MB Max Memory Used: 120 MB

{"network": "126656590.448,0,0,0"}
