
==========Thread1========WARNING: Your kernel does not support swap limit capabilities or the cgroup is not mounted. Memory limited without swap.
START RequestId: 727b9ceb-8b9c-4092-9429-68ff835869f7 Version: $LATEST
5203
END RequestId: 727b9ceb-8b9c-4092-9429-68ff835869f7
REPORT RequestId: 727b9ceb-8b9c-4092-9429-68ff835869f7 Duration: 10198 ms Billed Duration: 10200 ms Memory Size: 256 MB Max Memory Used: 120 MB

{"network": "84447312.0339,0,0,0"}

==========Thread2========WARNING: Your kernel does not support swap limit capabilities or the cgroup is not mounted. Memory limited without swap.
START RequestId: a77f29f4-4802-4838-9734-df924de26e8c Version: $LATEST
5205
END RequestId: a77f29f4-4802-4838-9734-df924de26e8c
REPORT RequestId: a77f29f4-4802-4838-9734-df924de26e8c Duration: 10195 ms Billed Duration: 10200 ms Memory Size: 256 MB Max Memory Used: 121 MB

{"network": "40406176.0739,0,0,0"}

==========Thread3========WARNING: Your kernel does not support swap limit capabilities or the cgroup is not mounted. Memory limited without swap.
START RequestId: d90e73bd-e42b-4040-94a2-2d39d26f9974 Version: $LATEST
5204
END RequestId: d90e73bd-e42b-4040-94a2-2d39d26f9974
REPORT RequestId: d90e73bd-e42b-4040-94a2-2d39d26f9974 Duration: 10191 ms Billed Duration: 10200 ms Memory Size: 256 MB Max Memory Used: 119 MB

{"network": "41245359.0969,0,0,0"}

==========Thread4========WARNING: Your kernel does not support swap limit capabilities or the cgroup is not mounted. Memory limited without swap.
START RequestId: ffefedad-62a4-468c-9826-32d502aea93b Version: $LATEST
5202
END RequestId: ffefedad-62a4-468c-9826-32d502aea93b
REPORT RequestId: ffefedad-62a4-468c-9826-32d502aea93b Duration: 10202 ms Billed Duration: 10300 ms Memory Size: 256 MB Max Memory Used: 120 MB

{"network": "104598597.787,0,0,0"}

==========Thread5========WARNING: Your kernel does not support swap limit capabilities or the cgroup is not mounted. Memory limited without swap.
START RequestId: 45b4509e-e2ab-4354-bbaf-bf150c004ea7 Version: $LATEST
5201
END RequestId: 45b4509e-e2ab-4354-bbaf-bf150c004ea7
REPORT RequestId: 45b4509e-e2ab-4354-bbaf-bf150c004ea7 Duration: 10184 ms Billed Duration: 10200 ms Memory Size: 256 MB Max Memory Used: 119 MB

{"network": "79333544.4768,0,0,0"}
