
==========Thread1========WARNING: Your kernel does not support swap limit capabilities or the cgroup is not mounted. Memory limited without swap.
START RequestId: 66830ffb-12b6-458b-ae3b-540c3fb7814a Version: $LATEST
5210
END RequestId: 66830ffb-12b6-458b-ae3b-540c3fb7814a
REPORT RequestId: 66830ffb-12b6-458b-ae3b-540c3fb7814a Duration: 11185 ms Billed Duration: 11200 ms Memory Size: 256 MB Max Memory Used: 119 MB

{"network": "39491199.5293,0,0,0"}

==========Thread2========WARNING: Your kernel does not support swap limit capabilities or the cgroup is not mounted. Memory limited without swap.
START RequestId: f2d6d2e8-bd5e-43ab-bb76-a67da732f84a Version: $LATEST
5207
END RequestId: f2d6d2e8-bd5e-43ab-bb76-a67da732f84a
REPORT RequestId: f2d6d2e8-bd5e-43ab-bb76-a67da732f84a Duration: 10187 ms Billed Duration: 10200 ms Memory Size: 256 MB Max Memory Used: 120 MB

{"network": "38292248.1014,0,0,0"}

==========Thread3========WARNING: Your kernel does not support swap limit capabilities or the cgroup is not mounted. Memory limited without swap.
START RequestId: a3c0ddde-752a-4a99-b47d-f82920f79b6b Version: $LATEST
5203
END RequestId: a3c0ddde-752a-4a99-b47d-f82920f79b6b
REPORT RequestId: a3c0ddde-752a-4a99-b47d-f82920f79b6b Duration: 10186 ms Billed Duration: 10200 ms Memory Size: 256 MB Max Memory Used: 120 MB

{"network": "45402904.1634,0,0,0"}

==========Thread4========WARNING: Your kernel does not support swap limit capabilities or the cgroup is not mounted. Memory limited without swap.
START RequestId: 1cf7ebe6-cd28-4d0e-ba7b-0561593a77f7 Version: $LATEST
5208
END RequestId: 1cf7ebe6-cd28-4d0e-ba7b-0561593a77f7
REPORT RequestId: 1cf7ebe6-cd28-4d0e-ba7b-0561593a77f7 Duration: 11193 ms Billed Duration: 11200 ms Memory Size: 256 MB Max Memory Used: 120 MB

{"network": "47754838.6399,0,0,0"}

==========Thread5========WARNING: Your kernel does not support swap limit capabilities or the cgroup is not mounted. Memory limited without swap.
START RequestId: 7fe82ca6-aa37-437d-af19-ef10322180ae Version: $LATEST
5205
END RequestId: 7fe82ca6-aa37-437d-af19-ef10322180ae
REPORT RequestId: 7fe82ca6-aa37-437d-af19-ef10322180ae Duration: 10362 ms Billed Duration: 10400 ms Memory Size: 256 MB Max Memory Used: 119 MB

{"network": "43040321.9959,0,0,0"}

==========Thread6========WARNING: Your kernel does not support swap limit capabilities or the cgroup is not mounted. Memory limited without swap.
START RequestId: f8110821-adbc-46c5-b3a0-b4e3c5176111 Version: $LATEST
5206
END RequestId: f8110821-adbc-46c5-b3a0-b4e3c5176111
REPORT RequestId: f8110821-adbc-46c5-b3a0-b4e3c5176111 Duration: 10192 ms Billed Duration: 10200 ms Memory Size: 256 MB Max Memory Used: 121 MB

{"network": "31910710.724,0,0,0"}

==========Thread7========WARNING: Your kernel does not support swap limit capabilities or the cgroup is not mounted. Memory limited without swap.
START RequestId: fefbc9f3-ce1d-4330-b563-258127984569 Version: $LATEST
5204
END RequestId: fefbc9f3-ce1d-4330-b563-258127984569
REPORT RequestId: fefbc9f3-ce1d-4330-b563-258127984569 Duration: 10187 ms Billed Duration: 10200 ms Memory Size: 256 MB Max Memory Used: 120 MB

{"network": "37062751.9546,0,0,0"}

==========Thread8========WARNING: Your kernel does not support swap limit capabilities or the cgroup is not mounted. Memory limited without swap.
START RequestId: fd8cd549-664d-4be3-bb9b-d759b61ffb3e Version: $LATEST
5202
END RequestId: fd8cd549-664d-4be3-bb9b-d759b61ffb3e
REPORT RequestId: fd8cd549-664d-4be3-bb9b-d759b61ffb3e Duration: 11354 ms Billed Duration: 11400 ms Memory Size: 256 MB Max Memory Used: 121 MB

{"network": "51211090.7504,0,0,0"}

==========Thread9========WARNING: Your kernel does not support swap limit capabilities or the cgroup is not mounted. Memory limited without swap.
START RequestId: e011aa11-fd6c-47a7-be7b-73206c0907a2 Version: $LATEST
5209
END RequestId: e011aa11-fd6c-47a7-be7b-73206c0907a2
REPORT RequestId: e011aa11-fd6c-47a7-be7b-73206c0907a2 Duration: 10194 ms Billed Duration: 10200 ms Memory Size: 256 MB Max Memory Used: 121 MB

{"network": "28837622.519,0,0,0"}

==========Thread10========WARNING: Your kernel does not support swap limit capabilities or the cgroup is not mounted. Memory limited without swap.
START RequestId: 81546a35-9ac0-4c7f-b7b7-81af594be8f8 Version: $LATEST
5201
END RequestId: 81546a35-9ac0-4c7f-b7b7-81af594be8f8
REPORT RequestId: 81546a35-9ac0-4c7f-b7b7-81af594be8f8 Duration: 10183 ms Billed Duration: 10200 ms Memory Size: 256 MB Max Memory Used: 120 MB

{"network": "65585376.2352,0,0,0"}
