
==========Thread1========WARNING: Your kernel does not support swap limit capabilities or the cgroup is not mounted. Memory limited without swap.
START RequestId: 82b5ffbc-36bb-4df7-b28d-14772e3fe3ff Version: $LATEST
5207
END RequestId: 82b5ffbc-36bb-4df7-b28d-14772e3fe3ff
REPORT RequestId: 82b5ffbc-36bb-4df7-b28d-14772e3fe3ff Duration: 11217 ms Billed Duration: 11300 ms Memory Size: 256 MB Max Memory Used: 120 MB

{"network": "26730319.8988,0,0,0"}

==========Thread2========WARNING: Your kernel does not support swap limit capabilities or the cgroup is not mounted. Memory limited without swap.
START RequestId: fefb865b-0182-4f59-9b51-7f66d0ac834d Version: $LATEST
5203
END RequestId: fefb865b-0182-4f59-9b51-7f66d0ac834d
REPORT RequestId: fefb865b-0182-4f59-9b51-7f66d0ac834d Duration: 10346 ms Billed Duration: 10400 ms Memory Size: 256 MB Max Memory Used: 119 MB

{"network": "91739858.6727,0,0,0"}

==========Thread3========WARNING: Your kernel does not support swap limit capabilities or the cgroup is not mounted. Memory limited without swap.
START RequestId: 2713a620-f0ee-4f3f-a448-bbfc66e719b2 Version: $LATEST
5208
END RequestId: 2713a620-f0ee-4f3f-a448-bbfc66e719b2
REPORT RequestId: 2713a620-f0ee-4f3f-a448-bbfc66e719b2 Duration: 11203 ms Billed Duration: 11300 ms Memory Size: 256 MB Max Memory Used: 121 MB

{"network": "74994795.0581,0,0,0"}

==========Thread4========WARNING: Your kernel does not support swap limit capabilities or the cgroup is not mounted. Memory limited without swap.
START RequestId: 9388c1c9-e6d5-4542-be79-e716ee37f54d Version: $LATEST
5205
END RequestId: 9388c1c9-e6d5-4542-be79-e716ee37f54d
REPORT RequestId: 9388c1c9-e6d5-4542-be79-e716ee37f54d Duration: 10189 ms Billed Duration: 10200 ms Memory Size: 256 MB Max Memory Used: 120 MB

{"network": "61892711.7139,0,0,0"}

==========Thread5========WARNING: Your kernel does not support swap limit capabilities or the cgroup is not mounted. Memory limited without swap.
START RequestId: 7fbd1f2f-c5b8-4df4-9b48-8a1c40c95039 Version: $LATEST
5206
END RequestId: 7fbd1f2f-c5b8-4df4-9b48-8a1c40c95039
REPORT RequestId: 7fbd1f2f-c5b8-4df4-9b48-8a1c40c95039 Duration: 13566 ms Billed Duration: 13600 ms Memory Size: 256 MB Max Memory Used: 120 MB

{"network": "165949369.932,0,0,0"}

==========Thread6========WARNING: Your kernel does not support swap limit capabilities or the cgroup is not mounted. Memory limited without swap.
START RequestId: 72389650-4779-4a69-801a-2ff77af93763 Version: $LATEST
5204
END RequestId: 72389650-4779-4a69-801a-2ff77af93763
REPORT RequestId: 72389650-4779-4a69-801a-2ff77af93763 Duration: 10188 ms Billed Duration: 10200 ms Memory Size: 256 MB Max Memory Used: 120 MB

{"network": "60731003.4856,0,0,0"}

==========Thread7========WARNING: Your kernel does not support swap limit capabilities or the cgroup is not mounted. Memory limited without swap.
START RequestId: 1eecb77c-e2d3-4c85-bdb4-387b9eeebeaa Version: $LATEST
5202
END RequestId: 1eecb77c-e2d3-4c85-bdb4-387b9eeebeaa
REPORT RequestId: 1eecb77c-e2d3-4c85-bdb4-387b9eeebeaa Duration: 10189 ms Billed Duration: 10200 ms Memory Size: 256 MB Max Memory Used: 120 MB

{"network": "21767424.332,0,0,0"}

==========Thread8========WARNING: Your kernel does not support swap limit capabilities or the cgroup is not mounted. Memory limited without swap.
START RequestId: e134e742-0a89-4d31-a839-6536f9ac5242 Version: $LATEST
5201
END RequestId: e134e742-0a89-4d31-a839-6536f9ac5242
REPORT RequestId: e134e742-0a89-4d31-a839-6536f9ac5242 Duration: 10196 ms Billed Duration: 10200 ms Memory Size: 256 MB Max Memory Used: 120 MB

{"network": "40916284.9172,0,0,0"}
