
==========Thread1========WARNING: Your kernel does not support swap limit capabilities or the cgroup is not mounted. Memory limited without swap.
START RequestId: ec8c60ec-29b6-43e1-9071-4d0e4f111368 Version: $LATEST
5203
END RequestId: ec8c60ec-29b6-43e1-9071-4d0e4f111368
REPORT RequestId: ec8c60ec-29b6-43e1-9071-4d0e4f111368 Duration: 10550 ms Billed Duration: 10600 ms Memory Size: 256 MB Max Memory Used: 119 MB

{"network": "97957963.8792,0,0,0"}

==========Thread2========WARNING: Your kernel does not support swap limit capabilities or the cgroup is not mounted. Memory limited without swap.
START RequestId: f4bb02b9-039c-49bf-a964-e9bf9b37d4be Version: $LATEST
5204
END RequestId: f4bb02b9-039c-49bf-a964-e9bf9b37d4be
REPORT RequestId: f4bb02b9-039c-49bf-a964-e9bf9b37d4be Duration: 10193 ms Billed Duration: 10200 ms Memory Size: 256 MB Max Memory Used: 120 MB

{"network": "78971927.8024,0,0,0"}

==========Thread3========WARNING: Your kernel does not support swap limit capabilities or the cgroup is not mounted. Memory limited without swap.
START RequestId: bb90eee2-b656-4d84-8735-aa235856d339 Version: $LATEST
5202
END RequestId: bb90eee2-b656-4d84-8735-aa235856d339
REPORT RequestId: bb90eee2-b656-4d84-8735-aa235856d339 Duration: 10981 ms Billed Duration: 11000 ms Memory Size: 256 MB Max Memory Used: 119 MB

{"network": "109900313.078,0,0,0"}

==========Thread4========WARNING: Your kernel does not support swap limit capabilities or the cgroup is not mounted. Memory limited without swap.
START RequestId: e1db0d92-9a8a-4e12-9db7-8404e4d44496 Version: $LATEST
5201
END RequestId: e1db0d92-9a8a-4e12-9db7-8404e4d44496
REPORT RequestId: e1db0d92-9a8a-4e12-9db7-8404e4d44496 Duration: 10191 ms Billed Duration: 10200 ms Memory Size: 256 MB Max Memory Used: 120 MB

{"network": "78796014.6685,0,0,0"}
