
==========Thread1========WARNING: Your kernel does not support swap limit capabilities or the cgroup is not mounted. Memory limited without swap.
START RequestId: 3a96a524-1e71-422f-9036-8c73769184d5 Version: $LATEST
5207
END RequestId: 3a96a524-1e71-422f-9036-8c73769184d5
REPORT RequestId: 3a96a524-1e71-422f-9036-8c73769184d5 Duration: 10188 ms Billed Duration: 10200 ms Memory Size: 256 MB Max Memory Used: 120 MB

{"network": "30061505.3099,0,0,0"}

==========Thread2========WARNING: Your kernel does not support swap limit capabilities or the cgroup is not mounted. Memory limited without swap.
START RequestId: 8c637e4c-201e-4235-ace9-b7336a0ffde6 Version: $LATEST
5203
END RequestId: 8c637e4c-201e-4235-ace9-b7336a0ffde6
REPORT RequestId: 8c637e4c-201e-4235-ace9-b7336a0ffde6 Duration: 10355 ms Billed Duration: 10400 ms Memory Size: 256 MB Max Memory Used: 120 MB

{"network": "30297363.9855,0,0,0"}

==========Thread3========WARNING: Your kernel does not support swap limit capabilities or the cgroup is not mounted. Memory limited without swap.
START RequestId: 7df6cc93-0f5d-48b5-ad97-4c6bd43a3eb1 Version: $LATEST
5205
END RequestId: 7df6cc93-0f5d-48b5-ad97-4c6bd43a3eb1
REPORT RequestId: 7df6cc93-0f5d-48b5-ad97-4c6bd43a3eb1 Duration: 10178 ms Billed Duration: 10200 ms Memory Size: 256 MB Max Memory Used: 119 MB

{"network": "30672368.6095,0,0,0"}

==========Thread4========WARNING: Your kernel does not support swap limit capabilities or the cgroup is not mounted. Memory limited without swap.
START RequestId: 490a20ea-573c-443e-a081-5c8e5055f058 Version: $LATEST
5206
END RequestId: 490a20ea-573c-443e-a081-5c8e5055f058
REPORT RequestId: 490a20ea-573c-443e-a081-5c8e5055f058 Duration: 10339 ms Billed Duration: 10400 ms Memory Size: 256 MB Max Memory Used: 120 MB

{"network": "83503888.1101,0,0,0"}

==========Thread5========WARNING: Your kernel does not support swap limit capabilities or the cgroup is not mounted. Memory limited without swap.
START RequestId: 4d8c7fd9-4f94-4a5c-8cc2-87029e171f05 Version: $LATEST
5204
END RequestId: 4d8c7fd9-4f94-4a5c-8cc2-87029e171f05
REPORT RequestId: 4d8c7fd9-4f94-4a5c-8cc2-87029e171f05 Duration: 10561 ms Billed Duration: 10600 ms Memory Size: 256 MB Max Memory Used: 120 MB

{"network": "99090136.1443,0,0,0"}

==========Thread6========WARNING: Your kernel does not support swap limit capabilities or the cgroup is not mounted. Memory limited without swap.
START RequestId: 8ee22196-46d9-44bf-884c-15799d1795b7 Version: $LATEST
5202
END RequestId: 8ee22196-46d9-44bf-884c-15799d1795b7
REPORT RequestId: 8ee22196-46d9-44bf-884c-15799d1795b7 Duration: 10183 ms Billed Duration: 10200 ms Memory Size: 256 MB Max Memory Used: 120 MB

{"network": "24192501.8947,0,0,0"}

==========Thread7========WARNING: Your kernel does not support swap limit capabilities or the cgroup is not mounted. Memory limited without swap.
START RequestId: 1ed5d25f-9321-4b94-9b39-851664801e42 Version: $LATEST
5201
END RequestId: 1ed5d25f-9321-4b94-9b39-851664801e42
REPORT RequestId: 1ed5d25f-9321-4b94-9b39-851664801e42 Duration: 10554 ms Billed Duration: 10600 ms Memory Size: 256 MB Max Memory Used: 120 MB

{"network": "88103473.2887,0,0,0"}
