
==========Thread1========WARNING: Your kernel does not support swap limit capabilities or the cgroup is not mounted. Memory limited without swap.
START RequestId: 8bff7c4e-d4bd-4bcd-8275-d73710ebc94e Version: $LATEST
5207
END RequestId: 8bff7c4e-d4bd-4bcd-8275-d73710ebc94e
REPORT RequestId: 8bff7c4e-d4bd-4bcd-8275-d73710ebc94e Duration: 11995 ms Billed Duration: 12000 ms Memory Size: 256 MB Max Memory Used: 121 MB

{"network": "34208572.3782,0,0,0"}

==========Thread2========WARNING: Your kernel does not support swap limit capabilities or the cgroup is not mounted. Memory limited without swap.
START RequestId: 543fdeba-e041-4b82-b580-63b96cc9cf57 Version: $LATEST
5203
END RequestId: 543fdeba-e041-4b82-b580-63b96cc9cf57
REPORT RequestId: 543fdeba-e041-4b82-b580-63b96cc9cf57 Duration: 11575 ms Billed Duration: 11600 ms Memory Size: 256 MB Max Memory Used: 120 MB

{"network": "26359870.4786,0,0,0"}

==========Thread3========WARNING: Your kernel does not support swap limit capabilities or the cgroup is not mounted. Memory limited without swap.
START RequestId: 37def22d-dc43-47bb-8a19-e525147baffb Version: $LATEST
5208
END RequestId: 37def22d-dc43-47bb-8a19-e525147baffb
REPORT RequestId: 37def22d-dc43-47bb-8a19-e525147baffb Duration: 10352 ms Billed Duration: 10400 ms Memory Size: 256 MB Max Memory Used: 120 MB

{"network": "33386656.097,0,0,0"}

==========Thread4========WARNING: Your kernel does not support swap limit capabilities or the cgroup is not mounted. Memory limited without swap.
START RequestId: ecbde7ca-7280-44f4-96bf-60136af91959 Version: $LATEST
5205
END RequestId: ecbde7ca-7280-44f4-96bf-60136af91959
REPORT RequestId: ecbde7ca-7280-44f4-96bf-60136af91959 Duration: 11375 ms Billed Duration: 11400 ms Memory Size: 256 MB Max Memory Used: 119 MB

{"network": "68815715.3105,0,0,0"}

==========Thread5========WARNING: Your kernel does not support swap limit capabilities or the cgroup is not mounted. Memory limited without swap.
START RequestId: cb9cd8db-9876-43a3-b99d-92ea9ceb9a3a Version: $LATEST
5206
END RequestId: cb9cd8db-9876-43a3-b99d-92ea9ceb9a3a
REPORT RequestId: cb9cd8db-9876-43a3-b99d-92ea9ceb9a3a Duration: 10992 ms Billed Duration: 11000 ms Memory Size: 256 MB Max Memory Used: 119 MB

{"network": "36771038.5098,0,0,0"}

==========Thread6========WARNING: Your kernel does not support swap limit capabilities or the cgroup is not mounted. Memory limited without swap.
START RequestId: a730ac5e-206c-47e1-9bcc-931a7981e049 Version: $LATEST
5204
END RequestId: a730ac5e-206c-47e1-9bcc-931a7981e049
REPORT RequestId: a730ac5e-206c-47e1-9bcc-931a7981e049 Duration: 12189 ms Billed Duration: 12200 ms Memory Size: 256 MB Max Memory Used: 121 MB

{"network": "64747437.2197,0,0,0"}

==========Thread7========WARNING: Your kernel does not support swap limit capabilities or the cgroup is not mounted. Memory limited without swap.
START RequestId: 619d73f5-de4a-44e6-941a-58c5367fdcd4 Version: $LATEST
5202
END RequestId: 619d73f5-de4a-44e6-941a-58c5367fdcd4
REPORT RequestId: 619d73f5-de4a-44e6-941a-58c5367fdcd4 Duration: 10541 ms Billed Duration: 10600 ms Memory Size: 256 MB Max Memory Used: 120 MB

{"network": "34378250.2696,0,0,0"}

==========Thread8========WARNING: Your kernel does not support swap limit capabilities or the cgroup is not mounted. Memory limited without swap.
START RequestId: 93b95c95-139f-4176-a6d9-132afaec9af1 Version: $LATEST
5209
END RequestId: 93b95c95-139f-4176-a6d9-132afaec9af1
REPORT RequestId: 93b95c95-139f-4176-a6d9-132afaec9af1 Duration: 11005 ms Billed Duration: 11100 ms Memory Size: 256 MB Max Memory Used: 119 MB

{"network": "86116174.8061,0,0,0"}

==========Thread9========WARNING: Your kernel does not support swap limit capabilities or the cgroup is not mounted. Memory limited without swap.
START RequestId: 57d3dd01-e755-4fd0-aedc-85750b5a46b2 Version: $LATEST
5201
END RequestId: 57d3dd01-e755-4fd0-aedc-85750b5a46b2
REPORT RequestId: 57d3dd01-e755-4fd0-aedc-85750b5a46b2 Duration: 10963 ms Billed Duration: 11000 ms Memory Size: 256 MB Max Memory Used: 121 MB

{"network": "57235066.8251,0,0,0"}
