
==========Thread1========WARNING: Your kernel does not support swap limit capabilities or the cgroup is not mounted. Memory limited without swap.
START RequestId: c74e7651-1d04-488c-b489-b0ea0ef13bf4 Version: $LATEST
5203
END RequestId: c74e7651-1d04-488c-b489-b0ea0ef13bf4
REPORT RequestId: c74e7651-1d04-488c-b489-b0ea0ef13bf4 Duration: 10353 ms Billed Duration: 10400 ms Memory Size: 256 MB Max Memory Used: 120 MB

{"network": "48838932.7727,0,0,0"}

==========Thread2========WARNING: Your kernel does not support swap limit capabilities or the cgroup is not mounted. Memory limited without swap.
START RequestId: 80859fa7-e245-4fcc-84d5-483f20736d38 Version: $LATEST
5205
END RequestId: 80859fa7-e245-4fcc-84d5-483f20736d38
REPORT RequestId: 80859fa7-e245-4fcc-84d5-483f20736d38 Duration: 10193 ms Billed Duration: 10200 ms Memory Size: 256 MB Max Memory Used: 120 MB

{"network": "78979361.1448,0,0,0"}

==========Thread3========WARNING: Your kernel does not support swap limit capabilities or the cgroup is not mounted. Memory limited without swap.
START RequestId: 93b75404-1b58-4711-ab39-d2aa882ceb87 Version: $LATEST
5206
END RequestId: 93b75404-1b58-4711-ab39-d2aa882ceb87
REPORT RequestId: 93b75404-1b58-4711-ab39-d2aa882ceb87 Duration: 10190 ms Billed Duration: 10200 ms Memory Size: 256 MB Max Memory Used: 120 MB

{"network": "40798823.0841,0,0,0"}

==========Thread4========WARNING: Your kernel does not support swap limit capabilities or the cgroup is not mounted. Memory limited without swap.
START RequestId: 931aaf84-0104-4027-9042-c2c6b1689390 Version: $LATEST
5204
END RequestId: 931aaf84-0104-4027-9042-c2c6b1689390
REPORT RequestId: 931aaf84-0104-4027-9042-c2c6b1689390 Duration: 10567 ms Billed Duration: 10600 ms Memory Size: 256 MB Max Memory Used: 119 MB

{"network": "68841140.5431,0,0,0"}

==========Thread5========WARNING: Your kernel does not support swap limit capabilities or the cgroup is not mounted. Memory limited without swap.
START RequestId: 2c2e0e0d-d954-4708-8e93-aa1c55e7e5e7 Version: $LATEST
5202
END RequestId: 2c2e0e0d-d954-4708-8e93-aa1c55e7e5e7
REPORT RequestId: 2c2e0e0d-d954-4708-8e93-aa1c55e7e5e7 Duration: 10990 ms Billed Duration: 11000 ms Memory Size: 256 MB Max Memory Used: 119 MB

{"network": "82044326.5634,0,0,0"}

==========Thread6========WARNING: Your kernel does not support swap limit capabilities or the cgroup is not mounted. Memory limited without swap.
START RequestId: 2e7d3461-de2b-4e2a-96ca-0566ca79855e Version: $LATEST
5201
END RequestId: 2e7d3461-de2b-4e2a-96ca-0566ca79855e
REPORT RequestId: 2e7d3461-de2b-4e2a-96ca-0566ca79855e Duration: 10185 ms Billed Duration: 10200 ms Memory Size: 256 MB Max Memory Used: 119 MB

{"network": "79205736.7625,0,0,0"}
