
==========Thread1========WARNING: Your kernel does not support swap limit capabilities or the cgroup is not mounted. Memory limited without swap.
START RequestId: 3f9cbf3d-f4fe-444a-9afc-9d9fdbdfa11f Version: $LATEST
END RequestId: 3f9cbf3d-f4fe-444a-9afc-9d9fdbdfa11f
REPORT RequestId: 3f9cbf3d-f4fe-444a-9afc-9d9fdbdfa11f Duration: 12204 ms Billed Duration: 12300 ms Memory Size: 256 MB Max Memory Used: 120 MB

{"ioload": "1.19202, 43.0 MB/s;1.40139, 36.5 MB/s;1.40968, 36.3 MB/s;1.37635, 37.2 MB/s;0.794541, 64.4 MB/s;1.05039, 48.7 MB/s;1.50194, 34.1 MB/s;1.0679, 47.9 MB/s;1.25143, 40.9 MB/s;0.658284, 77.8 MB/s"}

==========Thread2========WARNING: Your kernel does not support swap limit capabilities or the cgroup is not mounted. Memory limited without swap.
START RequestId: c2beff73-5035-433d-ba31-25e17beda20f Version: $LATEST
END RequestId: c2beff73-5035-433d-ba31-25e17beda20f
REPORT RequestId: c2beff73-5035-433d-ba31-25e17beda20f Duration: 12559 ms Billed Duration: 12600 ms Memory Size: 256 MB Max Memory Used: 120 MB

{"ioload": "1.4978, 34.2 MB/s;1.30849, 39.1 MB/s;1.49686, 34.2 MB/s;1.24808, 41.0 MB/s;1.50888, 33.9 MB/s;0.915629, 55.9 MB/s;0.833735, 61.4 MB/s;1.26808, 40.4 MB/s;1.37433, 37.3 MB/s;0.599422, 85.4 MB/s"}

==========Thread3========WARNING: Your kernel does not support swap limit capabilities or the cgroup is not mounted. Memory limited without swap.
START RequestId: 3d6390a1-147d-4565-86d7-b5f34ba9778c Version: $LATEST
END RequestId: 3d6390a1-147d-4565-86d7-b5f34ba9778c
REPORT RequestId: 3d6390a1-147d-4565-86d7-b5f34ba9778c Duration: 12275 ms Billed Duration: 12300 ms Memory Size: 256 MB Max Memory Used: 119 MB

{"ioload": "0.979307, 52.3 MB/s;1.46144, 35.0 MB/s;1.26909, 40.3 MB/s;1.37738, 37.2 MB/s;1.53755, 33.3 MB/s;1.15321, 44.4 MB/s;0.840804, 60.9 MB/s;1.43366, 35.7 MB/s;0.791604, 64.7 MB/s;0.885878, 57.8 MB/s"}

==========Thread4========WARNING: Your kernel does not support swap limit capabilities or the cgroup is not mounted. Memory limited without swap.
START RequestId: d62bfc83-c571-4aec-b549-3e5c7331003f Version: $LATEST
END RequestId: d62bfc83-c571-4aec-b549-3e5c7331003f
REPORT RequestId: d62bfc83-c571-4aec-b549-3e5c7331003f Duration: 12341 ms Billed Duration: 12400 ms Memory Size: 256 MB Max Memory Used: 120 MB

{"ioload": "0.909993, 56.3 MB/s;1.2317, 41.6 MB/s;1.38034, 37.1 MB/s;0.557085, 91.9 MB/s;1.12381, 45.6 MB/s;1.51336, 33.8 MB/s;1.13323, 45.2 MB/s;1.39793, 36.6 MB/s;1.30635, 39.2 MB/s;1.26575, 40.5 MB/s"}

==========Thread5========WARNING: Your kernel does not support swap limit capabilities or the cgroup is not mounted. Memory limited without swap.
START RequestId: 684ffa54-99ed-4cca-8928-3c2d607cd9e0 Version: $LATEST
END RequestId: 684ffa54-99ed-4cca-8928-3c2d607cd9e0
REPORT RequestId: 684ffa54-99ed-4cca-8928-3c2d607cd9e0 Duration: 12281 ms Billed Duration: 12300 ms Memory Size: 256 MB Max Memory Used: 119 MB

{"ioload": "1.46885, 34.9 MB/s;1.47622, 34.7 MB/s;1.32732, 38.6 MB/s;1.31375, 39.0 MB/s;1.06294, 48.2 MB/s;1.08444, 47.2 MB/s;1.46199, 35.0 MB/s;0.83901, 61.0 MB/s;0.697201, 73.4 MB/s;1.05504, 48.5 MB/s"}
