
==========Thread1========WARNING: Your kernel does not support swap limit capabilities or the cgroup is not mounted. Memory limited without swap.
START RequestId: 86b1e695-9643-4437-a7a1-fe85fd9af380 Version: $LATEST
END RequestId: 86b1e695-9643-4437-a7a1-fe85fd9af380
REPORT RequestId: 86b1e695-9643-4437-a7a1-fe85fd9af380 Duration: 15870 ms Billed Duration: 15900 ms Memory Size: 256 MB Max Memory Used: 120 MB

{"ioload": "1.33489, 38.4 MB/s;1.7488, 29.3 MB/s;1.59925, 32.0 MB/s;1.71964, 29.8 MB/s;1.31715, 38.9 MB/s;1.46694, 34.9 MB/s;1.60789, 31.8 MB/s;1.75083, 29.2 MB/s;1.55472, 32.9 MB/s;1.34285, 38.1 MB/s"}

==========Thread2========WARNING: Your kernel does not support swap limit capabilities or the cgroup is not mounted. Memory limited without swap.
START RequestId: 80eccb75-e2f3-4447-99d0-2af9239e5114 Version: $LATEST
END RequestId: 80eccb75-e2f3-4447-99d0-2af9239e5114
REPORT RequestId: 80eccb75-e2f3-4447-99d0-2af9239e5114 Duration: 15074 ms Billed Duration: 15100 ms Memory Size: 256 MB Max Memory Used: 120 MB

{"ioload": "1.24287, 41.2 MB/s;1.50427, 34.0 MB/s;1.71104, 29.9 MB/s;1.53543, 33.3 MB/s;1.56769, 32.7 MB/s;1.5389, 33.3 MB/s;1.42387, 36.0 MB/s;1.08577, 47.2 MB/s;1.38605, 36.9 MB/s;1.58142, 32.4 MB/s"}

==========Thread3========WARNING: Your kernel does not support swap limit capabilities or the cgroup is not mounted. Memory limited without swap.
START RequestId: 03933b55-6a0d-44c5-acb7-f4be4d75fec5 Version: $LATEST
END RequestId: 03933b55-6a0d-44c5-acb7-f4be4d75fec5
REPORT RequestId: 03933b55-6a0d-44c5-acb7-f4be4d75fec5 Duration: 15411 ms Billed Duration: 15500 ms Memory Size: 256 MB Max Memory Used: 121 MB

{"ioload": "1.55797, 32.9 MB/s;1.35056, 37.9 MB/s;1.18315, 43.3 MB/s;1.57265, 32.6 MB/s;1.68189, 30.4 MB/s;1.58253, 32.4 MB/s;1.45961, 35.1 MB/s;1.69242, 30.3 MB/s;1.7024, 30.1 MB/s;1.12293, 45.6 MB/s"}

==========Thread4========WARNING: Your kernel does not support swap limit capabilities or the cgroup is not mounted. Memory limited without swap.
START RequestId: 1155d462-9552-4e54-940f-659dda4c5878 Version: $LATEST
END RequestId: 1155d462-9552-4e54-940f-659dda4c5878
REPORT RequestId: 1155d462-9552-4e54-940f-659dda4c5878 Duration: 15299 ms Billed Duration: 15300 ms Memory Size: 256 MB Max Memory Used: 120 MB

{"ioload": "1.62519, 31.5 MB/s;1.42812, 35.9 MB/s;1.56838, 32.6 MB/s;1.45797, 35.1 MB/s;1.39688, 36.7 MB/s;1.42232, 36.0 MB/s;1.40983, 36.3 MB/s;1.5692, 32.6 MB/s;1.4743, 34.7 MB/s;1.5175, 33.7 MB/s"}

==========Thread5========WARNING: Your kernel does not support swap limit capabilities or the cgroup is not mounted. Memory limited without swap.
START RequestId: 170fdc19-61c4-4077-84a2-8a80d03e491d Version: $LATEST
END RequestId: 170fdc19-61c4-4077-84a2-8a80d03e491d
REPORT RequestId: 170fdc19-61c4-4077-84a2-8a80d03e491d Duration: 15361 ms Billed Duration: 15400 ms Memory Size: 256 MB Max Memory Used: 121 MB

{"ioload": "1.62353, 31.5 MB/s;1.49153, 34.3 MB/s;1.57163, 32.6 MB/s;1.6691, 30.7 MB/s;1.7045, 30.0 MB/s;1.47737, 34.7 MB/s;0.994704, 51.5 MB/s;1.30847, 39.1 MB/s;1.52971, 33.5 MB/s;1.52133, 33.7 MB/s"}

==========Thread6========WARNING: Your kernel does not support swap limit capabilities or the cgroup is not mounted. Memory limited without swap.
START RequestId: 053192b2-b150-43c5-a983-b6f33b13c55e Version: $LATEST
END RequestId: 053192b2-b150-43c5-a983-b6f33b13c55e
REPORT RequestId: 053192b2-b150-43c5-a983-b6f33b13c55e Duration: 14661 ms Billed Duration: 14700 ms Memory Size: 256 MB Max Memory Used: 121 MB

{"ioload": "0.945351, 54.2 MB/s;1.6219, 31.6 MB/s;1.60786, 31.8 MB/s;1.30436, 39.3 MB/s;1.35761, 37.7 MB/s;1.42375, 36.0 MB/s;1.43811, 35.6 MB/s;1.62223, 31.6 MB/s;1.39448, 36.7 MB/s;1.44538, 35.4 MB/s"}

==========Thread7========WARNING: Your kernel does not support swap limit capabilities or the cgroup is not mounted. Memory limited without swap.
START RequestId: dd11dd26-36dc-40a6-ba69-eeceddaaa000 Version: $LATEST
END RequestId: dd11dd26-36dc-40a6-ba69-eeceddaaa000
REPORT RequestId: dd11dd26-36dc-40a6-ba69-eeceddaaa000 Duration: 15129 ms Billed Duration: 15200 ms Memory Size: 256 MB Max Memory Used: 120 MB

{"ioload": "1.66678, 30.7 MB/s;1.78196, 28.7 MB/s;1.5568, 32.9 MB/s;1.02673, 49.9 MB/s;1.53645, 33.3 MB/s;1.48516, 34.5 MB/s;1.42831, 35.8 MB/s;1.61028, 31.8 MB/s;1.46377, 35.0 MB/s;1.13394, 45.2 MB/s"}
