
==========Thread1========WARNING: Your kernel does not support swap limit capabilities or the cgroup is not mounted. Memory limited without swap.
START RequestId: a7fe3f5d-5325-4b08-94db-162b1d0bf8ac Version: $LATEST
END RequestId: a7fe3f5d-5325-4b08-94db-162b1d0bf8ac
REPORT RequestId: a7fe3f5d-5325-4b08-94db-162b1d0bf8ac Duration: 12963 ms Billed Duration: 13000 ms Memory Size: 256 MB Max Memory Used: 121 MB

{"ioload": "0.375388, 136 MB/s;1.56138, 32.8 MB/s;1.04361, 49.1 MB/s;0.954792, 53.6 MB/s;1.35257, 37.9 MB/s;1.48722, 34.4 MB/s;1.64618, 31.1 MB/s;1.45725, 35.1 MB/s;1.00293, 51.1 MB/s;1.54151, 33.2 MB/s"}

==========Thread2========WARNING: Your kernel does not support swap limit capabilities or the cgroup is not mounted. Memory limited without swap.
START RequestId: 8dc1f733-29f5-4949-8942-9d960a1bd089 Version: $LATEST
END RequestId: 8dc1f733-29f5-4949-8942-9d960a1bd089
REPORT RequestId: 8dc1f733-29f5-4949-8942-9d960a1bd089 Duration: 13760 ms Billed Duration: 13800 ms Memory Size: 256 MB Max Memory Used: 121 MB

{"ioload": "1.49003, 34.4 MB/s;1.8709, 27.4 MB/s;1.80021, 28.4 MB/s;1.22148, 41.9 MB/s;1.69867, 30.1 MB/s;1.33525, 38.3 MB/s;1.65812, 30.9 MB/s;0.816364, 62.7 MB/s;0.736135, 69.6 MB/s;0.608711, 84.1 MB/s"}

==========Thread3========WARNING: Your kernel does not support swap limit capabilities or the cgroup is not mounted. Memory limited without swap.
START RequestId: dc7668b6-feff-49b4-b86f-861c27ece563 Version: $LATEST
END RequestId: dc7668b6-feff-49b4-b86f-861c27ece563
REPORT RequestId: dc7668b6-feff-49b4-b86f-861c27ece563 Duration: 13193 ms Billed Duration: 13200 ms Memory Size: 256 MB Max Memory Used: 121 MB

{"ioload": "1.57314, 32.5 MB/s;1.95377, 26.2 MB/s;1.63126, 31.4 MB/s;1.2081, 42.4 MB/s;1.63971, 31.2 MB/s;0.975215, 52.5 MB/s;1.64436, 31.1 MB/s;1.24102, 41.3 MB/s;0.557596, 91.8 MB/s;0.30511, 168 MB/s"}

==========Thread4========WARNING: Your kernel does not support swap limit capabilities or the cgroup is not mounted. Memory limited without swap.
START RequestId: 8f99f122-e2ce-442e-9b89-97a85c7ed4b9 Version: $LATEST
END RequestId: 8f99f122-e2ce-442e-9b89-97a85c7ed4b9
REPORT RequestId: 8f99f122-e2ce-442e-9b89-97a85c7ed4b9 Duration: 12962 ms Billed Duration: 13000 ms Memory Size: 256 MB Max Memory Used: 120 MB

{"ioload": "1.49972, 34.1 MB/s;1.89091, 27.1 MB/s;1.49142, 34.3 MB/s;1.33074, 38.5 MB/s;1.20055, 42.6 MB/s;1.35623, 37.8 MB/s;1.55267, 33.0 MB/s;0.415279, 123 MB/s;0.563704, 90.8 MB/s;1.2043, 42.5 MB/s"}

==========Thread5========WARNING: Your kernel does not support swap limit capabilities or the cgroup is not mounted. Memory limited without swap.
START RequestId: 2d1e3aaa-f909-4f5c-b721-5f2ddf6a0da1 Version: $LATEST
END RequestId: 2d1e3aaa-f909-4f5c-b721-5f2ddf6a0da1
REPORT RequestId: 2d1e3aaa-f909-4f5c-b721-5f2ddf6a0da1 Duration: 11669 ms Billed Duration: 11700 ms Memory Size: 256 MB Max Memory Used: 120 MB

{"ioload": "0.892536, 57.4 MB/s;1.39225, 36.8 MB/s;1.95154, 26.2 MB/s;1.3874, 36.9 MB/s;1.48604, 34.5 MB/s;0.570824, 89.7 MB/s;0.578584, 88.5 MB/s;1.09237, 46.9 MB/s;0.904558, 56.6 MB/s;0.917301, 55.8 MB/s"}

==========Thread6========WARNING: Your kernel does not support swap limit capabilities or the cgroup is not mounted. Memory limited without swap.
START RequestId: 87a159d7-b3bd-4f8c-b117-6c25ab0e2120 Version: $LATEST
END RequestId: 87a159d7-b3bd-4f8c-b117-6c25ab0e2120
REPORT RequestId: 87a159d7-b3bd-4f8c-b117-6c25ab0e2120 Duration: 13986 ms Billed Duration: 14000 ms Memory Size: 256 MB Max Memory Used: 121 MB

{"ioload": "0.707446, 72.4 MB/s;1.40388, 36.5 MB/s;1.13502, 45.1 MB/s;1.10632, 46.3 MB/s;1.82814, 28.0 MB/s;1.19929, 42.7 MB/s;1.73206, 29.6 MB/s;1.35451, 37.8 MB/s;1.6421, 31.2 MB/s;1.38901, 36.9 MB/s"}
