
==========Thread1========WARNING: Your kernel does not support swap limit capabilities or the cgroup is not mounted. Memory limited without swap.
START RequestId: 8f6f04a5-f6dd-47a0-a93a-e71780b86042 Version: $LATEST
END RequestId: 8f6f04a5-f6dd-47a0-a93a-e71780b86042
REPORT RequestId: 8f6f04a5-f6dd-47a0-a93a-e71780b86042 Duration: 20982 ms Billed Duration: 21000 ms Memory Size: 256 MB Max Memory Used: 120 MB

{"ioload": "1.55423, 32.9 MB/s;1.99339, 25.7 MB/s;2.57365, 19.9 MB/s;2.287, 22.4 MB/s;2.14397, 23.9 MB/s;1.98441, 25.8 MB/s;1.74617, 29.3 MB/s;2.67794, 19.1 MB/s;2.1507, 23.8 MB/s;1.45766, 35.1 MB/s"}

==========Thread2========WARNING: Your kernel does not support swap limit capabilities or the cgroup is not mounted. Memory limited without swap.
START RequestId: f8912118-1553-4b46-b3ff-d621c89068f4 Version: $LATEST
END RequestId: f8912118-1553-4b46-b3ff-d621c89068f4
REPORT RequestId: f8912118-1553-4b46-b3ff-d621c89068f4 Duration: 18851 ms Billed Duration: 18900 ms Memory Size: 256 MB Max Memory Used: 120 MB

{"ioload": "1.44236, 35.5 MB/s;2.2878, 22.4 MB/s;2.24234, 22.8 MB/s;1.90452, 26.9 MB/s;1.85695, 27.6 MB/s;1.9491, 26.3 MB/s;1.80737, 28.3 MB/s;1.77991, 28.8 MB/s;1.29102, 39.7 MB/s;1.87219, 27.3 MB/s"}

==========Thread3========WARNING: Your kernel does not support swap limit capabilities or the cgroup is not mounted. Memory limited without swap.
START RequestId: 9b714cd2-6a99-4a4d-9ee8-486e6b056e3a Version: $LATEST
END RequestId: 9b714cd2-6a99-4a4d-9ee8-486e6b056e3a
REPORT RequestId: 9b714cd2-6a99-4a4d-9ee8-486e6b056e3a Duration: 19423 ms Billed Duration: 19500 ms Memory Size: 256 MB Max Memory Used: 121 MB

{"ioload": "0.412474, 124 MB/s;1.52917, 33.5 MB/s;2.4834, 20.6 MB/s;1.85308, 27.6 MB/s;1.55071, 33.0 MB/s;1.95192, 26.2 MB/s;2.3889, 21.4 MB/s;1.95373, 26.2 MB/s;2.32396, 22.0 MB/s;2.52618, 20.3 MB/s"}

==========Thread4========WARNING: Your kernel does not support swap limit capabilities or the cgroup is not mounted. Memory limited without swap.
START RequestId: 785cb347-487f-48c4-9056-723b51eafeaf Version: $LATEST
END RequestId: 785cb347-487f-48c4-9056-723b51eafeaf
REPORT RequestId: 785cb347-487f-48c4-9056-723b51eafeaf Duration: 21384 ms Billed Duration: 21400 ms Memory Size: 256 MB Max Memory Used: 119 MB

{"ioload": "1.24854, 41.0 MB/s;2.50171, 20.5 MB/s;2.23218, 22.9 MB/s;1.68353, 30.4 MB/s;2.07844, 24.6 MB/s;2.37557, 21.6 MB/s;2.27475, 22.5 MB/s;2.01804, 25.4 MB/s;2.29305, 22.3 MB/s;2.24339, 22.8 MB/s"}

==========Thread5========WARNING: Your kernel does not support swap limit capabilities or the cgroup is not mounted. Memory limited without swap.
START RequestId: 771f838b-afaa-48b8-ae07-8b5f574861d9 Version: $LATEST
END RequestId: 771f838b-afaa-48b8-ae07-8b5f574861d9
REPORT RequestId: 771f838b-afaa-48b8-ae07-8b5f574861d9 Duration: 20668 ms Billed Duration: 20700 ms Memory Size: 256 MB Max Memory Used: 120 MB

{"ioload": "2.31362, 22.1 MB/s;2.27208, 22.5 MB/s;2.46709, 20.8 MB/s;2.08596, 24.5 MB/s;2.44588, 20.9 MB/s;2.40243, 21.3 MB/s;2.60968, 19.6 MB/s;1.50879, 33.9 MB/s;1.79628, 28.5 MB/s;0.378015, 135 MB/s"}

==========Thread6========WARNING: Your kernel does not support swap limit capabilities or the cgroup is not mounted. Memory limited without swap.
START RequestId: d3eeed8c-d546-4f2e-a49e-634eaffd3595 Version: $LATEST
END RequestId: d3eeed8c-d546-4f2e-a49e-634eaffd3595
REPORT RequestId: d3eeed8c-d546-4f2e-a49e-634eaffd3595 Duration: 20795 ms Billed Duration: 20800 ms Memory Size: 256 MB Max Memory Used: 120 MB

{"ioload": "2.08357, 24.6 MB/s;1.98013, 25.9 MB/s;2.27638, 22.5 MB/s;2.13087, 24.0 MB/s;2.0474, 25.0 MB/s;2.2202, 23.1 MB/s;2.38916, 21.4 MB/s;1.21649, 42.1 MB/s;1.77017, 28.9 MB/s;2.26241, 22.6 MB/s"}

==========Thread7========WARNING: Your kernel does not support swap limit capabilities or the cgroup is not mounted. Memory limited without swap.
START RequestId: 72e844c6-6e77-4ba8-976d-1db18618cd9f Version: $LATEST
END RequestId: 72e844c6-6e77-4ba8-976d-1db18618cd9f
REPORT RequestId: 72e844c6-6e77-4ba8-976d-1db18618cd9f Duration: 19313 ms Billed Duration: 19400 ms Memory Size: 256 MB Max Memory Used: 119 MB

{"ioload": "1.52404, 33.6 MB/s;1.84202, 27.8 MB/s;2.5586, 20.0 MB/s;2.07146, 24.7 MB/s;2.04427, 25.0 MB/s;1.65364, 31.0 MB/s;2.1571, 23.7 MB/s;1.9516, 26.2 MB/s;1.60656, 31.9 MB/s;1.49831, 34.2 MB/s"}

==========Thread8========WARNING: Your kernel does not support swap limit capabilities or the cgroup is not mounted. Memory limited without swap.
START RequestId: 9d5f9aad-dfb9-44bb-a1cc-ac9bfb9b3cc9 Version: $LATEST
END RequestId: 9d5f9aad-dfb9-44bb-a1cc-ac9bfb9b3cc9
REPORT RequestId: 9d5f9aad-dfb9-44bb-a1cc-ac9bfb9b3cc9 Duration: 20495 ms Billed Duration: 20500 ms Memory Size: 256 MB Max Memory Used: 121 MB

{"ioload": "2.53998, 20.2 MB/s;1.77819, 28.8 MB/s;2.01553, 25.4 MB/s;1.96976, 26.0 MB/s;2.42031, 21.2 MB/s;1.82225, 28.1 MB/s;2.1698, 23.6 MB/s;2.58655, 19.8 MB/s;2.16551, 23.6 MB/s;0.610061, 83.9 MB/s"}

==========Thread9========WARNING: Your kernel does not support swap limit capabilities or the cgroup is not mounted. Memory limited without swap.
START RequestId: 4be58c8e-797c-45aa-b01f-892b3c3417da Version: $LATEST
END RequestId: 4be58c8e-797c-45aa-b01f-892b3c3417da
REPORT RequestId: 4be58c8e-797c-45aa-b01f-892b3c3417da Duration: 20378 ms Billed Duration: 20400 ms Memory Size: 256 MB Max Memory Used: 120 MB

{"ioload": "2.19827, 23.3 MB/s;2.07896, 24.6 MB/s;2.5111, 20.4 MB/s;2.37049, 21.6 MB/s;2.45298, 20.9 MB/s;2.18435, 23.4 MB/s;1.88201, 27.2 MB/s;2.6548, 19.3 MB/s;1.16449, 44.0 MB/s;0.421346, 122 MB/s"}

==========Thread10========WARNING: Your kernel does not support swap limit capabilities or the cgroup is not mounted. Memory limited without swap.
START RequestId: 55a5c0a6-fbd8-40ce-8f92-715e4f5924fd Version: $LATEST
END RequestId: 55a5c0a6-fbd8-40ce-8f92-715e4f5924fd
REPORT RequestId: 55a5c0a6-fbd8-40ce-8f92-715e4f5924fd Duration: 21328 ms Billed Duration: 21400 ms Memory Size: 256 MB Max Memory Used: 120 MB

{"ioload": "1.0013, 51.1 MB/s;2.38102, 21.5 MB/s;2.0832, 24.6 MB/s;2.18888, 23.4 MB/s;2.18679, 23.4 MB/s;1.71889, 29.8 MB/s;1.96675, 26.0 MB/s;2.40947, 21.2 MB/s;2.65996, 19.2 MB/s;2.29563, 22.3 MB/s"}
