
==========Thread1========WARNING: Your kernel does not support swap limit capabilities or the cgroup is not mounted. Memory limited without swap.
START RequestId: 7840c852-e53d-4722-9fc4-65cc01b2ced0 Version: $LATEST
END RequestId: 7840c852-e53d-4722-9fc4-65cc01b2ced0
REPORT RequestId: 7840c852-e53d-4722-9fc4-65cc01b2ced0 Duration: 16604 ms Billed Duration: 16700 ms Memory Size: 256 MB Max Memory Used: 119 MB

{"ioload": "1.76832, 29.0 MB/s;1.88756, 27.1 MB/s;1.98617, 25.8 MB/s;1.72075, 29.8 MB/s;1.47886, 34.6 MB/s;1.90227, 26.9 MB/s;1.50878, 33.9 MB/s;1.41643, 36.1 MB/s;1.07589, 47.6 MB/s;1.41745, 36.1 MB/s"}

==========Thread2========WARNING: Your kernel does not support swap limit capabilities or the cgroup is not mounted. Memory limited without swap.
START RequestId: d1823303-4453-43ff-8fcf-c2c7a952aaf6 Version: $LATEST
END RequestId: d1823303-4453-43ff-8fcf-c2c7a952aaf6
REPORT RequestId: d1823303-4453-43ff-8fcf-c2c7a952aaf6 Duration: 15741 ms Billed Duration: 15800 ms Memory Size: 256 MB Max Memory Used: 119 MB

{"ioload": "0.558382, 91.7 MB/s;1.37209, 37.3 MB/s;1.78719, 28.6 MB/s;1.56957, 32.6 MB/s;1.95348, 26.2 MB/s;1.61669, 31.7 MB/s;1.44821, 35.4 MB/s;1.76169, 29.1 MB/s;1.85414, 27.6 MB/s;1.38149, 37.1 MB/s"}

==========Thread3========WARNING: Your kernel does not support swap limit capabilities or the cgroup is not mounted. Memory limited without swap.
START RequestId: cee8c7be-fbc6-47ce-97d7-c697dc980903 Version: $LATEST
END RequestId: cee8c7be-fbc6-47ce-97d7-c697dc980903
REPORT RequestId: cee8c7be-fbc6-47ce-97d7-c697dc980903 Duration: 16251 ms Billed Duration: 16300 ms Memory Size: 256 MB Max Memory Used: 121 MB

{"ioload": "1.89056, 27.1 MB/s;1.78666, 28.7 MB/s;1.56366, 32.7 MB/s;1.69112, 30.3 MB/s;1.72034, 29.8 MB/s;1.80304, 28.4 MB/s;1.7763, 28.8 MB/s;0.95667, 53.5 MB/s;1.37527, 37.2 MB/s;1.22323, 41.9 MB/s"}

==========Thread4========WARNING: Your kernel does not support swap limit capabilities or the cgroup is not mounted. Memory limited without swap.
START RequestId: a2b696e1-6893-435d-a473-651a78375645 Version: $LATEST
END RequestId: a2b696e1-6893-435d-a473-651a78375645
REPORT RequestId: a2b696e1-6893-435d-a473-651a78375645 Duration: 16895 ms Billed Duration: 16900 ms Memory Size: 256 MB Max Memory Used: 119 MB

{"ioload": "1.7846, 28.7 MB/s;1.86711, 27.4 MB/s;1.54036, 33.2 MB/s;1.58961, 32.2 MB/s;1.65331, 31.0 MB/s;1.814, 28.2 MB/s;1.69342, 30.2 MB/s;1.68817, 30.3 MB/s;1.45259, 35.2 MB/s;1.33094, 38.5 MB/s"}

==========Thread5========WARNING: Your kernel does not support swap limit capabilities or the cgroup is not mounted. Memory limited without swap.
START RequestId: 762a8308-9d50-4080-88a4-91898c90da35 Version: $LATEST
END RequestId: 762a8308-9d50-4080-88a4-91898c90da35
REPORT RequestId: 762a8308-9d50-4080-88a4-91898c90da35 Duration: 16531 ms Billed Duration: 16600 ms Memory Size: 256 MB Max Memory Used: 121 MB

{"ioload": "1.89275, 27.1 MB/s;1.52132, 33.7 MB/s;1.93786, 26.4 MB/s;1.66874, 30.7 MB/s;1.74814, 29.3 MB/s;1.8671, 27.4 MB/s;1.84469, 27.8 MB/s;1.40966, 36.3 MB/s;1.43034, 35.8 MB/s;0.762856, 67.1 MB/s"}

==========Thread6========WARNING: Your kernel does not support swap limit capabilities or the cgroup is not mounted. Memory limited without swap.
START RequestId: b082cb72-35d6-4136-81f8-9a685d6a807f Version: $LATEST
END RequestId: b082cb72-35d6-4136-81f8-9a685d6a807f
REPORT RequestId: b082cb72-35d6-4136-81f8-9a685d6a807f Duration: 16157 ms Billed Duration: 16200 ms Memory Size: 256 MB Max Memory Used: 121 MB

{"ioload": "1.68129, 30.5 MB/s;1.81416, 28.2 MB/s;1.52055, 33.7 MB/s;1.80506, 28.4 MB/s;1.73108, 29.6 MB/s;1.68693, 30.4 MB/s;1.71331, 29.9 MB/s;1.67934, 30.5 MB/s;1.38775, 36.9 MB/s;0.692438, 73.9 MB/s"}

==========Thread7========WARNING: Your kernel does not support swap limit capabilities or the cgroup is not mounted. Memory limited without swap.
START RequestId: 8a509975-5de3-452e-81d8-7a4bb7a5fccb Version: $LATEST
END RequestId: 8a509975-5de3-452e-81d8-7a4bb7a5fccb
REPORT RequestId: 8a509975-5de3-452e-81d8-7a4bb7a5fccb Duration: 15547 ms Billed Duration: 15600 ms Memory Size: 256 MB Max Memory Used: 121 MB

{"ioload": "0.619924, 82.6 MB/s;1.10183, 46.5 MB/s;1.76975, 28.9 MB/s;1.58949, 32.2 MB/s;1.91968, 26.7 MB/s;1.66122, 30.8 MB/s;1.83982, 27.8 MB/s;1.71359, 29.9 MB/s;1.2513, 40.9 MB/s;1.62771, 31.5 MB/s"}

==========Thread8========WARNING: Your kernel does not support swap limit capabilities or the cgroup is not mounted. Memory limited without swap.
START RequestId: c24c60fa-be23-49eb-9fc2-2f1190bdd6c5 Version: $LATEST
END RequestId: c24c60fa-be23-49eb-9fc2-2f1190bdd6c5
REPORT RequestId: c24c60fa-be23-49eb-9fc2-2f1190bdd6c5 Duration: 16241 ms Billed Duration: 16300 ms Memory Size: 256 MB Max Memory Used: 119 MB

{"ioload": "1.59859, 32.0 MB/s;1.91675, 26.7 MB/s;1.99441, 25.7 MB/s;1.76815, 29.0 MB/s;1.69993, 30.1 MB/s;1.62964, 31.4 MB/s;1.64367, 31.1 MB/s;1.68481, 30.4 MB/s;1.31087, 39.1 MB/s;0.53184, 96.3 MB/s"}
