
==========Thread1========WARNING: Your kernel does not support swap limit capabilities or the cgroup is not mounted. Memory limited without swap.
START RequestId: ab6e44b0-1645-4836-b933-722c8d9fbf64 Version: $LATEST
END RequestId: ab6e44b0-1645-4836-b933-722c8d9fbf64
REPORT RequestId: ab6e44b0-1645-4836-b933-722c8d9fbf64 Duration: 17549 ms Billed Duration: 17600 ms Memory Size: 256 MB Max Memory Used: 120 MB

{"ioload": "2.07213, 24.7 MB/s;2.0777, 24.6 MB/s;1.75582, 29.2 MB/s;2.02553, 25.3 MB/s;1.97253, 26.0 MB/s;1.66623, 30.7 MB/s;1.1299, 45.3 MB/s;1.47713, 34.7 MB/s;1.37824, 37.1 MB/s;1.58089, 32.4 MB/s"}

==========Thread2========WARNING: Your kernel does not support swap limit capabilities or the cgroup is not mounted. Memory limited without swap.
START RequestId: 811f9df8-a866-4d96-b855-723bf38b86dc Version: $LATEST
END RequestId: 811f9df8-a866-4d96-b855-723bf38b86dc
REPORT RequestId: 811f9df8-a866-4d96-b855-723bf38b86dc Duration: 18385 ms Billed Duration: 18400 ms Memory Size: 256 MB Max Memory Used: 121 MB

{"ioload": "2.08612, 24.5 MB/s;1.76353, 29.0 MB/s;1.97989, 25.9 MB/s;1.62088, 31.6 MB/s;2.33364, 21.9 MB/s;2.06286, 24.8 MB/s;1.51055, 33.9 MB/s;1.84155, 27.8 MB/s;1.46206, 35.0 MB/s;1.25175, 40.9 MB/s"}

==========Thread3========WARNING: Your kernel does not support swap limit capabilities or the cgroup is not mounted. Memory limited without swap.
START RequestId: 694d0b07-d56e-4deb-896a-d91368d51cff Version: $LATEST
END RequestId: 694d0b07-d56e-4deb-896a-d91368d51cff
REPORT RequestId: 694d0b07-d56e-4deb-896a-d91368d51cff Duration: 17434 ms Billed Duration: 17500 ms Memory Size: 256 MB Max Memory Used: 120 MB

{"ioload": "1.54455, 33.1 MB/s;1.90042, 26.9 MB/s;1.96666, 26.0 MB/s;1.81366, 28.2 MB/s;1.66655, 30.7 MB/s;1.28346, 39.9 MB/s;2.16918, 23.6 MB/s;1.37615, 37.2 MB/s;1.60934, 31.8 MB/s;1.6815, 30.4 MB/s"}

==========Thread4========WARNING: Your kernel does not support swap limit capabilities or the cgroup is not mounted. Memory limited without swap.
START RequestId: 5688ed9d-5a0f-44bd-b5f4-c5e9b7c3b44d Version: $LATEST
END RequestId: 5688ed9d-5a0f-44bd-b5f4-c5e9b7c3b44d
REPORT RequestId: 5688ed9d-5a0f-44bd-b5f4-c5e9b7c3b44d Duration: 19679 ms Billed Duration: 19700 ms Memory Size: 256 MB Max Memory Used: 120 MB

{"ioload": "1.24642, 41.1 MB/s;2.04599, 25.0 MB/s;1.82012, 28.1 MB/s;2.0578, 24.9 MB/s;2.40511, 21.3 MB/s;2.38843, 21.4 MB/s;2.28233, 22.4 MB/s;1.67955, 30.5 MB/s;1.73184, 29.6 MB/s;1.55269, 33.0 MB/s"}

==========Thread5========WARNING: Your kernel does not support swap limit capabilities or the cgroup is not mounted. Memory limited without swap.
START RequestId: 4def2ba2-3650-40c4-85b1-38abf5281383 Version: $LATEST
END RequestId: 4def2ba2-3650-40c4-85b1-38abf5281383
REPORT RequestId: 4def2ba2-3650-40c4-85b1-38abf5281383 Duration: 19052 ms Billed Duration: 19100 ms Memory Size: 256 MB Max Memory Used: 120 MB

{"ioload": "1.84853, 27.7 MB/s;1.80325, 28.4 MB/s;2.07334, 24.7 MB/s;1.82607, 28.0 MB/s;2.27633, 22.5 MB/s;2.30902, 22.2 MB/s;1.93066, 26.5 MB/s;1.96316, 26.1 MB/s;1.76888, 28.9 MB/s;0.821497, 62.3 MB/s"}

==========Thread6========WARNING: Your kernel does not support swap limit capabilities or the cgroup is not mounted. Memory limited without swap.
START RequestId: 61e9ed03-ff30-431e-b4ac-4e8c5512e615 Version: $LATEST
END RequestId: 61e9ed03-ff30-431e-b4ac-4e8c5512e615
REPORT RequestId: 61e9ed03-ff30-431e-b4ac-4e8c5512e615 Duration: 18877 ms Billed Duration: 18900 ms Memory Size: 256 MB Max Memory Used: 121 MB

{"ioload": "1.87221, 27.3 MB/s;1.80177, 28.4 MB/s;2.05, 25.0 MB/s;1.95379, 26.2 MB/s;2.16367, 23.7 MB/s;1.30914, 39.1 MB/s;2.08209, 24.6 MB/s;2.03608, 25.1 MB/s;1.73671, 29.5 MB/s;1.38108, 37.1 MB/s"}

==========Thread7========WARNING: Your kernel does not support swap limit capabilities or the cgroup is not mounted. Memory limited without swap.
START RequestId: 174f73a1-3573-4a80-9699-e817a7581c23 Version: $LATEST
END RequestId: 174f73a1-3573-4a80-9699-e817a7581c23
REPORT RequestId: 174f73a1-3573-4a80-9699-e817a7581c23 Duration: 18019 ms Billed Duration: 18100 ms Memory Size: 256 MB Max Memory Used: 121 MB

{"ioload": "0.770669, 66.4 MB/s;1.67188, 30.6 MB/s;1.73012, 29.6 MB/s;1.95355, 26.2 MB/s;1.86359, 27.5 MB/s;2.16065, 23.7 MB/s;1.16475, 44.0 MB/s;2.16121, 23.7 MB/s;2.0806, 24.6 MB/s;1.96064, 26.1 MB/s"}

==========Thread8========WARNING: Your kernel does not support swap limit capabilities or the cgroup is not mounted. Memory limited without swap.
START RequestId: d22df516-2919-4c18-b9ce-23a97654c2be Version: $LATEST
END RequestId: d22df516-2919-4c18-b9ce-23a97654c2be
REPORT RequestId: d22df516-2919-4c18-b9ce-23a97654c2be Duration: 17914 ms Billed Duration: 18000 ms Memory Size: 256 MB Max Memory Used: 120 MB

{"ioload": "1.88703, 27.1 MB/s;2.12389, 24.1 MB/s;1.76039, 29.1 MB/s;2.27436, 22.5 MB/s;1.90024, 26.9 MB/s;1.37591, 37.2 MB/s;2.09195, 24.5 MB/s;1.54102, 33.2 MB/s;1.69812, 30.2 MB/s;0.826261, 62.0 MB/s"}

==========Thread9========WARNING: Your kernel does not support swap limit capabilities or the cgroup is not mounted. Memory limited without swap.
START RequestId: b139c770-59f6-468c-9b88-447cadc021ff Version: $LATEST
END RequestId: b139c770-59f6-468c-9b88-447cadc021ff
REPORT RequestId: b139c770-59f6-468c-9b88-447cadc021ff Duration: 18992 ms Billed Duration: 19000 ms Memory Size: 256 MB Max Memory Used: 121 MB

{"ioload": "0.639225, 80.1 MB/s;1.99751, 25.6 MB/s;1.76919, 28.9 MB/s;2.07142, 24.7 MB/s;1.68984, 30.3 MB/s;2.29754, 22.3 MB/s;2.2493, 22.8 MB/s;2.22704, 23.0 MB/s;1.95425, 26.2 MB/s;1.62475, 31.5 MB/s"}
