
==========Thread1========WARNING: Your kernel does not support swap limit capabilities or the cgroup is not mounted. Memory limited without swap.
START RequestId: 85233f97-6aae-414a-a3a8-0be13c0faeb5 Version: $LATEST
END RequestId: 85233f97-6aae-414a-a3a8-0be13c0faeb5
REPORT RequestId: 85233f97-6aae-414a-a3a8-0be13c0faeb5 Duration: 14939 ms Billed Duration: 15000 ms Memory Size: 256 MB Max Memory Used: 120 MB

{"ioload": "0.480314, 107 MB/s;1.23874, 41.3 MB/s;1.25008, 41.0 MB/s;1.53168, 33.4 MB/s;1.55458, 32.9 MB/s;0.971224, 52.7 MB/s;1.60999, 31.8 MB/s;2.00301, 25.6 MB/s;1.34456, 38.1 MB/s;1.31237, 39.0 MB/s"}

==========Thread2========WARNING: Your kernel does not support swap limit capabilities or the cgroup is not mounted. Memory limited without swap.
START RequestId: 98bf9465-f8f3-4b47-aac0-9fa5cef9e97e Version: $LATEST
END RequestId: 98bf9465-f8f3-4b47-aac0-9fa5cef9e97e
REPORT RequestId: 98bf9465-f8f3-4b47-aac0-9fa5cef9e97e Duration: 14996 ms Billed Duration: 15000 ms Memory Size: 256 MB Max Memory Used: 120 MB

{"ioload": "1.16068, 44.1 MB/s;1.66661, 30.7 MB/s;1.51261, 33.8 MB/s;1.79516, 28.5 MB/s;1.91603, 26.7 MB/s;0.99903, 51.2 MB/s;1.20704, 42.4 MB/s;1.31781, 38.9 MB/s;0.898778, 57.0 MB/s;0.918083, 55.8 MB/s"}

==========Thread3========WARNING: Your kernel does not support swap limit capabilities or the cgroup is not mounted. Memory limited without swap.
START RequestId: ea864fe6-3ed9-4795-9368-9fb67e76c4f6 Version: $LATEST
END RequestId: ea864fe6-3ed9-4795-9368-9fb67e76c4f6
REPORT RequestId: ea864fe6-3ed9-4795-9368-9fb67e76c4f6 Duration: 12593 ms Billed Duration: 12600 ms Memory Size: 256 MB Max Memory Used: 121 MB

{"ioload": "0.914448, 56.0 MB/s;1.24357, 41.2 MB/s;1.30486, 39.2 MB/s;1.21885, 42.0 MB/s;1.28316, 39.9 MB/s;1.07809, 47.5 MB/s;0.750386, 68.2 MB/s;1.01416, 50.5 MB/s;1.08254, 47.3 MB/s;1.20986, 42.3 MB/s"}

==========Thread4========WARNING: Your kernel does not support swap limit capabilities or the cgroup is not mounted. Memory limited without swap.
START RequestId: 41974404-de28-48d2-912e-540928015225 Version: $LATEST
END RequestId: 41974404-de28-48d2-912e-540928015225
REPORT RequestId: 41974404-de28-48d2-912e-540928015225 Duration: 15301 ms Billed Duration: 15400 ms Memory Size: 256 MB Max Memory Used: 120 MB

{"ioload": "1.74854, 29.3 MB/s;1.34702, 38.0 MB/s;1.48885, 34.4 MB/s;1.79207, 28.6 MB/s;1.92031, 26.7 MB/s;1.98403, 25.8 MB/s;1.22103, 41.9 MB/s;0.788709, 64.9 MB/s;1.24757, 41.0 MB/s;0.285569, 179 MB/s"}

==========Thread5========WARNING: Your kernel does not support swap limit capabilities or the cgroup is not mounted. Memory limited without swap.
START RequestId: c2154fe1-711e-4374-bc98-5566c6dc70e0 Version: $LATEST
END RequestId: c2154fe1-711e-4374-bc98-5566c6dc70e0
REPORT RequestId: c2154fe1-711e-4374-bc98-5566c6dc70e0 Duration: 15590 ms Billed Duration: 15600 ms Memory Size: 256 MB Max Memory Used: 120 MB

{"ioload": "0.392813, 130 MB/s;1.39625, 36.7 MB/s;1.68375, 30.4 MB/s;1.35731, 37.7 MB/s;1.49023, 34.4 MB/s;1.8631, 27.5 MB/s;1.61877, 31.6 MB/s;1.97315, 25.9 MB/s;1.43563, 35.7 MB/s;0.791859, 64.7 MB/s"}

==========Thread6========WARNING: Your kernel does not support swap limit capabilities or the cgroup is not mounted. Memory limited without swap.
START RequestId: 3e98bb5c-d729-4442-8ca2-61c6ee8342b4 Version: $LATEST
END RequestId: 3e98bb5c-d729-4442-8ca2-61c6ee8342b4
REPORT RequestId: 3e98bb5c-d729-4442-8ca2-61c6ee8342b4 Duration: 14095 ms Billed Duration: 14100 ms Memory Size: 256 MB Max Memory Used: 120 MB

{"ioload": "0.383124, 134 MB/s;1.18494, 43.2 MB/s;1.66023, 30.8 MB/s;1.73585, 29.5 MB/s;1.38864, 36.9 MB/s;1.08874, 47.0 MB/s;1.17841, 43.4 MB/s;1.22639, 41.7 MB/s;1.27597, 40.1 MB/s;1.45894, 35.1 MB/s"}

==========Thread7========WARNING: Your kernel does not support swap limit capabilities or the cgroup is not mounted. Memory limited without swap.
START RequestId: d7fa1095-ab2d-475c-97d6-2ed5e4affbbb Version: $LATEST
END RequestId: d7fa1095-ab2d-475c-97d6-2ed5e4affbbb
REPORT RequestId: d7fa1095-ab2d-475c-97d6-2ed5e4affbbb Duration: 15772 ms Billed Duration: 15800 ms Memory Size: 256 MB Max Memory Used: 121 MB

{"ioload": "0.479622, 107 MB/s;1.67802, 30.5 MB/s;1.704, 30.0 MB/s;1.48031, 34.6 MB/s;1.82866, 28.0 MB/s;1.68191, 30.4 MB/s;1.82449, 28.1 MB/s;0.783873, 65.3 MB/s;1.44112, 35.5 MB/s;1.29733, 39.5 MB/s"}

==========Thread8========WARNING: Your kernel does not support swap limit capabilities or the cgroup is not mounted. Memory limited without swap.
START RequestId: e8838c45-b6fb-4dad-9d47-bcec6ff385b9 Version: $LATEST
END RequestId: e8838c45-b6fb-4dad-9d47-bcec6ff385b9
REPORT RequestId: e8838c45-b6fb-4dad-9d47-bcec6ff385b9 Duration: 14896 ms Billed Duration: 14900 ms Memory Size: 256 MB Max Memory Used: 121 MB

{"ioload": "1.08783, 47.1 MB/s;1.69559, 30.2 MB/s;1.38555, 37.0 MB/s;1.68653, 30.4 MB/s;1.57346, 32.5 MB/s;1.21814, 42.0 MB/s;1.40039, 36.6 MB/s;1.36644, 37.5 MB/s;1.30932, 39.1 MB/s;0.663741, 77.1 MB/s"}

==========Thread9========WARNING: Your kernel does not support swap limit capabilities or the cgroup is not mounted. Memory limited without swap.
START RequestId: 113136f1-c775-48ce-b9d4-d5e514fbeb57 Version: $LATEST
END RequestId: 113136f1-c775-48ce-b9d4-d5e514fbeb57
REPORT RequestId: 113136f1-c775-48ce-b9d4-d5e514fbeb57 Duration: 15230 ms Billed Duration: 15300 ms Memory Size: 256 MB Max Memory Used: 119 MB

{"ioload": "1.67335, 30.6 MB/s;1.53219, 33.4 MB/s;1.29217, 39.6 MB/s;1.14966, 44.5 MB/s;1.9605, 26.1 MB/s;1.21303, 42.2 MB/s;2.00242, 25.6 MB/s;1.42477, 35.9 MB/s;0.889807, 57.5 MB/s;0.475405, 108 MB/s"}
