
==========Thread1========WARNING: Your kernel does not support swap limit capabilities or the cgroup is not mounted. Memory limited without swap.
START RequestId: 35cdc7e1-11b5-4318-bcfc-bb624635872f Version: $LATEST
END RequestId: 35cdc7e1-11b5-4318-bcfc-bb624635872f
REPORT RequestId: 35cdc7e1-11b5-4318-bcfc-bb624635872f Duration: 11657 ms Billed Duration: 11700 ms Memory Size: 256 MB Max Memory Used: 121 MB

{"ioload": "0.611611, 83.7 MB/s;1.43582, 35.7 MB/s;1.45083, 35.3 MB/s;1.44446, 35.4 MB/s;0.9111, 56.2 MB/s;1.43711, 35.6 MB/s;1.19187, 43.0 MB/s;1.19262, 42.9 MB/s;0.361742, 142 MB/s;0.286193, 179 MB/s"}

==========Thread2========WARNING: Your kernel does not support swap limit capabilities or the cgroup is not mounted. Memory limited without swap.
START RequestId: 04f134a9-28fb-497c-a810-0b948085c33e Version: $LATEST
END RequestId: 04f134a9-28fb-497c-a810-0b948085c33e
REPORT RequestId: 04f134a9-28fb-497c-a810-0b948085c33e Duration: 12024 ms Billed Duration: 12100 ms Memory Size: 256 MB Max Memory Used: 121 MB

{"ioload": "0.405996, 126 MB/s;1.24188, 41.2 MB/s;1.36115, 37.6 MB/s;1.1755, 43.6 MB/s;1.34986, 37.9 MB/s;0.981651, 52.2 MB/s;0.893432, 57.3 MB/s;1.13942, 44.9 MB/s;0.933507, 54.8 MB/s;1.21531, 42.1 MB/s"}

==========Thread3========WARNING: Your kernel does not support swap limit capabilities or the cgroup is not mounted. Memory limited without swap.
START RequestId: a94d8b53-dff0-4f66-9938-f992094cf91a Version: $LATEST
END RequestId: a94d8b53-dff0-4f66-9938-f992094cf91a
REPORT RequestId: a94d8b53-dff0-4f66-9938-f992094cf91a Duration: 11716 ms Billed Duration: 11800 ms Memory Size: 256 MB Max Memory Used: 120 MB

{"ioload": "0.899505, 56.9 MB/s;1.39056, 36.8 MB/s;0.943428, 54.3 MB/s;1.35111, 37.9 MB/s;0.460735, 111 MB/s;1.3796, 37.1 MB/s;1.33936, 38.2 MB/s;0.967633, 52.9 MB/s;0.992377, 51.6 MB/s;0.637846, 80.3 MB/s"}

==========Thread4========WARNING: Your kernel does not support swap limit capabilities or the cgroup is not mounted. Memory limited without swap.
START RequestId: 46a438ed-c0fb-44e5-a3df-f1a6e5228642 Version: $LATEST
END RequestId: 46a438ed-c0fb-44e5-a3df-f1a6e5228642
REPORT RequestId: 46a438ed-c0fb-44e5-a3df-f1a6e5228642 Duration: 11702 ms Billed Duration: 11800 ms Memory Size: 256 MB Max Memory Used: 120 MB

{"ioload": "1.59477, 32.1 MB/s;1.30441, 39.3 MB/s;1.22171, 41.9 MB/s;0.502179, 102 MB/s;1.3282, 38.5 MB/s;1.38979, 36.8 MB/s;1.4747, 34.7 MB/s;0.444468, 115 MB/s;0.743273, 68.9 MB/s;0.278478, 184 MB/s"}

==========Thread5========WARNING: Your kernel does not support swap limit capabilities or the cgroup is not mounted. Memory limited without swap.
START RequestId: 9041d56d-59ac-4c1d-84c7-b2ed160cc2c5 Version: $LATEST
END RequestId: 9041d56d-59ac-4c1d-84c7-b2ed160cc2c5
REPORT RequestId: 9041d56d-59ac-4c1d-84c7-b2ed160cc2c5 Duration: 10376 ms Billed Duration: 10400 ms Memory Size: 256 MB Max Memory Used: 120 MB

{"ioload": "0.833824, 61.4 MB/s;0.403159, 127 MB/s;0.724612, 70.7 MB/s;0.939228, 54.5 MB/s;0.49892, 103 MB/s;1.2605, 40.6 MB/s;1.00402, 51.0 MB/s;0.847676, 60.4 MB/s;1.00102, 51.1 MB/s;1.38034, 37.1 MB/s"}

==========Thread6========WARNING: Your kernel does not support swap limit capabilities or the cgroup is not mounted. Memory limited without swap.
START RequestId: abc659dd-3429-4bbb-a872-c11ed993bf07 Version: $LATEST
END RequestId: abc659dd-3429-4bbb-a872-c11ed993bf07
REPORT RequestId: abc659dd-3429-4bbb-a872-c11ed993bf07 Duration: 12175 ms Billed Duration: 12200 ms Memory Size: 256 MB Max Memory Used: 119 MB

{"ioload": "0.583113, 87.8 MB/s;1.23005, 41.6 MB/s;0.759801, 67.4 MB/s;1.01398, 50.5 MB/s;1.06526, 48.1 MB/s;1.49753, 34.2 MB/s;1.24033, 41.3 MB/s;1.16589, 43.9 MB/s;1.25829, 40.7 MB/s;1.07633, 47.6 MB/s"}

==========Thread7========WARNING: Your kernel does not support swap limit capabilities or the cgroup is not mounted. Memory limited without swap.
START RequestId: 7e1f038d-dba8-4047-8a34-45867965f49c Version: $LATEST
END RequestId: 7e1f038d-dba8-4047-8a34-45867965f49c
REPORT RequestId: 7e1f038d-dba8-4047-8a34-45867965f49c Duration: 12195 ms Billed Duration: 12200 ms Memory Size: 256 MB Max Memory Used: 120 MB

{"ioload": "0.369503, 139 MB/s;0.990132, 51.7 MB/s;1.55816, 32.9 MB/s;1.05166, 48.7 MB/s;1.23334, 41.5 MB/s;1.46908, 34.9 MB/s;0.922786, 55.5 MB/s;0.91454, 56.0 MB/s;1.46443, 35.0 MB/s;0.85654, 59.8 MB/s"}
