
==========Thread1========WARNING: Your kernel does not support swap limit capabilities or the cgroup is not mounted. Memory limited without swap.
START RequestId: f4e9cbbb-d491-4aff-bf78-1daf14aabe6a Version: $LATEST
END RequestId: f4e9cbbb-d491-4aff-bf78-1daf14aabe6a
REPORT RequestId: f4e9cbbb-d491-4aff-bf78-1daf14aabe6a Duration: 16373 ms Billed Duration: 16400 ms Memory Size: 256 MB Max Memory Used: 120 MB

{"ioload": "1.44808, 35.4 MB/s;1.29124, 39.7 MB/s;1.44498, 35.4 MB/s;1.49394, 34.3 MB/s;1.80819, 28.3 MB/s;2.05626, 24.9 MB/s;2.02386, 25.3 MB/s;1.58579, 32.3 MB/s;1.08472, 47.2 MB/s;0.608297, 84.2 MB/s"}

==========Thread2========WARNING: Your kernel does not support swap limit capabilities or the cgroup is not mounted. Memory limited without swap.
START RequestId: 9efd2855-87d1-4a80-a1c6-adae3f64a674 Version: $LATEST
END RequestId: 9efd2855-87d1-4a80-a1c6-adae3f64a674
REPORT RequestId: 9efd2855-87d1-4a80-a1c6-adae3f64a674 Duration: 16350 ms Billed Duration: 16400 ms Memory Size: 256 MB Max Memory Used: 121 MB

{"ioload": "0.537448, 95.3 MB/s;1.35, 37.9 MB/s;1.8723, 27.3 MB/s;1.92307, 26.6 MB/s;1.45522, 35.2 MB/s;1.93969, 26.4 MB/s;1.39767, 36.6 MB/s;1.16234, 44.0 MB/s;1.32938, 38.5 MB/s;1.46321, 35.0 MB/s"}

==========Thread3========WARNING: Your kernel does not support swap limit capabilities or the cgroup is not mounted. Memory limited without swap.
START RequestId: cb27ed2d-b92c-4967-b6b6-b199af400fdd Version: $LATEST
END RequestId: cb27ed2d-b92c-4967-b6b6-b199af400fdd
REPORT RequestId: cb27ed2d-b92c-4967-b6b6-b199af400fdd Duration: 16787 ms Billed Duration: 16800 ms Memory Size: 256 MB Max Memory Used: 121 MB

{"ioload": "0.395674, 129 MB/s;1.37065, 37.4 MB/s;1.67778, 30.5 MB/s;1.64044, 31.2 MB/s;1.87891, 27.2 MB/s;1.66046, 30.8 MB/s;1.37776, 37.2 MB/s;2.14447, 23.9 MB/s;1.46573, 34.9 MB/s;1.68065, 30.5 MB/s"}

==========Thread4========WARNING: Your kernel does not support swap limit capabilities or the cgroup is not mounted. Memory limited without swap.
START RequestId: 8fa0a64d-8e1e-4ba8-89f3-1f50e7ed6f89 Version: $LATEST
END RequestId: 8fa0a64d-8e1e-4ba8-89f3-1f50e7ed6f89
REPORT RequestId: 8fa0a64d-8e1e-4ba8-89f3-1f50e7ed6f89 Duration: 16688 ms Billed Duration: 16700 ms Memory Size: 256 MB Max Memory Used: 121 MB

{"ioload": "1.44309, 35.5 MB/s;1.90561, 26.9 MB/s;1.39633, 36.7 MB/s;1.65446, 30.9 MB/s;1.46931, 34.8 MB/s;1.36428, 37.5 MB/s;1.99963, 25.6 MB/s;2.04038, 25.1 MB/s;1.36382, 37.5 MB/s;0.570143, 89.8 MB/s"}

==========Thread5========WARNING: Your kernel does not support swap limit capabilities or the cgroup is not mounted. Memory limited without swap.
START RequestId: d0b28868-539e-4ab6-808a-7fb8fb14956e Version: $LATEST
END RequestId: d0b28868-539e-4ab6-808a-7fb8fb14956e
REPORT RequestId: d0b28868-539e-4ab6-808a-7fb8fb14956e Duration: 17377 ms Billed Duration: 17400 ms Memory Size: 256 MB Max Memory Used: 119 MB

{"ioload": "1.45959, 35.1 MB/s;1.40478, 36.4 MB/s;1.17369, 43.6 MB/s;1.48497, 34.5 MB/s;1.402, 36.5 MB/s;1.80188, 28.4 MB/s;1.93207, 26.5 MB/s;2.05708, 24.9 MB/s;2.03349, 25.2 MB/s;1.06564, 48.0 MB/s"}

==========Thread6========WARNING: Your kernel does not support swap limit capabilities or the cgroup is not mounted. Memory limited without swap.
START RequestId: 42030bca-e9b4-4e0a-96d9-952ba2b071b7 Version: $LATEST
END RequestId: 42030bca-e9b4-4e0a-96d9-952ba2b071b7
REPORT RequestId: 42030bca-e9b4-4e0a-96d9-952ba2b071b7 Duration: 17652 ms Billed Duration: 17700 ms Memory Size: 256 MB Max Memory Used: 119 MB

{"ioload": "1.71606, 29.8 MB/s;1.93144, 26.5 MB/s;1.45816, 35.1 MB/s;1.67617, 30.5 MB/s;1.48595, 34.5 MB/s;1.67144, 30.6 MB/s;2.27267, 22.5 MB/s;1.30767, 39.2 MB/s;1.55503, 32.9 MB/s;0.822558, 62.2 MB/s"}

==========Thread7========WARNING: Your kernel does not support swap limit capabilities or the cgroup is not mounted. Memory limited without swap.
START RequestId: 54b89a21-d812-4d63-90bd-1f831cf8bcc8 Version: $LATEST
END RequestId: 54b89a21-d812-4d63-90bd-1f831cf8bcc8
REPORT RequestId: 54b89a21-d812-4d63-90bd-1f831cf8bcc8 Duration: 16682 ms Billed Duration: 16700 ms Memory Size: 256 MB Max Memory Used: 120 MB

{"ioload": "0.70721, 72.4 MB/s;1.68467, 30.4 MB/s;1.1251, 45.5 MB/s;1.81304, 28.2 MB/s;1.41399, 36.2 MB/s;1.48467, 34.5 MB/s;1.38296, 37.0 MB/s;2.15214, 23.8 MB/s;1.9131, 26.8 MB/s;1.39605, 36.7 MB/s"}

==========Thread8========WARNING: Your kernel does not support swap limit capabilities or the cgroup is not mounted. Memory limited without swap.
START RequestId: 0c205305-4f21-42fc-9952-a6ef873cca43 Version: $LATEST
END RequestId: 0c205305-4f21-42fc-9952-a6ef873cca43
REPORT RequestId: 0c205305-4f21-42fc-9952-a6ef873cca43 Duration: 17262 ms Billed Duration: 17300 ms Memory Size: 256 MB Max Memory Used: 119 MB

{"ioload": "1.68925, 30.3 MB/s;1.92829, 26.6 MB/s;1.80258, 28.4 MB/s;1.62619, 31.5 MB/s;1.81849, 28.2 MB/s;1.30196, 39.3 MB/s;0.675071, 75.8 MB/s;2.11896, 24.2 MB/s;1.71539, 29.8 MB/s;0.772565, 66.3 MB/s"}

==========Thread9========WARNING: Your kernel does not support swap limit capabilities or the cgroup is not mounted. Memory limited without swap.
START RequestId: 4996bb41-9957-4450-a99b-40c84c69d981 Version: $LATEST
END RequestId: 4996bb41-9957-4450-a99b-40c84c69d981
REPORT RequestId: 4996bb41-9957-4450-a99b-40c84c69d981 Duration: 16554 ms Billed Duration: 16600 ms Memory Size: 256 MB Max Memory Used: 121 MB

{"ioload": "1.95161, 26.2 MB/s;1.81137, 28.3 MB/s;1.82301, 28.1 MB/s;1.79985, 28.4 MB/s;1.35817, 37.7 MB/s;0.729713, 70.2 MB/s;1.40658, 36.4 MB/s;1.96308, 26.1 MB/s;1.21671, 42.1 MB/s;0.77768, 65.8 MB/s"}

==========Thread10========WARNING: Your kernel does not support swap limit capabilities or the cgroup is not mounted. Memory limited without swap.
START RequestId: 25334774-0c5e-4420-82e4-b74bd4bada2b Version: $LATEST
END RequestId: 25334774-0c5e-4420-82e4-b74bd4bada2b
REPORT RequestId: 25334774-0c5e-4420-82e4-b74bd4bada2b Duration: 16257 ms Billed Duration: 16300 ms Memory Size: 256 MB Max Memory Used: 119 MB

{"ioload": "0.377693, 136 MB/s;1.62197, 31.6 MB/s;1.85774, 27.6 MB/s;1.41602, 36.2 MB/s;1.92402, 26.6 MB/s;1.79038, 28.6 MB/s;1.94402, 26.3 MB/s;1.37407, 37.3 MB/s;1.00349, 51.0 MB/s;1.30096, 39.4 MB/s"}
