
==========Thread1========WARNING: Your kernel does not support swap limit capabilities or the cgroup is not mounted. Memory limited without swap.
START RequestId: b54bf20b-2219-4749-95f9-c3228f38959a Version: $LATEST
END RequestId: b54bf20b-2219-4749-95f9-c3228f38959a
REPORT RequestId: b54bf20b-2219-4749-95f9-c3228f38959a Duration: 8141 ms Billed Duration: 8200 ms Memory Size: 256 MB Max Memory Used: 120 MB

{"ioload": "1.06339, 48.1 MB/s;0.30272, 169 MB/s;0.707647, 72.4 MB/s;0.520506, 98.4 MB/s;0.627973, 81.5 MB/s;0.79414, 64.5 MB/s;0.758116, 67.5 MB/s;0.674506, 75.9 MB/s;0.820828, 62.4 MB/s;0.630101, 81.3 MB/s"}

==========Thread2========WARNING: Your kernel does not support swap limit capabilities or the cgroup is not mounted. Memory limited without swap.
START RequestId: b9a87bb9-036e-4670-9581-795c1367004c Version: $LATEST
END RequestId: b9a87bb9-036e-4670-9581-795c1367004c
REPORT RequestId: b9a87bb9-036e-4670-9581-795c1367004c Duration: 7824 ms Billed Duration: 7900 ms Memory Size: 256 MB Max Memory Used: 120 MB

{"ioload": "1.1623, 44.1 MB/s;1.0019, 51.1 MB/s;0.601817, 85.1 MB/s;0.460951, 111 MB/s;0.375044, 137 MB/s;0.578806, 88.5 MB/s;0.584955, 87.5 MB/s;0.662993, 77.2 MB/s;0.427917, 120 MB/s;0.752285, 68.1 MB/s"}

==========Thread3========WARNING: Your kernel does not support swap limit capabilities or the cgroup is not mounted. Memory limited without swap.
START RequestId: 9e595c95-dd68-4f6e-92c0-9ae8700e2d00 Version: $LATEST
END RequestId: 9e595c95-dd68-4f6e-92c0-9ae8700e2d00
REPORT RequestId: 9e595c95-dd68-4f6e-92c0-9ae8700e2d00 Duration: 7466 ms Billed Duration: 7500 ms Memory Size: 256 MB Max Memory Used: 121 MB

{"ioload": "0.714542, 71.7 MB/s;0.820212, 62.4 MB/s;0.810396, 63.2 MB/s;0.489435, 105 MB/s;0.911533, 56.2 MB/s;0.581937, 88.0 MB/s;0.4794, 107 MB/s;0.439527, 116 MB/s;0.87308, 58.6 MB/s;0.293302, 175 MB/s"}

==========Thread4========WARNING: Your kernel does not support swap limit capabilities or the cgroup is not mounted. Memory limited without swap.
START RequestId: b7682cf6-e0d5-42e5-b63d-67aadfe96f02 Version: $LATEST
END RequestId: b7682cf6-e0d5-42e5-b63d-67aadfe96f02
REPORT RequestId: b7682cf6-e0d5-42e5-b63d-67aadfe96f02 Duration: 7747 ms Billed Duration: 7800 ms Memory Size: 256 MB Max Memory Used: 120 MB

{"ioload": "0.599939, 85.3 MB/s;1.05419, 48.6 MB/s;0.826314, 62.0 MB/s;0.588929, 86.9 MB/s;0.355543, 144 MB/s;0.741215, 69.1 MB/s;0.750827, 68.2 MB/s;0.665482, 76.9 MB/s;0.311706, 164 MB/s;0.680307, 75.3 MB/s"}
