
==========Thread1========WARNING: Your kernel does not support swap limit capabilities or the cgroup is not mounted. Memory limited without swap.
START RequestId: dde0cf46-e70a-4759-ae6a-7577aaf56a2f Version: $LATEST
END RequestId: dde0cf46-e70a-4759-ae6a-7577aaf56a2f
REPORT RequestId: dde0cf46-e70a-4759-ae6a-7577aaf56a2f Duration: 8542 ms Billed Duration: 8600 ms Memory Size: 256 MB Max Memory Used: 119 MB

{"ioload": "0.350327, 146 MB/s;0.320128, 160 MB/s;0.45739, 112 MB/s;0.997287, 51.3 MB/s;0.566602, 90.4 MB/s;0.615391, 83.2 MB/s;0.973321, 52.6 MB/s;0.838661, 61.0 MB/s;1.02231, 50.1 MB/s;1.0859, 47.1 MB/s"}

==========Thread2========WARNING: Your kernel does not support swap limit capabilities or the cgroup is not mounted. Memory limited without swap.
START RequestId: 8738ff81-41b6-4102-bbba-d7eda541ac35 Version: $LATEST
END RequestId: 8738ff81-41b6-4102-bbba-d7eda541ac35
REPORT RequestId: 8738ff81-41b6-4102-bbba-d7eda541ac35 Duration: 10172 ms Billed Duration: 10200 ms Memory Size: 256 MB Max Memory Used: 119 MB

{"ioload": "0.346928, 148 MB/s;0.555505, 92.2 MB/s;1.19253, 42.9 MB/s;0.943274, 54.3 MB/s;1.28443, 39.9 MB/s;0.677068, 75.6 MB/s;1.17166, 43.7 MB/s;0.925951, 55.3 MB/s;1.18741, 43.1 MB/s;0.638959, 80.1 MB/s"}

==========Thread3========WARNING: Your kernel does not support swap limit capabilities or the cgroup is not mounted. Memory limited without swap.
START RequestId: 7d039f4d-988e-4806-b7f1-437b6e358d14 Version: $LATEST
END RequestId: 7d039f4d-988e-4806-b7f1-437b6e358d14
REPORT RequestId: 7d039f4d-988e-4806-b7f1-437b6e358d14 Duration: 10534 ms Billed Duration: 10600 ms Memory Size: 256 MB Max Memory Used: 121 MB

{"ioload": "1.41578, 36.2 MB/s;0.639211, 80.1 MB/s;1.06212, 48.2 MB/s;0.797657, 64.2 MB/s;1.14799, 44.6 MB/s;1.07826, 47.5 MB/s;1.00915, 50.7 MB/s;0.965353, 53.0 MB/s;0.950471, 53.9 MB/s;0.275013, 186 MB/s"}

==========Thread4========WARNING: Your kernel does not support swap limit capabilities or the cgroup is not mounted. Memory limited without swap.
START RequestId: 3f1f593c-7e0d-4535-8659-16102e2b3bbd Version: $LATEST
END RequestId: 3f1f593c-7e0d-4535-8659-16102e2b3bbd
REPORT RequestId: 3f1f593c-7e0d-4535-8659-16102e2b3bbd Duration: 9279 ms Billed Duration: 9300 ms Memory Size: 256 MB Max Memory Used: 120 MB

{"ioload": "1.32598, 38.6 MB/s;0.933335, 54.9 MB/s;0.622337, 82.3 MB/s;0.667021, 76.8 MB/s;1.11555, 45.9 MB/s;0.73629, 69.5 MB/s;0.982953, 52.1 MB/s;0.482858, 106 MB/s;0.613952, 83.4 MB/s;0.440068, 116 MB/s"}

==========Thread5========WARNING: Your kernel does not support swap limit capabilities or the cgroup is not mounted. Memory limited without swap.
START RequestId: 7a826a82-ce88-4324-a7ad-f2372e093768 Version: $LATEST
END RequestId: 7a826a82-ce88-4324-a7ad-f2372e093768
REPORT RequestId: 7a826a82-ce88-4324-a7ad-f2372e093768 Duration: 10681 ms Billed Duration: 10700 ms Memory Size: 256 MB Max Memory Used: 119 MB

{"ioload": "1.20586, 42.5 MB/s;0.990925, 51.7 MB/s;1.19559, 42.8 MB/s;1.16277, 44.0 MB/s;0.657131, 77.9 MB/s;0.841661, 60.8 MB/s;0.999923, 51.2 MB/s;0.828104, 61.8 MB/s;0.979911, 52.2 MB/s;0.527094, 97.1 MB/s"}

==========Thread6========WARNING: Your kernel does not support swap limit capabilities or the cgroup is not mounted. Memory limited without swap.
START RequestId: e50ab9e9-38ba-4071-8a01-30992aada98b Version: $LATEST
END RequestId: e50ab9e9-38ba-4071-8a01-30992aada98b
REPORT RequestId: e50ab9e9-38ba-4071-8a01-30992aada98b Duration: 10754 ms Billed Duration: 10800 ms Memory Size: 256 MB Max Memory Used: 119 MB

{"ioload": "1.31009, 39.1 MB/s;0.928683, 55.1 MB/s;1.26571, 40.5 MB/s;0.672221, 76.2 MB/s;1.17093, 43.7 MB/s;0.934982, 54.8 MB/s;1.18504, 43.2 MB/s;1.00898, 50.7 MB/s;0.619476, 82.7 MB/s;0.292934, 175 MB/s"}
