
==========Thread1========WARNING: Your kernel does not support swap limit capabilities or the cgroup is not mounted. Memory limited without swap.
START RequestId: ee5326ba-f51c-49ac-a51e-d4fa3a2b0128 Version: $LATEST
END RequestId: ee5326ba-f51c-49ac-a51e-d4fa3a2b0128
REPORT RequestId: ee5326ba-f51c-49ac-a51e-d4fa3a2b0128 Duration: 8384 ms Billed Duration: 8400 ms Memory Size: 256 MB Max Memory Used: 119 MB

{"ioload": "0.67564, 75.8 MB/s;1.18405, 43.2 MB/s;0.909012, 56.3 MB/s;0.494588, 104 MB/s;0.936298, 54.7 MB/s;0.892685, 57.4 MB/s;0.443959, 115 MB/s;0.573569, 89.3 MB/s;0.554815, 92.3 MB/s;0.521388, 98.2 MB/s"}

==========Thread2========WARNING: Your kernel does not support swap limit capabilities or the cgroup is not mounted. Memory limited without swap.
START RequestId: 9689869c-6230-4827-936b-4a6e4bd81d45 Version: $LATEST
END RequestId: 9689869c-6230-4827-936b-4a6e4bd81d45
REPORT RequestId: 9689869c-6230-4827-936b-4a6e4bd81d45 Duration: 9077 ms Billed Duration: 9100 ms Memory Size: 256 MB Max Memory Used: 119 MB

{"ioload": "0.898864, 57.0 MB/s;1.13457, 45.1 MB/s;0.783087, 65.4 MB/s;0.648738, 78.9 MB/s;0.674035, 76.0 MB/s;0.561182, 91.2 MB/s;0.954255, 53.7 MB/s;0.982492, 52.1 MB/s;0.975053, 52.5 MB/s;0.309693, 165 MB/s"}

==========Thread3========WARNING: Your kernel does not support swap limit capabilities or the cgroup is not mounted. Memory limited without swap.
START RequestId: 3a0cacad-1281-4f6c-b6ad-6d48a279f21b Version: $LATEST
END RequestId: 3a0cacad-1281-4f6c-b6ad-6d48a279f21b
REPORT RequestId: 3a0cacad-1281-4f6c-b6ad-6d48a279f21b Duration: 9213 ms Billed Duration: 9300 ms Memory Size: 256 MB Max Memory Used: 119 MB

{"ioload": "0.878564, 58.3 MB/s;1.0076, 50.8 MB/s;0.912436, 56.1 MB/s;0.480806, 106 MB/s;0.944011, 54.2 MB/s;1.02102, 50.1 MB/s;0.990386, 51.7 MB/s;0.977901, 52.4 MB/s;0.378202, 135 MB/s;0.276175, 185 MB/s"}

==========Thread4========WARNING: Your kernel does not support swap limit capabilities or the cgroup is not mounted. Memory limited without swap.
START RequestId: 1f3af4fe-688a-4fe2-aae1-9407d46e43e2 Version: $LATEST
END RequestId: 1f3af4fe-688a-4fe2-aae1-9407d46e43e2
REPORT RequestId: 1f3af4fe-688a-4fe2-aae1-9407d46e43e2 Duration: 8993 ms Billed Duration: 9000 ms Memory Size: 256 MB Max Memory Used: 120 MB

{"ioload": "0.887074, 57.7 MB/s;0.706636, 72.5 MB/s;0.883982, 57.9 MB/s;0.693963, 73.8 MB/s;0.837225, 61.2 MB/s;0.56539, 90.6 MB/s;0.937509, 54.6 MB/s;0.844878, 60.6 MB/s;0.874016, 58.6 MB/s;0.535778, 95.6 MB/s"}

==========Thread5========WARNING: Your kernel does not support swap limit capabilities or the cgroup is not mounted. Memory limited without swap.
START RequestId: cccaab09-0ca3-4dfa-b08c-50d0c50bb5b6 Version: $LATEST
END RequestId: cccaab09-0ca3-4dfa-b08c-50d0c50bb5b6
REPORT RequestId: cccaab09-0ca3-4dfa-b08c-50d0c50bb5b6 Duration: 8300 ms Billed Duration: 8400 ms Memory Size: 256 MB Max Memory Used: 119 MB

{"ioload": "0.858259, 59.7 MB/s;1.03284, 49.6 MB/s;0.895558, 57.2 MB/s;0.952754, 53.7 MB/s;0.916643, 55.9 MB/s;0.58166, 88.0 MB/s;0.480352, 107 MB/s;0.593642, 86.2 MB/s;0.430363, 119 MB/s;0.296096, 173 MB/s"}
