
==========Thread1========WARNING: Your kernel does not support swap limit capabilities or the cgroup is not mounted. Memory limited without swap.
START RequestId: 0f40c05f-91fd-4a5c-a147-568f660cad8f Version: $LATEST
END RequestId: 0f40c05f-91fd-4a5c-a147-568f660cad8f
REPORT RequestId: 0f40c05f-91fd-4a5c-a147-568f660cad8f Duration: 13322 ms Billed Duration: 13400 ms Memory Size: 256 MB Max Memory Used: 120 MB

{"ioload": "1.0705, 47.8 MB/s;0.996002, 51.4 MB/s;1.30622, 39.2 MB/s;1.25163, 40.9 MB/s;0.92386, 55.4 MB/s;0.957639, 53.5 MB/s;1.04218, 49.1 MB/s;1.72016, 29.8 MB/s;1.44384, 35.5 MB/s;0.898525, 57.0 MB/s"}

==========Thread2========WARNING: Your kernel does not support swap limit capabilities or the cgroup is not mounted. Memory limited without swap.
START RequestId: 02746ee6-1139-4183-824b-a66d4b55baa9 Version: $LATEST
END RequestId: 02746ee6-1139-4183-824b-a66d4b55baa9
REPORT RequestId: 02746ee6-1139-4183-824b-a66d4b55baa9 Duration: 14142 ms Billed Duration: 14200 ms Memory Size: 256 MB Max Memory Used: 120 MB

{"ioload": "0.37162, 138 MB/s;1.12706, 45.4 MB/s;1.39621, 36.7 MB/s;1.14161, 44.8 MB/s;1.48594, 34.5 MB/s;1.59647, 32.1 MB/s;1.33736, 38.3 MB/s;1.69963, 30.1 MB/s;1.27011, 40.3 MB/s;1.02017, 50.2 MB/s"}

==========Thread3========WARNING: Your kernel does not support swap limit capabilities or the cgroup is not mounted. Memory limited without swap.
START RequestId: bd888a0c-558b-42b0-addc-5ddd4124b7fd Version: $LATEST
END RequestId: bd888a0c-558b-42b0-addc-5ddd4124b7fd
REPORT RequestId: bd888a0c-558b-42b0-addc-5ddd4124b7fd Duration: 13320 ms Billed Duration: 13400 ms Memory Size: 256 MB Max Memory Used: 120 MB

{"ioload": "1.51955, 33.7 MB/s;1.43606, 35.7 MB/s;1.44696, 35.4 MB/s;1.63274, 31.4 MB/s;0.888185, 57.6 MB/s;0.945316, 54.2 MB/s;1.42608, 35.9 MB/s;1.50279, 34.1 MB/s;0.916988, 55.8 MB/s;0.30778, 166 MB/s"}

==========Thread4========WARNING: Your kernel does not support swap limit capabilities or the cgroup is not mounted. Memory limited without swap.
START RequestId: d1f25174-36fc-4ac4-82cc-1503ca839c40 Version: $LATEST
END RequestId: d1f25174-36fc-4ac4-82cc-1503ca839c40
REPORT RequestId: d1f25174-36fc-4ac4-82cc-1503ca839c40 Duration: 13303 ms Billed Duration: 13400 ms Memory Size: 256 MB Max Memory Used: 120 MB

{"ioload": "1.57964, 32.4 MB/s;1.31883, 38.8 MB/s;0.983849, 52.0 MB/s;1.26916, 40.3 MB/s;1.55208, 33.0 MB/s;1.04904, 48.8 MB/s;0.832036, 61.5 MB/s;1.15735, 44.2 MB/s;1.34153, 38.2 MB/s;0.622008, 82.3 MB/s"}

==========Thread5========WARNING: Your kernel does not support swap limit capabilities or the cgroup is not mounted. Memory limited without swap.
START RequestId: 9f6f8eb4-5d6c-4092-a62d-7e5e6f60e306 Version: $LATEST
END RequestId: 9f6f8eb4-5d6c-4092-a62d-7e5e6f60e306
REPORT RequestId: 9f6f8eb4-5d6c-4092-a62d-7e5e6f60e306 Duration: 13523 ms Billed Duration: 13600 ms Memory Size: 256 MB Max Memory Used: 121 MB

{"ioload": "1.02558, 49.9 MB/s;0.965846, 53.0 MB/s;1.28734, 39.8 MB/s;1.27377, 40.2 MB/s;1.59851, 32.0 MB/s;1.25328, 40.9 MB/s;1.37921, 37.1 MB/s;1.40326, 36.5 MB/s;0.913735, 56.0 MB/s;0.926931, 55.2 MB/s"}

==========Thread6========WARNING: Your kernel does not support swap limit capabilities or the cgroup is not mounted. Memory limited without swap.
START RequestId: 3866b013-0281-44ce-955f-624d2c8d2b9c Version: $LATEST
END RequestId: 3866b013-0281-44ce-955f-624d2c8d2b9c
REPORT RequestId: 3866b013-0281-44ce-955f-624d2c8d2b9c Duration: 13826 ms Billed Duration: 13900 ms Memory Size: 256 MB Max Memory Used: 120 MB

{"ioload": "1.0375, 49.3 MB/s;1.3121, 39.0 MB/s;1.40543, 36.4 MB/s;1.16973, 43.8 MB/s;1.59435, 32.1 MB/s;1.4816, 34.6 MB/s;1.59774, 32.0 MB/s;1.23464, 41.5 MB/s;1.11634, 45.9 MB/s;0.488114, 105 MB/s"}

==========Thread7========WARNING: Your kernel does not support swap limit capabilities or the cgroup is not mounted. Memory limited without swap.
START RequestId: 17c07cd9-2578-480d-887c-6f8e177e069b Version: $LATEST
END RequestId: 17c07cd9-2578-480d-887c-6f8e177e069b
REPORT RequestId: 17c07cd9-2578-480d-887c-6f8e177e069b Duration: 12963 ms Billed Duration: 13000 ms Memory Size: 256 MB Max Memory Used: 120 MB

{"ioload": "0.761187, 67.3 MB/s;1.57346, 32.5 MB/s;1.18079, 43.4 MB/s;1.28658, 39.8 MB/s;0.918406, 55.7 MB/s;0.321156, 159 MB/s;1.38953, 36.8 MB/s;1.3428, 38.1 MB/s;1.70001, 30.1 MB/s;0.943772, 54.3 MB/s"}

==========Thread8========WARNING: Your kernel does not support swap limit capabilities or the cgroup is not mounted. Memory limited without swap.
START RequestId: 6d6cf26b-0f01-4afa-a0b0-539246a2b248 Version: $LATEST
END RequestId: 6d6cf26b-0f01-4afa-a0b0-539246a2b248
REPORT RequestId: 6d6cf26b-0f01-4afa-a0b0-539246a2b248 Duration: 12917 ms Billed Duration: 13000 ms Memory Size: 256 MB Max Memory Used: 120 MB

{"ioload": "0.376295, 136 MB/s;1.09126, 46.9 MB/s;1.33378, 38.4 MB/s;1.4213, 36.0 MB/s;1.49016, 34.4 MB/s;1.5696, 32.6 MB/s;1.61112, 31.8 MB/s;0.71624, 71.5 MB/s;0.669529, 76.5 MB/s;1.26785, 40.4 MB/s"}
