
==========Thread1========WARNING: Your kernel does not support swap limit capabilities or the cgroup is not mounted. Memory limited without swap.
START RequestId: b8451de3-8cdb-4d5b-8629-f2c4055f5fee Version: $LATEST
5210
END RequestId: b8451de3-8cdb-4d5b-8629-f2c4055f5fee
REPORT RequestId: b8451de3-8cdb-4d5b-8629-f2c4055f5fee Duration: 12053 ms Billed Duration: 12100 ms Memory Size: 128 MB Max Memory Used: 14 MB

{"network": "69740845.7301,10849,9054,12108"}

==========Thread2========WARNING: Your kernel does not support swap limit capabilities or the cgroup is not mounted. Memory limited without swap.
START RequestId: 68939b04-0923-4f4e-8391-378572d4cade Version: $LATEST
5207
END RequestId: 68939b04-0923-4f4e-8391-378572d4cade
REPORT RequestId: 68939b04-0923-4f4e-8391-378572d4cade Duration: 10186 ms Billed Duration: 10200 ms Memory Size: 128 MB Max Memory Used: 14 MB

{"network": "24904272.008,9164,7165,10439"}

==========Thread3========WARNING: Your kernel does not support swap limit capabilities or the cgroup is not mounted. Memory limited without swap.
START RequestId: 94d944aa-120b-42b0-ac89-3a730fb6c6a6 Version: $LATEST
5203
END RequestId: 94d944aa-120b-42b0-ac89-3a730fb6c6a6
REPORT RequestId: 94d944aa-120b-42b0-ac89-3a730fb6c6a6 Duration: 10351 ms Billed Duration: 10400 ms Memory Size: 128 MB Max Memory Used: 14 MB

{"network": "29374874.6395,9689,7156,14377"}

==========Thread4========WARNING: Your kernel does not support swap limit capabilities or the cgroup is not mounted. Memory limited without swap.
START RequestId: a2749707-1846-42b8-b6c7-9a62df31a767 Version: $LATEST
5208
END RequestId: a2749707-1846-42b8-b6c7-9a62df31a767
REPORT RequestId: a2749707-1846-42b8-b6c7-9a62df31a767 Duration: 11013 ms Billed Duration: 11100 ms Memory Size: 128 MB Max Memory Used: 14 MB

{"network": "75790418.7699,9654,7017,11058"}

==========Thread5========WARNING: Your kernel does not support swap limit capabilities or the cgroup is not mounted. Memory limited without swap.
START RequestId: 659c40ed-5b0e-489e-82d4-520a22ab40f5 Version: $LATEST
5205
END RequestId: 659c40ed-5b0e-489e-82d4-520a22ab40f5
REPORT RequestId: 659c40ed-5b0e-489e-82d4-520a22ab40f5 Duration: 10985 ms Billed Duration: 11000 ms Memory Size: 128 MB Max Memory Used: 14 MB

{"network": "67156413.0661,10173,7663,15902"}

==========Thread6========WARNING: Your kernel does not support swap limit capabilities or the cgroup is not mounted. Memory limited without swap.
START RequestId: 5e1f501b-20dd-46f6-b794-9c45722ecaf3 Version: $LATEST
5206
END RequestId: 5e1f501b-20dd-46f6-b794-9c45722ecaf3
REPORT RequestId: 5e1f501b-20dd-46f6-b794-9c45722ecaf3 Duration: 12042 ms Billed Duration: 12100 ms Memory Size: 128 MB Max Memory Used: 14 MB

{"network": "90151450.3442,9695,8535,10621"}

==========Thread7========WARNING: Your kernel does not support swap limit capabilities or the cgroup is not mounted. Memory limited without swap.
START RequestId: a77edb4e-b3e8-40f8-81e6-20b9ebb07e8d Version: $LATEST
5204
END RequestId: a77edb4e-b3e8-40f8-81e6-20b9ebb07e8d
REPORT RequestId: a77edb4e-b3e8-40f8-81e6-20b9ebb07e8d Duration: 10202 ms Billed Duration: 10300 ms Memory Size: 128 MB Max Memory Used: 14 MB

{"network": "25995241.0102,12367,7050,21195"}

==========Thread8========WARNING: Your kernel does not support swap limit capabilities or the cgroup is not mounted. Memory limited without swap.
START RequestId: 46f9c314-9212-4135-a815-ef49399ca495 Version: $LATEST
5202
END RequestId: 46f9c314-9212-4135-a815-ef49399ca495
REPORT RequestId: 46f9c314-9212-4135-a815-ef49399ca495 Duration: 10194 ms Billed Duration: 10200 ms Memory Size: 128 MB Max Memory Used: 14 MB

{"network": "50571385.0446,8424,6899,10594"}

==========Thread9========WARNING: Your kernel does not support swap limit capabilities or the cgroup is not mounted. Memory limited without swap.
START RequestId: 9fdae536-b7eb-4a1d-81af-0c3c67d63650 Version: $LATEST
5209
END RequestId: 9fdae536-b7eb-4a1d-81af-0c3c67d63650
REPORT RequestId: 9fdae536-b7eb-4a1d-81af-0c3c67d63650 Duration: 12886 ms Billed Duration: 12900 ms Memory Size: 128 MB Max Memory Used: 14 MB

{"network": "65523603.3011,16656,8119,38384"}

==========Thread10========WARNING: Your kernel does not support swap limit capabilities or the cgroup is not mounted. Memory limited without swap.
START RequestId: e0502c26-7cb7-42c1-b2d0-081ea416e6ee Version: $LATEST
5201
END RequestId: e0502c26-7cb7-42c1-b2d0-081ea416e6ee
REPORT RequestId: e0502c26-7cb7-42c1-b2d0-081ea416e6ee Duration: 10562 ms Billed Duration: 10600 ms Memory Size: 128 MB Max Memory Used: 14 MB

{"network": "46183023.1496,14748,8629,31633"}
