
==========Thread1========WARNING: Your kernel does not support swap limit capabilities or the cgroup is not mounted. Memory limited without swap.
START RequestId: 7d81c6e2-7831-4e7d-9412-aebf2d9d7c1c Version: $LATEST
5207
END RequestId: 7d81c6e2-7831-4e7d-9412-aebf2d9d7c1c
REPORT RequestId: 7d81c6e2-7831-4e7d-9412-aebf2d9d7c1c Duration: 11638 ms Billed Duration: 11700 ms Memory Size: 128 MB Max Memory Used: 14 MB

{"network": "83018042.4378,10420,4182,23141"}

==========Thread2========WARNING: Your kernel does not support swap limit capabilities or the cgroup is not mounted. Memory limited without swap.
START RequestId: 0e12446d-453f-444b-bd0a-1d6b3c5d0d31 Version: $LATEST
5203
END RequestId: 0e12446d-453f-444b-bd0a-1d6b3c5d0d31
REPORT RequestId: 0e12446d-453f-444b-bd0a-1d6b3c5d0d31 Duration: 10562 ms Billed Duration: 10600 ms Memory Size: 128 MB Max Memory Used: 14 MB

{"network": "83961685.6238,12039,7146,21609"}

==========Thread3========WARNING: Your kernel does not support swap limit capabilities or the cgroup is not mounted. Memory limited without swap.
START RequestId: 3f5ccfc7-539f-43b9-83a6-e22aeb561774 Version: $LATEST
5208
END RequestId: 3f5ccfc7-539f-43b9-83a6-e22aeb561774
REPORT RequestId: 3f5ccfc7-539f-43b9-83a6-e22aeb561774 Duration: 12052 ms Billed Duration: 12100 ms Memory Size: 128 MB Max Memory Used: 14 MB

{"network": "58176348.3696,8687,5643,11074"}

==========Thread4========WARNING: Your kernel does not support swap limit capabilities or the cgroup is not mounted. Memory limited without swap.
START RequestId: 54d30dc1-2855-49ca-a4e7-997dd2e9191a Version: $LATEST
5205
END RequestId: 54d30dc1-2855-49ca-a4e7-997dd2e9191a
REPORT RequestId: 54d30dc1-2855-49ca-a4e7-997dd2e9191a Duration: 12051 ms Billed Duration: 12100 ms Memory Size: 128 MB Max Memory Used: 14 MB

{"network": "57536526.4004,9116,6880,12997"}

==========Thread5========WARNING: Your kernel does not support swap limit capabilities or the cgroup is not mounted. Memory limited without swap.
START RequestId: 803e8fc8-affc-424a-ae6c-2ead5f7be603 Version: $LATEST
5206
END RequestId: 803e8fc8-affc-424a-ae6c-2ead5f7be603
REPORT RequestId: 803e8fc8-affc-424a-ae6c-2ead5f7be603 Duration: 12050 ms Billed Duration: 12100 ms Memory Size: 128 MB Max Memory Used: 14 MB

{"network": "41419755.6255,20670,5671,133540"}

==========Thread6========WARNING: Your kernel does not support swap limit capabilities or the cgroup is not mounted. Memory limited without swap.
START RequestId: d6b8c301-638b-4c89-ae9d-96ff6e49591f Version: $LATEST
5204
END RequestId: d6b8c301-638b-4c89-ae9d-96ff6e49591f
REPORT RequestId: d6b8c301-638b-4c89-ae9d-96ff6e49591f Duration: 10398 ms Billed Duration: 10400 ms Memory Size: 128 MB Max Memory Used: 14 MB

{"network": "47757017.3527,7942,5980,9732"}

==========Thread7========WARNING: Your kernel does not support swap limit capabilities or the cgroup is not mounted. Memory limited without swap.
START RequestId: efc434de-c419-4dc0-8c63-96083fad05bc Version: $LATEST
5202
END RequestId: efc434de-c419-4dc0-8c63-96083fad05bc
REPORT RequestId: efc434de-c419-4dc0-8c63-96083fad05bc Duration: 10182 ms Billed Duration: 10200 ms Memory Size: 128 MB Max Memory Used: 14 MB

{"network": "33077852.6486,11917,2928,26123"}

==========Thread8========WARNING: Your kernel does not support swap limit capabilities or the cgroup is not mounted. Memory limited without swap.
START RequestId: 5556224b-e896-4d7c-af3f-4866bc56f723 Version: $LATEST
5209
END RequestId: 5556224b-e896-4d7c-af3f-4866bc56f723
REPORT RequestId: 5556224b-e896-4d7c-af3f-4866bc56f723 Duration: 10194 ms Billed Duration: 10200 ms Memory Size: 128 MB Max Memory Used: 14 MB

{"network": "43144700.8984,8312,7391,9712"}

==========Thread9========WARNING: Your kernel does not support swap limit capabilities or the cgroup is not mounted. Memory limited without swap.
START RequestId: e0ff5fff-07cb-4029-ac3c-e32a4d8cc473 Version: $LATEST
5201
END RequestId: e0ff5fff-07cb-4029-ac3c-e32a4d8cc473
REPORT RequestId: e0ff5fff-07cb-4029-ac3c-e32a4d8cc473 Duration: 10185 ms Billed Duration: 10200 ms Memory Size: 128 MB Max Memory Used: 14 MB

{"network": "36889949.047,11442,7740,16747"}
