
==========Thread1========WARNING: Your kernel does not support swap limit capabilities or the cgroup is not mounted. Memory limited without swap.
START RequestId: 46403f16-2d92-4c70-872b-dd6ac21edcf8 Version: $LATEST
5207
END RequestId: 46403f16-2d92-4c70-872b-dd6ac21edcf8
REPORT RequestId: 46403f16-2d92-4c70-872b-dd6ac21edcf8 Duration: 11195 ms Billed Duration: 11200 ms Memory Size: 128 MB Max Memory Used: 14 MB

{"network": "75837590.5234,9155,4944,11471"}

==========Thread2========WARNING: Your kernel does not support swap limit capabilities or the cgroup is not mounted. Memory limited without swap.
START RequestId: b98dfd57-e2b1-4ab2-b012-27af6038f839 Version: $LATEST
5203
END RequestId: b98dfd57-e2b1-4ab2-b012-27af6038f839
REPORT RequestId: b98dfd57-e2b1-4ab2-b012-27af6038f839 Duration: 10982 ms Billed Duration: 11000 ms Memory Size: 128 MB Max Memory Used: 14 MB

{"network": "73387770.1119,7547,5679,8819"}

==========Thread3========WARNING: Your kernel does not support swap limit capabilities or the cgroup is not mounted. Memory limited without swap.
START RequestId: 007bb3a7-bb52-4e6a-9b6a-36a9eb6f1244 Version: $LATEST
5205
END RequestId: 007bb3a7-bb52-4e6a-9b6a-36a9eb6f1244
REPORT RequestId: 007bb3a7-bb52-4e6a-9b6a-36a9eb6f1244 Duration: 11195 ms Billed Duration: 11200 ms Memory Size: 128 MB Max Memory Used: 14 MB

{"network": "74582062.9716,9148,7025,11304"}

==========Thread4========WARNING: Your kernel does not support swap limit capabilities or the cgroup is not mounted. Memory limited without swap.
START RequestId: 0ef54127-1a4e-4f5a-a6dd-91b8fd221acd Version: $LATEST
5206
END RequestId: 0ef54127-1a4e-4f5a-a6dd-91b8fd221acd
REPORT RequestId: 0ef54127-1a4e-4f5a-a6dd-91b8fd221acd Duration: 11003 ms Billed Duration: 11100 ms Memory Size: 128 MB Max Memory Used: 14 MB

{"network": "38556127.0588,9873,8477,11889"}

==========Thread5========WARNING: Your kernel does not support swap limit capabilities or the cgroup is not mounted. Memory limited without swap.
START RequestId: 73c1780b-40fb-41c8-a143-7f72f24782d9 Version: $LATEST
5204
END RequestId: 73c1780b-40fb-41c8-a143-7f72f24782d9
REPORT RequestId: 73c1780b-40fb-41c8-a143-7f72f24782d9 Duration: 11154 ms Billed Duration: 11200 ms Memory Size: 128 MB Max Memory Used: 14 MB

{"network": "67284941.4067,8459,6856,11105"}

==========Thread6========WARNING: Your kernel does not support swap limit capabilities or the cgroup is not mounted. Memory limited without swap.
START RequestId: ec81e6ec-3a55-4b3e-a162-1ab6d1e0f837 Version: $LATEST
5202
END RequestId: ec81e6ec-3a55-4b3e-a162-1ab6d1e0f837
REPORT RequestId: ec81e6ec-3a55-4b3e-a162-1ab6d1e0f837 Duration: 10362 ms Billed Duration: 10400 ms Memory Size: 128 MB Max Memory Used: 14 MB

{"network": "37916397.0191,9843,6474,21401"}

==========Thread7========WARNING: Your kernel does not support swap limit capabilities or the cgroup is not mounted. Memory limited without swap.
START RequestId: 02fe5c11-f5b7-4fab-b576-950d69fce2d2 Version: $LATEST
5201
END RequestId: 02fe5c11-f5b7-4fab-b576-950d69fce2d2
REPORT RequestId: 02fe5c11-f5b7-4fab-b576-950d69fce2d2 Duration: 10197 ms Billed Duration: 10200 ms Memory Size: 128 MB Max Memory Used: 14 MB

{"network": "134312766.933,10044,6138,15832"}
