
==========Thread1========WARNING: Your kernel does not support swap limit capabilities or the cgroup is not mounted. Memory limited without swap.
START RequestId: 0b78456d-7621-48b6-85a4-1767a1b04420 Version: $LATEST
5203
END RequestId: 0b78456d-7621-48b6-85a4-1767a1b04420
REPORT RequestId: 0b78456d-7621-48b6-85a4-1767a1b04420 Duration: 11001 ms Billed Duration: 11100 ms Memory Size: 128 MB Max Memory Used: 14 MB

{"network": "143122518.685,8022,6889,9136"}

==========Thread2========WARNING: Your kernel does not support swap limit capabilities or the cgroup is not mounted. Memory limited without swap.
START RequestId: 9699aec9-6883-4204-adb1-5e8874c2bffd Version: $LATEST
5205
END RequestId: 9699aec9-6883-4204-adb1-5e8874c2bffd
REPORT RequestId: 9699aec9-6883-4204-adb1-5e8874c2bffd Duration: 10562 ms Billed Duration: 10600 ms Memory Size: 128 MB Max Memory Used: 14 MB

{"network": "82843557.0475,9341,5982,23176"}

==========Thread3========WARNING: Your kernel does not support swap limit capabilities or the cgroup is not mounted. Memory limited without swap.
START RequestId: 5c8108c1-fb0b-4176-8313-15005443d8cd Version: $LATEST
5204
END RequestId: 5c8108c1-fb0b-4176-8313-15005443d8cd
REPORT RequestId: 5c8108c1-fb0b-4176-8313-15005443d8cd Duration: 10574 ms Billed Duration: 10600 ms Memory Size: 128 MB Max Memory Used: 14 MB

{"network": "70356566.1242,8602,6106,11943"}

==========Thread4========WARNING: Your kernel does not support swap limit capabilities or the cgroup is not mounted. Memory limited without swap.
START RequestId: 634b623f-c95a-483d-895d-2aa20579b15e Version: $LATEST
5202
END RequestId: 634b623f-c95a-483d-895d-2aa20579b15e
REPORT RequestId: 634b623f-c95a-483d-895d-2aa20579b15e Duration: 10349 ms Billed Duration: 10400 ms Memory Size: 128 MB Max Memory Used: 14 MB

{"network": "120725319.679,7775,6354,9122"}

==========Thread5========WARNING: Your kernel does not support swap limit capabilities or the cgroup is not mounted. Memory limited without swap.
START RequestId: 1e973668-2652-4114-9a0b-c26ba4d0455f Version: $LATEST
5201
END RequestId: 1e973668-2652-4114-9a0b-c26ba4d0455f
REPORT RequestId: 1e973668-2652-4114-9a0b-c26ba4d0455f Duration: 11010 ms Billed Duration: 11100 ms Memory Size: 128 MB Max Memory Used: 14 MB

{"network": "81927469.3288,8258,6338,10727"}
