
==========Thread1========WARNING: Your kernel does not support swap limit capabilities or the cgroup is not mounted. Memory limited without swap.
START RequestId: c157f72d-6688-4852-a441-e636113e44a6 Version: $LATEST
5203
END RequestId: c157f72d-6688-4852-a441-e636113e44a6
REPORT RequestId: c157f72d-6688-4852-a441-e636113e44a6 Duration: 12105 ms Billed Duration: 12200 ms Memory Size: 128 MB Max Memory Used: 14 MB

{"network": "173600176.532,10910,4390,22385"}

==========Thread2========WARNING: Your kernel does not support swap limit capabilities or the cgroup is not mounted. Memory limited without swap.
START RequestId: 6934fbd9-35a0-47d6-bef1-ba03883268c8 Version: $LATEST
5205
END RequestId: 6934fbd9-35a0-47d6-bef1-ba03883268c8
REPORT RequestId: 6934fbd9-35a0-47d6-bef1-ba03883268c8 Duration: 10183 ms Billed Duration: 10200 ms Memory Size: 128 MB Max Memory Used: 14 MB

{"network": "105930782.029,12633,7682,30006"}

==========Thread3========WARNING: Your kernel does not support swap limit capabilities or the cgroup is not mounted. Memory limited without swap.
START RequestId: 36263797-2527-4405-ae57-a1b5686efe0f Version: $LATEST
5206
END RequestId: 36263797-2527-4405-ae57-a1b5686efe0f
REPORT RequestId: 36263797-2527-4405-ae57-a1b5686efe0f Duration: 10371 ms Billed Duration: 10400 ms Memory Size: 128 MB Max Memory Used: 14 MB

{"network": "50698952.2654,7729,1813,9937"}

==========Thread4========WARNING: Your kernel does not support swap limit capabilities or the cgroup is not mounted. Memory limited without swap.
START RequestId: b35ba4ac-8694-4873-8679-b3bee63b1540 Version: $LATEST
5204
END RequestId: b35ba4ac-8694-4873-8679-b3bee63b1540
REPORT RequestId: b35ba4ac-8694-4873-8679-b3bee63b1540 Duration: 11874 ms Billed Duration: 11900 ms Memory Size: 128 MB Max Memory Used: 14 MB

{"network": "61931427.0017,8402,7594,8861"}

==========Thread5========WARNING: Your kernel does not support swap limit capabilities or the cgroup is not mounted. Memory limited without swap.
START RequestId: 4835bb72-d181-47e5-971e-05a94d122266 Version: $LATEST
5202
END RequestId: 4835bb72-d181-47e5-971e-05a94d122266
REPORT RequestId: 4835bb72-d181-47e5-971e-05a94d122266 Duration: 10995 ms Billed Duration: 11000 ms Memory Size: 128 MB Max Memory Used: 14 MB

{"network": "60529567.937,8347,7526,8863"}

==========Thread6========WARNING: Your kernel does not support swap limit capabilities or the cgroup is not mounted. Memory limited without swap.
START RequestId: d032e383-a0d4-4d4f-85be-1d2001b4a504 Version: $LATEST
5201
END RequestId: d032e383-a0d4-4d4f-85be-1d2001b4a504
REPORT RequestId: d032e383-a0d4-4d4f-85be-1d2001b4a504 Duration: 11951 ms Billed Duration: 12000 ms Memory Size: 128 MB Max Memory Used: 14 MB

{"network": "74938690.5693,8743,7959,9850"}
