
==========Thread1========WARNING: Your kernel does not support swap limit capabilities or the cgroup is not mounted. Memory limited without swap.
START RequestId: b6b9d326-4759-4939-a1e3-e9a07a5a1260 Version: $LATEST
5207
END RequestId: b6b9d326-4759-4939-a1e3-e9a07a5a1260
REPORT RequestId: b6b9d326-4759-4939-a1e3-e9a07a5a1260 Duration: 10186 ms Billed Duration: 10200 ms Memory Size: 128 MB Max Memory Used: 14 MB

{"network": "19888700.8879,27796,6855,196599"}

==========Thread2========WARNING: Your kernel does not support swap limit capabilities or the cgroup is not mounted. Memory limited without swap.
START RequestId: 8950d5c6-f157-4244-8a08-8e0b713a8384 Version: $LATEST
5203
END RequestId: 8950d5c6-f157-4244-8a08-8e0b713a8384
REPORT RequestId: 8950d5c6-f157-4244-8a08-8e0b713a8384 Duration: 10399 ms Billed Duration: 10400 ms Memory Size: 128 MB Max Memory Used: 14 MB

{"network": "53953221.2125,8321,6695,10190"}

==========Thread3========WARNING: Your kernel does not support swap limit capabilities or the cgroup is not mounted. Memory limited without swap.
START RequestId: a2ed42ac-f44b-4aec-b91f-5cb7c9301025 Version: $LATEST
5208
END RequestId: a2ed42ac-f44b-4aec-b91f-5cb7c9301025
REPORT RequestId: a2ed42ac-f44b-4aec-b91f-5cb7c9301025 Duration: 10184 ms Billed Duration: 10200 ms Memory Size: 128 MB Max Memory Used: 14 MB

{"network": "37938302.4589,10527,5203,30011"}

==========Thread4========WARNING: Your kernel does not support swap limit capabilities or the cgroup is not mounted. Memory limited without swap.
START RequestId: 49e7515c-a67a-49e3-bc47-24402b5bec74 Version: $LATEST
5205
END RequestId: 49e7515c-a67a-49e3-bc47-24402b5bec74
REPORT RequestId: 49e7515c-a67a-49e3-bc47-24402b5bec74 Duration: 12169 ms Billed Duration: 12200 ms Memory Size: 128 MB Max Memory Used: 14 MB

{"network": "192609643.523,10443,5252,27517"}

==========Thread5========WARNING: Your kernel does not support swap limit capabilities or the cgroup is not mounted. Memory limited without swap.
START RequestId: 01086e2e-8469-44e0-8f80-866be4714b8d Version: $LATEST
5206
END RequestId: 01086e2e-8469-44e0-8f80-866be4714b8d
REPORT RequestId: 01086e2e-8469-44e0-8f80-866be4714b8d Duration: 10184 ms Billed Duration: 10200 ms Memory Size: 128 MB Max Memory Used: 14 MB

{"network": "35631939.461,9192,7292,12361"}

==========Thread6========WARNING: Your kernel does not support swap limit capabilities or the cgroup is not mounted. Memory limited without swap.
START RequestId: 5486b739-90f3-4ebd-a94f-d0f5cd528d0e Version: $LATEST
5204
END RequestId: 5486b739-90f3-4ebd-a94f-d0f5cd528d0e
REPORT RequestId: 5486b739-90f3-4ebd-a94f-d0f5cd528d0e Duration: 11008 ms Billed Duration: 11100 ms Memory Size: 128 MB Max Memory Used: 14 MB

{"network": "60816737.3557,16517,7009,77694"}

==========Thread7========WARNING: Your kernel does not support swap limit capabilities or the cgroup is not mounted. Memory limited without swap.
START RequestId: b02a1827-ad9f-42d5-b432-48fd2d6dd884 Version: $LATEST
5202
END RequestId: b02a1827-ad9f-42d5-b432-48fd2d6dd884
REPORT RequestId: b02a1827-ad9f-42d5-b432-48fd2d6dd884 Duration: 10567 ms Billed Duration: 10600 ms Memory Size: 128 MB Max Memory Used: 14 MB

{"network": "64917664.6807,10316,7166,20305"}

==========Thread8========WARNING: Your kernel does not support swap limit capabilities or the cgroup is not mounted. Memory limited without swap.
START RequestId: 5516d90b-1ae9-41c4-b6a8-f6815f18b651 Version: $LATEST
5201
END RequestId: 5516d90b-1ae9-41c4-b6a8-f6815f18b651
REPORT RequestId: 5516d90b-1ae9-41c4-b6a8-f6815f18b651 Duration: 11009 ms Billed Duration: 11100 ms Memory Size: 128 MB Max Memory Used: 14 MB

{"network": "69106092.6143,8763,6095,11618"}
