
==========Thread1========WARNING: Your kernel does not support swap limit capabilities or the cgroup is not mounted. Memory limited without swap.
START RequestId: b3d7dc94-2367-4b65-b366-68143cfdba6a Version: $LATEST
5203
END RequestId: b3d7dc94-2367-4b65-b366-68143cfdba6a
REPORT RequestId: b3d7dc94-2367-4b65-b366-68143cfdba6a Duration: 10187 ms Billed Duration: 10200 ms Memory Size: 128 MB Max Memory Used: 14 MB

{"network": "144988429.921,8032,4812,9793"}

==========Thread2========WARNING: Your kernel does not support swap limit capabilities or the cgroup is not mounted. Memory limited without swap.
START RequestId: 726b61ca-7f4e-4528-9a33-ed67b1c6ff8d Version: $LATEST
5204
END RequestId: 726b61ca-7f4e-4528-9a33-ed67b1c6ff8d
REPORT RequestId: 726b61ca-7f4e-4528-9a33-ed67b1c6ff8d Duration: 10182 ms Billed Duration: 10200 ms Memory Size: 128 MB Max Memory Used: 14 MB

{"network": "128110692.253,8767,2514,12617"}

==========Thread3========WARNING: Your kernel does not support swap limit capabilities or the cgroup is not mounted. Memory limited without swap.
START RequestId: 117d047e-b1c3-4064-9db9-23158e2f1230 Version: $LATEST
5202
END RequestId: 117d047e-b1c3-4064-9db9-23158e2f1230
REPORT RequestId: 117d047e-b1c3-4064-9db9-23158e2f1230 Duration: 10185 ms Billed Duration: 10200 ms Memory Size: 128 MB Max Memory Used: 14 MB

{"network": "137792582.29,8428,7474,9319"}

==========Thread4========WARNING: Your kernel does not support swap limit capabilities or the cgroup is not mounted. Memory limited without swap.
START RequestId: 07a4b17b-527a-4fa5-9b23-16493e88b31e Version: $LATEST
5201
END RequestId: 07a4b17b-527a-4fa5-9b23-16493e88b31e
REPORT RequestId: 07a4b17b-527a-4fa5-9b23-16493e88b31e Duration: 10182 ms Billed Duration: 10200 ms Memory Size: 128 MB Max Memory Used: 14 MB

{"network": "145593591.483,8032,6468,9587"}
