==========Thread1========WARNING: Your kernel does not support swap limit capabilities or the cgroup is not mounted. Memory limited without swap.
START RequestId: 9db15ab5-d920-4574-998e-502474ddabe0 Version: $LATEST
END RequestId: 9db15ab5-d920-4574-998e-502474ddabe0
REPORT RequestId: 9db15ab5-d920-4574-998e-502474ddabe0 Duration: 99313 ms Billed Duration: 99400 ms Memory Size: 128 MB Max Memory Used: 14 MB

{"ioload": "9.92495, 5.2 MB/s;9.78547, 5.2 MB/s;10.0918, 5.1 MB/s;9.65036, 5.3 MB/s;7.74271, 6.6 MB/s;10.2965, 5.0 MB/s;9.88488, 5.2 MB/s;11.0962, 4.6 MB/s;10.9968, 4.7 MB/s;9.67486, 5.3 MB/s"}
==========Thread2========WARNING: Your kernel does not support swap limit capabilities or the cgroup is not mounted. Memory limited without swap.
START RequestId: 7e185d65-a3c4-488a-92d5-f36d4232d19a Version: $LATEST
END RequestId: 7e185d65-a3c4-488a-92d5-f36d4232d19a
REPORT RequestId: 7e185d65-a3c4-488a-92d5-f36d4232d19a Duration: 100548 ms Billed Duration: 100600 ms Memory Size: 128 MB Max Memory Used: 14 MB

{"ioload": "10.4185, 4.9 MB/s;10.1176, 5.1 MB/s;9.40288, 5.4 MB/s;8.24834, 6.2 MB/s;9.56877, 5.4 MB/s;10.6594, 4.8 MB/s;10.7089, 4.8 MB/s;11.0184, 4.6 MB/s;10.3023, 5.0 MB/s;9.93461, 5.2 MB/s"}
==========Thread3========WARNING: Your kernel does not support swap limit capabilities or the cgroup is not mounted. Memory limited without swap.
START RequestId: 050eb0da-a3a0-4b5c-b3df-1148c7860189 Version: $LATEST
END RequestId: 050eb0da-a3a0-4b5c-b3df-1148c7860189
REPORT RequestId: 050eb0da-a3a0-4b5c-b3df-1148c7860189 Duration: 98897 ms Billed Duration: 98900 ms Memory Size: 128 MB Max Memory Used: 14 MB

{"ioload": "11.3054, 4.5 MB/s;8.77752, 5.8 MB/s;10.7402, 4.8 MB/s;8.96588, 5.7 MB/s;8.08419, 6.3 MB/s;10.5838, 4.8 MB/s;10.4055, 4.9 MB/s;9.64454, 5.3 MB/s;10.1625, 5.0 MB/s;10.0465, 5.1 MB/s"}
==========Thread4========WARNING: Your kernel does not support swap limit capabilities or the cgroup is not mounted. Memory limited without swap.
START RequestId: 07f9adbf-566f-41ca-abd2-83e17404eb18 Version: $LATEST
END RequestId: 07f9adbf-566f-41ca-abd2-83e17404eb18
REPORT RequestId: 07f9adbf-566f-41ca-abd2-83e17404eb18 Duration: 98536 ms Billed Duration: 98600 ms Memory Size: 128 MB Max Memory Used: 14 MB

{"ioload": "10.4436, 4.9 MB/s;7.36068, 7.0 MB/s;10.0729, 5.1 MB/s;8.97046, 5.7 MB/s;9.64355, 5.3 MB/s;10.0361, 5.1 MB/s;11.2536, 4.5 MB/s;11.0231, 4.6 MB/s;10.5248, 4.9 MB/s;9.03341, 5.7 MB/s"}
==========Thread5========WARNING: Your kernel does not support swap limit capabilities or the cgroup is not mounted. Memory limited without swap.
START RequestId: dacf8127-6fbc-41bc-bc3c-f709e73ce2eb Version: $LATEST
END RequestId: dacf8127-6fbc-41bc-bc3c-f709e73ce2eb
REPORT RequestId: dacf8127-6fbc-41bc-bc3c-f709e73ce2eb Duration: 100724 ms Billed Duration: 100800 ms Memory Size: 128 MB Max Memory Used: 14 MB

{"ioload": "10.9791, 4.7 MB/s;9.93691, 5.2 MB/s;10.2257, 5.0 MB/s;10.0323, 5.1 MB/s;8.4831, 6.0 MB/s;11.5886, 4.4 MB/s;10.5003, 4.9 MB/s;11.2284, 4.6 MB/s;9.64672, 5.3 MB/s;7.93028, 6.5 MB/s"}
==========Thread6========WARNING: Your kernel does not support swap limit capabilities or the cgroup is not mounted. Memory limited without swap.
START RequestId: 8cdc7b18-bc40-4921-9cc0-0913c2fd74c1 Version: $LATEST
END RequestId: 8cdc7b18-bc40-4921-9cc0-0913c2fd74c1
REPORT RequestId: 8cdc7b18-bc40-4921-9cc0-0913c2fd74c1 Duration: 98749 ms Billed Duration: 98800 ms Memory Size: 128 MB Max Memory Used: 14 MB

{"ioload": "9.86082, 5.2 MB/s;9.90032, 5.2 MB/s;8.57804, 6.0 MB/s;9.1942, 5.6 MB/s;10.3461, 4.9 MB/s;10.3565, 4.9 MB/s;10.0103, 5.1 MB/s;9.58466, 5.3 MB/s;10.6388, 4.8 MB/s;10.1084, 5.1 MB/s"}
==========Thread7========WARNING: Your kernel does not support swap limit capabilities or the cgroup is not mounted. Memory limited without swap.
START RequestId: e975f0f7-eb3f-4145-b63f-60ef43bb20fb Version: $LATEST
END RequestId: e975f0f7-eb3f-4145-b63f-60ef43bb20fb
REPORT RequestId: e975f0f7-eb3f-4145-b63f-60ef43bb20fb Duration: 97634 ms Billed Duration: 97700 ms Memory Size: 128 MB Max Memory Used: 14 MB

{"ioload": "9.41927, 5.4 MB/s;7.53469, 6.8 MB/s;8.59395, 6.0 MB/s;10.0144, 5.1 MB/s;10.1319, 5.1 MB/s;9.36076, 5.5 MB/s;10.5078, 4.9 MB/s;10.8231, 4.7 MB/s;11.2122, 4.6 MB/s;9.86244, 5.2 MB/s"}
==========Thread8========WARNING: Your kernel does not support swap limit capabilities or the cgroup is not mounted. Memory limited without swap.
START RequestId: 2faa65fc-a53d-48db-9d72-d66db2fbe61f Version: $LATEST
END RequestId: 2faa65fc-a53d-48db-9d72-d66db2fbe61f
REPORT RequestId: 2faa65fc-a53d-48db-9d72-d66db2fbe61f Duration: 99077 ms Billed Duration: 99100 ms Memory Size: 128 MB Max Memory Used: 14 MB

{"ioload": "11.0692, 4.6 MB/s;9.68696, 5.3 MB/s;10.2846, 5.0 MB/s;9.32529, 5.5 MB/s;9.79806, 5.2 MB/s;9.47543, 5.4 MB/s;10.3371, 5.0 MB/s;10.4814, 4.9 MB/s;8.76673, 5.8 MB/s;9.68177, 5.3 MB/s"}
==========Thread9========WARNING: Your kernel does not support swap limit capabilities or the cgroup is not mounted. Memory limited without swap.
START RequestId: 790ef4a8-b8a7-42d3-88fc-d68b40b3b128 Version: $LATEST
END RequestId: 790ef4a8-b8a7-42d3-88fc-d68b40b3b128
REPORT RequestId: 790ef4a8-b8a7-42d3-88fc-d68b40b3b128 Duration: 97283 ms Billed Duration: 97300 ms Memory Size: 128 MB Max Memory Used: 14 MB

{"ioload": "10.2852, 5.0 MB/s;8.96394, 5.7 MB/s;8.78891, 5.8 MB/s;8.77672, 5.8 MB/s;10.4248, 4.9 MB/s;10.3527, 4.9 MB/s;9.45913, 5.4 MB/s;9.95411, 5.1 MB/s;9.77816, 5.2 MB/s;10.3268, 5.0 MB/s"}
