==========Thread1========WARNING: Your kernel does not support swap limit capabilities or the cgroup is not mounted. Memory limited without swap.
START RequestId: 5ff5308e-bb25-4ced-92d4-00864315e547 Version: $LATEST
END RequestId: 5ff5308e-bb25-4ced-92d4-00864315e547
REPORT RequestId: 5ff5308e-bb25-4ced-92d4-00864315e547 Duration: 121377 ms Billed Duration: 121400 ms Memory Size: 128 MB Max Memory Used: 14 MB

{"ioload": "9.63633, 5.3 MB/s;13.4661, 3.8 MB/s;12.1585, 4.2 MB/s;11.8512, 4.3 MB/s;12.6322, 4.1 MB/s;12.6992, 4.0 MB/s;10.8674, 4.7 MB/s;11.2973, 4.5 MB/s;13.3312, 3.8 MB/s;13.259, 3.9 MB/s"}
==========Thread2========WARNING: Your kernel does not support swap limit capabilities or the cgroup is not mounted. Memory limited without swap.
START RequestId: 7657c1ae-0e4c-4769-9f4a-5db921b898d1 Version: $LATEST
END RequestId: 7657c1ae-0e4c-4769-9f4a-5db921b898d1
REPORT RequestId: 7657c1ae-0e4c-4769-9f4a-5db921b898d1 Duration: 123754 ms Billed Duration: 123800 ms Memory Size: 128 MB Max Memory Used: 14 MB

{"ioload": "11.5226, 4.4 MB/s;12.055, 4.2 MB/s;13.4917, 3.8 MB/s;11.4858, 4.5 MB/s;12.5484, 4.1 MB/s;13.0002, 3.9 MB/s;12.5618, 4.1 MB/s;10.7155, 4.8 MB/s;13.771, 3.7 MB/s;12.4364, 4.1 MB/s"}
==========Thread3========WARNING: Your kernel does not support swap limit capabilities or the cgroup is not mounted. Memory limited without swap.
START RequestId: 0dc46586-38e3-40c2-a217-70179ce2c920 Version: $LATEST
END RequestId: 0dc46586-38e3-40c2-a217-70179ce2c920
REPORT RequestId: 0dc46586-38e3-40c2-a217-70179ce2c920 Duration: 120601 ms Billed Duration: 120700 ms Memory Size: 128 MB Max Memory Used: 14 MB

{"ioload": "9.43914, 5.4 MB/s;11.8148, 4.3 MB/s;13.2251, 3.9 MB/s;12.1274, 4.2 MB/s;9.62859, 5.3 MB/s;14.0355, 3.6 MB/s;11.8218, 4.3 MB/s;12.5366, 4.1 MB/s;12.4426, 4.1 MB/s;13.3629, 3.8 MB/s"}
==========Thread4========WARNING: Your kernel does not support swap limit capabilities or the cgroup is not mounted. Memory limited without swap.
START RequestId: 74128030-fe1c-4e8f-9df0-ce10063103a9 Version: $LATEST
END RequestId: 74128030-fe1c-4e8f-9df0-ce10063103a9
REPORT RequestId: 74128030-fe1c-4e8f-9df0-ce10063103a9 Duration: 119815 ms Billed Duration: 119900 ms Memory Size: 128 MB Max Memory Used: 14 MB

{"ioload": "8.71235, 5.9 MB/s;12.1511, 4.2 MB/s;12.0981, 4.2 MB/s;12.295, 4.2 MB/s;10.3463, 4.9 MB/s;13.9055, 3.7 MB/s;12.1399, 4.2 MB/s;10.6034, 4.8 MB/s;14.3247, 3.6 MB/s;13.0679, 3.9 MB/s"}
==========Thread5========WARNING: Your kernel does not support swap limit capabilities or the cgroup is not mounted. Memory limited without swap.
START RequestId: 50990111-f04c-41d8-9924-a6778f5cd9fd Version: $LATEST
END RequestId: 50990111-f04c-41d8-9924-a6778f5cd9fd
REPORT RequestId: 50990111-f04c-41d8-9924-a6778f5cd9fd Duration: 119653 ms Billed Duration: 119700 ms Memory Size: 128 MB Max Memory Used: 14 MB

{"ioload": "12.4331, 4.1 MB/s;12.1696, 4.2 MB/s;12.2798, 4.2 MB/s;12.7747, 4.0 MB/s;14.069, 3.6 MB/s;12.4359, 4.1 MB/s;9.80353, 5.2 MB/s;10.5019, 4.9 MB/s;12.4702, 4.1 MB/s;10.5507, 4.9 MB/s"}
==========Thread6========WARNING: Your kernel does not support swap limit capabilities or the cgroup is not mounted. Memory limited without swap.
START RequestId: b1e033f9-bcc2-4fda-b449-9fa28bdc9d49 Version: $LATEST
END RequestId: b1e033f9-bcc2-4fda-b449-9fa28bdc9d49
REPORT RequestId: b1e033f9-bcc2-4fda-b449-9fa28bdc9d49 Duration: 122776 ms Billed Duration: 122800 ms Memory Size: 128 MB Max Memory Used: 14 MB

{"ioload": "10.0627, 5.1 MB/s;13.0505, 3.9 MB/s;13.135, 3.9 MB/s;11.9926, 4.3 MB/s;11.7287, 4.4 MB/s;13.4084, 3.8 MB/s;10.4815, 4.9 MB/s;11.6394, 4.4 MB/s;13.5436, 3.8 MB/s;13.5426, 3.8 MB/s"}
==========Thread7========WARNING: Your kernel does not support swap limit capabilities or the cgroup is not mounted. Memory limited without swap.
START RequestId: 933413a9-0960-4bd9-9c03-c6c5ecbc960e Version: $LATEST
END RequestId: 933413a9-0960-4bd9-9c03-c6c5ecbc960e
REPORT RequestId: 933413a9-0960-4bd9-9c03-c6c5ecbc960e Duration: 117651 ms Billed Duration: 117700 ms Memory Size: 128 MB Max Memory Used: 14 MB

{"ioload": "8.9773, 5.7 MB/s;8.50159, 6.0 MB/s;14.0518, 3.6 MB/s;12.0548, 4.2 MB/s;13.7535, 3.7 MB/s;12.2882, 4.2 MB/s;11.1851, 4.6 MB/s;9.56624, 5.4 MB/s;13.1207, 3.9 MB/s;13.9849, 3.7 MB/s"}
==========Thread8========WARNING: Your kernel does not support swap limit capabilities or the cgroup is not mounted. Memory limited without swap.
START RequestId: 49150d4b-ed6b-40f0-9dba-f2badfcacf74 Version: $LATEST
END RequestId: 49150d4b-ed6b-40f0-9dba-f2badfcacf74
REPORT RequestId: 49150d4b-ed6b-40f0-9dba-f2badfcacf74 Duration: 124248 ms Billed Duration: 124300 ms Memory Size: 128 MB Max Memory Used: 14 MB

{"ioload": "12.1553, 4.2 MB/s;12.8232, 4.0 MB/s;13.0699, 3.9 MB/s;13.0734, 3.9 MB/s;12.3898, 4.1 MB/s;13.5621, 3.8 MB/s;11.7504, 4.4 MB/s;12.1967, 4.2 MB/s;13.1639, 3.9 MB/s;9.89303, 5.2 MB/s"}
==========Thread9========WARNING: Your kernel does not support swap limit capabilities or the cgroup is not mounted. Memory limited without swap.
START RequestId: 3770dceb-2b1e-433b-bef4-5d95ec764072 Version: $LATEST
END RequestId: 3770dceb-2b1e-433b-bef4-5d95ec764072
REPORT RequestId: 3770dceb-2b1e-433b-bef4-5d95ec764072 Duration: 122240 ms Billed Duration: 122300 ms Memory Size: 128 MB Max Memory Used: 14 MB

{"ioload": "11.333, 4.5 MB/s;11.3248, 4.5 MB/s;14.3716, 3.6 MB/s;10.0094, 5.1 MB/s;12.0486, 4.2 MB/s;13.7807, 3.7 MB/s;11.3721, 4.5 MB/s;11.6818, 4.4 MB/s;12.6761, 4.0 MB/s;13.4722, 3.8 MB/s"}
==========Thread10========WARNING: Your kernel does not support swap limit capabilities or the cgroup is not mounted. Memory limited without swap.
START RequestId: 81348961-0feb-412f-8dc6-c5572f58de3a Version: $LATEST
END RequestId: 81348961-0feb-412f-8dc6-c5572f58de3a
REPORT RequestId: 81348961-0feb-412f-8dc6-c5572f58de3a Duration: 117516 ms Billed Duration: 117600 ms Memory Size: 128 MB Max Memory Used: 14 MB

{"ioload": "11.3414, 4.5 MB/s;11.2335, 4.6 MB/s;11.8514, 4.3 MB/s;11.9228, 4.3 MB/s;11.5971, 4.4 MB/s;13.6005, 3.8 MB/s;11.7513, 4.4 MB/s;9.64011, 5.3 MB/s;13.1812, 3.9 MB/s;11.2296, 4.6 MB/s"}
==========Thread11========WARNING: Your kernel does not support swap limit capabilities or the cgroup is not mounted. Memory limited without swap.
START RequestId: 33c4dcd1-4bc5-4a09-b11b-215190c0a792 Version: $LATEST
END RequestId: 33c4dcd1-4bc5-4a09-b11b-215190c0a792
REPORT RequestId: 33c4dcd1-4bc5-4a09-b11b-215190c0a792 Duration: 122393 ms Billed Duration: 122400 ms Memory Size: 128 MB Max Memory Used: 14 MB

{"ioload": "8.94416, 5.7 MB/s;11.9974, 4.3 MB/s;13.891, 3.7 MB/s;12.0036, 4.3 MB/s;12.9503, 4.0 MB/s;12.8674, 4.0 MB/s;12.2735, 4.2 MB/s;12.1478, 4.2 MB/s;14.4551, 3.5 MB/s;10.695, 4.8 MB/s"}
==========Thread12========WARNING: Your kernel does not support swap limit capabilities or the cgroup is not mounted. Memory limited without swap.
START RequestId: dbc264f1-5286-4df3-8983-970d102b1e22 Version: $LATEST
END RequestId: dbc264f1-5286-4df3-8983-970d102b1e22
REPORT RequestId: dbc264f1-5286-4df3-8983-970d102b1e22 Duration: 119638 ms Billed Duration: 119700 ms Memory Size: 128 MB Max Memory Used: 14 MB

{"ioload": "11.5886, 4.4 MB/s;10.7178, 4.8 MB/s;11.4102, 4.5 MB/s;8.91119, 5.7 MB/s;13.4001, 3.8 MB/s;12.4478, 4.1 MB/s;13.5567, 3.8 MB/s;12.0829, 4.2 MB/s;13.2226, 3.9 MB/s;12.1337, 4.2 MB/s"}
