==========Thread1========WARNING: Your kernel does not support swap limit capabilities or the cgroup is not mounted. Memory limited without swap.
START RequestId: ecd2b1d5-fb32-4fa4-a1ab-2a4c1a2497be Version: $LATEST
END RequestId: ecd2b1d5-fb32-4fa4-a1ab-2a4c1a2497be
REPORT RequestId: ecd2b1d5-fb32-4fa4-a1ab-2a4c1a2497be Duration: 81775 ms Billed Duration: 81800 ms Memory Size: 128 MB Max Memory Used: 14 MB

{"ioload": "8.89074, 5.8 MB/s;7.47903, 6.8 MB/s;7.84685, 6.5 MB/s;7.99627, 6.4 MB/s;7.5411, 6.8 MB/s;7.41105, 6.9 MB/s;8.47116, 6.0 MB/s;8.92992, 5.7 MB/s;8.76244, 5.8 MB/s;8.27598, 6.2 MB/s"}
==========Thread2========WARNING: Your kernel does not support swap limit capabilities or the cgroup is not mounted. Memory limited without swap.
START RequestId: 68247d4a-4050-4406-8086-80f6322a1858 Version: $LATEST
END RequestId: 68247d4a-4050-4406-8086-80f6322a1858
REPORT RequestId: 68247d4a-4050-4406-8086-80f6322a1858 Duration: 85218 ms Billed Duration: 85300 ms Memory Size: 128 MB Max Memory Used: 14 MB

{"ioload": "8.3698, 6.1 MB/s;8.60623, 5.9 MB/s;7.83343, 6.5 MB/s;8.78598, 5.8 MB/s;9.08085, 5.6 MB/s;8.75066, 5.9 MB/s;8.76825, 5.8 MB/s;8.67047, 5.9 MB/s;8.27554, 6.2 MB/s;7.90825, 6.5 MB/s"}
==========Thread3========WARNING: Your kernel does not support swap limit capabilities or the cgroup is not mounted. Memory limited without swap.
START RequestId: f7967487-1c39-4f1c-848f-2e63880ae7ba Version: $LATEST
END RequestId: f7967487-1c39-4f1c-848f-2e63880ae7ba
REPORT RequestId: f7967487-1c39-4f1c-848f-2e63880ae7ba Duration: 85060 ms Billed Duration: 85100 ms Memory Size: 128 MB Max Memory Used: 14 MB

{"ioload": "7.95581, 6.4 MB/s;8.2478, 6.2 MB/s;8.42125, 6.1 MB/s;8.63695, 5.9 MB/s;8.61611, 5.9 MB/s;8.78098, 5.8 MB/s;8.70837, 5.9 MB/s;8.55022, 6.0 MB/s;8.84175, 5.8 MB/s;8.13001, 6.3 MB/s"}
==========Thread4========WARNING: Your kernel does not support swap limit capabilities or the cgroup is not mounted. Memory limited without swap.
START RequestId: 18e63c05-a19b-4290-a7dc-cd6af42a1897 Version: $LATEST
END RequestId: 18e63c05-a19b-4290-a7dc-cd6af42a1897
REPORT RequestId: 18e63c05-a19b-4290-a7dc-cd6af42a1897 Duration: 85703 ms Billed Duration: 85800 ms Memory Size: 128 MB Max Memory Used: 14 MB

{"ioload": "8.90147, 5.8 MB/s;8.43266, 6.1 MB/s;7.74906, 6.6 MB/s;8.60545, 5.9 MB/s;8.67684, 5.9 MB/s;8.54724, 6.0 MB/s;8.64256, 5.9 MB/s;8.61536, 5.9 MB/s;8.96256, 5.7 MB/s;8.3847, 6.1 MB/s"}
==========Thread5========WARNING: Your kernel does not support swap limit capabilities or the cgroup is not mounted. Memory limited without swap.
START RequestId: 4b6c56ce-01f3-4bed-ba8b-9cf0294ea046 Version: $LATEST
END RequestId: 4b6c56ce-01f3-4bed-ba8b-9cf0294ea046
REPORT RequestId: 4b6c56ce-01f3-4bed-ba8b-9cf0294ea046 Duration: 85168 ms Billed Duration: 85200 ms Memory Size: 128 MB Max Memory Used: 14 MB

{"ioload": "8.18803, 6.3 MB/s;9.24801, 5.5 MB/s;8.08197, 6.3 MB/s;9.27629, 5.5 MB/s;8.89385, 5.8 MB/s;8.51245, 6.0 MB/s;7.81671, 6.6 MB/s;9.14423, 5.6 MB/s;7.4269, 6.9 MB/s;8.40837, 6.1 MB/s"}
==========Thread6========WARNING: Your kernel does not support swap limit capabilities or the cgroup is not mounted. Memory limited without swap.
START RequestId: 25ff1463-ceff-413f-8a71-9e0d7ac02b5b Version: $LATEST
END RequestId: 25ff1463-ceff-413f-8a71-9e0d7ac02b5b
REPORT RequestId: 25ff1463-ceff-413f-8a71-9e0d7ac02b5b Duration: 86508 ms Billed Duration: 86600 ms Memory Size: 128 MB Max Memory Used: 14 MB

{"ioload": "8.36547, 6.1 MB/s;9.39516, 5.4 MB/s;7.94803, 6.4 MB/s;8.93145, 5.7 MB/s;9.22675, 5.5 MB/s;8.82199, 5.8 MB/s;8.87364, 5.8 MB/s;8.26709, 6.2 MB/s;8.77553, 5.8 MB/s;7.72894, 6.6 MB/s"}
==========Thread7========WARNING: Your kernel does not support swap limit capabilities or the cgroup is not mounted. Memory limited without swap.
START RequestId: a7a23a82-fe21-4089-8a05-fe6d7bea0d4e Version: $LATEST
END RequestId: a7a23a82-fe21-4089-8a05-fe6d7bea0d4e
REPORT RequestId: a7a23a82-fe21-4089-8a05-fe6d7bea0d4e Duration: 83736 ms Billed Duration: 83800 ms Memory Size: 128 MB Max Memory Used: 14 MB

{"ioload": "7.9498, 6.4 MB/s;9.22081, 5.6 MB/s;8.39515, 6.1 MB/s;7.71755, 6.6 MB/s;7.5419, 6.8 MB/s;8.43832, 6.1 MB/s;9.13457, 5.6 MB/s;8.08761, 6.3 MB/s;8.18333, 6.3 MB/s;8.89687, 5.8 MB/s"}
