==========Thread1========WARNING: Your kernel does not support swap limit capabilities or the cgroup is not mounted. Memory limited without swap.
START RequestId: 7838eb1e-2bd0-4a76-aa72-0a8a4f97da8f Version: $LATEST
END RequestId: 7838eb1e-2bd0-4a76-aa72-0a8a4f97da8f
REPORT RequestId: 7838eb1e-2bd0-4a76-aa72-0a8a4f97da8f Duration: 67982 ms Billed Duration: 68000 ms Memory Size: 128 MB Max Memory Used: 14 MB

{"ioload": "6.66176, 7.7 MB/s;6.77175, 7.6 MB/s;6.65772, 7.7 MB/s;6.6153, 7.7 MB/s;6.59656, 7.8 MB/s;7.12875, 7.2 MB/s;7.24194, 7.1 MB/s;6.73051, 7.6 MB/s;6.9702, 7.3 MB/s;6.4309, 8.0 MB/s"}
==========Thread2========WARNING: Your kernel does not support swap limit capabilities or the cgroup is not mounted. Memory limited without swap.
START RequestId: 6372b139-1f56-4a2d-9d85-eb3c69ef2b6a Version: $LATEST
END RequestId: 6372b139-1f56-4a2d-9d85-eb3c69ef2b6a
REPORT RequestId: 6372b139-1f56-4a2d-9d85-eb3c69ef2b6a Duration: 67277 ms Billed Duration: 67300 ms Memory Size: 128 MB Max Memory Used: 14 MB

{"ioload": "6.37551, 8.0 MB/s;7.00625, 7.3 MB/s;7.23336, 7.1 MB/s;6.94346, 7.4 MB/s;6.878, 7.4 MB/s;6.1085, 8.4 MB/s;6.95381, 7.4 MB/s;6.89272, 7.4 MB/s;6.23851, 8.2 MB/s;6.47724, 7.9 MB/s"}
==========Thread3========WARNING: Your kernel does not support swap limit capabilities or the cgroup is not mounted. Memory limited without swap.
START RequestId: 306d9025-5385-4f68-a2ad-2129986de1bf Version: $LATEST
END RequestId: 306d9025-5385-4f68-a2ad-2129986de1bf
REPORT RequestId: 306d9025-5385-4f68-a2ad-2129986de1bf Duration: 68041 ms Billed Duration: 68100 ms Memory Size: 128 MB Max Memory Used: 14 MB

{"ioload": "6.41856, 8.0 MB/s;6.73482, 7.6 MB/s;7.28154, 7.0 MB/s;6.73175, 7.6 MB/s;7.44076, 6.9 MB/s;6.89411, 7.4 MB/s;6.40515, 8.0 MB/s;6.82314, 7.5 MB/s;6.9803, 7.3 MB/s;6.16836, 8.3 MB/s"}
==========Thread4========WARNING: Your kernel does not support swap limit capabilities or the cgroup is not mounted. Memory limited without swap.
START RequestId: 97028010-1520-406f-957b-0fe8186fe460 Version: $LATEST
END RequestId: 97028010-1520-406f-957b-0fe8186fe460
REPORT RequestId: 97028010-1520-406f-957b-0fe8186fe460 Duration: 67535 ms Billed Duration: 67600 ms Memory Size: 128 MB Max Memory Used: 14 MB

{"ioload": "6.94186, 7.4 MB/s;6.82671, 7.5 MB/s;6.88971, 7.4 MB/s;6.98503, 7.3 MB/s;6.80611, 7.5 MB/s;6.52094, 7.9 MB/s;6.61258, 7.7 MB/s;6.81113, 7.5 MB/s;6.65985, 7.7 MB/s;6.31279, 8.1 MB/s"}
==========Thread5========WARNING: Your kernel does not support swap limit capabilities or the cgroup is not mounted. Memory limited without swap.
START RequestId: f4a5dff3-92d6-4fb3-90a5-b3a054b8282a Version: $LATEST
END RequestId: f4a5dff3-92d6-4fb3-90a5-b3a054b8282a
REPORT RequestId: f4a5dff3-92d6-4fb3-90a5-b3a054b8282a Duration: 67741 ms Billed Duration: 67800 ms Memory Size: 128 MB Max Memory Used: 14 MB

{"ioload": "6.20068, 8.3 MB/s;7.00048, 7.3 MB/s;6.33603, 8.1 MB/s;7.07645, 7.2 MB/s;7.31317, 7.0 MB/s;6.87591, 7.4 MB/s;6.79237, 7.5 MB/s;6.76743, 7.6 MB/s;7.06446, 7.2 MB/s;6.14702, 8.3 MB/s"}
