==========Thread1========WARNING: Your kernel does not support swap limit capabilities or the cgroup is not mounted. Memory limited without swap.
START RequestId: ff28eef0-5f59-405a-aa7a-e002b2545a73 Version: $LATEST
END RequestId: ff28eef0-5f59-405a-aa7a-e002b2545a73
REPORT RequestId: ff28eef0-5f59-405a-aa7a-e002b2545a73 Duration: 131637 ms Billed Duration: 131700 ms Memory Size: 128 MB Max Memory Used: 14 MB

{"ioload": "11.0372, 4.6 MB/s;12.0164, 4.3 MB/s;15.6709, 3.3 MB/s;11.6166, 4.4 MB/s;15.4824, 3.3 MB/s;13.2783, 3.9 MB/s;14.3356, 3.6 MB/s;12.271, 4.2 MB/s;13.2314, 3.9 MB/s;12.5237, 4.1 MB/s"}
==========Thread2========WARNING: Your kernel does not support swap limit capabilities or the cgroup is not mounted. Memory limited without swap.
START RequestId: 59267d23-453d-4261-84e1-9e60e68bad69 Version: $LATEST
END RequestId: 59267d23-453d-4261-84e1-9e60e68bad69
REPORT RequestId: 59267d23-453d-4261-84e1-9e60e68bad69 Duration: 136354 ms Billed Duration: 136400 ms Memory Size: 128 MB Max Memory Used: 14 MB

{"ioload": "11.255, 4.5 MB/s;14.3032, 3.6 MB/s;15.3869, 3.3 MB/s;11.7403, 4.4 MB/s;13.7634, 3.7 MB/s;12.9416, 4.0 MB/s;13.4535, 3.8 MB/s;15.099, 3.4 MB/s;15.2677, 3.4 MB/s;12.9755, 3.9 MB/s"}
==========Thread3========WARNING: Your kernel does not support swap limit capabilities or the cgroup is not mounted. Memory limited without swap.
START RequestId: 748ae980-d0c9-4070-ab22-6e0327039fc0 Version: $LATEST
END RequestId: 748ae980-d0c9-4070-ab22-6e0327039fc0
REPORT RequestId: 748ae980-d0c9-4070-ab22-6e0327039fc0 Duration: 134663 ms Billed Duration: 134700 ms Memory Size: 128 MB Max Memory Used: 14 MB

{"ioload": "13.4436, 3.8 MB/s;14.7259, 3.5 MB/s;12.4013, 4.1 MB/s;13.8871, 3.7 MB/s;11.8652, 4.3 MB/s;12.1829, 4.2 MB/s;13.9242, 3.7 MB/s;14.5847, 3.5 MB/s;13.1062, 3.9 MB/s;14.3533, 3.6 MB/s"}
==========Thread4========WARNING: Your kernel does not support swap limit capabilities or the cgroup is not mounted. Memory limited without swap.
START RequestId: 10bab4c9-0adb-4b34-ba0a-c9944650f057 Version: $LATEST
END RequestId: 10bab4c9-0adb-4b34-ba0a-c9944650f057
REPORT RequestId: 10bab4c9-0adb-4b34-ba0a-c9944650f057 Duration: 135917 ms Billed Duration: 136000 ms Memory Size: 128 MB Max Memory Used: 14 MB

{"ioload": "14.2036, 3.6 MB/s;10.6268, 4.8 MB/s;16.7706, 3.1 MB/s;13.6483, 3.8 MB/s;14.8528, 3.4 MB/s;14.3579, 3.6 MB/s;13.1943, 3.9 MB/s;14.2311, 3.6 MB/s;12.4363, 4.1 MB/s;11.3943, 4.5 MB/s"}
==========Thread5========WARNING: Your kernel does not support swap limit capabilities or the cgroup is not mounted. Memory limited without swap.
START RequestId: ebc13ff1-5bfb-44bf-a930-ac8f13db1b70 Version: $LATEST
END RequestId: ebc13ff1-5bfb-44bf-a930-ac8f13db1b70
REPORT RequestId: ebc13ff1-5bfb-44bf-a930-ac8f13db1b70 Duration: 136007 ms Billed Duration: 136100 ms Memory Size: 128 MB Max Memory Used: 14 MB

{"ioload": "14.6157, 3.5 MB/s;14.6717, 3.5 MB/s;12.517, 4.1 MB/s;12.1808, 4.2 MB/s;14.9705, 3.4 MB/s;13.4789, 3.8 MB/s;11.9509, 4.3 MB/s;13.6687, 3.7 MB/s;14.0155, 3.7 MB/s;13.757, 3.7 MB/s"}
==========Thread6========WARNING: Your kernel does not support swap limit capabilities or the cgroup is not mounted. Memory limited without swap.
START RequestId: c89e7b4f-d432-42fa-b0fe-11b2427c680c Version: $LATEST
END RequestId: c89e7b4f-d432-42fa-b0fe-11b2427c680c
REPORT RequestId: c89e7b4f-d432-42fa-b0fe-11b2427c680c Duration: 134930 ms Billed Duration: 135000 ms Memory Size: 128 MB Max Memory Used: 14 MB

{"ioload": "14.0334, 3.6 MB/s;13.8695, 3.7 MB/s;14.6276, 3.5 MB/s;11.6168, 4.4 MB/s;14.5355, 3.5 MB/s;12.3279, 4.2 MB/s;14.4701, 3.5 MB/s;13.3974, 3.8 MB/s;11.8505, 4.3 MB/s;14.0189, 3.7 MB/s"}
==========Thread7========WARNING: Your kernel does not support swap limit capabilities or the cgroup is not mounted. Memory limited without swap.
START RequestId: 1f0657f5-c94b-4e15-827d-556f4a82dd10 Version: $LATEST
END RequestId: 1f0657f5-c94b-4e15-827d-556f4a82dd10
REPORT RequestId: 1f0657f5-c94b-4e15-827d-556f4a82dd10 Duration: 134585 ms Billed Duration: 134600 ms Memory Size: 128 MB Max Memory Used: 14 MB

{"ioload": "14.5609, 3.5 MB/s;11.5375, 4.4 MB/s;15.435, 3.3 MB/s;13.1229, 3.9 MB/s;15.2731, 3.4 MB/s;13.6243, 3.8 MB/s;12.1612, 4.2 MB/s;11.5189, 4.4 MB/s;13.6358, 3.8 MB/s;13.5425, 3.8 MB/s"}
==========Thread8========WARNING: Your kernel does not support swap limit capabilities or the cgroup is not mounted. Memory limited without swap.
START RequestId: fc6800a7-60ee-4848-9a91-f48b843c6943 Version: $LATEST
END RequestId: fc6800a7-60ee-4848-9a91-f48b843c6943
REPORT RequestId: fc6800a7-60ee-4848-9a91-f48b843c6943 Duration: 138067 ms Billed Duration: 138100 ms Memory Size: 128 MB Max Memory Used: 14 MB

{"ioload": "14.3929, 3.6 MB/s;15.1362, 3.4 MB/s;15.0392, 3.4 MB/s;11.6543, 4.4 MB/s;15.7134, 3.3 MB/s;14.6722, 3.5 MB/s;14.2598, 3.6 MB/s;10.2322, 5.0 MB/s;13.7736, 3.7 MB/s;13.0152, 3.9 MB/s"}
==========Thread9========WARNING: Your kernel does not support swap limit capabilities or the cgroup is not mounted. Memory limited without swap.
START RequestId: 4d1cdaf6-d54c-4c8f-9cb5-d9d71f6cd92f Version: $LATEST
END RequestId: 4d1cdaf6-d54c-4c8f-9cb5-d9d71f6cd92f
REPORT RequestId: 4d1cdaf6-d54c-4c8f-9cb5-d9d71f6cd92f Duration: 138070 ms Billed Duration: 138100 ms Memory Size: 128 MB Max Memory Used: 14 MB

{"ioload": "11.1913, 4.6 MB/s;13.7637, 3.7 MB/s;16.1445, 3.2 MB/s;12.038, 4.3 MB/s;13.9087, 3.7 MB/s;13.348, 3.8 MB/s;14.4739, 3.5 MB/s;14.1391, 3.6 MB/s;14.9736, 3.4 MB/s;13.9172, 3.7 MB/s"}
==========Thread10========WARNING: Your kernel does not support swap limit capabilities or the cgroup is not mounted. Memory limited without swap.
START RequestId: 1e35573b-d33f-46ff-b0bb-f6514ba013af Version: $LATEST
END RequestId: 1e35573b-d33f-46ff-b0bb-f6514ba013af
REPORT RequestId: 1e35573b-d33f-46ff-b0bb-f6514ba013af Duration: 136093 ms Billed Duration: 136100 ms Memory Size: 128 MB Max Memory Used: 14 MB

{"ioload": "12.1964, 4.2 MB/s;15.2434, 3.4 MB/s;13.0719, 3.9 MB/s;13.6427, 3.8 MB/s;15.5227, 3.3 MB/s;14.043, 3.6 MB/s;15.1679, 3.4 MB/s;13.9074, 3.7 MB/s;12.6217, 4.1 MB/s;10.5116, 4.9 MB/s"}
==========Thread11========WARNING: Your kernel does not support swap limit capabilities or the cgroup is not mounted. Memory limited without swap.
START RequestId: a4850928-6e84-4b0a-ae9e-bfc77c10c4d2 Version: $LATEST
END RequestId: a4850928-6e84-4b0a-ae9e-bfc77c10c4d2
REPORT RequestId: a4850928-6e84-4b0a-ae9e-bfc77c10c4d2 Duration: 132567 ms Billed Duration: 132600 ms Memory Size: 128 MB Max Memory Used: 14 MB

{"ioload": "12.5155, 4.1 MB/s;12.3343, 4.2 MB/s;14.2929, 3.6 MB/s;13.7476, 3.7 MB/s;14.8853, 3.4 MB/s;13.1874, 3.9 MB/s;14.017, 3.7 MB/s;13.8049, 3.7 MB/s;12.0163, 4.3 MB/s;11.5982, 4.4 MB/s"}
==========Thread12========WARNING: Your kernel does not support swap limit capabilities or the cgroup is not mounted. Memory limited without swap.
START RequestId: 93b1f063-1e88-449d-b60e-0699600b765c Version: $LATEST
END RequestId: 93b1f063-1e88-449d-b60e-0699600b765c
REPORT RequestId: 93b1f063-1e88-449d-b60e-0699600b765c Duration: 127906 ms Billed Duration: 128000 ms Memory Size: 128 MB Max Memory Used: 14 MB

{"ioload": "12.8349, 4.0 MB/s;12.4536, 4.1 MB/s;14.7086, 3.5 MB/s;12.8013, 4.0 MB/s;14.1516, 3.6 MB/s;11.3591, 4.5 MB/s;14.4184, 3.6 MB/s;14.3183, 3.6 MB/s;9.92262, 5.2 MB/s;10.7688, 4.8 MB/s"}
==========Thread13========WARNING: Your kernel does not support swap limit capabilities or the cgroup is not mounted. Memory limited without swap.
START RequestId: 9e68ecef-e966-4d41-ad63-11679e3a85b3 Version: $LATEST
END RequestId: 9e68ecef-e966-4d41-ad63-11679e3a85b3
REPORT RequestId: 9e68ecef-e966-4d41-ad63-11679e3a85b3 Duration: 136217 ms Billed Duration: 136300 ms Memory Size: 128 MB Max Memory Used: 14 MB

{"ioload": "15.2576, 3.4 MB/s;14.1068, 3.6 MB/s;12.0615, 4.2 MB/s;13.8109, 3.7 MB/s;14.5794, 3.5 MB/s;13.992, 3.7 MB/s;14.015, 3.7 MB/s;13.2356, 3.9 MB/s;12.7702, 4.0 MB/s;12.2156, 4.2 MB/s"}
==========Thread14========WARNING: Your kernel does not support swap limit capabilities or the cgroup is not mounted. Memory limited without swap.
START RequestId: 42ff6c93-642d-4eab-bae1-9ba4c272701f Version: $LATEST
END RequestId: 42ff6c93-642d-4eab-bae1-9ba4c272701f
REPORT RequestId: 42ff6c93-642d-4eab-bae1-9ba4c272701f Duration: 133171 ms Billed Duration: 133200 ms Memory Size: 128 MB Max Memory Used: 14 MB

{"ioload": "13.7809, 3.7 MB/s;13.2803, 3.9 MB/s;14.3709, 3.6 MB/s;13.0983, 3.9 MB/s;10.9925, 4.7 MB/s;11.9293, 4.3 MB/s;13.0846, 3.9 MB/s;14.0627, 3.6 MB/s;13.8482, 3.7 MB/s;14.5489, 3.5 MB/s"}
