==========Thread1========WARNING: Your kernel does not support swap limit capabilities or the cgroup is not mounted. Memory limited without swap.
START RequestId: 55dd8a79-79fd-4da6-aed0-3cc2547a77f8 Version: $LATEST
END RequestId: 55dd8a79-79fd-4da6-aed0-3cc2547a77f8
REPORT RequestId: 55dd8a79-79fd-4da6-aed0-3cc2547a77f8 Duration: 55899 ms Billed Duration: 55900 ms Memory Size: 128 MB Max Memory Used: 14 MB

{"ioload": "5.463, 9.4 MB/s;5.42446, 9.4 MB/s;5.78541, 8.8 MB/s;5.67482, 9.0 MB/s;5.12396, 10.0 MB/s;5.30984, 9.6 MB/s;5.71748, 9.0 MB/s;5.67819, 9.0 MB/s;5.65487, 9.1 MB/s;5.90446, 8.7 MB/s"}
==========Thread2========WARNING: Your kernel does not support swap limit capabilities or the cgroup is not mounted. Memory limited without swap.
START RequestId: 92f790f7-cbf4-4945-bac6-bb330e20925d Version: $LATEST
END RequestId: 92f790f7-cbf4-4945-bac6-bb330e20925d
REPORT RequestId: 92f790f7-cbf4-4945-bac6-bb330e20925d Duration: 56014 ms Billed Duration: 56100 ms Memory Size: 128 MB Max Memory Used: 14 MB

{"ioload": "5.57319, 9.2 MB/s;5.20766, 9.8 MB/s;5.7854, 8.8 MB/s;5.68636, 9.0 MB/s;5.3046, 9.7 MB/s;5.26105, 9.7 MB/s;5.64889, 9.1 MB/s;5.59333, 9.2 MB/s;5.66801, 9.0 MB/s;6.13088, 8.4 MB/s"}
==========Thread3========WARNING: Your kernel does not support swap limit capabilities or the cgroup is not mounted. Memory limited without swap.
START RequestId: 7af9ba7a-eb01-4fb2-a32a-dc1ff878209a Version: $LATEST
END RequestId: 7af9ba7a-eb01-4fb2-a32a-dc1ff878209a
REPORT RequestId: 7af9ba7a-eb01-4fb2-a32a-dc1ff878209a Duration: 55326 ms Billed Duration: 55400 ms Memory Size: 128 MB Max Memory Used: 14 MB

{"ioload": "5.25277, 9.7 MB/s;5.29157, 9.7 MB/s;5.2737, 9.7 MB/s;5.92285, 8.6 MB/s;5.38937, 9.5 MB/s;5.36934, 9.5 MB/s;5.53648, 9.2 MB/s;5.58996, 9.2 MB/s;5.61529, 9.1 MB/s;5.92093, 8.6 MB/s"}
==========Thread4========WARNING: Your kernel does not support swap limit capabilities or the cgroup is not mounted. Memory limited without swap.
START RequestId: 0841819f-2b5c-4ab4-81d7-ab9556b708ea Version: $LATEST
END RequestId: 0841819f-2b5c-4ab4-81d7-ab9556b708ea
REPORT RequestId: 0841819f-2b5c-4ab4-81d7-ab9556b708ea Duration: 55076 ms Billed Duration: 55100 ms Memory Size: 128 MB Max Memory Used: 14 MB

{"ioload": "5.35893, 9.6 MB/s;5.4428, 9.4 MB/s;5.18322, 9.9 MB/s;5.65724, 9.1 MB/s;5.21822, 9.8 MB/s;5.37059, 9.5 MB/s;5.64962, 9.1 MB/s;5.75372, 8.9 MB/s;5.49132, 9.3 MB/s;5.79248, 8.8 MB/s"}
