==========Thread1========WARNING: Your kernel does not support swap limit capabilities or the cgroup is not mounted. Memory limited without swap.
START RequestId: be5456bd-e7e3-4662-b692-6f31da50a02e Version: $LATEST
END RequestId: be5456bd-e7e3-4662-b692-6f31da50a02e
REPORT RequestId: be5456bd-e7e3-4662-b692-6f31da50a02e Duration: 146067 ms Billed Duration: 146100 ms Memory Size: 128 MB Max Memory Used: 14 MB

{"ioload": "13.0773, 3.9 MB/s;14.2058, 3.6 MB/s;12.1845, 4.2 MB/s;15.5453, 3.3 MB/s;16.5057, 3.1 MB/s;16.7056, 3.1 MB/s;13.5904, 3.8 MB/s;17.149, 3.0 MB/s;13.623, 3.8 MB/s;13.278, 3.9 MB/s"}
==========Thread2========WARNING: Your kernel does not support swap limit capabilities or the cgroup is not mounted. Memory limited without swap.
START RequestId: 1033d9d8-0b28-4ef9-a1e8-0d44d498c7c3 Version: $LATEST
END RequestId: 1033d9d8-0b28-4ef9-a1e8-0d44d498c7c3
REPORT RequestId: 1033d9d8-0b28-4ef9-a1e8-0d44d498c7c3 Duration: 144709 ms Billed Duration: 144800 ms Memory Size: 128 MB Max Memory Used: 14 MB

{"ioload": "12.6351, 4.1 MB/s;14.1353, 3.6 MB/s;15.7108, 3.3 MB/s;15.5215, 3.3 MB/s;17.8629, 2.9 MB/s;12.8135, 4.0 MB/s;11.5049, 4.5 MB/s;16.4747, 3.1 MB/s;14.6123, 3.5 MB/s;13.2701, 3.9 MB/s"}
==========Thread3========WARNING: Your kernel does not support swap limit capabilities or the cgroup is not mounted. Memory limited without swap.
START RequestId: e04eba35-f673-4e19-a48e-d6f941eb87f0 Version: $LATEST
END RequestId: e04eba35-f673-4e19-a48e-d6f941eb87f0
REPORT RequestId: e04eba35-f673-4e19-a48e-d6f941eb87f0 Duration: 148582 ms Billed Duration: 148600 ms Memory Size: 128 MB Max Memory Used: 14 MB

{"ioload": "14.7553, 3.5 MB/s;12.575, 4.1 MB/s;15.0852, 3.4 MB/s;16.1057, 3.2 MB/s;16.5738, 3.1 MB/s;16.8459, 3.0 MB/s;11.8417, 4.3 MB/s;15.7754, 3.2 MB/s;15.1412, 3.4 MB/s;13.7146, 3.7 MB/s"}
==========Thread4========WARNING: Your kernel does not support swap limit capabilities or the cgroup is not mounted. Memory limited without swap.
START RequestId: 78b94659-d75b-4693-8e72-f82a84c36377 Version: $LATEST
END RequestId: 78b94659-d75b-4693-8e72-f82a84c36377
REPORT RequestId: 78b94659-d75b-4693-8e72-f82a84c36377 Duration: 146797 ms Billed Duration: 146800 ms Memory Size: 128 MB Max Memory Used: 14 MB

{"ioload": "14.5357, 3.5 MB/s;11.0407, 4.6 MB/s;15.3693, 3.3 MB/s;17.9961, 2.8 MB/s;13.0845, 3.9 MB/s;16.6974, 3.1 MB/s;13.3324, 3.8 MB/s;17.2535, 3.0 MB/s;14.2457, 3.6 MB/s;13.0636, 3.9 MB/s"}
==========Thread5========WARNING: Your kernel does not support swap limit capabilities or the cgroup is not mounted. Memory limited without swap.
START RequestId: bd74d441-49d4-44ed-98b2-82dd73acbd97 Version: $LATEST
END RequestId: bd74d441-49d4-44ed-98b2-82dd73acbd97
REPORT RequestId: bd74d441-49d4-44ed-98b2-82dd73acbd97 Duration: 142973 ms Billed Duration: 143000 ms Memory Size: 128 MB Max Memory Used: 14 MB

{"ioload": "14.3327, 3.6 MB/s;14.1197, 3.6 MB/s;11.8425, 4.3 MB/s;14.0174, 3.7 MB/s;14.292, 3.6 MB/s;17.6749, 2.9 MB/s;13.9515, 3.7 MB/s;14.4572, 3.5 MB/s;15.6512, 3.3 MB/s;12.4733, 4.1 MB/s"}
==========Thread6========WARNING: Your kernel does not support swap limit capabilities or the cgroup is not mounted. Memory limited without swap.
START RequestId: f12d0dd1-3a5f-49fb-8902-338b93f06b4a Version: $LATEST
END RequestId: f12d0dd1-3a5f-49fb-8902-338b93f06b4a
REPORT RequestId: f12d0dd1-3a5f-49fb-8902-338b93f06b4a Duration: 143832 ms Billed Duration: 143900 ms Memory Size: 128 MB Max Memory Used: 14 MB

{"ioload": "13.5992, 3.8 MB/s;12.1563, 4.2 MB/s;15.0108, 3.4 MB/s;14.65, 3.5 MB/s;16.2927, 3.1 MB/s;16.7548, 3.1 MB/s;12.3995, 4.1 MB/s;15.2444, 3.4 MB/s;14.2145, 3.6 MB/s;13.341, 3.8 MB/s"}
==========Thread7========WARNING: Your kernel does not support swap limit capabilities or the cgroup is not mounted. Memory limited without swap.
START RequestId: c501a9dc-728b-4a07-8de3-53197143fddd Version: $LATEST
END RequestId: c501a9dc-728b-4a07-8de3-53197143fddd
REPORT RequestId: c501a9dc-728b-4a07-8de3-53197143fddd Duration: 146066 ms Billed Duration: 146100 ms Memory Size: 128 MB Max Memory Used: 14 MB

{"ioload": "14.4781, 3.5 MB/s;13.3148, 3.8 MB/s;13.3432, 3.8 MB/s;14.1903, 3.6 MB/s;15.787, 3.2 MB/s;15.8508, 3.2 MB/s;12.8096, 4.0 MB/s;15.5272, 3.3 MB/s;16.3302, 3.1 MB/s;14.2713, 3.6 MB/s"}
==========Thread8========WARNING: Your kernel does not support swap limit capabilities or the cgroup is not mounted. Memory limited without swap.
START RequestId: 3cfdf6f3-6099-4eda-841f-14fd7151da33 Version: $LATEST
END RequestId: 3cfdf6f3-6099-4eda-841f-14fd7151da33
REPORT RequestId: 3cfdf6f3-6099-4eda-841f-14fd7151da33 Duration: 146642 ms Billed Duration: 146700 ms Memory Size: 128 MB Max Memory Used: 14 MB

{"ioload": "14.3397, 3.6 MB/s;13.8021, 3.7 MB/s;10.9129, 4.7 MB/s;15.9627, 3.2 MB/s;17.6165, 2.9 MB/s;14.8798, 3.4 MB/s;12.583, 4.1 MB/s;16.3252, 3.1 MB/s;16.7402, 3.1 MB/s;13.3112, 3.8 MB/s"}
==========Thread9========WARNING: Your kernel does not support swap limit capabilities or the cgroup is not mounted. Memory limited without swap.
START RequestId: c956a20d-1edf-4cef-84f4-b27d09c1c14f Version: $LATEST
END RequestId: c956a20d-1edf-4cef-84f4-b27d09c1c14f
REPORT RequestId: c956a20d-1edf-4cef-84f4-b27d09c1c14f Duration: 145741 ms Billed Duration: 145800 ms Memory Size: 128 MB Max Memory Used: 14 MB

{"ioload": "12.5984, 4.1 MB/s;12.5289, 4.1 MB/s;16.1145, 3.2 MB/s;17.4334, 2.9 MB/s;15.6126, 3.3 MB/s;15.2963, 3.3 MB/s;14.0312, 3.6 MB/s;14.3246, 3.6 MB/s;14.4555, 3.5 MB/s;13.1775, 3.9 MB/s"}
==========Thread10========WARNING: Your kernel does not support swap limit capabilities or the cgroup is not mounted. Memory limited without swap.
START RequestId: 19af1668-15f5-4007-a5a1-87a74773f773 Version: $LATEST
END RequestId: 19af1668-15f5-4007-a5a1-87a74773f773
REPORT RequestId: 19af1668-15f5-4007-a5a1-87a74773f773 Duration: 149329 ms Billed Duration: 149400 ms Memory Size: 128 MB Max Memory Used: 14 MB

{"ioload": "12.4041, 4.1 MB/s;12.8647, 4.0 MB/s;15.3756, 3.3 MB/s;16.3945, 3.1 MB/s;16.8111, 3.0 MB/s;16.5579, 3.1 MB/s;14.0797, 3.6 MB/s;15.421, 3.3 MB/s;16.7826, 3.1 MB/s;12.4731, 4.1 MB/s"}
==========Thread11========WARNING: Your kernel does not support swap limit capabilities or the cgroup is not mounted. Memory limited without swap.
START RequestId: 4eba475c-d7d4-49e4-964b-10c78ef9e1de Version: $LATEST
END RequestId: 4eba475c-d7d4-49e4-964b-10c78ef9e1de
REPORT RequestId: 4eba475c-d7d4-49e4-964b-10c78ef9e1de Duration: 145780 ms Billed Duration: 145800 ms Memory Size: 128 MB Max Memory Used: 14 MB

{"ioload": "12.6212, 4.1 MB/s;13.4977, 3.8 MB/s;14.7736, 3.5 MB/s;16.2656, 3.1 MB/s;16.3453, 3.1 MB/s;16.3127, 3.1 MB/s;10.6616, 4.8 MB/s;15.1912, 3.4 MB/s;16.5864, 3.1 MB/s;13.3494, 3.8 MB/s"}
==========Thread12========WARNING: Your kernel does not support swap limit capabilities or the cgroup is not mounted. Memory limited without swap.
START RequestId: 11aaa6a2-6d01-4c61-9a14-7b4cc1dd3a80 Version: $LATEST
END RequestId: 11aaa6a2-6d01-4c61-9a14-7b4cc1dd3a80
REPORT RequestId: 11aaa6a2-6d01-4c61-9a14-7b4cc1dd3a80 Duration: 152679 ms Billed Duration: 152700 ms Memory Size: 128 MB Max Memory Used: 14 MB

{"ioload": "12.8819, 4.0 MB/s;12.8667, 4.0 MB/s;15.409, 3.3 MB/s;16.6871, 3.1 MB/s;17.4566, 2.9 MB/s;15.6155, 3.3 MB/s;14.7397, 3.5 MB/s;17.2047, 3.0 MB/s;16.084, 3.2 MB/s;13.5661, 3.8 MB/s"}
==========Thread13========WARNING: Your kernel does not support swap limit capabilities or the cgroup is not mounted. Memory limited without swap.
START RequestId: 60b3d74d-6fbc-426e-be8c-b3910fb4dc29 Version: $LATEST
END RequestId: 60b3d74d-6fbc-426e-be8c-b3910fb4dc29
REPORT RequestId: 60b3d74d-6fbc-426e-be8c-b3910fb4dc29 Duration: 149305 ms Billed Duration: 149400 ms Memory Size: 128 MB Max Memory Used: 14 MB

{"ioload": "14.3511, 3.6 MB/s;14.6389, 3.5 MB/s;16.3538, 3.1 MB/s;14.7143, 3.5 MB/s;16.1603, 3.2 MB/s;16.9336, 3.0 MB/s;14.97, 3.4 MB/s;15.8693, 3.2 MB/s;14.3867, 3.6 MB/s;10.7585, 4.8 MB/s"}
==========Thread14========WARNING: Your kernel does not support swap limit capabilities or the cgroup is not mounted. Memory limited without swap.
START RequestId: b515130c-d4ac-427d-b126-4affc2773b79 Version: $LATEST
END RequestId: b515130c-d4ac-427d-b126-4affc2773b79
REPORT RequestId: b515130c-d4ac-427d-b126-4affc2773b79 Duration: 145327 ms Billed Duration: 145400 ms Memory Size: 128 MB Max Memory Used: 14 MB

{"ioload": "14.0984, 3.6 MB/s;13.9091, 3.7 MB/s;11.6854, 4.4 MB/s;16.1849, 3.2 MB/s;17.946, 2.9 MB/s;15.9541, 3.2 MB/s;10.0894, 5.1 MB/s;15.2976, 3.3 MB/s;15.6795, 3.3 MB/s;14.3255, 3.6 MB/s"}
==========Thread15========WARNING: Your kernel does not support swap limit capabilities or the cgroup is not mounted. Memory limited without swap.
START RequestId: 49a6a542-578a-463c-8a30-21b4c0076eb4 Version: $LATEST
END RequestId: 49a6a542-578a-463c-8a30-21b4c0076eb4
REPORT RequestId: 49a6a542-578a-463c-8a30-21b4c0076eb4 Duration: 148113 ms Billed Duration: 148200 ms Memory Size: 128 MB Max Memory Used: 14 MB

{"ioload": "13.4009, 3.8 MB/s;13.3508, 3.8 MB/s;15.0018, 3.4 MB/s;15.4614, 3.3 MB/s;14.3042, 3.6 MB/s;15.0133, 3.4 MB/s;15.0578, 3.4 MB/s;14.8959, 3.4 MB/s;17.4568, 2.9 MB/s;13.9938, 3.7 MB/s"}
