==========Thread1========WARNING: Your kernel does not support swap limit capabilities or the cgroup is not mounted. Memory limited without swap.
START RequestId: c98b74bf-fa00-42e5-9c7f-fb5665b634f3 Version: $LATEST
END RequestId: c98b74bf-fa00-42e5-9c7f-fb5665b634f3
REPORT RequestId: c98b74bf-fa00-42e5-9c7f-fb5665b634f3 Duration: 185843 ms Billed Duration: 185900 ms Memory Size: 128 MB Max Memory Used: 14 MB

{"ioload": "19.0218, 2.7 MB/s;20.8458, 2.5 MB/s;21.1755, 2.4 MB/s;18.4208, 2.8 MB/s;17.2282, 3.0 MB/s;20.8354, 2.5 MB/s;15.2084, 3.4 MB/s;18.2109, 2.8 MB/s;19.4386, 2.6 MB/s;15.2926, 3.3 MB/s"}
==========Thread2========WARNING: Your kernel does not support swap limit capabilities or the cgroup is not mounted. Memory limited without swap.
START RequestId: fe699431-d267-4cf2-ba53-bac9b460c66d Version: $LATEST
END RequestId: fe699431-d267-4cf2-ba53-bac9b460c66d
REPORT RequestId: fe699431-d267-4cf2-ba53-bac9b460c66d Duration: 187801 ms Billed Duration: 187900 ms Memory Size: 128 MB Max Memory Used: 14 MB

{"ioload": "22.4342, 2.3 MB/s;21.7695, 2.4 MB/s;19.5884, 2.6 MB/s;17.5565, 2.9 MB/s;18.9125, 2.7 MB/s;19.0417, 2.7 MB/s;16.7874, 3.0 MB/s;14.9323, 3.4 MB/s;20.4722, 2.5 MB/s;16.1383, 3.2 MB/s"}
==========Thread3========WARNING: Your kernel does not support swap limit capabilities or the cgroup is not mounted. Memory limited without swap.
START RequestId: 56a1d4ce-b5b3-4043-aee4-37971097c38b Version: $LATEST
END RequestId: 56a1d4ce-b5b3-4043-aee4-37971097c38b
REPORT RequestId: 56a1d4ce-b5b3-4043-aee4-37971097c38b Duration: 183547 ms Billed Duration: 183600 ms Memory Size: 128 MB Max Memory Used: 14 MB

{"ioload": "20.8284, 2.5 MB/s;19.4485, 2.6 MB/s;17.352, 3.0 MB/s;18.9384, 2.7 MB/s;18.8309, 2.7 MB/s;19.5117, 2.6 MB/s;19.4518, 2.6 MB/s;12.4553, 4.1 MB/s;18.1703, 2.8 MB/s;18.3905, 2.8 MB/s"}
==========Thread4========WARNING: Your kernel does not support swap limit capabilities or the cgroup is not mounted. Memory limited without swap.
START RequestId: 58d606c2-ce77-4f4a-b246-a377a7a99ccd Version: $LATEST
END RequestId: 58d606c2-ce77-4f4a-b246-a377a7a99ccd
REPORT RequestId: 58d606c2-ce77-4f4a-b246-a377a7a99ccd Duration: 183601 ms Billed Duration: 183700 ms Memory Size: 128 MB Max Memory Used: 14 MB

{"ioload": "22.8419, 2.2 MB/s;20.6743, 2.5 MB/s;17.3371, 3.0 MB/s;16.7372, 3.1 MB/s;15.1594, 3.4 MB/s;20.5071, 2.5 MB/s;15.4203, 3.3 MB/s;18.8419, 2.7 MB/s;20.0848, 2.5 MB/s;15.8368, 3.2 MB/s"}
==========Thread5========WARNING: Your kernel does not support swap limit capabilities or the cgroup is not mounted. Memory limited without swap.
START RequestId: 58af3cfd-5794-42ff-84bd-4f98f009a0b6 Version: $LATEST
END RequestId: 58af3cfd-5794-42ff-84bd-4f98f009a0b6
REPORT RequestId: 58af3cfd-5794-42ff-84bd-4f98f009a0b6 Duration: 183593 ms Billed Duration: 183600 ms Memory Size: 128 MB Max Memory Used: 14 MB

{"ioload": "21.0952, 2.4 MB/s;21.7557, 2.4 MB/s;19.2146, 2.7 MB/s;12.6817, 4.0 MB/s;18.4071, 2.8 MB/s;19.5808, 2.6 MB/s;17.7444, 2.9 MB/s;17.4827, 2.9 MB/s;19.6639, 2.6 MB/s;15.8, 3.2 MB/s"}
==========Thread6========WARNING: Your kernel does not support swap limit capabilities or the cgroup is not mounted. Memory limited without swap.
START RequestId: c9e21983-10ce-4701-aa5a-c39fc6fefc4f Version: $LATEST
END RequestId: c9e21983-10ce-4701-aa5a-c39fc6fefc4f
REPORT RequestId: c9e21983-10ce-4701-aa5a-c39fc6fefc4f Duration: 169421 ms Billed Duration: 169500 ms Memory Size: 128 MB Max Memory Used: 14 MB

{"ioload": "16.773, 3.1 MB/s;19.8925, 2.6 MB/s;15.1844, 3.4 MB/s;18.4807, 2.8 MB/s;13.258, 3.9 MB/s;15.8414, 3.2 MB/s;15.4095, 3.3 MB/s;17.9683, 2.8 MB/s;16.9588, 3.0 MB/s;19.4714, 2.6 MB/s"}
==========Thread7========WARNING: Your kernel does not support swap limit capabilities or the cgroup is not mounted. Memory limited without swap.
START RequestId: 9d9b1811-8cfb-4a1d-af5d-b0ed03c1a1d8 Version: $LATEST
END RequestId: 9d9b1811-8cfb-4a1d-af5d-b0ed03c1a1d8
REPORT RequestId: 9d9b1811-8cfb-4a1d-af5d-b0ed03c1a1d8 Duration: 189226 ms Billed Duration: 189300 ms Memory Size: 128 MB Max Memory Used: 14 MB

{"ioload": "20.9787, 2.4 MB/s;19.4487, 2.6 MB/s;18.4845, 2.8 MB/s;17.9244, 2.9 MB/s;18.3737, 2.8 MB/s;20.282, 2.5 MB/s;18.776, 2.7 MB/s;18.6121, 2.8 MB/s;19.8989, 2.6 MB/s;16.2423, 3.2 MB/s"}
==========Thread8========WARNING: Your kernel does not support swap limit capabilities or the cgroup is not mounted. Memory limited without swap.
START RequestId: 8342d8c2-01f9-48c5-a33d-e72220072403 Version: $LATEST
END RequestId: 8342d8c2-01f9-48c5-a33d-e72220072403
REPORT RequestId: 8342d8c2-01f9-48c5-a33d-e72220072403 Duration: 175423 ms Billed Duration: 175500 ms Memory Size: 128 MB Max Memory Used: 14 MB

{"ioload": "14.0219, 3.7 MB/s;15.3371, 3.3 MB/s;19.944, 2.6 MB/s;15.8327, 3.2 MB/s;17.8219, 2.9 MB/s;17.3089, 3.0 MB/s;21.0575, 2.4 MB/s;17.9069, 2.9 MB/s;17.6342, 2.9 MB/s;18.3969, 2.8 MB/s"}
==========Thread9========WARNING: Your kernel does not support swap limit capabilities or the cgroup is not mounted. Memory limited without swap.
START RequestId: 22f20e4b-0a11-483a-8283-60d4441a4ec0 Version: $LATEST
END RequestId: 22f20e4b-0a11-483a-8283-60d4441a4ec0
REPORT RequestId: 22f20e4b-0a11-483a-8283-60d4441a4ec0 Duration: 188636 ms Billed Duration: 188700 ms Memory Size: 128 MB Max Memory Used: 14 MB

{"ioload": "21.064, 2.4 MB/s;20.1683, 2.5 MB/s;18.8453, 2.7 MB/s;19.5519, 2.6 MB/s;16.7649, 3.1 MB/s;17.8105, 2.9 MB/s;19.4716, 2.6 MB/s;18.6118, 2.8 MB/s;20.1568, 2.5 MB/s;16.0291, 3.2 MB/s"}
==========Thread10========WARNING: Your kernel does not support swap limit capabilities or the cgroup is not mounted. Memory limited without swap.
START RequestId: 1a3d43a5-3c9a-4208-9869-352883f6d6e4 Version: $LATEST
END RequestId: 1a3d43a5-3c9a-4208-9869-352883f6d6e4
REPORT RequestId: 1a3d43a5-3c9a-4208-9869-352883f6d6e4 Duration: 183955 ms Billed Duration: 184000 ms Memory Size: 128 MB Max Memory Used: 14 MB

{"ioload": "22.2932, 2.3 MB/s;20.7492, 2.5 MB/s;19.4727, 2.6 MB/s;17.9786, 2.8 MB/s;18.3192, 2.8 MB/s;16.6999, 3.1 MB/s;17.4657, 2.9 MB/s;15.0396, 3.4 MB/s;17.7907, 2.9 MB/s;17.9848, 2.8 MB/s"}
==========Thread11========WARNING: Your kernel does not support swap limit capabilities or the cgroup is not mounted. Memory limited without swap.
START RequestId: 5fce3f82-7dd0-4093-a31c-ae08309d6df7 Version: $LATEST
END RequestId: 5fce3f82-7dd0-4093-a31c-ae08309d6df7
REPORT RequestId: 5fce3f82-7dd0-4093-a31c-ae08309d6df7 Duration: 181179 ms Billed Duration: 181200 ms Memory Size: 128 MB Max Memory Used: 14 MB

{"ioload": "16.6697, 3.1 MB/s;21.1109, 2.4 MB/s;20.6152, 2.5 MB/s;17.5528, 2.9 MB/s;16.2435, 3.2 MB/s;18.9116, 2.7 MB/s;18.6591, 2.7 MB/s;16.4694, 3.1 MB/s;15.0223, 3.4 MB/s;19.7586, 2.6 MB/s"}
==========Thread12========WARNING: Your kernel does not support swap limit capabilities or the cgroup is not mounted. Memory limited without swap.
START RequestId: 897499e8-ad44-4e7f-a8c3-bb6ca1943ea4 Version: $LATEST
END RequestId: 897499e8-ad44-4e7f-a8c3-bb6ca1943ea4
REPORT RequestId: 897499e8-ad44-4e7f-a8c3-bb6ca1943ea4 Duration: 188929 ms Billed Duration: 189000 ms Memory Size: 128 MB Max Memory Used: 14 MB

{"ioload": "19.2406, 2.7 MB/s;20.6406, 2.5 MB/s;19.4895, 2.6 MB/s;16.492, 3.1 MB/s;17.0174, 3.0 MB/s;20.0934, 2.5 MB/s;20.4758, 2.5 MB/s;18.9115, 2.7 MB/s;19.8087, 2.6 MB/s;16.599, 3.1 MB/s"}
==========Thread13========WARNING: Your kernel does not support swap limit capabilities or the cgroup is not mounted. Memory limited without swap.
START RequestId: 2d00e3f0-a502-444e-bce9-9870a88cf801 Version: $LATEST
END RequestId: 2d00e3f0-a502-444e-bce9-9870a88cf801
REPORT RequestId: 2d00e3f0-a502-444e-bce9-9870a88cf801 Duration: 184520 ms Billed Duration: 184600 ms Memory Size: 128 MB Max Memory Used: 14 MB

{"ioload": "18.9691, 2.7 MB/s;18.9766, 2.7 MB/s;15.9635, 3.2 MB/s;19.65, 2.6 MB/s;17.7642, 2.9 MB/s;18.0383, 2.8 MB/s;18.7216, 2.7 MB/s;19.1115, 2.7 MB/s;20.0222, 2.6 MB/s;17.1183, 3.0 MB/s"}
==========Thread14========WARNING: Your kernel does not support swap limit capabilities or the cgroup is not mounted. Memory limited without swap.
START RequestId: 7541426e-3a0f-45ea-9194-95c5d9031ba0 Version: $LATEST
END RequestId: 7541426e-3a0f-45ea-9194-95c5d9031ba0
REPORT RequestId: 7541426e-3a0f-45ea-9194-95c5d9031ba0 Duration: 176287 ms Billed Duration: 176300 ms Memory Size: 128 MB Max Memory Used: 14 MB

{"ioload": "13.206, 3.9 MB/s;20.9542, 2.4 MB/s;15.7485, 3.3 MB/s;18.7285, 2.7 MB/s;17.023, 3.0 MB/s;17.0312, 3.0 MB/s;17.8092, 2.9 MB/s;19.2395, 2.7 MB/s;18.841, 2.7 MB/s;17.5384, 2.9 MB/s"}
==========Thread15========WARNING: Your kernel does not support swap limit capabilities or the cgroup is not mounted. Memory limited without swap.
START RequestId: 0bf1df0d-142e-492d-b040-ecf60ff4e9fa Version: $LATEST
END RequestId: 0bf1df0d-142e-492d-b040-ecf60ff4e9fa
REPORT RequestId: 0bf1df0d-142e-492d-b040-ecf60ff4e9fa Duration: 184424 ms Billed Duration: 184500 ms Memory Size: 128 MB Max Memory Used: 14 MB

{"ioload": "14.5705, 3.5 MB/s;20.5796, 2.5 MB/s;20.8763, 2.5 MB/s;16.9984, 3.0 MB/s;16.5069, 3.1 MB/s;21.5214, 2.4 MB/s;18.0148, 2.8 MB/s;17.4133, 2.9 MB/s;17.1037, 3.0 MB/s;20.6733, 2.5 MB/s"}
==========Thread16========WARNING: Your kernel does not support swap limit capabilities or the cgroup is not mounted. Memory limited without swap.
START RequestId: 569895a7-5a2c-4631-b59e-bc192bad1822 Version: $LATEST
END RequestId: 569895a7-5a2c-4631-b59e-bc192bad1822
REPORT RequestId: 569895a7-5a2c-4631-b59e-bc192bad1822 Duration: 182875 ms Billed Duration: 182900 ms Memory Size: 128 MB Max Memory Used: 14 MB

{"ioload": "19.2417, 2.7 MB/s;21.0883, 2.4 MB/s;18.7777, 2.7 MB/s;18.0085, 2.8 MB/s;19.049, 2.7 MB/s;19.1745, 2.7 MB/s;19.0105, 2.7 MB/s;12.7247, 4.0 MB/s;18.5687, 2.8 MB/s;17.071, 3.0 MB/s"}
==========Thread17========WARNING: Your kernel does not support swap limit capabilities or the cgroup is not mounted. Memory limited without swap.
START RequestId: 05ccdfd1-37f6-44b8-89f2-7005b6fa2525 Version: $LATEST
END RequestId: 05ccdfd1-37f6-44b8-89f2-7005b6fa2525
REPORT RequestId: 05ccdfd1-37f6-44b8-89f2-7005b6fa2525 Duration: 187770 ms Billed Duration: 187800 ms Memory Size: 128 MB Max Memory Used: 14 MB

{"ioload": "20.996, 2.4 MB/s;20.8893, 2.5 MB/s;19.0913, 2.7 MB/s;18.0345, 2.8 MB/s;19.5808, 2.6 MB/s;19.714, 2.6 MB/s;18.829, 2.7 MB/s;16.9749, 3.0 MB/s;19.0631, 2.7 MB/s;14.4205, 3.6 MB/s"}
==========Thread18========WARNING: Your kernel does not support swap limit capabilities or the cgroup is not mounted. Memory limited without swap.
START RequestId: cfb0b3ab-4254-4bd1-827d-846ffede73b5 Version: $LATEST
END RequestId: cfb0b3ab-4254-4bd1-827d-846ffede73b5
REPORT RequestId: cfb0b3ab-4254-4bd1-827d-846ffede73b5 Duration: 186264 ms Billed Duration: 186300 ms Memory Size: 128 MB Max Memory Used: 14 MB

{"ioload": "22.3896, 2.3 MB/s;20.7516, 2.5 MB/s;16.1208, 3.2 MB/s;18.8049, 2.7 MB/s;19.4501, 2.6 MB/s;21.1315, 2.4 MB/s;17.3624, 2.9 MB/s;16.2472, 3.2 MB/s;20.3488, 2.5 MB/s;13.4546, 3.8 MB/s"}
==========Thread19========WARNING: Your kernel does not support swap limit capabilities or the cgroup is not mounted. Memory limited without swap.
START RequestId: eab43898-0720-4ca3-9bd3-9aab67edf4a0 Version: $LATEST
END RequestId: eab43898-0720-4ca3-9bd3-9aab67edf4a0
REPORT RequestId: eab43898-0720-4ca3-9bd3-9aab67edf4a0 Duration: 184136 ms Billed Duration: 184200 ms Memory Size: 128 MB Max Memory Used: 14 MB

{"ioload": "22.9691, 2.2 MB/s;20.704, 2.5 MB/s;19.6564, 2.6 MB/s;13.5413, 3.8 MB/s;17.9029, 2.9 MB/s;19.5107, 2.6 MB/s;18.5041, 2.8 MB/s;15.3784, 3.3 MB/s;19.6489, 2.6 MB/s;16.1189, 3.2 MB/s"}
==========Thread20========WARNING: Your kernel does not support swap limit capabilities or the cgroup is not mounted. Memory limited without swap.
START RequestId: ee718c36-e07a-4ae8-8e60-9fa521b73b97 Version: $LATEST
END RequestId: ee718c36-e07a-4ae8-8e60-9fa521b73b97
REPORT RequestId: ee718c36-e07a-4ae8-8e60-9fa521b73b97 Duration: 176862 ms Billed Duration: 176900 ms Memory Size: 128 MB Max Memory Used: 14 MB

{"ioload": "16.472, 3.1 MB/s;20.117, 2.5 MB/s;18.5824, 2.8 MB/s;16.5227, 3.1 MB/s;14.5046, 3.5 MB/s;20.0773, 2.6 MB/s;19.4752, 2.6 MB/s;16.102, 3.2 MB/s;17.3949, 2.9 MB/s;17.4523, 2.9 MB/s"}
