==========Thread1========WARNING: Your kernel does not support swap limit capabilities or the cgroup is not mounted. Memory limited without swap.
START RequestId: 4ba7bb40-f5de-4afd-9856-8de50333623a Version: $LATEST
END RequestId: 4ba7bb40-f5de-4afd-9856-8de50333623a
REPORT RequestId: 4ba7bb40-f5de-4afd-9856-8de50333623a Duration: 78905 ms Billed Duration: 79000 ms Memory Size: 128 MB Max Memory Used: 14 MB

{"ioload": "7.70225, 6.6 MB/s;7.65128, 6.7 MB/s;6.80844, 7.5 MB/s;8.85166, 5.8 MB/s;8.34644, 6.1 MB/s;8.29579, 6.2 MB/s;8.22901, 6.2 MB/s;7.36737, 6.9 MB/s;8.38998, 6.1 MB/s;7.09062, 7.2 MB/s"}
==========Thread2========WARNING: Your kernel does not support swap limit capabilities or the cgroup is not mounted. Memory limited without swap.
START RequestId: 101a3d92-bf6d-43e5-96c5-4c8fab736df7 Version: $LATEST
END RequestId: 101a3d92-bf6d-43e5-96c5-4c8fab736df7
REPORT RequestId: 101a3d92-bf6d-43e5-96c5-4c8fab736df7 Duration: 78013 ms Billed Duration: 78100 ms Memory Size: 128 MB Max Memory Used: 14 MB

{"ioload": "6.96258, 7.4 MB/s;7.64429, 6.7 MB/s;7.00449, 7.3 MB/s;7.45943, 6.9 MB/s;8.61615, 5.9 MB/s;7.93929, 6.4 MB/s;8.01064, 6.4 MB/s;8.18845, 6.3 MB/s;7.96298, 6.4 MB/s;8.05541, 6.4 MB/s"}
==========Thread3========WARNING: Your kernel does not support swap limit capabilities or the cgroup is not mounted. Memory limited without swap.
START RequestId: f175277e-fbae-4c45-ad68-285d0d56f65e Version: $LATEST
END RequestId: f175277e-fbae-4c45-ad68-285d0d56f65e
REPORT RequestId: f175277e-fbae-4c45-ad68-285d0d56f65e Duration: 77847 ms Billed Duration: 77900 ms Memory Size: 128 MB Max Memory Used: 14 MB

{"ioload": "7.24917, 7.1 MB/s;6.38018, 8.0 MB/s;8.13435, 6.3 MB/s;7.98187, 6.4 MB/s;7.42524, 6.9 MB/s;8.47542, 6.0 MB/s;8.04635, 6.4 MB/s;7.87745, 6.5 MB/s;8.11878, 6.3 MB/s;7.98936, 6.4 MB/s"}
==========Thread4========WARNING: Your kernel does not support swap limit capabilities or the cgroup is not mounted. Memory limited without swap.
START RequestId: a2bf4bc0-6576-4cf4-98ba-355ff7979392 Version: $LATEST
END RequestId: a2bf4bc0-6576-4cf4-98ba-355ff7979392
REPORT RequestId: a2bf4bc0-6576-4cf4-98ba-355ff7979392 Duration: 78187 ms Billed Duration: 78200 ms Memory Size: 128 MB Max Memory Used: 14 MB

{"ioload": "6.50787, 7.9 MB/s;8.17643, 6.3 MB/s;7.9234, 6.5 MB/s;8.47887, 6.0 MB/s;7.52203, 6.8 MB/s;8.37244, 6.1 MB/s;7.27815, 7.0 MB/s;7.70512, 6.6 MB/s;8.17292, 6.3 MB/s;7.87924, 6.5 MB/s"}
==========Thread5========WARNING: Your kernel does not support swap limit capabilities or the cgroup is not mounted. Memory limited without swap.
START RequestId: 275fca42-01b7-4008-bdc3-2c79d0ec6aef Version: $LATEST
END RequestId: 275fca42-01b7-4008-bdc3-2c79d0ec6aef
REPORT RequestId: 275fca42-01b7-4008-bdc3-2c79d0ec6aef Duration: 78594 ms Billed Duration: 78600 ms Memory Size: 128 MB Max Memory Used: 14 MB

{"ioload": "7.62514, 6.7 MB/s;7.61544, 6.7 MB/s;7.368, 6.9 MB/s;8.15154, 6.3 MB/s;8.30065, 6.2 MB/s;8.52219, 6.0 MB/s;7.50051, 6.8 MB/s;7.87407, 6.5 MB/s;7.76902, 6.6 MB/s;7.69814, 6.7 MB/s"}
==========Thread6========WARNING: Your kernel does not support swap limit capabilities or the cgroup is not mounted. Memory limited without swap.
START RequestId: 614d033c-55e2-4b5c-8b93-25d1fb3c46d0 Version: $LATEST
END RequestId: 614d033c-55e2-4b5c-8b93-25d1fb3c46d0
REPORT RequestId: 614d033c-55e2-4b5c-8b93-25d1fb3c46d0 Duration: 79653 ms Billed Duration: 79700 ms Memory Size: 128 MB Max Memory Used: 14 MB

{"ioload": "7.58556, 6.7 MB/s;7.90419, 6.5 MB/s;7.73592, 6.6 MB/s;8.76205, 5.8 MB/s;8.16614, 6.3 MB/s;8.39247, 6.1 MB/s;7.9732, 6.4 MB/s;7.35042, 7.0 MB/s;8.41457, 6.1 MB/s;7.2018, 7.1 MB/s"}
