==========Thread1========WARNING: Your kernel does not support swap limit capabilities or the cgroup is not mounted. Memory limited without swap.
START RequestId: be91117a-0cad-43e2-a20f-f709b3f59a9c Version: $LATEST
END RequestId: be91117a-0cad-43e2-a20f-f709b3f59a9c
REPORT RequestId: be91117a-0cad-43e2-a20f-f709b3f59a9c Duration: 92565 ms Billed Duration: 92600 ms Memory Size: 128 MB Max Memory Used: 14 MB

{"ioload": "10.1012, 5.1 MB/s;8.42475, 6.1 MB/s;9.51152, 5.4 MB/s;10.4462, 4.9 MB/s;8.42573, 6.1 MB/s;10.1055, 5.1 MB/s;8.87177, 5.8 MB/s;9.35363, 5.5 MB/s;8.81758, 5.8 MB/s;8.33437, 6.1 MB/s"}
==========Thread2========WARNING: Your kernel does not support swap limit capabilities or the cgroup is not mounted. Memory limited without swap.
START RequestId: 5c07e8ad-0b36-4807-b772-fc04f06c4b54 Version: $LATEST
END RequestId: 5c07e8ad-0b36-4807-b772-fc04f06c4b54
REPORT RequestId: 5c07e8ad-0b36-4807-b772-fc04f06c4b54 Duration: 92835 ms Billed Duration: 92900 ms Memory Size: 128 MB Max Memory Used: 14 MB

{"ioload": "9.51734, 5.4 MB/s;10.1715, 5.0 MB/s;9.02018, 5.7 MB/s;9.33116, 5.5 MB/s;10.0486, 5.1 MB/s;9.21921, 5.6 MB/s;8.77555, 5.8 MB/s;8.87269, 5.8 MB/s;8.58812, 6.0 MB/s;9.11752, 5.6 MB/s"}
==========Thread3========WARNING: Your kernel does not support swap limit capabilities or the cgroup is not mounted. Memory limited without swap.
START RequestId: 7a669e31-460c-43ba-b7a2-7d5f7fd3e2ee Version: $LATEST
END RequestId: 7a669e31-460c-43ba-b7a2-7d5f7fd3e2ee
REPORT RequestId: 7a669e31-460c-43ba-b7a2-7d5f7fd3e2ee Duration: 94970 ms Billed Duration: 95000 ms Memory Size: 128 MB Max Memory Used: 14 MB

{"ioload": "9.473, 5.4 MB/s;9.41843, 5.4 MB/s;9.95991, 5.1 MB/s;9.43856, 5.4 MB/s;9.75902, 5.2 MB/s;9.44313, 5.4 MB/s;9.5474, 5.4 MB/s;9.6932, 5.3 MB/s;9.31689, 5.5 MB/s;8.74765, 5.9 MB/s"}
==========Thread4========WARNING: Your kernel does not support swap limit capabilities or the cgroup is not mounted. Memory limited without swap.
START RequestId: af090aa5-6f40-4f75-8305-0eea9f59ec15 Version: $LATEST
END RequestId: af090aa5-6f40-4f75-8305-0eea9f59ec15
REPORT RequestId: af090aa5-6f40-4f75-8305-0eea9f59ec15 Duration: 92810 ms Billed Duration: 92900 ms Memory Size: 128 MB Max Memory Used: 14 MB

{"ioload": "9.42887, 5.4 MB/s;8.42466, 6.1 MB/s;9.92447, 5.2 MB/s;9.88731, 5.2 MB/s;9.08931, 5.6 MB/s;10.0203, 5.1 MB/s;9.12436, 5.6 MB/s;9.21627, 5.6 MB/s;8.25781, 6.2 MB/s;9.25197, 5.5 MB/s"}
==========Thread5========WARNING: Your kernel does not support swap limit capabilities or the cgroup is not mounted. Memory limited without swap.
START RequestId: 8a3ec5a6-8ae8-4390-a685-495c0119e444 Version: $LATEST
END RequestId: 8a3ec5a6-8ae8-4390-a685-495c0119e444
REPORT RequestId: 8a3ec5a6-8ae8-4390-a685-495c0119e444 Duration: 94213 ms Billed Duration: 94300 ms Memory Size: 128 MB Max Memory Used: 14 MB

{"ioload": "9.48828, 5.4 MB/s;9.77143, 5.2 MB/s;10.2056, 5.0 MB/s;8.74732, 5.9 MB/s;9.93148, 5.2 MB/s;9.97915, 5.1 MB/s;10.0822, 5.1 MB/s;9.06503, 5.6 MB/s;8.1135, 6.3 MB/s;8.63903, 5.9 MB/s"}
==========Thread6========WARNING: Your kernel does not support swap limit capabilities or the cgroup is not mounted. Memory limited without swap.
START RequestId: d0ffd4bb-5afc-49d4-ad71-85ce1fcf4eea Version: $LATEST
END RequestId: d0ffd4bb-5afc-49d4-ad71-85ce1fcf4eea
REPORT RequestId: d0ffd4bb-5afc-49d4-ad71-85ce1fcf4eea Duration: 95198 ms Billed Duration: 95200 ms Memory Size: 128 MB Max Memory Used: 14 MB

{"ioload": "9.68388, 5.3 MB/s;9.90342, 5.2 MB/s;8.61422, 5.9 MB/s;9.68173, 5.3 MB/s;9.60357, 5.3 MB/s;9.81634, 5.2 MB/s;10.1432, 5.0 MB/s;9.39634, 5.4 MB/s;9.45824, 5.4 MB/s;8.72976, 5.9 MB/s"}
==========Thread7========WARNING: Your kernel does not support swap limit capabilities or the cgroup is not mounted. Memory limited without swap.
START RequestId: d520af92-ff4e-4016-9f16-614cce8aa1ea Version: $LATEST
END RequestId: d520af92-ff4e-4016-9f16-614cce8aa1ea
REPORT RequestId: d520af92-ff4e-4016-9f16-614cce8aa1ea Duration: 91592 ms Billed Duration: 91600 ms Memory Size: 128 MB Max Memory Used: 14 MB

{"ioload": "9.17243, 5.6 MB/s;9.17027, 5.6 MB/s;8.81333, 5.8 MB/s;8.83034, 5.8 MB/s;8.71132, 5.9 MB/s;9.87051, 5.2 MB/s;10.2334, 5.0 MB/s;9.82886, 5.2 MB/s;9.13042, 5.6 MB/s;7.66071, 6.7 MB/s"}
==========Thread8========WARNING: Your kernel does not support swap limit capabilities or the cgroup is not mounted. Memory limited without swap.
START RequestId: 2292a7b7-b110-44e5-bbbf-7459f1939816 Version: $LATEST
END RequestId: 2292a7b7-b110-44e5-bbbf-7459f1939816
REPORT RequestId: 2292a7b7-b110-44e5-bbbf-7459f1939816 Duration: 92614 ms Billed Duration: 92700 ms Memory Size: 128 MB Max Memory Used: 14 MB

{"ioload": "9.61423, 5.3 MB/s;10.0254, 5.1 MB/s;9.1659, 5.6 MB/s;8.33375, 6.1 MB/s;8.87747, 5.8 MB/s;10.8635, 4.7 MB/s;9.65617, 5.3 MB/s;9.25232, 5.5 MB/s;8.60904, 5.9 MB/s;8.04526, 6.4 MB/s"}
