==========Thread1========WARNING: Your kernel does not support swap limit capabilities or the cgroup is not mounted. Memory limited without swap.
START RequestId: c4e8f4ea-5bc0-4193-b7bb-d548abe73a16 Version: $LATEST
END RequestId: c4e8f4ea-5bc0-4193-b7bb-d548abe73a16
REPORT RequestId: c4e8f4ea-5bc0-4193-b7bb-d548abe73a16 Duration: 106258 ms Billed Duration: 106300 ms Memory Size: 128 MB Max Memory Used: 14 MB

{"ioload": "10.5042, 4.9 MB/s;10.422, 4.9 MB/s;11.2937, 4.5 MB/s;11.9011, 4.3 MB/s;11.8115, 4.3 MB/s;11.6201, 4.4 MB/s;10.8635, 4.7 MB/s;11.1505, 4.6 MB/s;7.03738, 7.3 MB/s;9.48803, 5.4 MB/s"}
==========Thread2========WARNING: Your kernel does not support swap limit capabilities or the cgroup is not mounted. Memory limited without swap.
START RequestId: 75e7ecaf-e379-4193-ba6d-551152d3f87b Version: $LATEST
END RequestId: 75e7ecaf-e379-4193-ba6d-551152d3f87b
REPORT RequestId: 75e7ecaf-e379-4193-ba6d-551152d3f87b Duration: 109114 ms Billed Duration: 109200 ms Memory Size: 128 MB Max Memory Used: 14 MB

{"ioload": "11.7694, 4.4 MB/s;11.6787, 4.4 MB/s;12.3733, 4.1 MB/s;10.9911, 4.7 MB/s;10.8248, 4.7 MB/s;11.8837, 4.3 MB/s;11.0024, 4.7 MB/s;9.19629, 5.6 MB/s;10.3493, 4.9 MB/s;8.87686, 5.8 MB/s"}
==========Thread3========WARNING: Your kernel does not support swap limit capabilities or the cgroup is not mounted. Memory limited without swap.
START RequestId: 653b07d4-f892-422f-b83f-8b2dc69f0379 Version: $LATEST
END RequestId: 653b07d4-f892-422f-b83f-8b2dc69f0379
REPORT RequestId: 653b07d4-f892-422f-b83f-8b2dc69f0379 Duration: 103705 ms Billed Duration: 103800 ms Memory Size: 128 MB Max Memory Used: 14 MB

{"ioload": "11.1394, 4.6 MB/s;11.103, 4.6 MB/s;8.20902, 6.2 MB/s;11.6595, 4.4 MB/s;9.67685, 5.3 MB/s;8.64815, 5.9 MB/s;10.5363, 4.9 MB/s;10.8568, 4.7 MB/s;9.75536, 5.2 MB/s;11.9459, 4.3 MB/s"}
==========Thread4========WARNING: Your kernel does not support swap limit capabilities or the cgroup is not mounted. Memory limited without swap.
START RequestId: 245a0638-30bd-407a-8b00-bdb78853e5af Version: $LATEST
END RequestId: 245a0638-30bd-407a-8b00-bdb78853e5af
REPORT RequestId: 245a0638-30bd-407a-8b00-bdb78853e5af Duration: 107377 ms Billed Duration: 107400 ms Memory Size: 128 MB Max Memory Used: 14 MB

{"ioload": "10.2837, 5.0 MB/s;9.57245, 5.3 MB/s;12.0173, 4.3 MB/s;11.2916, 4.5 MB/s;11.2003, 4.6 MB/s;10.5196, 4.9 MB/s;11.2238, 4.6 MB/s;9.68281, 5.3 MB/s;11.3055, 4.5 MB/s;10.1048, 5.1 MB/s"}
==========Thread5========WARNING: Your kernel does not support swap limit capabilities or the cgroup is not mounted. Memory limited without swap.
START RequestId: 9fc87d1b-2eb4-488f-b4eb-46ef62192824 Version: $LATEST

{"ioload": "9.68225, 5.3 MB/s;7.79099, 6.6 MB/s;10.4453, 4.9 MB/s;10.9903, 4.7 MB/s;11.3341, 4.5 MB/s;8.43332, 6.1 MB/s;11.3129, 4.5 MB/s;10.9413, 4.7 MB/s;10.4601, 4.9 MB/s;6.74958, 7.6 MB/s"}
END RequestId: 9fc87d1b-2eb4-488f-b4eb-46ef62192824
REPORT RequestId: 9fc87d1b-2eb4-488f-b4eb-46ef62192824 Duration: 98310 ms Billed Duration: 98400 ms Memory Size: 128 MB Max Memory Used: 14 MB
==========Thread6========WARNING: Your kernel does not support swap limit capabilities or the cgroup is not mounted. Memory limited without swap.
START RequestId: 3e83f1ea-fc46-41e0-9efd-8a768ff6f030 Version: $LATEST
END RequestId: 3e83f1ea-fc46-41e0-9efd-8a768ff6f030
REPORT RequestId: 3e83f1ea-fc46-41e0-9efd-8a768ff6f030 Duration: 108606 ms Billed Duration: 108700 ms Memory Size: 128 MB Max Memory Used: 14 MB

{"ioload": "10.8986, 4.7 MB/s;10.448, 4.9 MB/s;11.6381, 4.4 MB/s;11.2811, 4.5 MB/s;10.3146, 5.0 MB/s;11.6536, 4.4 MB/s;11.5422, 4.4 MB/s;9.524, 5.4 MB/s;11.65, 4.4 MB/s;9.49084, 5.4 MB/s"}
==========Thread7========WARNING: Your kernel does not support swap limit capabilities or the cgroup is not mounted. Memory limited without swap.
START RequestId: 2502d1f1-b179-4c3d-ac57-77a9bf346c41 Version: $LATEST
END RequestId: 2502d1f1-b179-4c3d-ac57-77a9bf346c41
REPORT RequestId: 2502d1f1-b179-4c3d-ac57-77a9bf346c41 Duration: 107885 ms Billed Duration: 107900 ms Memory Size: 128 MB Max Memory Used: 14 MB

{"ioload": "9.69768, 5.3 MB/s;10.2212, 5.0 MB/s;12.0504, 4.2 MB/s;11.5453, 4.4 MB/s;11.8223, 4.3 MB/s;9.51037, 5.4 MB/s;10.3505, 4.9 MB/s;10.7982, 4.7 MB/s;11.9797, 4.3 MB/s;9.73179, 5.3 MB/s"}
==========Thread8========WARNING: Your kernel does not support swap limit capabilities or the cgroup is not mounted. Memory limited without swap.
START RequestId: 8e619122-9bff-4684-9700-105787069247 Version: $LATEST
END RequestId: 8e619122-9bff-4684-9700-105787069247
REPORT RequestId: 8e619122-9bff-4684-9700-105787069247 Duration: 102405 ms Billed Duration: 102500 ms Memory Size: 128 MB Max Memory Used: 14 MB

{"ioload": "10.9989, 4.7 MB/s;9.72469, 5.3 MB/s;7.34289, 7.0 MB/s;10.2307, 5.0 MB/s;11.214, 4.6 MB/s;10.6064, 4.8 MB/s;11.8904, 4.3 MB/s;9.98221, 5.1 MB/s;9.38216, 5.5 MB/s;10.8641, 4.7 MB/s"}
==========Thread9========WARNING: Your kernel does not support swap limit capabilities or the cgroup is not mounted. Memory limited without swap.
START RequestId: 8a4ec2ab-e541-435e-b110-b1446106ef8e Version: $LATEST
END RequestId: 8a4ec2ab-e541-435e-b110-b1446106ef8e
REPORT RequestId: 8a4ec2ab-e541-435e-b110-b1446106ef8e Duration: 105625 ms Billed Duration: 105700 ms Memory Size: 128 MB Max Memory Used: 14 MB

{"ioload": "11.0766, 4.6 MB/s;10.8912, 4.7 MB/s;10.5783, 4.8 MB/s;11.5335, 4.4 MB/s;9.73006, 5.3 MB/s;11.5025, 4.5 MB/s;9.17977, 5.6 MB/s;9.89016, 5.2 MB/s;11.0639, 4.6 MB/s;10.0085, 5.1 MB/s"}
==========Thread10========WARNING: Your kernel does not support swap limit capabilities or the cgroup is not mounted. Memory limited without swap.
START RequestId: 325825b4-1212-4389-99ab-6c9c07138f58 Version: $LATEST
END RequestId: 325825b4-1212-4389-99ab-6c9c07138f58
REPORT RequestId: 325825b4-1212-4389-99ab-6c9c07138f58 Duration: 108612 ms Billed Duration: 108700 ms Memory Size: 128 MB Max Memory Used: 14 MB

{"ioload": "11.1931, 4.6 MB/s;8.45863, 6.1 MB/s;11.9491, 4.3 MB/s;11.9581, 4.3 MB/s;12.1711, 4.2 MB/s;9.90375, 5.2 MB/s;10.1827, 5.0 MB/s;11.2664, 4.5 MB/s;11.5152, 4.4 MB/s;9.84159, 5.2 MB/s"}
