==========Thread1========WARNING: Your kernel does not support swap limit capabilities or the cgroup is not mounted. Memory limited without swap.
START RequestId: 3bd26512-08e9-48a1-bba5-8d80a271ed98 Version: $LATEST
END RequestId: 3bd26512-08e9-48a1-bba5-8d80a271ed98
REPORT RequestId: 3bd26512-08e9-48a1-bba5-8d80a271ed98 Duration: 128312 ms Billed Duration: 128400 ms Memory Size: 128 MB Max Memory Used: 14 MB

{"ioload": "12.2912, 4.2 MB/s;11.875, 4.3 MB/s;13.9936, 3.7 MB/s;15.0163, 3.4 MB/s;12.4327, 4.1 MB/s;12.1242, 4.2 MB/s;14.6136, 3.5 MB/s;12.1929, 4.2 MB/s;14.119, 3.6 MB/s;9.48811, 5.4 MB/s"}
==========Thread2========WARNING: Your kernel does not support swap limit capabilities or the cgroup is not mounted. Memory limited without swap.
START RequestId: 443249e1-831d-4739-87fb-b819babf1123 Version: $LATEST
END RequestId: 443249e1-831d-4739-87fb-b819babf1123
REPORT RequestId: 443249e1-831d-4739-87fb-b819babf1123 Duration: 124078 ms Billed Duration: 124100 ms Memory Size: 128 MB Max Memory Used: 14 MB

{"ioload": "13.4804, 3.8 MB/s;11.1694, 4.6 MB/s;12.3572, 4.1 MB/s;12.982, 3.9 MB/s;11.2193, 4.6 MB/s;14.3496, 3.6 MB/s;13.8621, 3.7 MB/s;9.1659, 5.6 MB/s;13.1294, 3.9 MB/s;12.2084, 4.2 MB/s"}
==========Thread3========WARNING: Your kernel does not support swap limit capabilities or the cgroup is not mounted. Memory limited without swap.
START RequestId: 18db7c13-e0ab-4291-becc-01f35e4b22c6 Version: $LATEST
END RequestId: 18db7c13-e0ab-4291-becc-01f35e4b22c6
REPORT RequestId: 18db7c13-e0ab-4291-becc-01f35e4b22c6 Duration: 127272 ms Billed Duration: 127300 ms Memory Size: 128 MB Max Memory Used: 14 MB

{"ioload": "13.6708, 3.7 MB/s;12.0409, 4.3 MB/s;11.6406, 4.4 MB/s;12.7887, 4.0 MB/s;14.1497, 3.6 MB/s;11.9035, 4.3 MB/s;13.7192, 3.7 MB/s;12.2068, 4.2 MB/s;13.0363, 3.9 MB/s;11.9519, 4.3 MB/s"}
==========Thread4========WARNING: Your kernel does not support swap limit capabilities or the cgroup is not mounted. Memory limited without swap.
START RequestId: 0f56705b-d79a-41a2-883b-efaea8e2e296 Version: $LATEST
END RequestId: 0f56705b-d79a-41a2-883b-efaea8e2e296
REPORT RequestId: 0f56705b-d79a-41a2-883b-efaea8e2e296 Duration: 128099 ms Billed Duration: 128100 ms Memory Size: 128 MB Max Memory Used: 14 MB

{"ioload": "12.6476, 4.0 MB/s;11.7836, 4.3 MB/s;13.6358, 3.8 MB/s;14.4618, 3.5 MB/s;11.7329, 4.4 MB/s;14.5955, 3.5 MB/s;12.3661, 4.1 MB/s;12.5398, 4.1 MB/s;12.7276, 4.0 MB/s;11.4327, 4.5 MB/s"}
==========Thread5========WARNING: Your kernel does not support swap limit capabilities or the cgroup is not mounted. Memory limited without swap.
START RequestId: bd8d7d70-4c04-4bf0-a707-4b573ceda3d8 Version: $LATEST
END RequestId: bd8d7d70-4c04-4bf0-a707-4b573ceda3d8
REPORT RequestId: bd8d7d70-4c04-4bf0-a707-4b573ceda3d8 Duration: 129712 ms Billed Duration: 129800 ms Memory Size: 128 MB Max Memory Used: 14 MB

{"ioload": "13.0645, 3.9 MB/s;12.3699, 4.1 MB/s;13.9054, 3.7 MB/s;14.6874, 3.5 MB/s;11.0701, 4.6 MB/s;12.7189, 4.0 MB/s;13.5769, 3.8 MB/s;11.8716, 4.3 MB/s;13.9642, 3.7 MB/s;12.3079, 4.2 MB/s"}
==========Thread6========WARNING: Your kernel does not support swap limit capabilities or the cgroup is not mounted. Memory limited without swap.
START RequestId: 735ac59b-1048-46b4-a868-9d0f27da0611 Version: $LATEST
END RequestId: 735ac59b-1048-46b4-a868-9d0f27da0611
REPORT RequestId: 735ac59b-1048-46b4-a868-9d0f27da0611 Duration: 129392 ms Billed Duration: 129400 ms Memory Size: 128 MB Max Memory Used: 14 MB

{"ioload": "13.0459, 3.9 MB/s;12.26, 4.2 MB/s;13.8156, 3.7 MB/s;13.8001, 3.7 MB/s;12.9626, 3.9 MB/s;13.4517, 3.8 MB/s;12.581, 4.1 MB/s;12.2653, 4.2 MB/s;13.216, 3.9 MB/s;11.8187, 4.3 MB/s"}
==========Thread7========WARNING: Your kernel does not support swap limit capabilities or the cgroup is not mounted. Memory limited without swap.
START RequestId: fc86d434-9045-472d-8cc9-812fd63e02a4 Version: $LATEST
END RequestId: fc86d434-9045-472d-8cc9-812fd63e02a4
REPORT RequestId: fc86d434-9045-472d-8cc9-812fd63e02a4 Duration: 125536 ms Billed Duration: 125600 ms Memory Size: 128 MB Max Memory Used: 14 MB

{"ioload": "13.1877, 3.9 MB/s;11.9759, 4.3 MB/s;13.9941, 3.7 MB/s;12.2421, 4.2 MB/s;13.7333, 3.7 MB/s;10.1524, 5.0 MB/s;15.0402, 3.4 MB/s;9.71463, 5.3 MB/s;13.6993, 3.7 MB/s;11.6213, 4.4 MB/s"}
==========Thread8========WARNING: Your kernel does not support swap limit capabilities or the cgroup is not mounted. Memory limited without swap.
START RequestId: 63fa583c-50a5-4015-97f0-52c7ea1962dd Version: $LATEST
END RequestId: 63fa583c-50a5-4015-97f0-52c7ea1962dd
REPORT RequestId: 63fa583c-50a5-4015-97f0-52c7ea1962dd Duration: 121314 ms Billed Duration: 121400 ms Memory Size: 128 MB Max Memory Used: 14 MB

{"ioload": "10.7196, 4.8 MB/s;11.5671, 4.4 MB/s;12.0727, 4.2 MB/s;11.5123, 4.4 MB/s;14.0323, 3.6 MB/s;14.1426, 3.6 MB/s;11.5257, 4.4 MB/s;13.033, 3.9 MB/s;12.4671, 4.1 MB/s;10.0698, 5.1 MB/s"}
==========Thread9========WARNING: Your kernel does not support swap limit capabilities or the cgroup is not mounted. Memory limited without swap.
START RequestId: 9b07e6b8-2823-4ee8-a794-2e5ef56e269c Version: $LATEST
END RequestId: 9b07e6b8-2823-4ee8-a794-2e5ef56e269c
REPORT RequestId: 9b07e6b8-2823-4ee8-a794-2e5ef56e269c Duration: 127114 ms Billed Duration: 127200 ms Memory Size: 128 MB Max Memory Used: 14 MB

{"ioload": "11.3632, 4.5 MB/s;12.2707, 4.2 MB/s;12.8162, 4.0 MB/s;11.3697, 4.5 MB/s;14.1603, 3.6 MB/s;14.1435, 3.6 MB/s;13.5875, 3.8 MB/s;12.0213, 4.3 MB/s;13.3459, 3.8 MB/s;11.8661, 4.3 MB/s"}
==========Thread10========WARNING: Your kernel does not support swap limit capabilities or the cgroup is not mounted. Memory limited without swap.
START RequestId: e083ade8-fd59-4104-8333-25149f1d8b11 Version: $LATEST
END RequestId: e083ade8-fd59-4104-8333-25149f1d8b11
REPORT RequestId: e083ade8-fd59-4104-8333-25149f1d8b11 Duration: 128637 ms Billed Duration: 128700 ms Memory Size: 128 MB Max Memory Used: 14 MB

{"ioload": "12.9356, 4.0 MB/s;11.8715, 4.3 MB/s;14.012, 3.7 MB/s;14.8686, 3.4 MB/s;13.9273, 3.7 MB/s;13.537, 3.8 MB/s;13.4186, 3.8 MB/s;11.4351, 4.5 MB/s;13.6489, 3.8 MB/s;8.81916, 5.8 MB/s"}
==========Thread11========WARNING: Your kernel does not support swap limit capabilities or the cgroup is not mounted. Memory limited without swap.
START RequestId: 4bba89c3-94c5-4ac2-a774-184bb78b3a97 Version: $LATEST
END RequestId: 4bba89c3-94c5-4ac2-a774-184bb78b3a97
REPORT RequestId: 4bba89c3-94c5-4ac2-a774-184bb78b3a97 Duration: 124680 ms Billed Duration: 124700 ms Memory Size: 128 MB Max Memory Used: 14 MB

{"ioload": "12.3811, 4.1 MB/s;11.7252, 4.4 MB/s;12.2405, 4.2 MB/s;13.3972, 3.8 MB/s;13.6955, 3.7 MB/s;14.1802, 3.6 MB/s;13.4732, 3.8 MB/s;12.8433, 4.0 MB/s;9.15897, 5.6 MB/s;11.423, 4.5 MB/s"}
==========Thread12========WARNING: Your kernel does not support swap limit capabilities or the cgroup is not mounted. Memory limited without swap.
START RequestId: 69c3043a-2d64-46a2-94ad-92f414694ce2 Version: $LATEST
END RequestId: 69c3043a-2d64-46a2-94ad-92f414694ce2
REPORT RequestId: 69c3043a-2d64-46a2-94ad-92f414694ce2 Duration: 120618 ms Billed Duration: 120700 ms Memory Size: 128 MB Max Memory Used: 14 MB

{"ioload": "13.6531, 3.8 MB/s;11.9103, 4.3 MB/s;11.5113, 4.4 MB/s;13.2055, 3.9 MB/s;13.3653, 3.8 MB/s;14.4131, 3.6 MB/s;11.9707, 4.3 MB/s;9.44451, 5.4 MB/s;9.83136, 5.2 MB/s;11.1475, 4.6 MB/s"}
==========Thread13========WARNING: Your kernel does not support swap limit capabilities or the cgroup is not mounted. Memory limited without swap.
START RequestId: 49b6b407-c529-40dd-9ace-bbb93fcf7655 Version: $LATEST
END RequestId: 49b6b407-c529-40dd-9ace-bbb93fcf7655
REPORT RequestId: 49b6b407-c529-40dd-9ace-bbb93fcf7655 Duration: 124606 ms Billed Duration: 124700 ms Memory Size: 128 MB Max Memory Used: 14 MB

{"ioload": "12.4109, 4.1 MB/s;12.1025, 4.2 MB/s;12.8686, 4.0 MB/s;12.974, 3.9 MB/s;11.9239, 4.3 MB/s;15.1167, 3.4 MB/s;11.8144, 4.3 MB/s;12.9219, 4.0 MB/s;9.73216, 5.3 MB/s;12.5743, 4.1 MB/s"}
