==========Thread1========WARNING: Your kernel does not support swap limit capabilities or the cgroup is not mounted. Memory limited without swap.
START RequestId: 2c4fb83a-47a9-44aa-98b3-c0c2f5df067f Version: $LATEST
END RequestId: 2c4fb83a-47a9-44aa-98b3-c0c2f5df067f
REPORT RequestId: 2c4fb83a-47a9-44aa-98b3-c0c2f5df067f Duration: 177340 ms Billed Duration: 177400 ms Memory Size: 128 MB Max Memory Used: 14 MB

{"ioload": "16.3148, 3.1 MB/s;19.8132, 2.6 MB/s;17.1779, 3.0 MB/s;17.3049, 3.0 MB/s;14.8913, 3.4 MB/s;17.9481, 2.9 MB/s;19.8152, 2.6 MB/s;16.9661, 3.0 MB/s;20.3195, 2.5 MB/s;16.6195, 3.1 MB/s"}
==========Thread2========WARNING: Your kernel does not support swap limit capabilities or the cgroup is not mounted. Memory limited without swap.
START RequestId: 4faa6933-92dc-4b08-8873-2a42a5294611 Version: $LATEST
END RequestId: 4faa6933-92dc-4b08-8873-2a42a5294611
REPORT RequestId: 4faa6933-92dc-4b08-8873-2a42a5294611 Duration: 174397 ms Billed Duration: 174400 ms Memory Size: 128 MB Max Memory Used: 14 MB

{"ioload": "13.5395, 3.8 MB/s;18.5122, 2.8 MB/s;17.6603, 2.9 MB/s;16.8895, 3.0 MB/s;18.0791, 2.8 MB/s;17.6227, 2.9 MB/s;18.4318, 2.8 MB/s;19.5989, 2.6 MB/s;18.9209, 2.7 MB/s;14.9837, 3.4 MB/s"}
==========Thread3========WARNING: Your kernel does not support swap limit capabilities or the cgroup is not mounted. Memory limited without swap.
START RequestId: 82f0bd5e-8e6c-4ee3-837d-29473eed5f35 Version: $LATEST
END RequestId: 82f0bd5e-8e6c-4ee3-837d-29473eed5f35
REPORT RequestId: 82f0bd5e-8e6c-4ee3-837d-29473eed5f35 Duration: 165341 ms Billed Duration: 165400 ms Memory Size: 128 MB Max Memory Used: 14 MB

{"ioload": "15.0595, 3.4 MB/s;19.5384, 2.6 MB/s;17.3081, 3.0 MB/s;15.5407, 3.3 MB/s;14.4278, 3.5 MB/s;18.0603, 2.8 MB/s;13.3179, 3.8 MB/s;18.5876, 2.8 MB/s;18.6319, 2.7 MB/s;14.6971, 3.5 MB/s"}
==========Thread4========WARNING: Your kernel does not support swap limit capabilities or the cgroup is not mounted. Memory limited without swap.
START RequestId: 94c04086-c763-425c-8016-d21163c15dc7 Version: $LATEST
END RequestId: 94c04086-c763-425c-8016-d21163c15dc7
REPORT RequestId: 94c04086-c763-425c-8016-d21163c15dc7 Duration: 173391 ms Billed Duration: 173400 ms Memory Size: 128 MB Max Memory Used: 14 MB

{"ioload": "13.4924, 3.8 MB/s;18.5374, 2.8 MB/s;16.9909, 3.0 MB/s;17.3238, 3.0 MB/s;17.8637, 2.9 MB/s;17.1861, 3.0 MB/s;18.0508, 2.8 MB/s;21.3463, 2.4 MB/s;16.1039, 3.2 MB/s;16.3192, 3.1 MB/s"}
==========Thread5========WARNING: Your kernel does not support swap limit capabilities or the cgroup is not mounted. Memory limited without swap.
START RequestId: 4de1b042-871b-4e47-8dcc-ea831f6f2e19 Version: $LATEST
END RequestId: 4de1b042-871b-4e47-8dcc-ea831f6f2e19
REPORT RequestId: 4de1b042-871b-4e47-8dcc-ea831f6f2e19 Duration: 175860 ms Billed Duration: 175900 ms Memory Size: 128 MB Max Memory Used: 14 MB

{"ioload": "11.7214, 4.4 MB/s;19.0489, 2.7 MB/s;19.6597, 2.6 MB/s;19.145, 2.7 MB/s;17.5004, 2.9 MB/s;18.0631, 2.8 MB/s;20.2587, 2.5 MB/s;16.1898, 3.2 MB/s;18.2938, 2.8 MB/s;15.8152, 3.2 MB/s"}
==========Thread6========WARNING: Your kernel does not support swap limit capabilities or the cgroup is not mounted. Memory limited without swap.
START RequestId: 730855c9-2519-432c-b140-c899de5b184b Version: $LATEST
END RequestId: 730855c9-2519-432c-b140-c899de5b184b
REPORT RequestId: 730855c9-2519-432c-b140-c899de5b184b Duration: 170668 ms Billed Duration: 170700 ms Memory Size: 128 MB Max Memory Used: 14 MB

{"ioload": "14.0765, 3.6 MB/s;19.7694, 2.6 MB/s;17.9306, 2.9 MB/s;13.7488, 3.7 MB/s;17.6013, 2.9 MB/s;13.7228, 3.7 MB/s;17.1045, 3.0 MB/s;18.575, 2.8 MB/s;20.5724, 2.5 MB/s;17.4002, 2.9 MB/s"}
==========Thread7========WARNING: Your kernel does not support swap limit capabilities or the cgroup is not mounted. Memory limited without swap.
START RequestId: b2653043-dca9-4704-9f5d-d8ba1bb3864b Version: $LATEST
END RequestId: b2653043-dca9-4704-9f5d-d8ba1bb3864b
REPORT RequestId: b2653043-dca9-4704-9f5d-d8ba1bb3864b Duration: 173528 ms Billed Duration: 173600 ms Memory Size: 128 MB Max Memory Used: 14 MB

{"ioload": "15.2021, 3.4 MB/s;16.8403, 3.0 MB/s;18.1447, 2.8 MB/s;17.0083, 3.0 MB/s;17.8506, 2.9 MB/s;18.5026, 2.8 MB/s;16.4348, 3.1 MB/s;19.5538, 2.6 MB/s;18.9161, 2.7 MB/s;14.9076, 3.4 MB/s"}
==========Thread8========WARNING: Your kernel does not support swap limit capabilities or the cgroup is not mounted. Memory limited without swap.
START RequestId: e123f04c-1ec9-4c6a-abb9-06aabad1b117 Version: $LATEST
END RequestId: e123f04c-1ec9-4c6a-abb9-06aabad1b117
REPORT RequestId: e123f04c-1ec9-4c6a-abb9-06aabad1b117 Duration: 168074 ms Billed Duration: 168100 ms Memory Size: 128 MB Max Memory Used: 14 MB

{"ioload": "13.7718, 3.7 MB/s;18.2261, 2.8 MB/s;18.081, 2.8 MB/s;17.1624, 3.0 MB/s;15.0601, 3.4 MB/s;18.963, 2.7 MB/s;12.6568, 4.0 MB/s;17.2803, 3.0 MB/s;17.7919, 2.9 MB/s;18.9153, 2.7 MB/s"}
==========Thread9========WARNING: Your kernel does not support swap limit capabilities or the cgroup is not mounted. Memory limited without swap.
START RequestId: 7bf55318-8186-4612-aa7a-7524a2076e91 Version: $LATEST
END RequestId: 7bf55318-8186-4612-aa7a-7524a2076e91
REPORT RequestId: 7bf55318-8186-4612-aa7a-7524a2076e91 Duration: 173418 ms Billed Duration: 173500 ms Memory Size: 128 MB Max Memory Used: 14 MB

{"ioload": "16.3309, 3.1 MB/s;21.7904, 2.3 MB/s;17.7361, 2.9 MB/s;18.8585, 2.7 MB/s;16.0287, 3.2 MB/s;16.2738, 3.1 MB/s;20.3461, 2.5 MB/s;17.3329, 3.0 MB/s;12.1005, 4.2 MB/s;16.4633, 3.1 MB/s"}
==========Thread10========WARNING: Your kernel does not support swap limit capabilities or the cgroup is not mounted. Memory limited without swap.
START RequestId: afabfb8f-e243-40be-8085-12e69d41f84d Version: $LATEST
END RequestId: afabfb8f-e243-40be-8085-12e69d41f84d
REPORT RequestId: afabfb8f-e243-40be-8085-12e69d41f84d Duration: 175201 ms Billed Duration: 175300 ms Memory Size: 128 MB Max Memory Used: 14 MB

{"ioload": "12.9628, 3.9 MB/s;20.2668, 2.5 MB/s;19.023, 2.7 MB/s;19.1391, 2.7 MB/s;18.8763, 2.7 MB/s;16.4454, 3.1 MB/s;19.4728, 2.6 MB/s;18.35, 2.8 MB/s;17.7657, 2.9 MB/s;12.7266, 4.0 MB/s"}
==========Thread11========WARNING: Your kernel does not support swap limit capabilities or the cgroup is not mounted. Memory limited without swap.
START RequestId: 2c184027-c2d2-483c-9b7e-84fbda6a170b Version: $LATEST
END RequestId: 2c184027-c2d2-483c-9b7e-84fbda6a170b
REPORT RequestId: 2c184027-c2d2-483c-9b7e-84fbda6a170b Duration: 178243 ms Billed Duration: 178300 ms Memory Size: 128 MB Max Memory Used: 14 MB

{"ioload": "14.9356, 3.4 MB/s;17.5453, 2.9 MB/s;15.1653, 3.4 MB/s;20.2177, 2.5 MB/s;16.9458, 3.0 MB/s;18.9489, 2.7 MB/s;17.5329, 2.9 MB/s;20.4022, 2.5 MB/s;20.1069, 2.5 MB/s;16.2659, 3.1 MB/s"}
==========Thread12========WARNING: Your kernel does not support swap limit capabilities or the cgroup is not mounted. Memory limited without swap.
START RequestId: 1c169c58-3855-49d6-9986-d51454c017a6 Version: $LATEST
END RequestId: 1c169c58-3855-49d6-9986-d51454c017a6
REPORT RequestId: 1c169c58-3855-49d6-9986-d51454c017a6 Duration: 168436 ms Billed Duration: 168500 ms Memory Size: 128 MB Max Memory Used: 14 MB

{"ioload": "13.567, 3.8 MB/s;15.1635, 3.4 MB/s;18.4471, 2.8 MB/s;17.4608, 2.9 MB/s;18.524, 2.8 MB/s;18.0967, 2.8 MB/s;16.4801, 3.1 MB/s;19.5639, 2.6 MB/s;14.4191, 3.6 MB/s;16.5462, 3.1 MB/s"}
==========Thread13========WARNING: Your kernel does not support swap limit capabilities or the cgroup is not mounted. Memory limited without swap.
START RequestId: f189440d-bf30-4e16-89f5-70bc71f3e3ef Version: $LATEST
END RequestId: f189440d-bf30-4e16-89f5-70bc71f3e3ef
REPORT RequestId: f189440d-bf30-4e16-89f5-70bc71f3e3ef Duration: 176918 ms Billed Duration: 177000 ms Memory Size: 128 MB Max Memory Used: 14 MB

{"ioload": "12.0885, 4.2 MB/s;19.8419, 2.6 MB/s;20.2707, 2.5 MB/s;18.2731, 2.8 MB/s;17.9782, 2.8 MB/s;17.4131, 2.9 MB/s;20.9669, 2.4 MB/s;20.5371, 2.5 MB/s;17.7491, 2.9 MB/s;11.6344, 4.4 MB/s"}
==========Thread14========WARNING: Your kernel does not support swap limit capabilities or the cgroup is not mounted. Memory limited without swap.
START RequestId: 30109b38-4cd6-4524-acb3-0c8882964977 Version: $LATEST
END RequestId: 30109b38-4cd6-4524-acb3-0c8882964977
REPORT RequestId: 30109b38-4cd6-4524-acb3-0c8882964977 Duration: 179097 ms Billed Duration: 179100 ms Memory Size: 128 MB Max Memory Used: 14 MB

{"ioload": "14.1554, 3.6 MB/s;18.6688, 2.7 MB/s;20.0246, 2.6 MB/s;15.1067, 3.4 MB/s;17.8022, 2.9 MB/s;20.0536, 2.6 MB/s;17.6934, 2.9 MB/s;19.5779, 2.6 MB/s;20.5353, 2.5 MB/s;15.3128, 3.3 MB/s"}
==========Thread15========WARNING: Your kernel does not support swap limit capabilities or the cgroup is not mounted. Memory limited without swap.
START RequestId: f6f1edbb-f0fb-4641-81f5-33a44e3eb2a0 Version: $LATEST
END RequestId: f6f1edbb-f0fb-4641-81f5-33a44e3eb2a0
REPORT RequestId: f6f1edbb-f0fb-4641-81f5-33a44e3eb2a0 Duration: 168552 ms Billed Duration: 168600 ms Memory Size: 128 MB Max Memory Used: 14 MB

{"ioload": "13.8358, 3.7 MB/s;17.1437, 3.0 MB/s;19.1725, 2.7 MB/s;18.14, 2.8 MB/s;16.7233, 3.1 MB/s;15.2237, 3.4 MB/s;16.1456, 3.2 MB/s;17.7293, 2.9 MB/s;17.8244, 2.9 MB/s;16.4419, 3.1 MB/s"}
==========Thread16========WARNING: Your kernel does not support swap limit capabilities or the cgroup is not mounted. Memory limited without swap.
START RequestId: 92d9827f-f782-4ed2-a499-ee4a77f53826 Version: $LATEST
END RequestId: 92d9827f-f782-4ed2-a499-ee4a77f53826
REPORT RequestId: 92d9827f-f782-4ed2-a499-ee4a77f53826 Duration: 171337 ms Billed Duration: 171400 ms Memory Size: 128 MB Max Memory Used: 14 MB

{"ioload": "12.2212, 4.2 MB/s;19.3909, 2.6 MB/s;19.6628, 2.6 MB/s;19.0013, 2.7 MB/s;16.3424, 3.1 MB/s;14.6524, 3.5 MB/s;17.4708, 2.9 MB/s;19.5911, 2.6 MB/s;16.7208, 3.1 MB/s;16.1213, 3.2 MB/s"}
==========Thread17========WARNING: Your kernel does not support swap limit capabilities or the cgroup is not mounted. Memory limited without swap.
START RequestId: 0df0efa5-e433-473c-a870-72b3dea25d62 Version: $LATEST
END RequestId: 0df0efa5-e433-473c-a870-72b3dea25d62
REPORT RequestId: 0df0efa5-e433-473c-a870-72b3dea25d62 Duration: 176350 ms Billed Duration: 176400 ms Memory Size: 128 MB Max Memory Used: 14 MB

{"ioload": "13.4495, 3.8 MB/s;18.4504, 2.8 MB/s;20.2308, 2.5 MB/s;17.2809, 3.0 MB/s;17.899, 2.9 MB/s;17.793, 2.9 MB/s;18.4938, 2.8 MB/s;18.0205, 2.8 MB/s;18.2007, 2.8 MB/s;16.3666, 3.1 MB/s"}
==========Thread18========WARNING: Your kernel does not support swap limit capabilities or the cgroup is not mounted. Memory limited without swap.
START RequestId: eaf05b6c-3d4f-44af-b592-45d55aa9f241 Version: $LATEST
END RequestId: eaf05b6c-3d4f-44af-b592-45d55aa9f241
REPORT RequestId: eaf05b6c-3d4f-44af-b592-45d55aa9f241 Duration: 178708 ms Billed Duration: 178800 ms Memory Size: 128 MB Max Memory Used: 14 MB

{"ioload": "15.6905, 3.3 MB/s;17.0526, 3.0 MB/s;18.3488, 2.8 MB/s;18.3113, 2.8 MB/s;17.483, 2.9 MB/s;18.889, 2.7 MB/s;20.3584, 2.5 MB/s;19.4342, 2.6 MB/s;17.7893, 2.9 MB/s;15.1783, 3.4 MB/s"}
