==========Thread1========WARNING: Your kernel does not support swap limit capabilities or the cgroup is not mounted. Memory limited without swap.
START RequestId: 559ff4ef-889e-4909-9f71-de28f37034c2 Version: $LATEST
END RequestId: 559ff4ef-889e-4909-9f71-de28f37034c2
REPORT RequestId: 559ff4ef-889e-4909-9f71-de28f37034c2 Duration: 155121 ms Billed Duration: 155200 ms Memory Size: 128 MB Max Memory Used: 14 MB

{"ioload": "14.8482, 3.4 MB/s;16.6922, 3.1 MB/s;16.2625, 3.1 MB/s;12.4627, 4.1 MB/s;15.5492, 3.3 MB/s;16.9755, 3.0 MB/s;14.8716, 3.4 MB/s;17.7612, 2.9 MB/s;15.6718, 3.3 MB/s;13.8418, 3.7 MB/s"}
==========Thread2========WARNING: Your kernel does not support swap limit capabilities or the cgroup is not mounted. Memory limited without swap.
START RequestId: a418091a-d582-44d6-9480-bf5097bd3d47 Version: $LATEST
END RequestId: a418091a-d582-44d6-9480-bf5097bd3d47
REPORT RequestId: a418091a-d582-44d6-9480-bf5097bd3d47 Duration: 156120 ms Billed Duration: 156200 ms Memory Size: 128 MB Max Memory Used: 14 MB

{"ioload": "18.7058, 2.7 MB/s;12.4039, 4.1 MB/s;18.013, 2.8 MB/s;17.471, 2.9 MB/s;14.7014, 3.5 MB/s;15.5161, 3.3 MB/s;18.516, 2.8 MB/s;15.8922, 3.2 MB/s;11.7001, 4.4 MB/s;13.0313, 3.9 MB/s"}
==========Thread3========WARNING: Your kernel does not support swap limit capabilities or the cgroup is not mounted. Memory limited without swap.
START RequestId: 12896a1b-afb8-438f-bdc6-02ae268adcdd Version: $LATEST
END RequestId: 12896a1b-afb8-438f-bdc6-02ae268adcdd
REPORT RequestId: 12896a1b-afb8-438f-bdc6-02ae268adcdd Duration: 152151 ms Billed Duration: 152200 ms Memory Size: 128 MB Max Memory Used: 14 MB

{"ioload": "13.5042, 3.8 MB/s;17.0818, 3.0 MB/s;11.9082, 4.3 MB/s;14.2896, 3.6 MB/s;16.9621, 3.0 MB/s;16.0813, 3.2 MB/s;13.7375, 3.7 MB/s;16.8066, 3.0 MB/s;18.0675, 2.8 MB/s;13.5436, 3.8 MB/s"}
==========Thread4========WARNING: Your kernel does not support swap limit capabilities or the cgroup is not mounted. Memory limited without swap.
START RequestId: 42b5bbf2-dd2e-4fe4-b4c2-fff549583e24 Version: $LATEST
END RequestId: 42b5bbf2-dd2e-4fe4-b4c2-fff549583e24
REPORT RequestId: 42b5bbf2-dd2e-4fe4-b4c2-fff549583e24 Duration: 155244 ms Billed Duration: 155300 ms Memory Size: 128 MB Max Memory Used: 14 MB

{"ioload": "16.7551, 3.1 MB/s;14.8115, 3.5 MB/s;15.222, 3.4 MB/s;17.8544, 2.9 MB/s;13.666, 3.7 MB/s;15.7696, 3.2 MB/s;17.5244, 2.9 MB/s;18.2273, 2.8 MB/s;14.0041, 3.7 MB/s;11.2359, 4.6 MB/s"}
==========Thread5========WARNING: Your kernel does not support swap limit capabilities or the cgroup is not mounted. Memory limited without swap.
START RequestId: 46d0b0a8-6f7a-4ad8-9e7d-b217fd1c3f6a Version: $LATEST
END RequestId: 46d0b0a8-6f7a-4ad8-9e7d-b217fd1c3f6a
REPORT RequestId: 46d0b0a8-6f7a-4ad8-9e7d-b217fd1c3f6a Duration: 152728 ms Billed Duration: 152800 ms Memory Size: 128 MB Max Memory Used: 14 MB

{"ioload": "12.2218, 4.2 MB/s;15.5545, 3.3 MB/s;11.2667, 4.5 MB/s;15.2357, 3.4 MB/s;17.501, 2.9 MB/s;16.6105, 3.1 MB/s;17.376, 2.9 MB/s;16.5327, 3.1 MB/s;16.4068, 3.1 MB/s;13.8342, 3.7 MB/s"}
==========Thread6========WARNING: Your kernel does not support swap limit capabilities or the cgroup is not mounted. Memory limited without swap.
START RequestId: b219853d-c500-4157-ac07-03e445a056da Version: $LATEST
END RequestId: b219853d-c500-4157-ac07-03e445a056da
REPORT RequestId: b219853d-c500-4157-ac07-03e445a056da Duration: 157301 ms Billed Duration: 157400 ms Memory Size: 128 MB Max Memory Used: 14 MB

{"ioload": "16.8469, 3.0 MB/s;16.0884, 3.2 MB/s;18.1173, 2.8 MB/s;16.5465, 3.1 MB/s;13.7484, 3.7 MB/s;17.7659, 2.9 MB/s;17.2322, 3.0 MB/s;16.709, 3.1 MB/s;13.5388, 3.8 MB/s;10.5359, 4.9 MB/s"}
==========Thread7========WARNING: Your kernel does not support swap limit capabilities or the cgroup is not mounted. Memory limited without swap.
START RequestId: 2ad40b83-c2a3-4ad4-a362-67086429c5a2 Version: $LATEST
END RequestId: 2ad40b83-c2a3-4ad4-a362-67086429c5a2
REPORT RequestId: 2ad40b83-c2a3-4ad4-a362-67086429c5a2 Duration: 157197 ms Billed Duration: 157200 ms Memory Size: 128 MB Max Memory Used: 14 MB

{"ioload": "15.469, 3.3 MB/s;14.842, 3.4 MB/s;18.3903, 2.8 MB/s;15.2799, 3.4 MB/s;14.3473, 3.6 MB/s;17.4536, 2.9 MB/s;18.1126, 2.8 MB/s;15.1213, 3.4 MB/s;14.662, 3.5 MB/s;13.3496, 3.8 MB/s"}
==========Thread8========WARNING: Your kernel does not support swap limit capabilities or the cgroup is not mounted. Memory limited without swap.
START RequestId: d087d0d1-bbce-4292-ac3b-1e147a7b33a6 Version: $LATEST
END RequestId: d087d0d1-bbce-4292-ac3b-1e147a7b33a6
REPORT RequestId: d087d0d1-bbce-4292-ac3b-1e147a7b33a6 Duration: 159290 ms Billed Duration: 159300 ms Memory Size: 128 MB Max Memory Used: 14 MB

{"ioload": "14.9776, 3.4 MB/s;16.0329, 3.2 MB/s;15.8587, 3.2 MB/s;16.7776, 3.1 MB/s;14.567, 3.5 MB/s;17.7623, 2.9 MB/s;15.7669, 3.2 MB/s;18.1545, 2.8 MB/s;15.0361, 3.4 MB/s;14.1915, 3.6 MB/s"}
==========Thread9========WARNING: Your kernel does not support swap limit capabilities or the cgroup is not mounted. Memory limited without swap.
START RequestId: a7c4b8db-c48c-4072-8b34-2c5aa40d1048 Version: $LATEST
END RequestId: a7c4b8db-c48c-4072-8b34-2c5aa40d1048
REPORT RequestId: a7c4b8db-c48c-4072-8b34-2c5aa40d1048 Duration: 158755 ms Billed Duration: 158800 ms Memory Size: 128 MB Max Memory Used: 14 MB

{"ioload": "16.7436, 3.1 MB/s;13.2749, 3.9 MB/s;17.5572, 2.9 MB/s;16.3039, 3.1 MB/s;13.5098, 3.8 MB/s;17.6257, 2.9 MB/s;17.526, 2.9 MB/s;17.5537, 2.9 MB/s;14.6144, 3.5 MB/s;13.8818, 3.7 MB/s"}
==========Thread10========WARNING: Your kernel does not support swap limit capabilities or the cgroup is not mounted. Memory limited without swap.
START RequestId: 2dd33632-f20b-438b-bbb3-8362af84c915 Version: $LATEST
END RequestId: 2dd33632-f20b-438b-bbb3-8362af84c915
REPORT RequestId: 2dd33632-f20b-438b-bbb3-8362af84c915 Duration: 156154 ms Billed Duration: 156200 ms Memory Size: 128 MB Max Memory Used: 14 MB

{"ioload": "14.6362, 3.5 MB/s;15.8737, 3.2 MB/s;16.4526, 3.1 MB/s;16.3104, 3.1 MB/s;15.0253, 3.4 MB/s;14.4884, 3.5 MB/s;18.1908, 2.8 MB/s;15.3771, 3.3 MB/s;15.57, 3.3 MB/s;14.0594, 3.6 MB/s"}
==========Thread11========WARNING: Your kernel does not support swap limit capabilities or the cgroup is not mounted. Memory limited without swap.
START RequestId: d827f652-92a1-4fd4-b135-f0b6bc5da921 Version: $LATEST
END RequestId: d827f652-92a1-4fd4-b135-f0b6bc5da921
REPORT RequestId: d827f652-92a1-4fd4-b135-f0b6bc5da921 Duration: 152726 ms Billed Duration: 152800 ms Memory Size: 128 MB Max Memory Used: 14 MB

{"ioload": "15.9061, 3.2 MB/s;12.4886, 4.1 MB/s;14.0785, 3.6 MB/s;18.2885, 2.8 MB/s;14.5584, 3.5 MB/s;15.3751, 3.3 MB/s;16.0519, 3.2 MB/s;17.9967, 2.8 MB/s;14.2884, 3.6 MB/s;13.5307, 3.8 MB/s"}
==========Thread12========WARNING: Your kernel does not support swap limit capabilities or the cgroup is not mounted. Memory limited without swap.
START RequestId: a76d16bb-0321-4d84-8965-89a295bba2f5 Version: $LATEST
END RequestId: a76d16bb-0321-4d84-8965-89a295bba2f5
REPORT RequestId: a76d16bb-0321-4d84-8965-89a295bba2f5 Duration: 155806 ms Billed Duration: 155900 ms Memory Size: 128 MB Max Memory Used: 14 MB

{"ioload": "17.7365, 2.9 MB/s;14.9759, 3.4 MB/s;16.1436, 3.2 MB/s;17.963, 2.9 MB/s;15.3166, 3.3 MB/s;16.7597, 3.1 MB/s;16.9009, 3.0 MB/s;15.6549, 3.3 MB/s;13.8804, 3.7 MB/s;10.31, 5.0 MB/s"}
==========Thread13========WARNING: Your kernel does not support swap limit capabilities or the cgroup is not mounted. Memory limited without swap.
START RequestId: 26487bec-00e9-4f49-969e-9bb605aa4a66 Version: $LATEST
END RequestId: 26487bec-00e9-4f49-969e-9bb605aa4a66
REPORT RequestId: 26487bec-00e9-4f49-969e-9bb605aa4a66 Duration: 158717 ms Billed Duration: 158800 ms Memory Size: 128 MB Max Memory Used: 14 MB

{"ioload": "11.3248, 4.5 MB/s;17.1544, 3.0 MB/s;17.1951, 3.0 MB/s;15.5664, 3.3 MB/s;16.9248, 3.0 MB/s;14.5064, 3.5 MB/s;17.9694, 2.8 MB/s;17.8109, 2.9 MB/s;15.8838, 3.2 MB/s;14.2165, 3.6 MB/s"}
==========Thread14========WARNING: Your kernel does not support swap limit capabilities or the cgroup is not mounted. Memory limited without swap.
START RequestId: 72423c3d-5269-488d-84f8-97ee68e5d668 Version: $LATEST
END RequestId: 72423c3d-5269-488d-84f8-97ee68e5d668
REPORT RequestId: 72423c3d-5269-488d-84f8-97ee68e5d668 Duration: 158502 ms Billed Duration: 158600 ms Memory Size: 128 MB Max Memory Used: 14 MB

{"ioload": "17.8236, 2.9 MB/s;13.8088, 3.7 MB/s;17.5139, 2.9 MB/s;18.4242, 2.8 MB/s;15.0569, 3.4 MB/s;16.9082, 3.0 MB/s;16.3899, 3.1 MB/s;14.1454, 3.6 MB/s;14.6757, 3.5 MB/s;13.5638, 3.8 MB/s"}
==========Thread15========WARNING: Your kernel does not support swap limit capabilities or the cgroup is not mounted. Memory limited without swap.
START RequestId: 0dcad012-21d7-4cd0-ab74-f1980f3850a0 Version: $LATEST
END RequestId: 0dcad012-21d7-4cd0-ab74-f1980f3850a0
REPORT RequestId: 0dcad012-21d7-4cd0-ab74-f1980f3850a0 Duration: 155648 ms Billed Duration: 155700 ms Memory Size: 128 MB Max Memory Used: 14 MB

{"ioload": "17.3044, 3.0 MB/s;15.7107, 3.3 MB/s;14.861, 3.4 MB/s;16.971, 3.0 MB/s;16.1428, 3.2 MB/s;14.7796, 3.5 MB/s;17.7423, 2.9 MB/s;16.4702, 3.1 MB/s;13.8331, 3.7 MB/s;11.6198, 4.4 MB/s"}
==========Thread16========WARNING: Your kernel does not support swap limit capabilities or the cgroup is not mounted. Memory limited without swap.
START RequestId: c5a032c6-d34e-48a8-a7c5-fe3f9e5f1e99 Version: $LATEST
END RequestId: c5a032c6-d34e-48a8-a7c5-fe3f9e5f1e99
REPORT RequestId: c5a032c6-d34e-48a8-a7c5-fe3f9e5f1e99 Duration: 149632 ms Billed Duration: 149700 ms Memory Size: 128 MB Max Memory Used: 14 MB

{"ioload": "10.9961, 4.7 MB/s;15.9339, 3.2 MB/s;11.3775, 4.5 MB/s;18.5321, 2.8 MB/s;14.3037, 3.6 MB/s;14.5278, 3.5 MB/s;17.3124, 3.0 MB/s;17.1637, 3.0 MB/s;17.6234, 2.9 MB/s;11.6884, 4.4 MB/s"}
