==========Thread1========WARNING: Your kernel does not support swap limit capabilities or the cgroup is not mounted. Memory limited without swap.
START RequestId: 1b149df5-233b-4acf-9264-1f07a2e40e84 Version: $LATEST
END RequestId: 1b149df5-233b-4acf-9264-1f07a2e40e84
REPORT RequestId: 1b149df5-233b-4acf-9264-1f07a2e40e84 Duration: 176354 ms Billed Duration: 176400 ms Memory Size: 128 MB Max Memory Used: 14 MB

{"ioload": "20.8279, 2.5 MB/s;17.5253, 2.9 MB/s;11.9198, 4.3 MB/s;18.0111, 2.8 MB/s;20.2837, 2.5 MB/s;17.7741, 2.9 MB/s;17.8736, 2.9 MB/s;18.9237, 2.7 MB/s;16.6186, 3.1 MB/s;16.4315, 3.1 MB/s"}
==========Thread2========WARNING: Your kernel does not support swap limit capabilities or the cgroup is not mounted. Memory limited without swap.
START RequestId: c43ce668-dcdc-4732-81ac-3dd00d632dde Version: $LATEST
END RequestId: c43ce668-dcdc-4732-81ac-3dd00d632dde
REPORT RequestId: c43ce668-dcdc-4732-81ac-3dd00d632dde Duration: 168299 ms Billed Duration: 168300 ms Memory Size: 128 MB Max Memory Used: 14 MB

{"ioload": "14.8735, 3.4 MB/s;19.9092, 2.6 MB/s;16.0019, 3.2 MB/s;16.0105, 3.2 MB/s;14.6618, 3.5 MB/s;20.0737, 2.6 MB/s;17.9841, 2.8 MB/s;16.0717, 3.2 MB/s;17.1501, 3.0 MB/s;15.3945, 3.3 MB/s"}
==========Thread3========WARNING: Your kernel does not support swap limit capabilities or the cgroup is not mounted. Memory limited without swap.
START RequestId: e5fc3c0a-65e4-4f6c-834d-50cd75441d5d Version: $LATEST
END RequestId: e5fc3c0a-65e4-4f6c-834d-50cd75441d5d
REPORT RequestId: e5fc3c0a-65e4-4f6c-834d-50cd75441d5d Duration: 174031 ms Billed Duration: 174100 ms Memory Size: 128 MB Max Memory Used: 14 MB

{"ioload": "16.0203, 3.2 MB/s;17.4826, 2.9 MB/s;17.9786, 2.8 MB/s;18.0931, 2.8 MB/s;18.6593, 2.7 MB/s;16.6612, 3.1 MB/s;14.8701, 3.4 MB/s;17.8091, 2.9 MB/s;21.2757, 2.4 MB/s;15.0229, 3.4 MB/s"}
==========Thread4========WARNING: Your kernel does not support swap limit capabilities or the cgroup is not mounted. Memory limited without swap.
START RequestId: f88e5d57-2fcd-4f19-a3db-ffdffff89491 Version: $LATEST
END RequestId: f88e5d57-2fcd-4f19-a3db-ffdffff89491
REPORT RequestId: f88e5d57-2fcd-4f19-a3db-ffdffff89491 Duration: 174588 ms Billed Duration: 174600 ms Memory Size: 128 MB Max Memory Used: 14 MB

{"ioload": "19.2393, 2.7 MB/s;15.4851, 3.3 MB/s;17.5756, 2.9 MB/s;18.1849, 2.8 MB/s;17.6409, 2.9 MB/s;17.2619, 3.0 MB/s;18.4805, 2.8 MB/s;16.0986, 3.2 MB/s;19.8787, 2.6 MB/s;14.5767, 3.5 MB/s"}
==========Thread5========WARNING: Your kernel does not support swap limit capabilities or the cgroup is not mounted. Memory limited without swap.
START RequestId: 9721896e-f710-40d9-b3a2-d56808530273 Version: $LATEST
END RequestId: 9721896e-f710-40d9-b3a2-d56808530273
REPORT RequestId: 9721896e-f710-40d9-b3a2-d56808530273 Duration: 174757 ms Billed Duration: 174800 ms Memory Size: 128 MB Max Memory Used: 14 MB

{"ioload": "19.8216, 2.6 MB/s;19.7068, 2.6 MB/s;13.2877, 3.9 MB/s;16.5798, 3.1 MB/s;18.5886, 2.8 MB/s;17.9838, 2.8 MB/s;18.434, 2.8 MB/s;16.8668, 3.0 MB/s;17.9505, 2.9 MB/s;15.3671, 3.3 MB/s"}
==========Thread6========WARNING: Your kernel does not support swap limit capabilities or the cgroup is not mounted. Memory limited without swap.
START RequestId: bc1441d2-9c9c-4561-9ab6-7ae9cbb1d8ab Version: $LATEST
END RequestId: bc1441d2-9c9c-4561-9ab6-7ae9cbb1d8ab
REPORT RequestId: bc1441d2-9c9c-4561-9ab6-7ae9cbb1d8ab Duration: 180454 ms Billed Duration: 180500 ms Memory Size: 128 MB Max Memory Used: 14 MB

{"ioload": "16.7644, 3.1 MB/s;18.9411, 2.7 MB/s;19.3779, 2.6 MB/s;14.8484, 3.4 MB/s;18.1266, 2.8 MB/s;20.3723, 2.5 MB/s;17.7251, 2.9 MB/s;17.3256, 3.0 MB/s;20.551, 2.5 MB/s;16.261, 3.1 MB/s"}
==========Thread7========WARNING: Your kernel does not support swap limit capabilities or the cgroup is not mounted. Memory limited without swap.
START RequestId: d4236afc-1679-43df-9f0b-2b40f774dbf4 Version: $LATEST
END RequestId: d4236afc-1679-43df-9f0b-2b40f774dbf4
REPORT RequestId: d4236afc-1679-43df-9f0b-2b40f774dbf4 Duration: 179214 ms Billed Duration: 179300 ms Memory Size: 128 MB Max Memory Used: 14 MB

{"ioload": "19.7265, 2.6 MB/s;19.7189, 2.6 MB/s;16.398, 3.1 MB/s;18.5762, 2.8 MB/s;17.319, 3.0 MB/s;16.6507, 3.1 MB/s;19.6945, 2.6 MB/s;19.1525, 2.7 MB/s;18.3136, 2.8 MB/s;13.4932, 3.8 MB/s"}
==========Thread8========WARNING: Your kernel does not support swap limit capabilities or the cgroup is not mounted. Memory limited without swap.
START RequestId: ed64e7d4-ff67-42ee-b4c8-4c0c7b39ec75 Version: $LATEST
END RequestId: ed64e7d4-ff67-42ee-b4c8-4c0c7b39ec75
REPORT RequestId: ed64e7d4-ff67-42ee-b4c8-4c0c7b39ec75 Duration: 176849 ms Billed Duration: 176900 ms Memory Size: 128 MB Max Memory Used: 14 MB

{"ioload": "20.2457, 2.5 MB/s;19.6997, 2.6 MB/s;15.8927, 3.2 MB/s;17.5633, 2.9 MB/s;19.1123, 2.7 MB/s;15.8143, 3.2 MB/s;18.1506, 2.8 MB/s;16.7053, 3.1 MB/s;19.265, 2.7 MB/s;14.2288, 3.6 MB/s"}
==========Thread9========WARNING: Your kernel does not support swap limit capabilities or the cgroup is not mounted. Memory limited without swap.
START RequestId: 418f2958-98e1-44d6-bb01-7467d6a72e38 Version: $LATEST
END RequestId: 418f2958-98e1-44d6-bb01-7467d6a72e38
REPORT RequestId: 418f2958-98e1-44d6-bb01-7467d6a72e38 Duration: 170350 ms Billed Duration: 170400 ms Memory Size: 128 MB Max Memory Used: 14 MB

{"ioload": "14.6307, 3.5 MB/s;18.2463, 2.8 MB/s;18.6557, 2.7 MB/s;16.1443, 3.2 MB/s;14.553, 3.5 MB/s;19.9715, 2.6 MB/s;12.2525, 4.2 MB/s;17.6689, 2.9 MB/s;18.3522, 2.8 MB/s;19.7097, 2.6 MB/s"}
==========Thread10========WARNING: Your kernel does not support swap limit capabilities or the cgroup is not mounted. Memory limited without swap.
START RequestId: 01b081a0-5c7d-4822-8b7f-d83bdea011fc Version: $LATEST
END RequestId: 01b081a0-5c7d-4822-8b7f-d83bdea011fc
REPORT RequestId: 01b081a0-5c7d-4822-8b7f-d83bdea011fc Duration: 174996 ms Billed Duration: 175000 ms Memory Size: 128 MB Max Memory Used: 14 MB

{"ioload": "18.2079, 2.8 MB/s;19.9034, 2.6 MB/s;16.0631, 3.2 MB/s;14.4135, 3.6 MB/s;20.5886, 2.5 MB/s;18.217, 2.8 MB/s;16.351, 3.1 MB/s;15.764, 3.2 MB/s;19.5659, 2.6 MB/s;15.7515, 3.3 MB/s"}
==========Thread11========WARNING: Your kernel does not support swap limit capabilities or the cgroup is not mounted. Memory limited without swap.
START RequestId: e16c197d-62c3-4c09-bc23-183c926d67a7 Version: $LATEST
END RequestId: e16c197d-62c3-4c09-bc23-183c926d67a7
REPORT RequestId: e16c197d-62c3-4c09-bc23-183c926d67a7 Duration: 172787 ms Billed Duration: 172800 ms Memory Size: 128 MB Max Memory Used: 14 MB

{"ioload": "18.9036, 2.7 MB/s;17.3139, 3.0 MB/s;17.7884, 2.9 MB/s;16.1798, 3.2 MB/s;19.4402, 2.6 MB/s;16.3895, 3.1 MB/s;13.5833, 3.8 MB/s;19.803, 2.6 MB/s;17.8182, 2.9 MB/s;15.3938, 3.3 MB/s"}
==========Thread12========WARNING: Your kernel does not support swap limit capabilities or the cgroup is not mounted. Memory limited without swap.
START RequestId: b75c715e-55b1-4dc0-87f3-490871c690b2 Version: $LATEST
END RequestId: b75c715e-55b1-4dc0-87f3-490871c690b2
REPORT RequestId: b75c715e-55b1-4dc0-87f3-490871c690b2 Duration: 163024 ms Billed Duration: 163100 ms Memory Size: 128 MB Max Memory Used: 14 MB

{"ioload": "17.3634, 2.9 MB/s;16.1207, 3.2 MB/s;18.4843, 2.8 MB/s;14.4983, 3.5 MB/s;16.5421, 3.1 MB/s;18.7838, 2.7 MB/s;13.6567, 3.7 MB/s;11.9607, 4.3 MB/s;17.145, 3.0 MB/s;18.3019, 2.8 MB/s"}
==========Thread13========WARNING: Your kernel does not support swap limit capabilities or the cgroup is not mounted. Memory limited without swap.
START RequestId: 2ca78460-9012-4119-8d77-f03d7df5500c Version: $LATEST
END RequestId: 2ca78460-9012-4119-8d77-f03d7df5500c
REPORT RequestId: 2ca78460-9012-4119-8d77-f03d7df5500c Duration: 175369 ms Billed Duration: 175400 ms Memory Size: 128 MB Max Memory Used: 14 MB

{"ioload": "17.7725, 2.9 MB/s;19.073, 2.7 MB/s;16.0515, 3.2 MB/s;17.8567, 2.9 MB/s;17.54, 2.9 MB/s;17.9644, 2.9 MB/s;17.0759, 3.0 MB/s;20.3512, 2.5 MB/s;17.1929, 3.0 MB/s;14.1178, 3.6 MB/s"}
==========Thread14========WARNING: Your kernel does not support swap limit capabilities or the cgroup is not mounted. Memory limited without swap.
START RequestId: 7b4994e7-4151-4c4e-9022-1d7ebfd6a899 Version: $LATEST
END RequestId: 7b4994e7-4151-4c4e-9022-1d7ebfd6a899
REPORT RequestId: 7b4994e7-4151-4c4e-9022-1d7ebfd6a899 Duration: 166590 ms Billed Duration: 166600 ms Memory Size: 128 MB Max Memory Used: 14 MB

{"ioload": "15.7293, 3.3 MB/s;17.9835, 2.8 MB/s;18.5702, 2.8 MB/s;15.4214, 3.3 MB/s;16.332, 3.1 MB/s;16.7088, 3.1 MB/s;13.6958, 3.7 MB/s;15.291, 3.3 MB/s;17.1817, 3.0 MB/s;19.5063, 2.6 MB/s"}
==========Thread15========WARNING: Your kernel does not support swap limit capabilities or the cgroup is not mounted. Memory limited without swap.
START RequestId: 964baae4-a113-4b6c-834e-172686708239 Version: $LATEST
END RequestId: 964baae4-a113-4b6c-834e-172686708239
REPORT RequestId: 964baae4-a113-4b6c-834e-172686708239 Duration: 171258 ms Billed Duration: 171300 ms Memory Size: 128 MB Max Memory Used: 14 MB

{"ioload": "19.5818, 2.6 MB/s;16.8559, 3.0 MB/s;17.7885, 2.9 MB/s;16.1745, 3.2 MB/s;14.7521, 3.5 MB/s;18.5835, 2.8 MB/s;14.1697, 3.6 MB/s;17.1693, 3.0 MB/s;19.0204, 2.7 MB/s;16.9965, 3.0 MB/s"}
==========Thread16========WARNING: Your kernel does not support swap limit capabilities or the cgroup is not mounted. Memory limited without swap.
START RequestId: fbd3aa54-a3c0-4669-bdbe-7392c9b9cc75 Version: $LATEST
END RequestId: fbd3aa54-a3c0-4669-bdbe-7392c9b9cc75
REPORT RequestId: fbd3aa54-a3c0-4669-bdbe-7392c9b9cc75 Duration: 177235 ms Billed Duration: 177300 ms Memory Size: 128 MB Max Memory Used: 14 MB

{"ioload": "19.6802, 2.6 MB/s;18.1851, 2.8 MB/s;18.0637, 2.8 MB/s;17.1779, 3.0 MB/s;17.7473, 2.9 MB/s;17.9313, 2.9 MB/s;18.2196, 2.8 MB/s;17.3205, 3.0 MB/s;16.852, 3.0 MB/s;15.8316, 3.2 MB/s"}
==========Thread17========WARNING: Your kernel does not support swap limit capabilities or the cgroup is not mounted. Memory limited without swap.
START RequestId: 0b63601b-2440-4c8c-bff4-7ec32f685764 Version: $LATEST
END RequestId: 0b63601b-2440-4c8c-bff4-7ec32f685764
REPORT RequestId: 0b63601b-2440-4c8c-bff4-7ec32f685764 Duration: 174395 ms Billed Duration: 174400 ms Memory Size: 128 MB Max Memory Used: 14 MB

{"ioload": "21.5099, 2.4 MB/s;15.8012, 3.2 MB/s;17.5269, 2.9 MB/s;17.5874, 2.9 MB/s;18.0705, 2.8 MB/s;16.6808, 3.1 MB/s;19.6868, 2.6 MB/s;16.6805, 3.1 MB/s;15.6744, 3.3 MB/s;15.0142, 3.4 MB/s"}
==========Thread18========WARNING: Your kernel does not support swap limit capabilities or the cgroup is not mounted. Memory limited without swap.
START RequestId: 3e6d42ba-476a-4776-a082-6f1041e28b75 Version: $LATEST
END RequestId: 3e6d42ba-476a-4776-a082-6f1041e28b75
REPORT RequestId: 3e6d42ba-476a-4776-a082-6f1041e28b75 Duration: 174096 ms Billed Duration: 174100 ms Memory Size: 128 MB Max Memory Used: 14 MB

{"ioload": "18.5634, 2.8 MB/s;18.6269, 2.7 MB/s;10.6446, 4.8 MB/s;17.237, 3.0 MB/s;17.4738, 2.9 MB/s;20.3782, 2.5 MB/s;18.3426, 2.8 MB/s;14.9922, 3.4 MB/s;21.2375, 2.4 MB/s;16.4301, 3.1 MB/s"}
==========Thread19========WARNING: Your kernel does not support swap limit capabilities or the cgroup is not mounted. Memory limited without swap.
START RequestId: 62ad0005-0eeb-4a4a-9505-558adeb4d2dd Version: $LATEST
END RequestId: 62ad0005-0eeb-4a4a-9505-558adeb4d2dd
REPORT RequestId: 62ad0005-0eeb-4a4a-9505-558adeb4d2dd Duration: 166255 ms Billed Duration: 166300 ms Memory Size: 128 MB Max Memory Used: 14 MB

{"ioload": "13.3277, 3.8 MB/s;20.4902, 2.5 MB/s;16.4208, 3.1 MB/s;15.3916, 3.3 MB/s;18.6621, 2.7 MB/s;19.2947, 2.7 MB/s;12.6521, 4.0 MB/s;16.8191, 3.0 MB/s;12.2015, 4.2 MB/s;20.8216, 2.5 MB/s"}
