==========Thread1========WARNING: Your kernel does not support swap limit capabilities or the cgroup is not mounted. Memory limited without swap.
START RequestId: a23b9195-ffe5-468f-9ecd-27e038c48a46 Version: $LATEST
END RequestId: a23b9195-ffe5-468f-9ecd-27e038c48a46
REPORT RequestId: a23b9195-ffe5-468f-9ecd-27e038c48a46 Duration: 164735 ms Billed Duration: 164800 ms Memory Size: 128 MB Max Memory Used: 14 MB

{"ioload": "18.2222, 2.8 MB/s;14.7223, 3.5 MB/s;15.4394, 3.3 MB/s;18.5352, 2.8 MB/s;18.4541, 2.8 MB/s;12.7247, 4.0 MB/s;18.2419, 2.8 MB/s;15.4185, 3.3 MB/s;18.1277, 2.8 MB/s;14.669, 3.5 MB/s"}
==========Thread2========WARNING: Your kernel does not support swap limit capabilities or the cgroup is not mounted. Memory limited without swap.
START RequestId: e7d0813c-6e1e-45f8-b702-6326f1f77532 Version: $LATEST
END RequestId: e7d0813c-6e1e-45f8-b702-6326f1f77532
REPORT RequestId: e7d0813c-6e1e-45f8-b702-6326f1f77532 Duration: 161608 ms Billed Duration: 161700 ms Memory Size: 128 MB Max Memory Used: 14 MB

{"ioload": "16.9363, 3.0 MB/s;14.5502, 3.5 MB/s;18.9912, 2.7 MB/s;15.8373, 3.2 MB/s;15.9461, 3.2 MB/s;13.3216, 3.8 MB/s;18.2938, 2.8 MB/s;15.382, 3.3 MB/s;17.6619, 2.9 MB/s;14.5135, 3.5 MB/s"}
==========Thread3========WARNING: Your kernel does not support swap limit capabilities or the cgroup is not mounted. Memory limited without swap.
START RequestId: 4c5a7c2e-8cb1-43f2-93a6-7c2de2b48eed Version: $LATEST
END RequestId: 4c5a7c2e-8cb1-43f2-93a6-7c2de2b48eed
REPORT RequestId: 4c5a7c2e-8cb1-43f2-93a6-7c2de2b48eed Duration: 155648 ms Billed Duration: 155700 ms Memory Size: 128 MB Max Memory Used: 14 MB

{"ioload": "14.6254, 3.5 MB/s;14.0472, 3.6 MB/s;15.3529, 3.3 MB/s;18.0004, 2.8 MB/s;12.6118, 4.1 MB/s;16.3452, 3.1 MB/s;16.9536, 3.0 MB/s;18.0399, 2.8 MB/s;13.5847, 3.8 MB/s;15.9194, 3.2 MB/s"}
==========Thread4========WARNING: Your kernel does not support swap limit capabilities or the cgroup is not mounted. Memory limited without swap.
START RequestId: 8bd35e55-b4c1-4f37-bf48-70e5bb4df554 Version: $LATEST
END RequestId: 8bd35e55-b4c1-4f37-bf48-70e5bb4df554
REPORT RequestId: 8bd35e55-b4c1-4f37-bf48-70e5bb4df554 Duration: 163763 ms Billed Duration: 163800 ms Memory Size: 128 MB Max Memory Used: 14 MB

{"ioload": "19.8026, 2.6 MB/s;15.9561, 3.2 MB/s;19.1863, 2.7 MB/s;16.4178, 3.1 MB/s;16.9618, 3.0 MB/s;17.2042, 3.0 MB/s;13.9306, 3.7 MB/s;14.4147, 3.6 MB/s;15.6156, 3.3 MB/s;14.0888, 3.6 MB/s"}
==========Thread5========WARNING: Your kernel does not support swap limit capabilities or the cgroup is not mounted. Memory limited without swap.
START RequestId: 19a1aee1-995e-464e-a588-83f90b144927 Version: $LATEST
END RequestId: 19a1aee1-995e-464e-a588-83f90b144927
REPORT RequestId: 19a1aee1-995e-464e-a588-83f90b144927 Duration: 160652 ms Billed Duration: 160700 ms Memory Size: 128 MB Max Memory Used: 14 MB

{"ioload": "16.4316, 3.1 MB/s;16.2573, 3.1 MB/s;16.725, 3.1 MB/s;16.7892, 3.0 MB/s;15.3323, 3.3 MB/s;14.2855, 3.6 MB/s;18.8613, 2.7 MB/s;15.7712, 3.2 MB/s;16.8575, 3.0 MB/s;13.1802, 3.9 MB/s"}
==========Thread6========WARNING: Your kernel does not support swap limit capabilities or the cgroup is not mounted. Memory limited without swap.
START RequestId: 454992dd-75d6-48df-9230-3e52f060c1fd Version: $LATEST
END RequestId: 454992dd-75d6-48df-9230-3e52f060c1fd
REPORT RequestId: 454992dd-75d6-48df-9230-3e52f060c1fd Duration: 166625 ms Billed Duration: 166700 ms Memory Size: 128 MB Max Memory Used: 14 MB

{"ioload": "18.0115, 2.8 MB/s;14.6966, 3.5 MB/s;15.7013, 3.3 MB/s;18.5444, 2.8 MB/s;16.8064, 3.0 MB/s;15.1284, 3.4 MB/s;19.3183, 2.7 MB/s;17.3729, 2.9 MB/s;16.3358, 3.1 MB/s;14.5415, 3.5 MB/s"}
==========Thread7========WARNING: Your kernel does not support swap limit capabilities or the cgroup is not mounted. Memory limited without swap.
START RequestId: ef3a8b07-5254-4013-91e0-b88886b0c648 Version: $LATEST
END RequestId: ef3a8b07-5254-4013-91e0-b88886b0c648
REPORT RequestId: ef3a8b07-5254-4013-91e0-b88886b0c648 Duration: 154686 ms Billed Duration: 154700 ms Memory Size: 128 MB Max Memory Used: 14 MB

{"ioload": "16.5962, 3.1 MB/s;14.1729, 3.6 MB/s;15.8732, 3.2 MB/s;16.4037, 3.1 MB/s;15.9154, 3.2 MB/s;16.9226, 3.0 MB/s;17.6428, 2.9 MB/s;14.0455, 3.6 MB/s;14.3034, 3.6 MB/s;12.6388, 4.1 MB/s"}
==========Thread8========WARNING: Your kernel does not support swap limit capabilities or the cgroup is not mounted. Memory limited without swap.
START RequestId: 3c3b80bc-2d19-4108-bd7b-da08343546da Version: $LATEST
END RequestId: 3c3b80bc-2d19-4108-bd7b-da08343546da
REPORT RequestId: 3c3b80bc-2d19-4108-bd7b-da08343546da Duration: 167612 ms Billed Duration: 167700 ms Memory Size: 128 MB Max Memory Used: 14 MB

{"ioload": "18.075, 2.8 MB/s;15.2824, 3.4 MB/s;16.2623, 3.1 MB/s;17.8019, 2.9 MB/s;16.9821, 3.0 MB/s;16.7681, 3.1 MB/s;19.3438, 2.6 MB/s;14.78, 3.5 MB/s;18.2462, 2.8 MB/s;13.8941, 3.7 MB/s"}
==========Thread9========WARNING: Your kernel does not support swap limit capabilities or the cgroup is not mounted. Memory limited without swap.
START RequestId: 4d3ab801-4d52-4f2a-805d-12b508fa6aaf Version: $LATEST
END RequestId: 4d3ab801-4d52-4f2a-805d-12b508fa6aaf
REPORT RequestId: 4d3ab801-4d52-4f2a-805d-12b508fa6aaf Duration: 163193 ms Billed Duration: 163200 ms Memory Size: 128 MB Max Memory Used: 14 MB

{"ioload": "18.4004, 2.8 MB/s;15.7756, 3.2 MB/s;19.1176, 2.7 MB/s;16.0441, 3.2 MB/s;17.9951, 2.8 MB/s;17.1525, 3.0 MB/s;16.998, 3.0 MB/s;13.7562, 3.7 MB/s;13.9799, 3.7 MB/s;13.8007, 3.7 MB/s"}
==========Thread10========WARNING: Your kernel does not support swap limit capabilities or the cgroup is not mounted. Memory limited without swap.
START RequestId: 650a4185-b693-4fd7-98d3-936f7df99b7c Version: $LATEST
END RequestId: 650a4185-b693-4fd7-98d3-936f7df99b7c
REPORT RequestId: 650a4185-b693-4fd7-98d3-936f7df99b7c Duration: 167133 ms Billed Duration: 167200 ms Memory Size: 128 MB Max Memory Used: 14 MB

{"ioload": "17.5665, 2.9 MB/s;16.921, 3.0 MB/s;18.4252, 2.8 MB/s;19.0014, 2.7 MB/s;17.1129, 3.0 MB/s;16.966, 3.0 MB/s;17.2568, 3.0 MB/s;14.975, 3.4 MB/s;15.6296, 3.3 MB/s;13.1074, 3.9 MB/s"}
==========Thread11========WARNING: Your kernel does not support swap limit capabilities or the cgroup is not mounted. Memory limited without swap.
START RequestId: fe4bcd13-eef8-40e6-a070-0837a6c409ef Version: $LATEST
END RequestId: fe4bcd13-eef8-40e6-a070-0837a6c409ef
REPORT RequestId: fe4bcd13-eef8-40e6-a070-0837a6c409ef Duration: 159976 ms Billed Duration: 160000 ms Memory Size: 128 MB Max Memory Used: 14 MB

{"ioload": "15.6208, 3.3 MB/s;15.9919, 3.2 MB/s;15.2401, 3.4 MB/s;18.1091, 2.8 MB/s;16.9346, 3.0 MB/s;14.3626, 3.6 MB/s;17.735, 2.9 MB/s;15.3023, 3.3 MB/s;13.4921, 3.8 MB/s;17.0223, 3.0 MB/s"}
==========Thread12========WARNING: Your kernel does not support swap limit capabilities or the cgroup is not mounted. Memory limited without swap.
START RequestId: 86561c31-481a-45a2-bce5-e205cc185616 Version: $LATEST
END RequestId: 86561c31-481a-45a2-bce5-e205cc185616
REPORT RequestId: 86561c31-481a-45a2-bce5-e205cc185616 Duration: 160211 ms Billed Duration: 160300 ms Memory Size: 128 MB Max Memory Used: 14 MB

{"ioload": "16.1565, 3.2 MB/s;16.3843, 3.1 MB/s;16.7721, 3.1 MB/s;16.7193, 3.1 MB/s;14.8723, 3.4 MB/s;14.562, 3.5 MB/s;18.2077, 2.8 MB/s;15.8043, 3.2 MB/s;16.6889, 3.1 MB/s;13.8776, 3.7 MB/s"}
==========Thread13========WARNING: Your kernel does not support swap limit capabilities or the cgroup is not mounted. Memory limited without swap.
START RequestId: 234fa12e-46d7-4850-84ab-baa2369e3883 Version: $LATEST
END RequestId: 234fa12e-46d7-4850-84ab-baa2369e3883
REPORT RequestId: 234fa12e-46d7-4850-84ab-baa2369e3883 Duration: 157203 ms Billed Duration: 157300 ms Memory Size: 128 MB Max Memory Used: 14 MB

{"ioload": "13.6422, 3.8 MB/s;15.0556, 3.4 MB/s;12.9475, 4.0 MB/s;19.5064, 2.6 MB/s;17.0644, 3.0 MB/s;16.5078, 3.1 MB/s;17.2037, 3.0 MB/s;12.6169, 4.1 MB/s;16.1776, 3.2 MB/s;16.3074, 3.1 MB/s"}
==========Thread14========WARNING: Your kernel does not support swap limit capabilities or the cgroup is not mounted. Memory limited without swap.
START RequestId: 52fa9f47-3d3f-40cb-b68b-c2973f73dae7 Version: $LATEST
END RequestId: 52fa9f47-3d3f-40cb-b68b-c2973f73dae7
REPORT RequestId: 52fa9f47-3d3f-40cb-b68b-c2973f73dae7 Duration: 160415 ms Billed Duration: 160500 ms Memory Size: 128 MB Max Memory Used: 14 MB

{"ioload": "19.0159, 2.7 MB/s;11.9447, 4.3 MB/s;17.5909, 2.9 MB/s;15.2463, 3.4 MB/s;14.3777, 3.6 MB/s;14.9324, 3.4 MB/s;17.4197, 2.9 MB/s;17.3344, 3.0 MB/s;17.277, 3.0 MB/s;15.1069, 3.4 MB/s"}
==========Thread15========WARNING: Your kernel does not support swap limit capabilities or the cgroup is not mounted. Memory limited without swap.
START RequestId: df0b7b65-8e50-40c6-824f-1b7db9bc8f14 Version: $LATEST
END RequestId: df0b7b65-8e50-40c6-824f-1b7db9bc8f14
REPORT RequestId: df0b7b65-8e50-40c6-824f-1b7db9bc8f14 Duration: 154874 ms Billed Duration: 154900 ms Memory Size: 128 MB Max Memory Used: 14 MB

{"ioload": "15.245, 3.4 MB/s;16.9854, 3.0 MB/s;13.9927, 3.7 MB/s;18.133, 2.8 MB/s;12.6672, 4.0 MB/s;14.7175, 3.5 MB/s;17.6429, 2.9 MB/s;15.0207, 3.4 MB/s;15.6627, 3.3 MB/s;14.5965, 3.5 MB/s"}
==========Thread16========WARNING: Your kernel does not support swap limit capabilities or the cgroup is not mounted. Memory limited without swap.
START RequestId: b85a78eb-accb-4331-9539-1815ab562945 Version: $LATEST
END RequestId: b85a78eb-accb-4331-9539-1815ab562945
REPORT RequestId: b85a78eb-accb-4331-9539-1815ab562945 Duration: 162111 ms Billed Duration: 162200 ms Memory Size: 128 MB Max Memory Used: 14 MB

{"ioload": "15.476, 3.3 MB/s;15.5735, 3.3 MB/s;16.248, 3.2 MB/s;18.0925, 2.8 MB/s;16.0261, 3.2 MB/s;15.6911, 3.3 MB/s;17.7617, 2.9 MB/s;15.6437, 3.3 MB/s;16.6309, 3.1 MB/s;14.7986, 3.5 MB/s"}
==========Thread17========WARNING: Your kernel does not support swap limit capabilities or the cgroup is not mounted. Memory limited without swap.
START RequestId: ae418986-576e-45e0-8c71-1526bb36b340 Version: $LATEST
END RequestId: ae418986-576e-45e0-8c71-1526bb36b340
REPORT RequestId: ae418986-576e-45e0-8c71-1526bb36b340 Duration: 156167 ms Billed Duration: 156200 ms Memory Size: 128 MB Max Memory Used: 14 MB

{"ioload": "12.0965, 4.2 MB/s;15.103, 3.4 MB/s;14.6605, 3.5 MB/s;18.264, 2.8 MB/s;17.0387, 3.0 MB/s;14.8303, 3.5 MB/s;15.0238, 3.4 MB/s;17.6494, 2.9 MB/s;15.3076, 3.3 MB/s;16.0233, 3.2 MB/s"}
