==========Thread1========WARNING: Your kernel does not support swap limit capabilities or the cgroup is not mounted. Memory limited without swap.
START RequestId: 8b37e8e2-a88f-4222-a93d-2c0e830f46c2 Version: $LATEST
END RequestId: 8b37e8e2-a88f-4222-a93d-2c0e830f46c2
REPORT RequestId: 8b37e8e2-a88f-4222-a93d-2c0e830f46c2 Duration: 114399 ms Billed Duration: 114400 ms Memory Size: 128 MB Max Memory Used: 14 MB

{"ioload": "9.15115, 5.6 MB/s;11.8817, 4.3 MB/s;13.2328, 3.9 MB/s;12.0439, 4.3 MB/s;12.2849, 4.2 MB/s;8.44906, 6.1 MB/s;12.0411, 4.3 MB/s;10.6492, 4.8 MB/s;11.5232, 4.4 MB/s;12.9741, 3.9 MB/s"}
==========Thread2========WARNING: Your kernel does not support swap limit capabilities or the cgroup is not mounted. Memory limited without swap.
START RequestId: 50e9df07-f237-42ef-a9d2-08e3228aac47 Version: $LATEST
END RequestId: 50e9df07-f237-42ef-a9d2-08e3228aac47
REPORT RequestId: 50e9df07-f237-42ef-a9d2-08e3228aac47 Duration: 119158 ms Billed Duration: 119200 ms Memory Size: 128 MB Max Memory Used: 14 MB

{"ioload": "11.874, 4.3 MB/s;12.6129, 4.1 MB/s;12.8524, 4.0 MB/s;12.2943, 4.2 MB/s;11.0637, 4.6 MB/s;11.9359, 4.3 MB/s;12.6586, 4.0 MB/s;10.3213, 5.0 MB/s;12.8898, 4.0 MB/s;10.4833, 4.9 MB/s"}
==========Thread3========WARNING: Your kernel does not support swap limit capabilities or the cgroup is not mounted. Memory limited without swap.
START RequestId: 507c4bbf-925a-4f0e-a93d-01f606de8c87 Version: $LATEST
END RequestId: 507c4bbf-925a-4f0e-a93d-01f606de8c87
REPORT RequestId: 507c4bbf-925a-4f0e-a93d-01f606de8c87 Duration: 115123 ms Billed Duration: 115200 ms Memory Size: 128 MB Max Memory Used: 14 MB

{"ioload": "10.8849, 4.7 MB/s;10.9735, 4.7 MB/s;13.0734, 3.9 MB/s;10.7301, 4.8 MB/s;12.2955, 4.2 MB/s;9.09379, 5.6 MB/s;12.3139, 4.2 MB/s;10.8929, 4.7 MB/s;11.1484, 4.6 MB/s;13.5443, 3.8 MB/s"}
==========Thread4========WARNING: Your kernel does not support swap limit capabilities or the cgroup is not mounted. Memory limited without swap.
START RequestId: 74b4cf17-3329-4329-bb53-be40b2275442 Version: $LATEST
END RequestId: 74b4cf17-3329-4329-bb53-be40b2275442
REPORT RequestId: 74b4cf17-3329-4329-bb53-be40b2275442 Duration: 116702 ms Billed Duration: 116800 ms Memory Size: 128 MB Max Memory Used: 14 MB

{"ioload": "11.3827, 4.5 MB/s;13.3018, 3.8 MB/s;12.1183, 4.2 MB/s;12.1442, 4.2 MB/s;12.0869, 4.2 MB/s;8.65764, 5.9 MB/s;12.8815, 4.0 MB/s;10.7883, 4.7 MB/s;10.8468, 4.7 MB/s;12.3251, 4.2 MB/s"}
==========Thread5========WARNING: Your kernel does not support swap limit capabilities or the cgroup is not mounted. Memory limited without swap.
START RequestId: 5e0a6b8a-423a-4fe7-8cc3-3e4df1ffab99 Version: $LATEST
END RequestId: 5e0a6b8a-423a-4fe7-8cc3-3e4df1ffab99
REPORT RequestId: 5e0a6b8a-423a-4fe7-8cc3-3e4df1ffab99 Duration: 121453 ms Billed Duration: 121500 ms Memory Size: 128 MB Max Memory Used: 14 MB

{"ioload": "12.0775, 4.2 MB/s;12.5213, 4.1 MB/s;12.7008, 4.0 MB/s;13.533, 3.8 MB/s;12.6806, 4.0 MB/s;11.7787, 4.3 MB/s;12.3769, 4.1 MB/s;10.1008, 5.1 MB/s;12.4336, 4.1 MB/s;11.0857, 4.6 MB/s"}
==========Thread6========WARNING: Your kernel does not support swap limit capabilities or the cgroup is not mounted. Memory limited without swap.
START RequestId: 93ee930a-d53d-420b-b3d9-1f34947f5492 Version: $LATEST
END RequestId: 93ee930a-d53d-420b-b3d9-1f34947f5492
REPORT RequestId: 93ee930a-d53d-420b-b3d9-1f34947f5492 Duration: 117276 ms Billed Duration: 117300 ms Memory Size: 128 MB Max Memory Used: 14 MB

{"ioload": "12.3873, 4.1 MB/s;11.7874, 4.3 MB/s;12.6008, 4.1 MB/s;12.4566, 4.1 MB/s;11.9668, 4.3 MB/s;10.1699, 5.0 MB/s;12.4765, 4.1 MB/s;10.5871, 4.8 MB/s;10.9076, 4.7 MB/s;11.7629, 4.4 MB/s"}
==========Thread7========WARNING: Your kernel does not support swap limit capabilities or the cgroup is not mounted. Memory limited without swap.
START RequestId: d5d965c1-76ac-421b-b46f-aa7e334f63f9 Version: $LATEST
END RequestId: d5d965c1-76ac-421b-b46f-aa7e334f63f9
REPORT RequestId: d5d965c1-76ac-421b-b46f-aa7e334f63f9 Duration: 120528 ms Billed Duration: 120600 ms Memory Size: 128 MB Max Memory Used: 14 MB

{"ioload": "12.274, 4.2 MB/s;12.1574, 4.2 MB/s;11.9929, 4.3 MB/s;13.4338, 3.8 MB/s;12.9298, 4.0 MB/s;12.2391, 4.2 MB/s;11.8068, 4.3 MB/s;10.7096, 4.8 MB/s;12.7854, 4.0 MB/s;10.0386, 5.1 MB/s"}
==========Thread8========WARNING: Your kernel does not support swap limit capabilities or the cgroup is not mounted. Memory limited without swap.
START RequestId: 0a75c95d-dbf1-4bf9-ad6f-55aaafc830df Version: $LATEST
END RequestId: 0a75c95d-dbf1-4bf9-ad6f-55aaafc830df
REPORT RequestId: 0a75c95d-dbf1-4bf9-ad6f-55aaafc830df Duration: 116404 ms Billed Duration: 116500 ms Memory Size: 128 MB Max Memory Used: 14 MB

{"ioload": "10.8885, 4.7 MB/s;11.8658, 4.3 MB/s;12.887, 4.0 MB/s;11.6101, 4.4 MB/s;12.4528, 4.1 MB/s;11.8117, 4.3 MB/s;11.7835, 4.3 MB/s;9.41889, 5.4 MB/s;11.1146, 4.6 MB/s;12.3941, 4.1 MB/s"}
==========Thread9========WARNING: Your kernel does not support swap limit capabilities or the cgroup is not mounted. Memory limited without swap.
START RequestId: 7f0e5259-4729-41f9-a031-203b5805e8c5 Version: $LATEST
END RequestId: 7f0e5259-4729-41f9-a031-203b5805e8c5
REPORT RequestId: 7f0e5259-4729-41f9-a031-203b5805e8c5 Duration: 115236 ms Billed Duration: 115300 ms Memory Size: 128 MB Max Memory Used: 14 MB

{"ioload": "11.8066, 4.3 MB/s;11.8398, 4.3 MB/s;13.0826, 3.9 MB/s;12.0421, 4.3 MB/s;12.1638, 4.2 MB/s;8.32595, 6.1 MB/s;11.6178, 4.4 MB/s;11.027, 4.6 MB/s;11.2186, 4.6 MB/s;11.9444, 4.3 MB/s"}
==========Thread10========WARNING: Your kernel does not support swap limit capabilities or the cgroup is not mounted. Memory limited without swap.
START RequestId: a5d41f8e-855a-48ee-ad54-f0fb54270ee5 Version: $LATEST
END RequestId: a5d41f8e-855a-48ee-ad54-f0fb54270ee5
REPORT RequestId: a5d41f8e-855a-48ee-ad54-f0fb54270ee5 Duration: 118144 ms Billed Duration: 118200 ms Memory Size: 128 MB Max Memory Used: 14 MB

{"ioload": "12.9881, 3.9 MB/s;11.6333, 4.4 MB/s;12.8653, 4.0 MB/s;11.7705, 4.3 MB/s;11.0172, 4.6 MB/s;12.407, 4.1 MB/s;11.8693, 4.3 MB/s;10.1722, 5.0 MB/s;11.7114, 4.4 MB/s;11.5435, 4.4 MB/s"}
==========Thread11========WARNING: Your kernel does not support swap limit capabilities or the cgroup is not mounted. Memory limited without swap.
START RequestId: 0c53247b-9237-4be5-9c70-84a7dfd60e1f Version: $LATEST
END RequestId: 0c53247b-9237-4be5-9c70-84a7dfd60e1f
REPORT RequestId: 0c53247b-9237-4be5-9c70-84a7dfd60e1f Duration: 118567 ms Billed Duration: 118600 ms Memory Size: 128 MB Max Memory Used: 14 MB

{"ioload": "12.3414, 4.1 MB/s;12.3798, 4.1 MB/s;12.7889, 4.0 MB/s;11.4239, 4.5 MB/s;12.4287, 4.1 MB/s;11.3, 4.5 MB/s;11.7953, 4.3 MB/s;9.83696, 5.2 MB/s;12.1677, 4.2 MB/s;11.9286, 4.3 MB/s"}
