
==========Thread1========WARNING: Your kernel does not support swap limit capabilities or the cgroup is not mounted. Memory limited without swap.
START RequestId: a970fb78-5d7b-47a2-8453-88daa43aa987 Version: $LATEST
END RequestId: a970fb78-5d7b-47a2-8453-88daa43aa987
REPORT RequestId: a970fb78-5d7b-47a2-8453-88daa43aa987 Duration: 12274 ms Billed Duration: 12300 ms Memory Size: 128 MB Max Memory Used: 119 MB

{"ioload": "1.35765, 37.7 MB/s;1.47261, 34.8 MB/s;1.39839, 36.6 MB/s;1.51287, 33.8 MB/s;0.908113, 56.4 MB/s;0.99458, 51.5 MB/s;1.39825, 36.6 MB/s;1.34915, 37.9 MB/s;0.784148, 65.3 MB/s;0.612101, 83.6 MB/s"}

==========Thread2========WARNING: Your kernel does not support swap limit capabilities or the cgroup is not mounted. Memory limited without swap.
START RequestId: 8d63e818-fc2a-44fa-adbf-94279aaa5f23 Version: $LATEST
END RequestId: 8d63e818-fc2a-44fa-adbf-94279aaa5f23
REPORT RequestId: 8d63e818-fc2a-44fa-adbf-94279aaa5f23 Duration: 12166 ms Billed Duration: 12200 ms Memory Size: 128 MB Max Memory Used: 120 MB

{"ioload": "1.43612, 35.7 MB/s;1.3853, 37.0 MB/s;0.661048, 77.5 MB/s;0.615112, 83.2 MB/s;1.29382, 39.6 MB/s;1.39052, 36.8 MB/s;1.37516, 37.2 MB/s;1.37209, 37.3 MB/s;0.935028, 54.8 MB/s;1.16922, 43.8 MB/s"}

==========Thread3========WARNING: Your kernel does not support swap limit capabilities or the cgroup is not mounted. Memory limited without swap.
START RequestId: f7ccb7dd-880d-4389-a35e-5873003fa69a Version: $LATEST
END RequestId: f7ccb7dd-880d-4389-a35e-5873003fa69a
REPORT RequestId: f7ccb7dd-880d-4389-a35e-5873003fa69a Duration: 11612 ms Billed Duration: 11700 ms Memory Size: 128 MB Max Memory Used: 119 MB

{"ioload": "1.37356, 37.3 MB/s;1.11933, 45.7 MB/s;1.45282, 35.2 MB/s;0.941612, 54.4 MB/s;0.438628, 117 MB/s;0.750284, 68.2 MB/s;1.31369, 39.0 MB/s;1.38975, 36.8 MB/s;1.01851, 50.3 MB/s;1.29903, 39.4 MB/s"}

==========Thread4========WARNING: Your kernel does not support swap limit capabilities or the cgroup is not mounted. Memory limited without swap.
START RequestId: bd2585d4-a546-46d9-adc4-ee53478897c9 Version: $LATEST
END RequestId: bd2585d4-a546-46d9-adc4-ee53478897c9
REPORT RequestId: bd2585d4-a546-46d9-adc4-ee53478897c9 Duration: 11088 ms Billed Duration: 11100 ms Memory Size: 128 MB Max Memory Used: 120 MB

{"ioload": "1.59526, 32.1 MB/s;1.08165, 47.3 MB/s;1.32812, 38.6 MB/s;1.18015, 43.4 MB/s;1.27402, 40.2 MB/s;0.961202, 53.3 MB/s;1.0513, 48.7 MB/s;0.649466, 78.8 MB/s;1.19074, 43.0 MB/s;0.291317, 176 MB/s"}

==========Thread5========WARNING: Your kernel does not support swap limit capabilities or the cgroup is not mounted. Memory limited without swap.
START RequestId: 1814ace5-fe71-4b05-ab1b-ad742849953c Version: $LATEST
END RequestId: 1814ace5-fe71-4b05-ab1b-ad742849953c
REPORT RequestId: 1814ace5-fe71-4b05-ab1b-ad742849953c Duration: 12240 ms Billed Duration: 12300 ms Memory Size: 128 MB Max Memory Used: 121 MB

{"ioload": "0.646601, 79.2 MB/s;1.21582, 42.1 MB/s;1.50001, 34.1 MB/s;1.42964, 35.8 MB/s;1.13181, 45.2 MB/s;1.3535, 37.8 MB/s;0.996368, 51.4 MB/s;1.14972, 44.5 MB/s;1.24605, 41.1 MB/s;1.02233, 50.1 MB/s"}
