
==========Thread1========WARNING: Your kernel does not support swap limit capabilities or the cgroup is not mounted. Memory limited without swap.
START RequestId: 1b41774f-7602-4507-a61f-ec37040bdf0c Version: $LATEST
END RequestId: 1b41774f-7602-4507-a61f-ec37040bdf0c
REPORT RequestId: 1b41774f-7602-4507-a61f-ec37040bdf0c Duration: 12805 ms Billed Duration: 12900 ms Memory Size: 128 MB Max Memory Used: 119 MB

{"ioload": "1.32863, 38.5 MB/s;1.69339, 30.2 MB/s;1.33241, 38.4 MB/s;0.728397, 70.3 MB/s;1.48841, 34.4 MB/s;1.33912, 38.2 MB/s;1.56566, 32.7 MB/s;1.27753, 40.1 MB/s;0.922123, 55.5 MB/s;0.663163, 77.2 MB/s"}

==========Thread2========WARNING: Your kernel does not support swap limit capabilities or the cgroup is not mounted. Memory limited without swap.
START RequestId: 992ef47d-20da-4d4f-93ea-21039de2581e Version: $LATEST
END RequestId: 992ef47d-20da-4d4f-93ea-21039de2581e
REPORT RequestId: 992ef47d-20da-4d4f-93ea-21039de2581e Duration: 12688 ms Billed Duration: 12700 ms Memory Size: 128 MB Max Memory Used: 120 MB

{"ioload": "1.43968, 35.6 MB/s;1.19993, 42.7 MB/s;1.40795, 36.4 MB/s;1.51582, 33.8 MB/s;1.22851, 41.7 MB/s;1.36782, 37.4 MB/s;0.961987, 53.2 MB/s;0.940324, 54.4 MB/s;1.18261, 43.3 MB/s;0.951245, 53.8 MB/s"}

==========Thread3========WARNING: Your kernel does not support swap limit capabilities or the cgroup is not mounted. Memory limited without swap.
START RequestId: ee0ca8f6-dc7e-4e3a-a5ec-17ce1ffb7168 Version: $LATEST
END RequestId: ee0ca8f6-dc7e-4e3a-a5ec-17ce1ffb7168
REPORT RequestId: ee0ca8f6-dc7e-4e3a-a5ec-17ce1ffb7168 Duration: 14436 ms Billed Duration: 14500 ms Memory Size: 128 MB Max Memory Used: 120 MB

{"ioload": "0.983694, 52.0 MB/s;1.65911, 30.9 MB/s;1.4483, 35.4 MB/s;1.20344, 42.5 MB/s;0.972633, 52.6 MB/s;1.65539, 30.9 MB/s;1.72729, 29.6 MB/s;1.47125, 34.8 MB/s;1.54982, 33.0 MB/s;1.25875, 40.7 MB/s"}

==========Thread4========WARNING: Your kernel does not support swap limit capabilities or the cgroup is not mounted. Memory limited without swap.
START RequestId: f8384378-daa0-4ba4-946f-79b71506fdc7 Version: $LATEST
END RequestId: f8384378-daa0-4ba4-946f-79b71506fdc7
REPORT RequestId: f8384378-daa0-4ba4-946f-79b71506fdc7 Duration: 14258 ms Billed Duration: 14300 ms Memory Size: 128 MB Max Memory Used: 119 MB

{"ioload": "1.55868, 32.8 MB/s;1.11243, 46.0 MB/s;1.48483, 34.5 MB/s;1.682, 30.4 MB/s;1.31353, 39.0 MB/s;1.69313, 30.2 MB/s;1.47922, 34.6 MB/s;1.54008, 33.2 MB/s;1.34427, 38.1 MB/s;0.576037, 88.9 MB/s"}

==========Thread5========WARNING: Your kernel does not support swap limit capabilities or the cgroup is not mounted. Memory limited without swap.
START RequestId: 52c95e80-fda6-4f9c-ac97-94be8283ebe7 Version: $LATEST
END RequestId: 52c95e80-fda6-4f9c-ac97-94be8283ebe7
REPORT RequestId: 52c95e80-fda6-4f9c-ac97-94be8283ebe7 Duration: 13639 ms Billed Duration: 13700 ms Memory Size: 128 MB Max Memory Used: 119 MB

{"ioload": "1.13735, 45.0 MB/s;1.29403, 39.6 MB/s;1.5405, 33.2 MB/s;1.24693, 41.1 MB/s;1.68921, 30.3 MB/s;1.17233, 43.7 MB/s;1.28567, 39.8 MB/s;0.937826, 54.6 MB/s;1.47861, 34.6 MB/s;1.37649, 37.2 MB/s"}

==========Thread6========WARNING: Your kernel does not support swap limit capabilities or the cgroup is not mounted. Memory limited without swap.
START RequestId: 19fc0c48-a55e-4f54-bef5-9f8810d41f29 Version: $LATEST
END RequestId: 19fc0c48-a55e-4f54-bef5-9f8810d41f29
REPORT RequestId: 19fc0c48-a55e-4f54-bef5-9f8810d41f29 Duration: 14418 ms Billed Duration: 14500 ms Memory Size: 128 MB Max Memory Used: 119 MB

{"ioload": "1.47724, 34.7 MB/s;1.6228, 31.6 MB/s;1.45409, 35.2 MB/s;1.68324, 30.4 MB/s;1.30692, 39.2 MB/s;1.68884, 30.3 MB/s;1.48458, 34.5 MB/s;1.49462, 34.3 MB/s;1.38538, 37.0 MB/s;0.359452, 142 MB/s"}
