
==========Thread1========WARNING: Your kernel does not support swap limit capabilities or the cgroup is not mounted. Memory limited without swap.
START RequestId: 9d3c3013-de62-4312-a482-6d225d399fdc Version: $LATEST
END RequestId: 9d3c3013-de62-4312-a482-6d225d399fdc
REPORT RequestId: 9d3c3013-de62-4312-a482-6d225d399fdc Duration: 16989 ms Billed Duration: 17000 ms Memory Size: 128 MB Max Memory Used: 119 MB

{"ioload": "1.95136, 26.2 MB/s;1.90137, 26.9 MB/s;1.78969, 28.6 MB/s;1.86349, 27.5 MB/s;1.96366, 26.1 MB/s;2.03415, 25.2 MB/s;1.56194, 32.8 MB/s;1.24519, 41.1 MB/s;1.30692, 39.2 MB/s;0.942751, 54.3 MB/s"}

==========Thread2========WARNING: Your kernel does not support swap limit capabilities or the cgroup is not mounted. Memory limited without swap.
START RequestId: 64fc1992-25e0-4d7e-a367-31aa46cc336b Version: $LATEST
END RequestId: 64fc1992-25e0-4d7e-a367-31aa46cc336b
REPORT RequestId: 64fc1992-25e0-4d7e-a367-31aa46cc336b Duration: 14610 ms Billed Duration: 14700 ms Memory Size: 128 MB Max Memory Used: 120 MB

{"ioload": "0.801083, 63.9 MB/s;0.548787, 93.3 MB/s;1.52532, 33.6 MB/s;2.05392, 24.9 MB/s;1.40733, 36.4 MB/s;1.5865, 32.3 MB/s;1.64325, 31.2 MB/s;1.11668, 45.9 MB/s;1.78539, 28.7 MB/s;1.6572, 30.9 MB/s"}

==========Thread3========WARNING: Your kernel does not support swap limit capabilities or the cgroup is not mounted. Memory limited without swap.
START RequestId: 5dac6065-daf9-4632-aebb-50ea4a0bf743 Version: $LATEST
END RequestId: 5dac6065-daf9-4632-aebb-50ea4a0bf743
REPORT RequestId: 5dac6065-daf9-4632-aebb-50ea4a0bf743 Duration: 16122 ms Billed Duration: 16200 ms Memory Size: 128 MB Max Memory Used: 119 MB

{"ioload": "1.92231, 26.6 MB/s;1.90278, 26.9 MB/s;1.73451, 29.5 MB/s;1.63284, 31.4 MB/s;1.60163, 32.0 MB/s;1.5459, 33.1 MB/s;0.578503, 88.5 MB/s;1.71539, 29.8 MB/s;1.66293, 30.8 MB/s;1.4033, 36.5 MB/s"}

==========Thread4========WARNING: Your kernel does not support swap limit capabilities or the cgroup is not mounted. Memory limited without swap.
START RequestId: b2187e4e-9406-4e83-9658-473f589c8299 Version: $LATEST
END RequestId: b2187e4e-9406-4e83-9658-473f589c8299
REPORT RequestId: b2187e4e-9406-4e83-9658-473f589c8299 Duration: 17292 ms Billed Duration: 17300 ms Memory Size: 128 MB Max Memory Used: 120 MB

{"ioload": "1.57403, 32.5 MB/s;1.65205, 31.0 MB/s;1.86571, 27.4 MB/s;1.80285, 28.4 MB/s;1.58978, 32.2 MB/s;2.08325, 24.6 MB/s;1.49477, 34.3 MB/s;1.78111, 28.7 MB/s;1.5052, 34.0 MB/s;1.47471, 34.7 MB/s"}

==========Thread5========WARNING: Your kernel does not support swap limit capabilities or the cgroup is not mounted. Memory limited without swap.
START RequestId: c0f403c2-f28e-4eec-9f15-f99c37f042b9 Version: $LATEST
END RequestId: c0f403c2-f28e-4eec-9f15-f99c37f042b9
REPORT RequestId: c0f403c2-f28e-4eec-9f15-f99c37f042b9 Duration: 16503 ms Billed Duration: 16600 ms Memory Size: 128 MB Max Memory Used: 120 MB

{"ioload": "1.74361, 29.4 MB/s;1.33861, 38.2 MB/s;1.39519, 36.7 MB/s;1.65308, 31.0 MB/s;1.39789, 36.6 MB/s;1.53982, 33.3 MB/s;1.87944, 27.2 MB/s;1.86294, 27.5 MB/s;1.6528, 31.0 MB/s;1.60462, 31.9 MB/s"}

==========Thread6========WARNING: Your kernel does not support swap limit capabilities or the cgroup is not mounted. Memory limited without swap.
START RequestId: 05010326-51d0-4a24-b32c-ddb55827b1ff Version: $LATEST
END RequestId: 05010326-51d0-4a24-b32c-ddb55827b1ff
REPORT RequestId: 05010326-51d0-4a24-b32c-ddb55827b1ff Duration: 17735 ms Billed Duration: 17800 ms Memory Size: 128 MB Max Memory Used: 119 MB

{"ioload": "1.86647, 27.4 MB/s;1.37385, 37.3 MB/s;1.4908, 34.3 MB/s;1.81385, 28.2 MB/s;1.88342, 27.2 MB/s;2.01626, 25.4 MB/s;1.97242, 26.0 MB/s;1.69017, 30.3 MB/s;1.68514, 30.4 MB/s;1.51123, 33.9 MB/s"}

==========Thread7========WARNING: Your kernel does not support swap limit capabilities or the cgroup is not mounted. Memory limited without swap.
START RequestId: 829b5c22-2b1c-4629-b047-4a05789756f0 Version: $LATEST
END RequestId: 829b5c22-2b1c-4629-b047-4a05789756f0
REPORT RequestId: 829b5c22-2b1c-4629-b047-4a05789756f0 Duration: 16515 ms Billed Duration: 16600 ms Memory Size: 128 MB Max Memory Used: 120 MB

{"ioload": "1.87717, 27.3 MB/s;1.80112, 28.4 MB/s;1.40515, 36.4 MB/s;1.77129, 28.9 MB/s;1.56309, 32.8 MB/s;1.93908, 26.4 MB/s;1.63043, 31.4 MB/s;1.55683, 32.9 MB/s;1.74716, 29.3 MB/s;0.787892, 65.0 MB/s"}

==========Thread8========WARNING: Your kernel does not support swap limit capabilities or the cgroup is not mounted. Memory limited without swap.
START RequestId: a18d3948-b01e-4379-a553-aa5d688ac1f5 Version: $LATEST
END RequestId: a18d3948-b01e-4379-a553-aa5d688ac1f5
REPORT RequestId: a18d3948-b01e-4379-a553-aa5d688ac1f5 Duration: 18104 ms Billed Duration: 18200 ms Memory Size: 128 MB Max Memory Used: 121 MB

{"ioload": "1.68585, 30.4 MB/s;1.90173, 26.9 MB/s;1.81382, 28.2 MB/s;1.61694, 31.7 MB/s;1.87788, 27.3 MB/s;1.96285, 26.1 MB/s;2.18274, 23.5 MB/s;1.71478, 29.9 MB/s;1.4246, 35.9 MB/s;1.44471, 35.4 MB/s"}
