
==========Thread1========WARNING: Your kernel does not support swap limit capabilities or the cgroup is not mounted. Memory limited without swap.
START RequestId: 02cbe578-0964-4eea-b2f1-26fe8cd40e91 Version: $LATEST
END RequestId: 02cbe578-0964-4eea-b2f1-26fe8cd40e91
REPORT RequestId: 02cbe578-0964-4eea-b2f1-26fe8cd40e91 Duration: 14640 ms Billed Duration: 14700 ms Memory Size: 128 MB Max Memory Used: 120 MB

{"ioload": "1.7121, 29.9 MB/s;1.46558, 34.9 MB/s;1.62257, 31.6 MB/s;1.69673, 30.2 MB/s;0.792393, 64.6 MB/s;1.2248, 41.8 MB/s;1.8681, 27.4 MB/s;1.39563, 36.7 MB/s;1.52643, 33.5 MB/s;0.881692, 58.1 MB/s"}

==========Thread2========WARNING: Your kernel does not support swap limit capabilities or the cgroup is not mounted. Memory limited without swap.
START RequestId: 4aa54c0d-c484-4b96-aa0a-4d1e5bff529a Version: $LATEST
END RequestId: 4aa54c0d-c484-4b96-aa0a-4d1e5bff529a
REPORT RequestId: 4aa54c0d-c484-4b96-aa0a-4d1e5bff529a Duration: 15565 ms Billed Duration: 15600 ms Memory Size: 128 MB Max Memory Used: 119 MB

{"ioload": "1.11441, 45.9 MB/s;1.5031, 34.1 MB/s;1.64708, 31.1 MB/s;1.43845, 35.6 MB/s;1.43736, 35.6 MB/s;2.1998, 23.3 MB/s;1.94581, 26.3 MB/s;1.68077, 30.5 MB/s;1.41509, 36.2 MB/s;0.715831, 71.5 MB/s"}

==========Thread3========WARNING: Your kernel does not support swap limit capabilities or the cgroup is not mounted. Memory limited without swap.
START RequestId: d28ff4e7-dc83-4e4c-aeb0-56e713a23dad Version: $LATEST
END RequestId: d28ff4e7-dc83-4e4c-aeb0-56e713a23dad
REPORT RequestId: d28ff4e7-dc83-4e4c-aeb0-56e713a23dad Duration: 15287 ms Billed Duration: 15300 ms Memory Size: 128 MB Max Memory Used: 119 MB

{"ioload": "0.665671, 76.9 MB/s;1.11633, 45.9 MB/s;1.57218, 32.6 MB/s;1.64127, 31.2 MB/s;1.48962, 34.4 MB/s;1.46367, 35.0 MB/s;2.05481, 24.9 MB/s;1.91622, 26.7 MB/s;1.37501, 37.2 MB/s;1.50957, 33.9 MB/s"}

==========Thread4========WARNING: Your kernel does not support swap limit capabilities or the cgroup is not mounted. Memory limited without swap.
START RequestId: 4dc3984c-20d0-4420-9e19-63865049b06f Version: $LATEST
END RequestId: 4dc3984c-20d0-4420-9e19-63865049b06f
REPORT RequestId: 4dc3984c-20d0-4420-9e19-63865049b06f Duration: 14981 ms Billed Duration: 15000 ms Memory Size: 128 MB Max Memory Used: 120 MB

{"ioload": "0.869955, 58.9 MB/s;1.58741, 32.3 MB/s;1.4861, 34.5 MB/s;1.50255, 34.1 MB/s;1.55613, 32.9 MB/s;1.53795, 33.3 MB/s;1.3831, 37.0 MB/s;1.65734, 30.9 MB/s;1.70157, 30.1 MB/s;1.24389, 41.2 MB/s"}

==========Thread5========WARNING: Your kernel does not support swap limit capabilities or the cgroup is not mounted. Memory limited without swap.
START RequestId: ee6f3915-965d-4120-a7e3-ffd290928c3a Version: $LATEST
END RequestId: ee6f3915-965d-4120-a7e3-ffd290928c3a
REPORT RequestId: ee6f3915-965d-4120-a7e3-ffd290928c3a Duration: 15796 ms Billed Duration: 15800 ms Memory Size: 128 MB Max Memory Used: 121 MB

{"ioload": "1.72886, 29.6 MB/s;1.61186, 31.8 MB/s;1.56513, 32.7 MB/s;1.53351, 33.4 MB/s;2.03638, 25.1 MB/s;1.4713, 34.8 MB/s;1.91793, 26.7 MB/s;1.16604, 43.9 MB/s;1.56387, 32.7 MB/s;0.733344, 69.8 MB/s"}

==========Thread6========WARNING: Your kernel does not support swap limit capabilities or the cgroup is not mounted. Memory limited without swap.
START RequestId: 5498036d-781d-4bb8-9613-dbd029259fb0 Version: $LATEST
END RequestId: 5498036d-781d-4bb8-9613-dbd029259fb0
REPORT RequestId: 5498036d-781d-4bb8-9613-dbd029259fb0 Duration: 16087 ms Billed Duration: 16100 ms Memory Size: 128 MB Max Memory Used: 120 MB

{"ioload": "1.30932, 39.1 MB/s;1.2445, 41.1 MB/s;1.57866, 32.4 MB/s;1.61916, 31.6 MB/s;1.34359, 38.1 MB/s;1.86259, 27.5 MB/s;2.08998, 24.5 MB/s;1.83934, 27.8 MB/s;1.52651, 33.5 MB/s;1.19605, 42.8 MB/s"}

==========Thread7========WARNING: Your kernel does not support swap limit capabilities or the cgroup is not mounted. Memory limited without swap.
START RequestId: 0f70688b-e71a-425b-a30c-46e55ebf71c6 Version: $LATEST
END RequestId: 0f70688b-e71a-425b-a30c-46e55ebf71c6
REPORT RequestId: 0f70688b-e71a-425b-a30c-46e55ebf71c6 Duration: 15492 ms Billed Duration: 15500 ms Memory Size: 128 MB Max Memory Used: 120 MB

{"ioload": "0.750716, 68.2 MB/s;1.49894, 34.2 MB/s;1.71055, 29.9 MB/s;1.42659, 35.9 MB/s;1.50515, 34.0 MB/s;1.4934, 34.3 MB/s;2.20973, 23.2 MB/s;1.52103, 33.7 MB/s;1.49897, 34.2 MB/s;1.4126, 36.2 MB/s"}
