
==========Thread1========WARNING: Your kernel does not support swap limit capabilities or the cgroup is not mounted. Memory limited without swap.
START RequestId: 442e9f27-08e4-417c-b53e-26daa6f40c51 Version: $LATEST
END RequestId: 442e9f27-08e4-417c-b53e-26daa6f40c51
REPORT RequestId: 442e9f27-08e4-417c-b53e-26daa6f40c51 Duration: 20027 ms Billed Duration: 20100 ms Memory Size: 128 MB Max Memory Used: 120 MB

{"ioload": "2.13846, 23.9 MB/s;2.37143, 21.6 MB/s;2.4887, 20.6 MB/s;2.27541, 22.5 MB/s;2.11763, 24.2 MB/s;2.14734, 23.8 MB/s;2.33048, 22.0 MB/s;2.42099, 21.1 MB/s;0.809217, 63.3 MB/s;0.483582, 106 MB/s"}

==========Thread2========WARNING: Your kernel does not support swap limit capabilities or the cgroup is not mounted. Memory limited without swap.
START RequestId: 28876900-5493-455e-9c5d-73b93e5d2cc1 Version: $LATEST
END RequestId: 28876900-5493-455e-9c5d-73b93e5d2cc1
REPORT RequestId: 28876900-5493-455e-9c5d-73b93e5d2cc1 Duration: 18721 ms Billed Duration: 18800 ms Memory Size: 128 MB Max Memory Used: 119 MB

{"ioload": "2.03347, 25.2 MB/s;2.11563, 24.2 MB/s;1.96731, 26.0 MB/s;1.48553, 34.5 MB/s;1.93434, 26.5 MB/s;1.72399, 29.7 MB/s;1.59631, 32.1 MB/s;1.9093, 26.8 MB/s;2.61498, 19.6 MB/s;0.922717, 55.5 MB/s"}

==========Thread3========WARNING: Your kernel does not support swap limit capabilities or the cgroup is not mounted. Memory limited without swap.
START RequestId: 4157febd-c351-4014-833a-ba7f4bae520e Version: $LATEST
END RequestId: 4157febd-c351-4014-833a-ba7f4bae520e
REPORT RequestId: 4157febd-c351-4014-833a-ba7f4bae520e Duration: 20612 ms Billed Duration: 20700 ms Memory Size: 128 MB Max Memory Used: 119 MB

{"ioload": "1.52391, 33.6 MB/s;2.25884, 22.7 MB/s;2.19694, 23.3 MB/s;2.51804, 20.3 MB/s;2.16962, 23.6 MB/s;2.09803, 24.4 MB/s;2.45929, 20.8 MB/s;2.63676, 19.4 MB/s;1.56917, 32.6 MB/s;0.77277, 66.3 MB/s"}

==========Thread4========WARNING: Your kernel does not support swap limit capabilities or the cgroup is not mounted. Memory limited without swap.
START RequestId: ec49c325-739a-4713-ade6-1e49779ead80 Version: $LATEST
END RequestId: ec49c325-739a-4713-ade6-1e49779ead80
REPORT RequestId: ec49c325-739a-4713-ade6-1e49779ead80 Duration: 20184 ms Billed Duration: 20200 ms Memory Size: 128 MB Max Memory Used: 121 MB

{"ioload": "1.84601, 27.7 MB/s;2.30912, 22.2 MB/s;2.49161, 20.5 MB/s;2.17079, 23.6 MB/s;2.16378, 23.7 MB/s;2.65784, 19.3 MB/s;1.57754, 32.5 MB/s;2.25872, 22.7 MB/s;1.29445, 39.6 MB/s;0.944327, 54.2 MB/s"}

==========Thread5========WARNING: Your kernel does not support swap limit capabilities or the cgroup is not mounted. Memory limited without swap.
START RequestId: 94376262-7a92-4fc3-bdf0-2eb762c5887f Version: $LATEST
END RequestId: 94376262-7a92-4fc3-bdf0-2eb762c5887f
REPORT RequestId: 94376262-7a92-4fc3-bdf0-2eb762c5887f Duration: 19680 ms Billed Duration: 19700 ms Memory Size: 128 MB Max Memory Used: 120 MB

{"ioload": "1.39327, 36.7 MB/s;1.60241, 32.0 MB/s;1.97318, 25.9 MB/s;2.11923, 24.2 MB/s;2.56617, 20.0 MB/s;1.71414, 29.9 MB/s;1.8101, 28.3 MB/s;1.99816, 25.6 MB/s;2.39788, 21.4 MB/s;1.63194, 31.4 MB/s"}

==========Thread6========WARNING: Your kernel does not support swap limit capabilities or the cgroup is not mounted. Memory limited without swap.
START RequestId: 9f936060-afdf-47e4-a28c-7a489417d63d Version: $LATEST
END RequestId: 9f936060-afdf-47e4-a28c-7a489417d63d
REPORT RequestId: 9f936060-afdf-47e4-a28c-7a489417d63d Duration: 18710 ms Billed Duration: 18800 ms Memory Size: 128 MB Max Memory Used: 120 MB

{"ioload": "2.05574, 24.9 MB/s;1.98662, 25.8 MB/s;2.05939, 24.9 MB/s;1.29529, 39.5 MB/s;1.52706, 33.5 MB/s;2.3416, 21.9 MB/s;2.42117, 21.1 MB/s;1.86179, 27.5 MB/s;1.78529, 28.7 MB/s;0.917152, 55.8 MB/s"}

==========Thread7========WARNING: Your kernel does not support swap limit capabilities or the cgroup is not mounted. Memory limited without swap.
START RequestId: 25892d81-7ce5-4cfe-be34-1cecdccf654d Version: $LATEST
END RequestId: 25892d81-7ce5-4cfe-be34-1cecdccf654d
REPORT RequestId: 25892d81-7ce5-4cfe-be34-1cecdccf654d Duration: 20280 ms Billed Duration: 20300 ms Memory Size: 128 MB Max Memory Used: 120 MB

{"ioload": "1.17829, 43.5 MB/s;1.9716, 26.0 MB/s;2.25209, 22.7 MB/s;2.20938, 23.2 MB/s;2.06267, 24.8 MB/s;2.263, 22.6 MB/s;2.551, 20.1 MB/s;1.79807, 28.5 MB/s;1.48021, 34.6 MB/s;2.11358, 24.2 MB/s"}

==========Thread8========WARNING: Your kernel does not support swap limit capabilities or the cgroup is not mounted. Memory limited without swap.
START RequestId: b7273423-7788-4bfa-9982-2948299d9a07 Version: $LATEST
END RequestId: b7273423-7788-4bfa-9982-2948299d9a07
REPORT RequestId: b7273423-7788-4bfa-9982-2948299d9a07 Duration: 19988 ms Billed Duration: 20000 ms Memory Size: 128 MB Max Memory Used: 119 MB

{"ioload": "2.02719, 25.3 MB/s;2.02994, 25.2 MB/s;2.00036, 25.6 MB/s;2.61536, 19.6 MB/s;1.76197, 29.1 MB/s;1.80277, 28.4 MB/s;0.876142, 58.4 MB/s;2.58853, 19.8 MB/s;1.7328, 29.5 MB/s;2.16185, 23.7 MB/s"}

==========Thread9========WARNING: Your kernel does not support swap limit capabilities or the cgroup is not mounted. Memory limited without swap.
START RequestId: de1b31ac-ef93-4cf2-bb94-14ba621563e9 Version: $LATEST
END RequestId: de1b31ac-ef93-4cf2-bb94-14ba621563e9
REPORT RequestId: de1b31ac-ef93-4cf2-bb94-14ba621563e9 Duration: 20235 ms Billed Duration: 20300 ms Memory Size: 128 MB Max Memory Used: 121 MB

{"ioload": "2.24899, 22.8 MB/s;2.33277, 21.9 MB/s;2.57937, 19.8 MB/s;2.29946, 22.3 MB/s;2.30891, 22.2 MB/s;1.69435, 30.2 MB/s;2.49422, 20.5 MB/s;2.39388, 21.4 MB/s;0.592213, 86.5 MB/s;0.865118, 59.2 MB/s"}

==========Thread10========WARNING: Your kernel does not support swap limit capabilities or the cgroup is not mounted. Memory limited without swap.
START RequestId: c8f31c11-b023-47b4-a4f0-8d98399b12d4 Version: $LATEST
END RequestId: c8f31c11-b023-47b4-a4f0-8d98399b12d4
REPORT RequestId: c8f31c11-b023-47b4-a4f0-8d98399b12d4 Duration: 19372 ms Billed Duration: 19400 ms Memory Size: 128 MB Max Memory Used: 120 MB

{"ioload": "1.41084, 36.3 MB/s;1.93195, 26.5 MB/s;1.76153, 29.1 MB/s;2.13108, 24.0 MB/s;1.37186, 37.3 MB/s;1.76796, 29.0 MB/s;2.29125, 22.3 MB/s;2.65028, 19.3 MB/s;1.64457, 31.1 MB/s;1.96489, 26.1 MB/s"}
