
==========Thread1========WARNING: Your kernel does not support swap limit capabilities or the cgroup is not mounted. Memory limited without swap.
START RequestId: daba440f-b81e-4004-853f-e1489ce8573c Version: $LATEST
END RequestId: daba440f-b81e-4004-853f-e1489ce8573c
REPORT RequestId: daba440f-b81e-4004-853f-e1489ce8573c Duration: 18012 ms Billed Duration: 18100 ms Memory Size: 128 MB Max Memory Used: 119 MB

{"ioload": "1.29417, 39.6 MB/s;2.07717, 24.6 MB/s;2.16503, 23.6 MB/s;1.45822, 35.1 MB/s;1.60169, 32.0 MB/s;1.36574, 37.5 MB/s;1.53957, 33.3 MB/s;2.32081, 22.1 MB/s;1.67068, 30.6 MB/s;2.06401, 24.8 MB/s"}

==========Thread2========WARNING: Your kernel does not support swap limit capabilities or the cgroup is not mounted. Memory limited without swap.
START RequestId: ac81c24f-ed33-4e62-9c9a-21f56f572b06 Version: $LATEST
END RequestId: ac81c24f-ed33-4e62-9c9a-21f56f572b06
REPORT RequestId: ac81c24f-ed33-4e62-9c9a-21f56f572b06 Duration: 18880 ms Billed Duration: 18900 ms Memory Size: 128 MB Max Memory Used: 121 MB

{"ioload": "0.735458, 69.6 MB/s;1.6444, 31.1 MB/s;2.06394, 24.8 MB/s;1.72728, 29.6 MB/s;2.22744, 23.0 MB/s;1.85145, 27.7 MB/s;1.83925, 27.8 MB/s;2.29244, 22.3 MB/s;2.17219, 23.6 MB/s;1.88821, 27.1 MB/s"}

==========Thread3========WARNING: Your kernel does not support swap limit capabilities or the cgroup is not mounted. Memory limited without swap.
START RequestId: 2d660b11-860e-4a3b-a62b-9bf7811c4608 Version: $LATEST
END RequestId: 2d660b11-860e-4a3b-a62b-9bf7811c4608
REPORT RequestId: 2d660b11-860e-4a3b-a62b-9bf7811c4608 Duration: 18434 ms Billed Duration: 18500 ms Memory Size: 128 MB Max Memory Used: 119 MB

{"ioload": "2.14114, 23.9 MB/s;1.87749, 27.3 MB/s;1.52684, 33.5 MB/s;2.04211, 25.1 MB/s;2.20484, 23.2 MB/s;2.33389, 21.9 MB/s;2.12248, 24.1 MB/s;2.01586, 25.4 MB/s;0.776449, 65.9 MB/s;0.930503, 55.0 MB/s"}

==========Thread4========WARNING: Your kernel does not support swap limit capabilities or the cgroup is not mounted. Memory limited without swap.
START RequestId: 55dd11e1-c5b2-4e66-b966-4e3c58f26090 Version: $LATEST
END RequestId: 55dd11e1-c5b2-4e66-b966-4e3c58f26090
REPORT RequestId: 55dd11e1-c5b2-4e66-b966-4e3c58f26090 Duration: 18174 ms Billed Duration: 18200 ms Memory Size: 128 MB Max Memory Used: 120 MB

{"ioload": "1.06202, 48.2 MB/s;1.93247, 26.5 MB/s;2.05361, 24.9 MB/s;2.09987, 24.4 MB/s;2.09548, 24.4 MB/s;2.0888, 24.5 MB/s;0.816576, 62.7 MB/s;1.48254, 34.5 MB/s;2.05957, 24.9 MB/s;2.02802, 25.2 MB/s"}

==========Thread5========WARNING: Your kernel does not support swap limit capabilities or the cgroup is not mounted. Memory limited without swap.
START RequestId: d489d855-4a4c-4d51-8324-49a12a18ce6e Version: $LATEST
END RequestId: d489d855-4a4c-4d51-8324-49a12a18ce6e
REPORT RequestId: d489d855-4a4c-4d51-8324-49a12a18ce6e Duration: 18421 ms Billed Duration: 18500 ms Memory Size: 128 MB Max Memory Used: 119 MB

{"ioload": "2.09658, 24.4 MB/s;1.92924, 26.5 MB/s;2.24946, 22.8 MB/s;2.49275, 20.5 MB/s;2.01697, 25.4 MB/s;1.4253, 35.9 MB/s;1.08645, 47.1 MB/s;1.85702, 27.6 MB/s;1.43313, 35.7 MB/s;1.40317, 36.5 MB/s"}

==========Thread6========WARNING: Your kernel does not support swap limit capabilities or the cgroup is not mounted. Memory limited without swap.
START RequestId: 19cf8bd5-d482-432c-857e-f53ef1763134 Version: $LATEST
END RequestId: 19cf8bd5-d482-432c-857e-f53ef1763134
REPORT RequestId: 19cf8bd5-d482-432c-857e-f53ef1763134 Duration: 19581 ms Billed Duration: 19600 ms Memory Size: 128 MB Max Memory Used: 119 MB

{"ioload": "1.61319, 31.7 MB/s;2.05212, 24.9 MB/s;2.01893, 25.4 MB/s;2.16604, 23.6 MB/s;2.47507, 20.7 MB/s;2.21796, 23.1 MB/s;1.94841, 26.3 MB/s;1.67216, 30.6 MB/s;1.57488, 32.5 MB/s;1.42021, 36.1 MB/s"}

==========Thread7========WARNING: Your kernel does not support swap limit capabilities or the cgroup is not mounted. Memory limited without swap.
START RequestId: bf15e309-cd61-47d1-b97c-c21fe74a95b8 Version: $LATEST
END RequestId: bf15e309-cd61-47d1-b97c-c21fe74a95b8
REPORT RequestId: bf15e309-cd61-47d1-b97c-c21fe74a95b8 Duration: 17523 ms Billed Duration: 17600 ms Memory Size: 128 MB Max Memory Used: 120 MB

{"ioload": "2.15668, 23.7 MB/s;1.96946, 26.0 MB/s;2.26784, 22.6 MB/s;1.60659, 31.9 MB/s;1.28265, 39.9 MB/s;1.85616, 27.6 MB/s;1.46015, 35.1 MB/s;1.39509, 36.7 MB/s;1.37011, 37.4 MB/s;1.74579, 29.3 MB/s"}

==========Thread8========WARNING: Your kernel does not support swap limit capabilities or the cgroup is not mounted. Memory limited without swap.
START RequestId: 900d9fe6-b147-4f26-a69b-bff4a805a93a Version: $LATEST
END RequestId: 900d9fe6-b147-4f26-a69b-bff4a805a93a
REPORT RequestId: 900d9fe6-b147-4f26-a69b-bff4a805a93a Duration: 19117 ms Billed Duration: 19200 ms Memory Size: 128 MB Max Memory Used: 120 MB

{"ioload": "1.91747, 26.7 MB/s;2.06992, 24.7 MB/s;2.2065, 23.2 MB/s;2.33037, 22.0 MB/s;2.01754, 25.4 MB/s;2.32193, 22.1 MB/s;2.12119, 24.1 MB/s;2.08418, 24.6 MB/s;0.877495, 58.3 MB/s;0.720322, 71.1 MB/s"}

==========Thread9========WARNING: Your kernel does not support swap limit capabilities or the cgroup is not mounted. Memory limited without swap.
START RequestId: cbd246b8-6f85-4cc2-9d17-bcb18ba2ad59 Version: $LATEST
END RequestId: cbd246b8-6f85-4cc2-9d17-bcb18ba2ad59
REPORT RequestId: cbd246b8-6f85-4cc2-9d17-bcb18ba2ad59 Duration: 18315 ms Billed Duration: 18400 ms Memory Size: 128 MB Max Memory Used: 119 MB

{"ioload": "1.75787, 29.1 MB/s;2.20302, 23.2 MB/s;1.65871, 30.9 MB/s;1.67665, 30.5 MB/s;1.77717, 28.8 MB/s;2.23047, 23.0 MB/s;2.2346, 22.9 MB/s;1.41099, 36.3 MB/s;1.36263, 37.6 MB/s;1.57503, 32.5 MB/s"}
