
==========Thread1========WARNING: Your kernel does not support swap limit capabilities or the cgroup is not mounted. Memory limited without swap.
START RequestId: 4e1847c3-9de6-4947-8903-ace258af4726 Version: $LATEST
END RequestId: 4e1847c3-9de6-4947-8903-ace258af4726
REPORT RequestId: 4e1847c3-9de6-4947-8903-ace258af4726 Duration: 10589 ms Billed Duration: 10600 ms Memory Size: 128 MB Max Memory Used: 119 MB

{"ioload": "1.18859, 43.1 MB/s;1.03758, 49.3 MB/s;1.13478, 45.1 MB/s;1.08257, 47.3 MB/s;1.05449, 48.6 MB/s;0.789922, 64.8 MB/s;1.22101, 41.9 MB/s;0.789942, 64.8 MB/s;1.37336, 37.3 MB/s;0.409574, 125 MB/s"}

==========Thread2========WARNING: Your kernel does not support swap limit capabilities or the cgroup is not mounted. Memory limited without swap.
START RequestId: fc642509-d188-4ed8-86fc-b2e3932d5356 Version: $LATEST
END RequestId: fc642509-d188-4ed8-86fc-b2e3932d5356
REPORT RequestId: fc642509-d188-4ed8-86fc-b2e3932d5356 Duration: 10550 ms Billed Duration: 10600 ms Memory Size: 128 MB Max Memory Used: 119 MB

{"ioload": "1.23493, 41.5 MB/s;1.04906, 48.8 MB/s;1.14046, 44.9 MB/s;0.997718, 51.3 MB/s;1.08435, 47.2 MB/s;0.80908, 63.3 MB/s;1.0796, 47.4 MB/s;1.17156, 43.7 MB/s;0.857483, 59.7 MB/s;0.585685, 87.4 MB/s"}

==========Thread3========WARNING: Your kernel does not support swap limit capabilities or the cgroup is not mounted. Memory limited without swap.
START RequestId: 674962b6-92eb-41c1-87b0-7529314589a6 Version: $LATEST
END RequestId: 674962b6-92eb-41c1-87b0-7529314589a6
REPORT RequestId: 674962b6-92eb-41c1-87b0-7529314589a6 Duration: 10811 ms Billed Duration: 10900 ms Memory Size: 128 MB Max Memory Used: 120 MB

{"ioload": "1.13734, 45.0 MB/s;1.03001, 49.7 MB/s;1.1281, 45.4 MB/s;0.574552, 89.1 MB/s;0.994023, 51.5 MB/s;1.11706, 45.8 MB/s;0.897508, 57.0 MB/s;1.23361, 41.5 MB/s;0.863608, 59.3 MB/s;1.26928, 40.3 MB/s"}

==========Thread4========WARNING: Your kernel does not support swap limit capabilities or the cgroup is not mounted. Memory limited without swap.
START RequestId: 5ec70bfb-0ca3-46b7-9621-08ec1489c180 Version: $LATEST
END RequestId: 5ec70bfb-0ca3-46b7-9621-08ec1489c180
REPORT RequestId: 5ec70bfb-0ca3-46b7-9621-08ec1489c180 Duration: 10360 ms Billed Duration: 10400 ms Memory Size: 128 MB Max Memory Used: 120 MB

{"ioload": "1.12796, 45.4 MB/s;0.733054, 69.8 MB/s;1.19636, 42.8 MB/s;0.681659, 75.1 MB/s;1.07944, 47.4 MB/s;1.07897, 47.5 MB/s;1.14925, 44.6 MB/s;0.819148, 62.5 MB/s;0.652182, 78.5 MB/s;1.35738, 37.7 MB/s"}
